#
# There is insufficient memory for the Java Runtime Environment to continue.
# Native memory allocation (mmap) failed to map 408944640 bytes for G1 virtual space
# Possible reasons:
#   The system is out of physical RAM or swap space
#   The process is running with CompressedOops enabled, and the Java Heap may be blocking the growth of the native heap
# Possible solutions:
#   Reduce memory load on the system
#   Increase physical memory or swap space
#   Check if swap backing store is full
#   Decrease Java heap size (-Xmx/-Xms)
#   Decrease number of Java threads
#   Decrease Java thread stack sizes (-Xss)
#   Set larger code cache with -XX:ReservedCodeCacheSize=
#   JVM is running with Unscaled Compressed Oops mode in which the Java heap is
#     placed in the first 4GB address space. The Java Heap base address is the
#     maximum limit for the native heap growth. Please use -XX:HeapBaseMinAddress
#     to set the Java Heap base and to place the Java Heap above 4GB virtual address.
# This output file may be truncated or incomplete.
#
#  Out of Memory Error (os_windows.cpp:3769), pid=12760, tid=14496
#
# JRE version: OpenJDK Runtime Environment (17.0.6) (build 17.0.6+0-b2043.56-9586694)
# Java VM: OpenJDK 64-Bit Server VM (17.0.6+0-b2043.56-9586694, mixed mode, tiered, compressed oops, compressed class ptrs, g1 gc, windows-amd64)
# No core dump will be written. Minidumps are not enabled by default on client versions of Windows
#

---------------  S U M M A R Y ------------

Command Line: --add-opens=java.base/java.util=ALL-UNNAMED --add-opens=java.base/java.lang=ALL-UNNAMED --add-opens=java.base/java.lang.invoke=ALL-UNNAMED --add-opens=java.prefs/java.util.prefs=ALL-UNNAMED --add-opens=java.base/java.nio.charset=ALL-UNNAMED --add-opens=java.base/java.net=ALL-UNNAMED --add-opens=java.base/java.util.concurrent.atomic=ALL-UNNAMED -Xmx2048m -Dfile.encoding=UTF-8 -Duser.country=VN -Duser.language=vi -Duser.variant org.gradle.launcher.daemon.bootstrap.GradleDaemon 8.0

Host: 11th Gen Intel(R) Core(TM) i7-1195G7 @ 2.90GHz, 8 cores, 7G,  Windows 11 , 64 bit Build 22621 (10.0.22621.2215)
Time: Sat Sep 16 10:41:29 2023 SE Asia Standard Time elapsed time: 9.926823 seconds (0d 0h 0m 9s)

---------------  T H R E A D  ---------------

Current thread (0x0000021b66d11c70):  VMThread "VM Thread" [stack: 0x000000206e800000,0x000000206e900000] [id=14496]

Stack: [0x000000206e800000,0x000000206e900000]
Native frames: (J=compiled Java code, j=interpreted, Vv=VM code, C=native code)
V  [jvm.dll+0x683b4a]
V  [jvm.dll+0x842654]
V  [jvm.dll+0x843dfe]
V  [jvm.dll+0x844463]
V  [jvm.dll+0x249b75]
V  [jvm.dll+0x680a19]
V  [jvm.dll+0x674f0a]
V  [jvm.dll+0x309acb]
V  [jvm.dll+0x310f86]
V  [jvm.dll+0x3608ee]
V  [jvm.dll+0x360b1f]
V  [jvm.dll+0x2dfbf8]
V  [jvm.dll+0x2ddec4]
V  [jvm.dll+0x2dd4cc]
V  [jvm.dll+0x321f3b]
V  [jvm.dll+0x84893b]
V  [jvm.dll+0x849674]
V  [jvm.dll+0x849b8d]
V  [jvm.dll+0x849f64]
V  [jvm.dll+0x84a030]
V  [jvm.dll+0x7f25fa]
V  [jvm.dll+0x682985]
C  [ucrtbase.dll+0x29363]
C  [KERNEL32.DLL+0x1257d]
C  [ntdll.dll+0x5aa68]

VM_Operation (0x0000002075ff8f50): G1CollectForAllocation, mode: safepoint, requested by thread 0x0000021b6da77fb0


---------------  P R O C E S S  ---------------

Threads class SMR info:
_java_thread_list=0x0000021b6dcc37e0, length=137, elements={
0x0000021b4cea93b0, 0x0000021b66ce2b90, 0x0000021b66ce3950, 0x0000021b67843b20,
0x0000021b67844ee0, 0x0000021b678482c0, 0x0000021b6784ac80, 0x0000021b6784bd70,
0x0000021b6784c810, 0x0000021b6784d610, 0x0000021b679c7010, 0x0000021b679c9d00,
0x0000021b67b37a90, 0x0000021b67c272b0, 0x0000021b69082990, 0x0000021b69fcc3b0,
0x0000021b69cad3b0, 0x0000021b68e3fbf0, 0x0000021b68f3a9c0, 0x0000021b68f3ba30,
0x0000021b69f0a760, 0x0000021b69c86530, 0x0000021b69c86a00, 0x0000021b69c86ed0,
0x0000021b69c87870, 0x0000021b69c886e0, 0x0000021b69c88bb0, 0x0000021b69c87d40,
0x0000021b69c89080, 0x0000021b69c86060, 0x0000021b69c89550, 0x0000021b69c89a20,
0x0000021b6aebcde0, 0x0000021b6aebbf70, 0x0000021b6aebeac0, 0x0000021b6aebd780,
0x0000021b6aec07a0, 0x0000021b6aebc910, 0x0000021b6aebdc50, 0x0000021b6aebf460,
0x0000021b6aebf930, 0x0000021b6aec1ae0, 0x0000021b6aebbaa0, 0x0000021b6aebe120,
0x0000021b6aec0c70, 0x0000021b6aebc440, 0x0000021b6aec02d0, 0x0000021b6aebe5f0,
0x0000021b6aebef90, 0x0000021b6aec2480, 0x0000021b6aebac30, 0x0000021b6aebb100,
0x0000021b6aebb5d0, 0x0000021b6df601a0, 0x0000021b6df5d180, 0x0000021b6df5db20,
0x0000021b6df5e4c0, 0x0000021b6df5d650, 0x0000021b6df5dff0, 0x0000021b6df614e0,
0x0000021b6df5e990, 0x0000021b6df619b0, 0x0000021b6df5ee60, 0x0000021b6df61e80,
0x0000021b6df62350, 0x0000021b6df5ccb0, 0x0000021b6df5f330, 0x0000021b6df61010,
0x0000021b6df5f800, 0x0000021b6df62820, 0x0000021b6df5fcd0, 0x0000021b6df60670,
0x0000021b6df5c7e0, 0x0000021b6df60b40, 0x0000021b6df5afd0, 0x0000021b6df5b4a0,
0x0000021b6df5b970, 0x0000021b6df5be40, 0x0000021b6df5c310, 0x0000021b6da588b0,
0x0000021b6da570a0, 0x0000021b6da51060, 0x0000021b6da53210, 0x0000021b6da583e0,
0x0000021b6da54a20, 0x0000021b6da56bd0, 0x0000021b6da53bb0, 0x0000021b6da52870,
0x0000021b6da57570, 0x0000021b6da51a00, 0x0000021b6da54080, 0x0000021b6da52d40,
0x0000021b6da51530, 0x0000021b6da57f10, 0x0000021b6da51ed0, 0x0000021b6da523a0,
0x0000021b6da54550, 0x0000021b6da536e0, 0x0000021b6da54ef0, 0x0000021b6da55890,
0x0000021b6da553c0, 0x0000021b6da57a40, 0x0000021b6da55d60, 0x0000021b6da56230,
0x0000021b6da56700, 0x0000021b6da72440, 0x0000021b6da745f0, 0x0000021b6da74f90,
0x0000021b6da77fb0, 0x0000021b6da762d0, 0x0000021b6da74120, 0x0000021b6da74ac0,
0x0000021b6da78e20, 0x0000021b6da75460, 0x0000021b6da732b0, 0x0000021b6da75930,
0x0000021b6da73c50, 0x0000021b6da78950, 0x0000021b6da75e00, 0x0000021b6da77610,
0x0000021b6da767a0, 0x0000021b6da76c70, 0x0000021b6da77140, 0x0000021b6da77ae0,
0x0000021b6da78480, 0x0000021b6da71aa0, 0x0000021b6da72910, 0x0000021b6a8bfc80,
0x0000021b6a8bdfa0, 0x0000021b6a8c27d0, 0x0000021b6a8c0150, 0x0000021b6a8be470,
0x0000021b6a8c1e30, 0x0000021b6a8c3170, 0x0000021b6a8c3640, 0x0000021b6a8c0fc0,
0x0000021b6d5c43a0
}

Java Threads: ( => current thread )
  0x0000021b4cea93b0 JavaThread "main" [_thread_blocked, id=6604, stack(0x000000206e200000,0x000000206e300000)]
  0x0000021b66ce2b90 JavaThread "Reference Handler" daemon [_thread_blocked, id=1044, stack(0x000000206e900000,0x000000206ea00000)]
  0x0000021b66ce3950 JavaThread "Finalizer" daemon [_thread_blocked, id=1372, stack(0x000000206ea00000,0x000000206eb00000)]
  0x0000021b67843b20 JavaThread "Signal Dispatcher" daemon [_thread_blocked, id=20404, stack(0x000000206eb00000,0x000000206ec00000)]
  0x0000021b67844ee0 JavaThread "Attach Listener" daemon [_thread_blocked, id=17956, stack(0x000000206ec00000,0x000000206ed00000)]
  0x0000021b678482c0 JavaThread "Service Thread" daemon [_thread_blocked, id=10288, stack(0x000000206ed00000,0x000000206ee00000)]
  0x0000021b6784ac80 JavaThread "Monitor Deflation Thread" daemon [_thread_blocked, id=20264, stack(0x000000206ee00000,0x000000206ef00000)]
  0x0000021b6784bd70 JavaThread "C2 CompilerThread0" daemon [_thread_blocked, id=9488, stack(0x000000206ef00000,0x000000206f000000)]
  0x0000021b6784c810 JavaThread "C1 CompilerThread0" daemon [_thread_blocked, id=23396, stack(0x000000206f000000,0x000000206f100000)]
  0x0000021b6784d610 JavaThread "Sweeper thread" daemon [_thread_blocked, id=6392, stack(0x000000206f100000,0x000000206f200000)]
  0x0000021b679c7010 JavaThread "Common-Cleaner" daemon [_thread_blocked, id=20336, stack(0x000000206f200000,0x000000206f300000)]
  0x0000021b679c9d00 JavaThread "Notification Thread" daemon [_thread_blocked, id=21984, stack(0x000000206f300000,0x000000206f400000)]
  0x0000021b67b37a90 JavaThread "C2 CompilerThread1" daemon [_thread_blocked, id=20424, stack(0x000000206f500000,0x000000206f600000)]
  0x0000021b67c272b0 JavaThread "C2 CompilerThread2" daemon [_thread_blocked, id=5544, stack(0x000000206f600000,0x000000206f700000)]
  0x0000021b69082990 JavaThread "Daemon health stats" [_thread_blocked, id=17800, stack(0x000000206fb00000,0x000000206fc00000)]
  0x0000021b69fcc3b0 JavaThread "Incoming local TCP Connector on port 55521" [_thread_in_native, id=9776, stack(0x000000206fc00000,0x000000206fd00000)]
  0x0000021b69cad3b0 JavaThread "Daemon periodic checks" [_thread_blocked, id=14872, stack(0x000000206fd00000,0x000000206fe00000)]
  0x0000021b68e3fbf0 JavaThread "Daemon" [_thread_blocked, id=2008, stack(0x000000206fe00000,0x000000206ff00000)]
  0x0000021b68f3a9c0 JavaThread "Handler for socket connection from /127.0.0.1:55521 to /127.0.0.1:55522" [_thread_in_native, id=3264, stack(0x000000206ff00000,0x0000002070000000)]
  0x0000021b68f3ba30 JavaThread "Cancel handler" [_thread_blocked, id=13268, stack(0x0000002070000000,0x0000002070100000)]
  0x0000021b69f0a760 JavaThread "Daemon worker" [_thread_blocked, id=4156, stack(0x0000002070100000,0x0000002070200000)]
  0x0000021b69c86530 JavaThread "Asynchronous log dispatcher for DefaultDaemonConnection: socket connection from /127.0.0.1:55521 to /127.0.0.1:55522" [_thread_blocked, id=22484, stack(0x0000002070200000,0x0000002070300000)]
  0x0000021b69c86a00 JavaThread "Stdin handler" [_thread_blocked, id=19556, stack(0x0000002070300000,0x0000002070400000)]
  0x0000021b69c86ed0 JavaThread "Daemon client event forwarder" [_thread_blocked, id=8480, stack(0x0000002070400000,0x0000002070500000)]
  0x0000021b69c87870 JavaThread "Cache worker for journal cache (C:\Users\thanh\.gradle\caches\journal-1)" [_thread_blocked, id=15936, stack(0x0000002070900000,0x0000002070a00000)]
  0x0000021b69c886e0 JavaThread "File lock request listener" [_thread_in_native, id=22428, stack(0x0000002070a00000,0x0000002070b00000)]
  0x0000021b69c88bb0 JavaThread "Cache worker for file hash cache (C:\Users\thanh\.gradle\caches\8.0\fileHashes)" [_thread_blocked, id=692, stack(0x0000002070b00000,0x0000002070c00000)]
  0x0000021b69c87d40 JavaThread "File watcher server" daemon [_thread_blocked, id=3676, stack(0x0000002070c00000,0x0000002070d00000)]
  0x0000021b69c89080 JavaThread "File watcher consumer" daemon [_thread_blocked, id=18164, stack(0x0000002070d00000,0x0000002070e00000)]
  0x0000021b69c86060 JavaThread "Cache worker for checksums cache (C:\Users\thanh\AndroidStudioProjects\ImplicitIntent\.gradle\8.0\checksums)" [_thread_blocked, id=14584, stack(0x0000002070e00000,0x0000002070f00000)]
  0x0000021b69c89550 JavaThread "Cache worker for cache directory md-rule (C:\Users\thanh\.gradle\caches\8.0\md-rule)" [_thread_blocked, id=9948, stack(0x0000002070f00000,0x0000002071000000)]
  0x0000021b69c89a20 JavaThread "Cache worker for file content cache (C:\Users\thanh\.gradle\caches\8.0\fileContent)" [_thread_blocked, id=18016, stack(0x0000002071000000,0x0000002071100000)]
  0x0000021b6aebcde0 JavaThread "Cache worker for file hash cache (C:\Users\thanh\AndroidStudioProjects\ImplicitIntent\.gradle\8.0\fileHashes)" [_thread_blocked, id=944, stack(0x0000002071100000,0x0000002071200000)]
  0x0000021b6aebbf70 JavaThread "Cache worker for cache directory md-supplier (C:\Users\thanh\.gradle\caches\8.0\md-supplier)" [_thread_blocked, id=2724, stack(0x0000002071200000,0x0000002071300000)]
  0x0000021b6aebeac0 JavaThread "Cache worker for execution history cache (C:\Users\thanh\.gradle\caches\8.0\executionHistory)" [_thread_blocked, id=19792, stack(0x0000002071300000,0x0000002071400000)]
  0x0000021b6aebd780 JavaThread "jar transforms" [_thread_blocked, id=16040, stack(0x0000002071400000,0x0000002071500000)]
  0x0000021b6aec07a0 JavaThread "jar transforms Thread 2" [_thread_blocked, id=9700, stack(0x0000002071500000,0x0000002071600000)]
  0x0000021b6aebc910 JavaThread "jar transforms Thread 3" [_thread_blocked, id=19240, stack(0x0000002071600000,0x0000002071700000)]
  0x0000021b6aebdc50 JavaThread "jar transforms Thread 4" [_thread_blocked, id=18420, stack(0x0000002071900000,0x0000002071a00000)]
  0x0000021b6aebf460 JavaThread "Cache worker for dependencies-accessors (C:\Users\thanh\AndroidStudioProjects\ImplicitIntent\.gradle\8.0\dependencies-accessors)" [_thread_blocked, id=7920, stack(0x0000002071a00000,0x0000002071b00000)]
  0x0000021b6aebf930 JavaThread "jar transforms Thread 5" [_thread_blocked, id=20924, stack(0x0000002071b00000,0x0000002071c00000)]
  0x0000021b6aec1ae0 JavaThread "Cache worker for Build Output Cleanup Cache (C:\Users\thanh\AndroidStudioProjects\ImplicitIntent\.gradle\buildOutputCleanup)" [_thread_blocked, id=12284, stack(0x0000002071c00000,0x0000002071d00000)]
  0x0000021b6aebbaa0 JavaThread "Unconstrained build operations" [_thread_blocked, id=14784, stack(0x0000002071d00000,0x0000002071e00000)]
  0x0000021b6aebe120 JavaThread "Unconstrained build operations Thread 2" [_thread_blocked, id=6760, stack(0x0000002071e00000,0x0000002071f00000)]
  0x0000021b6aec0c70 JavaThread "Unconstrained build operations Thread 3" [_thread_blocked, id=7184, stack(0x0000002071f00000,0x0000002072000000)]
  0x0000021b6aebc440 JavaThread "Unconstrained build operations Thread 4" [_thread_blocked, id=19432, stack(0x0000002072000000,0x0000002072100000)]
  0x0000021b6aec02d0 JavaThread "Unconstrained build operations Thread 5" [_thread_blocked, id=17864, stack(0x0000002072100000,0x0000002072200000)]
  0x0000021b6aebe5f0 JavaThread "Unconstrained build operations Thread 6" [_thread_blocked, id=8940, stack(0x0000002072200000,0x0000002072300000)]
  0x0000021b6aebef90 JavaThread "Unconstrained build operations Thread 7" [_thread_blocked, id=17824, stack(0x0000002072300000,0x0000002072400000)]
  0x0000021b6aec2480 JavaThread "Unconstrained build operations Thread 8" [_thread_blocked, id=18872, stack(0x0000002072400000,0x0000002072500000)]
  0x0000021b6aebac30 JavaThread "Unconstrained build operations Thread 9" [_thread_blocked, id=13080, stack(0x0000002072500000,0x0000002072600000)]
  0x0000021b6aebb100 JavaThread "Unconstrained build operations Thread 10" [_thread_blocked, id=10388, stack(0x0000002072600000,0x0000002072700000)]
  0x0000021b6aebb5d0 JavaThread "Unconstrained build operations Thread 11" [_thread_blocked, id=15968, stack(0x0000002072700000,0x0000002072800000)]
  0x0000021b6df601a0 JavaThread "Unconstrained build operations Thread 12" [_thread_blocked, id=3876, stack(0x0000002072800000,0x0000002072900000)]
  0x0000021b6df5d180 JavaThread "Unconstrained build operations Thread 13" [_thread_blocked, id=2552, stack(0x0000002072900000,0x0000002072a00000)]
  0x0000021b6df5db20 JavaThread "Unconstrained build operations Thread 14" [_thread_blocked, id=16588, stack(0x0000002072a00000,0x0000002072b00000)]
  0x0000021b6df5e4c0 JavaThread "Unconstrained build operations Thread 15" [_thread_blocked, id=20712, stack(0x0000002072b00000,0x0000002072c00000)]
  0x0000021b6df5d650 JavaThread "Unconstrained build operations Thread 16" [_thread_blocked, id=3736, stack(0x0000002072c00000,0x0000002072d00000)]
  0x0000021b6df5dff0 JavaThread "Unconstrained build operations Thread 17" [_thread_blocked, id=2244, stack(0x0000002072d00000,0x0000002072e00000)]
  0x0000021b6df614e0 JavaThread "Unconstrained build operations Thread 18" [_thread_blocked, id=19596, stack(0x0000002072e00000,0x0000002072f00000)]
  0x0000021b6df5e990 JavaThread "Unconstrained build operations Thread 19" [_thread_blocked, id=9184, stack(0x0000002072f00000,0x0000002073000000)]
  0x0000021b6df619b0 JavaThread "Unconstrained build operations Thread 20" [_thread_blocked, id=23404, stack(0x0000002073000000,0x0000002073100000)]
  0x0000021b6df5ee60 JavaThread "Unconstrained build operations Thread 21" [_thread_blocked, id=11328, stack(0x0000002073100000,0x0000002073200000)]
  0x0000021b6df61e80 JavaThread "Unconstrained build operations Thread 22" [_thread_blocked, id=12880, stack(0x0000002073200000,0x0000002073300000)]
  0x0000021b6df62350 JavaThread "Unconstrained build operations Thread 23" [_thread_blocked, id=17856, stack(0x0000002073300000,0x0000002073400000)]
  0x0000021b6df5ccb0 JavaThread "Unconstrained build operations Thread 24" [_thread_blocked, id=20948, stack(0x0000002073400000,0x0000002073500000)]
  0x0000021b6df5f330 JavaThread "Unconstrained build operations Thread 25" [_thread_blocked, id=6804, stack(0x0000002073500000,0x0000002073600000)]
  0x0000021b6df61010 JavaThread "Unconstrained build operations Thread 26" [_thread_blocked, id=2520, stack(0x0000002073600000,0x0000002073700000)]
  0x0000021b6df5f800 JavaThread "Unconstrained build operations Thread 27" [_thread_blocked, id=8920, stack(0x0000002073700000,0x0000002073800000)]
  0x0000021b6df62820 JavaThread "Unconstrained build operations Thread 28" [_thread_blocked, id=16436, stack(0x0000002073800000,0x0000002073900000)]
  0x0000021b6df5fcd0 JavaThread "Unconstrained build operations Thread 29" [_thread_blocked, id=11904, stack(0x0000002073900000,0x0000002073a00000)]
  0x0000021b6df60670 JavaThread "Unconstrained build operations Thread 30" [_thread_blocked, id=19584, stack(0x0000002073a00000,0x0000002073b00000)]
  0x0000021b6df5c7e0 JavaThread "Unconstrained build operations Thread 31" [_thread_blocked, id=13916, stack(0x0000002073b00000,0x0000002073c00000)]
  0x0000021b6df60b40 JavaThread "Unconstrained build operations Thread 32" [_thread_blocked, id=19644, stack(0x0000002073c00000,0x0000002073d00000)]
  0x0000021b6df5afd0 JavaThread "Unconstrained build operations Thread 33" [_thread_blocked, id=17036, stack(0x0000002073d00000,0x0000002073e00000)]
  0x0000021b6df5b4a0 JavaThread "Unconstrained build operations Thread 34" [_thread_blocked, id=21808, stack(0x0000002073e00000,0x0000002073f00000)]
  0x0000021b6df5b970 JavaThread "Unconstrained build operations Thread 35" [_thread_blocked, id=15372, stack(0x0000002073f00000,0x0000002074000000)]
  0x0000021b6df5be40 JavaThread "Unconstrained build operations Thread 36" [_thread_blocked, id=13152, stack(0x0000002074000000,0x0000002074100000)]
  0x0000021b6df5c310 JavaThread "Unconstrained build operations Thread 37" [_thread_blocked, id=14312, stack(0x0000002074100000,0x0000002074200000)]
  0x0000021b6da588b0 JavaThread "Unconstrained build operations Thread 38" [_thread_blocked, id=18220, stack(0x0000002074200000,0x0000002074300000)]
  0x0000021b6da570a0 JavaThread "Unconstrained build operations Thread 39" [_thread_blocked, id=7172, stack(0x0000002074300000,0x0000002074400000)]
  0x0000021b6da51060 JavaThread "Unconstrained build operations Thread 40" [_thread_blocked, id=18964, stack(0x0000002074400000,0x0000002074500000)]
  0x0000021b6da53210 JavaThread "Unconstrained build operations Thread 41" [_thread_blocked, id=18140, stack(0x0000002074500000,0x0000002074600000)]
  0x0000021b6da583e0 JavaThread "Unconstrained build operations Thread 42" [_thread_blocked, id=11692, stack(0x0000002074600000,0x0000002074700000)]
  0x0000021b6da54a20 JavaThread "Unconstrained build operations Thread 43" [_thread_blocked, id=8028, stack(0x0000002074700000,0x0000002074800000)]
  0x0000021b6da56bd0 JavaThread "Unconstrained build operations Thread 44" [_thread_blocked, id=11608, stack(0x0000002074800000,0x0000002074900000)]
  0x0000021b6da53bb0 JavaThread "Unconstrained build operations Thread 45" [_thread_blocked, id=5788, stack(0x0000002074900000,0x0000002074a00000)]
  0x0000021b6da52870 JavaThread "Unconstrained build operations Thread 46" [_thread_blocked, id=8772, stack(0x0000002074a00000,0x0000002074b00000)]
  0x0000021b6da57570 JavaThread "Unconstrained build operations Thread 47" [_thread_blocked, id=9400, stack(0x0000002074b00000,0x0000002074c00000)]
  0x0000021b6da51a00 JavaThread "Unconstrained build operations Thread 48" [_thread_blocked, id=7544, stack(0x0000002074c00000,0x0000002074d00000)]
  0x0000021b6da54080 JavaThread "Unconstrained build operations Thread 49" [_thread_blocked, id=17940, stack(0x0000002074d00000,0x0000002074e00000)]
  0x0000021b6da52d40 JavaThread "Unconstrained build operations Thread 50" [_thread_blocked, id=19540, stack(0x0000002074e00000,0x0000002074f00000)]
  0x0000021b6da51530 JavaThread "Unconstrained build operations Thread 51" [_thread_blocked, id=824, stack(0x0000002074f00000,0x0000002075000000)]
  0x0000021b6da57f10 JavaThread "Unconstrained build operations Thread 52" [_thread_blocked, id=2960, stack(0x0000002075000000,0x0000002075100000)]
  0x0000021b6da51ed0 JavaThread "Unconstrained build operations Thread 53" [_thread_blocked, id=23204, stack(0x0000002075100000,0x0000002075200000)]
  0x0000021b6da523a0 JavaThread "Unconstrained build operations Thread 54" [_thread_blocked, id=14976, stack(0x0000002075200000,0x0000002075300000)]
  0x0000021b6da54550 JavaThread "Unconstrained build operations Thread 55" [_thread_blocked, id=20640, stack(0x0000002075300000,0x0000002075400000)]
  0x0000021b6da536e0 JavaThread "Unconstrained build operations Thread 56" [_thread_blocked, id=11092, stack(0x0000002075400000,0x0000002075500000)]
  0x0000021b6da54ef0 JavaThread "Unconstrained build operations Thread 57" [_thread_blocked, id=15208, stack(0x0000002075500000,0x0000002075600000)]
  0x0000021b6da55890 JavaThread "Unconstrained build operations Thread 58" [_thread_blocked, id=16684, stack(0x0000002075600000,0x0000002075700000)]
  0x0000021b6da553c0 JavaThread "Unconstrained build operations Thread 59" [_thread_blocked, id=14572, stack(0x0000002075700000,0x0000002075800000)]
  0x0000021b6da57a40 JavaThread "Unconstrained build operations Thread 60" [_thread_blocked, id=22800, stack(0x0000002075800000,0x0000002075900000)]
  0x0000021b6da55d60 JavaThread "Unconstrained build operations Thread 61" [_thread_blocked, id=14032, stack(0x0000002075900000,0x0000002075a00000)]
  0x0000021b6da56230 JavaThread "Unconstrained build operations Thread 62" [_thread_blocked, id=16244, stack(0x0000002075a00000,0x0000002075b00000)]
  0x0000021b6da56700 JavaThread "Unconstrained build operations Thread 63" [_thread_blocked, id=22356, stack(0x0000002075b00000,0x0000002075c00000)]
  0x0000021b6da72440 JavaThread "Unconstrained build operations Thread 64" [_thread_blocked, id=8296, stack(0x0000002075c00000,0x0000002075d00000)]
  0x0000021b6da745f0 JavaThread "Unconstrained build operations Thread 65" [_thread_blocked, id=2788, stack(0x0000002075d00000,0x0000002075e00000)]
  0x0000021b6da74f90 JavaThread "Unconstrained build operations Thread 66" [_thread_blocked, id=16916, stack(0x0000002075e00000,0x0000002075f00000)]
  0x0000021b6da77fb0 JavaThread "Unconstrained build operations Thread 67" [_thread_blocked, id=292, stack(0x0000002075f00000,0x0000002076000000)]
  0x0000021b6da762d0 JavaThread "Unconstrained build operations Thread 68" [_thread_blocked, id=1260, stack(0x0000002076000000,0x0000002076100000)]
  0x0000021b6da74120 JavaThread "Unconstrained build operations Thread 69" [_thread_blocked, id=20808, stack(0x0000002076100000,0x0000002076200000)]
  0x0000021b6da74ac0 JavaThread "Unconstrained build operations Thread 70" [_thread_blocked, id=17376, stack(0x0000002076200000,0x0000002076300000)]
  0x0000021b6da78e20 JavaThread "Unconstrained build operations Thread 71" [_thread_blocked, id=22680, stack(0x0000002076300000,0x0000002076400000)]
  0x0000021b6da75460 JavaThread "Unconstrained build operations Thread 72" [_thread_blocked, id=9920, stack(0x0000002076400000,0x0000002076500000)]
  0x0000021b6da732b0 JavaThread "Unconstrained build operations Thread 73" [_thread_blocked, id=14264, stack(0x0000002076500000,0x0000002076600000)]
  0x0000021b6da75930 JavaThread "Unconstrained build operations Thread 74" [_thread_blocked, id=17752, stack(0x0000002076600000,0x0000002076700000)]
  0x0000021b6da73c50 JavaThread "Unconstrained build operations Thread 75" [_thread_blocked, id=8776, stack(0x0000002076700000,0x0000002076800000)]
  0x0000021b6da78950 JavaThread "Unconstrained build operations Thread 76" [_thread_blocked, id=19460, stack(0x0000002076800000,0x0000002076900000)]
  0x0000021b6da75e00 JavaThread "Unconstrained build operations Thread 77" [_thread_blocked, id=7900, stack(0x0000002076900000,0x0000002076a00000)]
  0x0000021b6da77610 JavaThread "Unconstrained build operations Thread 78" [_thread_blocked, id=8196, stack(0x0000002076a00000,0x0000002076b00000)]
  0x0000021b6da767a0 JavaThread "Unconstrained build operations Thread 79" [_thread_blocked, id=21768, stack(0x0000002076b00000,0x0000002076c00000)]
  0x0000021b6da76c70 JavaThread "Unconstrained build operations Thread 80" [_thread_blocked, id=9420, stack(0x0000002076c00000,0x0000002076d00000)]
  0x0000021b6da77140 JavaThread "jar transforms Thread 6" [_thread_blocked, id=9520, stack(0x0000002076d00000,0x0000002076e00000)]
  0x0000021b6da77ae0 JavaThread "jar transforms Thread 7" [_thread_blocked, id=8388, stack(0x0000002076e00000,0x0000002076f00000)]
  0x0000021b6da78480 JavaThread "jar transforms Thread 8" [_thread_blocked, id=1564, stack(0x0000002076f00000,0x0000002077000000)]
  0x0000021b6da71aa0 JavaThread "build event listener" [_thread_blocked, id=21532, stack(0x0000002077000000,0x0000002077100000)]
  0x0000021b6da72910 JavaThread "Memory manager" [_thread_blocked, id=21380, stack(0x0000002077100000,0x0000002077200000)]
  0x0000021b6a8bfc80 JavaThread "included builds" [_thread_blocked, id=8516, stack(0x0000002077200000,0x0000002077300000)]
  0x0000021b6a8bdfa0 JavaThread "Execution worker" [_thread_blocked, id=7200, stack(0x0000002077300000,0x0000002077400000)]
  0x0000021b6a8c27d0 JavaThread "Execution worker Thread 2" [_thread_blocked, id=7628, stack(0x0000002077400000,0x0000002077500000)]
  0x0000021b6a8c0150 JavaThread "Execution worker Thread 3" [_thread_blocked, id=21656, stack(0x0000002077500000,0x0000002077600000)]
  0x0000021b6a8be470 JavaThread "Execution worker Thread 4" [_thread_blocked, id=12492, stack(0x0000002077600000,0x0000002077700000)]
  0x0000021b6a8c1e30 JavaThread "Execution worker Thread 5" [_thread_blocked, id=11004, stack(0x0000002077700000,0x0000002077800000)]
  0x0000021b6a8c3170 JavaThread "Execution worker Thread 6" [_thread_blocked, id=15088, stack(0x0000002077800000,0x0000002077900000)]
  0x0000021b6a8c3640 JavaThread "Execution worker Thread 7" [_thread_blocked, id=1072, stack(0x0000002077900000,0x0000002077a00000)]
  0x0000021b6a8c0fc0 JavaThread "Cache worker for execution history cache (C:\Users\thanh\AndroidStudioProjects\ImplicitIntent\.gradle\8.0\executionHistory)" [_thread_blocked, id=22860, stack(0x0000002077a00000,0x0000002077b00000)]
  0x0000021b6d5c43a0 JavaThread "WorkerExecutor Queue" [_thread_blocked, id=20316, stack(0x0000002077b00000,0x0000002077c00000)]

Other Threads:
=>0x0000021b66d11c70 VMThread "VM Thread" [stack: 0x000000206e800000,0x000000206e900000] [id=14496]
  0x0000021b4cf1dd40 WatcherThread [stack: 0x000000206f400000,0x000000206f500000] [id=9856]
  0x0000021b4cf05620 GCTaskThread "GC Thread#0" [stack: 0x000000206e300000,0x000000206e400000] [id=6360]
  0x0000021b67c12330 GCTaskThread "GC Thread#1" [stack: 0x000000206f700000,0x000000206f800000] [id=17000]
  0x0000021b68a065d0 GCTaskThread "GC Thread#2" [stack: 0x000000206f800000,0x000000206f900000] [id=5428]
  0x0000021b68601050 GCTaskThread "GC Thread#3" [stack: 0x000000206f900000,0x000000206fa00000] [id=2052]
  0x0000021b68f21db0 GCTaskThread "GC Thread#4" [stack: 0x000000206fa00000,0x000000206fb00000] [id=17648]
  0x0000021b68e91170 GCTaskThread "GC Thread#5" [stack: 0x0000002070500000,0x0000002070600000] [id=5000]
  0x0000021b69da06d0 GCTaskThread "GC Thread#6" [stack: 0x0000002070600000,0x0000002070700000] [id=1428]
  0x0000021b68e400c0 GCTaskThread "GC Thread#7" [stack: 0x0000002070700000,0x0000002070800000] [id=6872]
  0x0000021b4cf17570 ConcurrentGCThread "G1 Main Marker" [stack: 0x000000206e400000,0x000000206e500000] [id=19252]
  0x0000021b4cf17f80 ConcurrentGCThread "G1 Conc#0" [stack: 0x000000206e500000,0x000000206e600000] [id=23520]
  0x0000021b69c8c400 ConcurrentGCThread "G1 Conc#1" [stack: 0x0000002070800000,0x0000002070900000] [id=22268]
  0x0000021b4cf6d570 ConcurrentGCThread "G1 Refine#0" [stack: 0x000000206e600000,0x000000206e700000] [id=17612]
  0x0000021b6d7c3480 ConcurrentGCThread "G1 Refine#1" [stack: 0x0000002071700000,0x0000002071800000] [id=13620]
  0x0000021b6d7c3d20 ConcurrentGCThread "G1 Refine#2" [stack: 0x0000002071800000,0x0000002071900000] [id=18052]
  0x0000021b4cf6df90 ConcurrentGCThread "G1 Service" [stack: 0x000000206e700000,0x000000206e800000] [id=13272]

Threads with active compile tasks:
C2 CompilerThread0     9939 11687       4       com.android.tools.r8.graph.Y3::a (63 bytes)
C1 CompilerThread0     9939 11698   !   3       com.android.tools.r8.utils.N0::a (133 bytes)
C2 CompilerThread1     9939 11697       4       com.android.tools.r8.graph.a4::c (766 bytes)
C2 CompilerThread2     9939 11628       4       com.android.tools.r8.graph.W3::a (25 bytes)

VM state: at safepoint (normal execution)

VM Mutex/Monitor currently owned by a thread:  ([mutex/lock_event])
[0x0000021b4cea4550] Threads_lock - owner thread: 0x0000021b66d11c70
[0x0000021b4cea49d0] Heap_lock - owner thread: 0x0000021b6da77fb0

Heap address: 0x0000000080000000, size: 2048 MB, Compressed Oops mode: 32-bit

CDS archive(s) not mapped
Compressed class space mapped at: 0x0000000100000000-0x0000000140000000, reserved size: 1073741824
Narrow klass base: 0x0000000000000000, Narrow klass shift: 3, Narrow klass range: 0x140000000

GC Precious Log:
 CPUs: 8 total, 8 available
 Memory: 7894M
 Large Page Support: Disabled
 NUMA Support: Disabled
 Compressed Oops: Enabled (32-bit)
 Heap Region Size: 1M
 Heap Min Capacity: 8M
 Heap Initial Capacity: 124M
 Heap Max Capacity: 2G
 Pre-touch: Disabled
 Parallel Workers: 8
 Concurrent Workers: 2
 Concurrent Refinement Workers: 8
 Periodic GC: Disabled

Heap:
 garbage-first heap   total 199680K, used 115712K [0x0000000080000000, 0x0000000100000000)
  region size 1024K, 7 young (7168K), 7 survivors (7168K)
 Metaspace       used 101740K, committed 102400K, reserved 1138688K
  class space    used 14075K, committed 14400K, reserved 1048576K

Heap Regions: E=young(eden), S=young(survivor), O=old, HS=humongous(starts), HC=humongous(continues), CS=collection set, F=free, OA=open archive, CA=closed archive, TAMS=top-at-mark-start (previous, next)
|   0|0x0000000080000000, 0x0000000080100000, 0x0000000080100000|100%|HS|  |TAMS 0x0000000080100000, 0x0000000080000000| Complete 
|   1|0x0000000080100000, 0x0000000080200000, 0x0000000080200000|100%|HC|  |TAMS 0x0000000080200000, 0x0000000080100000| Complete 
|   2|0x0000000080200000, 0x0000000080300000, 0x0000000080300000|100%|HC|  |TAMS 0x0000000080300000, 0x0000000080200000| Complete 
|   3|0x0000000080300000, 0x0000000080400000, 0x0000000080400000|100%|HC|  |TAMS 0x0000000080400000, 0x0000000080300000| Complete 
|   4|0x0000000080400000, 0x0000000080500000, 0x0000000080500000|100%| O|  |TAMS 0x0000000080500000, 0x0000000080400000| Untracked 
|   5|0x0000000080500000, 0x0000000080600000, 0x0000000080600000|100%| O|  |TAMS 0x0000000080600000, 0x0000000080500000| Untracked 
|   6|0x0000000080600000, 0x0000000080700000, 0x0000000080700000|100%| O|  |TAMS 0x0000000080700000, 0x0000000080600000| Untracked 
|   7|0x0000000080700000, 0x0000000080800000, 0x0000000080800000|100%| O|  |TAMS 0x0000000080800000, 0x0000000080700000| Untracked 
|   8|0x0000000080800000, 0x0000000080900000, 0x0000000080900000|100%| O|  |TAMS 0x0000000080900000, 0x0000000080800000| Untracked 
|   9|0x0000000080900000, 0x0000000080a00000, 0x0000000080a00000|100%| O|  |TAMS 0x0000000080a00000, 0x0000000080900000| Untracked 
|  10|0x0000000080a00000, 0x0000000080b00000, 0x0000000080b00000|100%| O|  |TAMS 0x0000000080b00000, 0x0000000080a00000| Untracked 
|  11|0x0000000080b00000, 0x0000000080c00000, 0x0000000080c00000|100%| O|  |TAMS 0x0000000080c00000, 0x0000000080b00000| Untracked 
|  12|0x0000000080c00000, 0x0000000080d00000, 0x0000000080d00000|100%| O|  |TAMS 0x0000000080d00000, 0x0000000080c00000| Untracked 
|  13|0x0000000080d00000, 0x0000000080e00000, 0x0000000080e00000|100%| O|  |TAMS 0x0000000080e00000, 0x0000000080d00000| Untracked 
|  14|0x0000000080e00000, 0x0000000080f00000, 0x0000000080f00000|100%| O|  |TAMS 0x0000000080f00000, 0x0000000080e00000| Untracked 
|  15|0x0000000080f00000, 0x0000000081000000, 0x0000000081000000|100%| O|  |TAMS 0x0000000081000000, 0x0000000080f00000| Untracked 
|  16|0x0000000081000000, 0x0000000081100000, 0x0000000081100000|100%| O|  |TAMS 0x0000000081100000, 0x0000000081000000| Untracked 
|  17|0x0000000081100000, 0x0000000081200000, 0x0000000081200000|100%| O|  |TAMS 0x0000000081200000, 0x0000000081100000| Untracked 
|  18|0x0000000081200000, 0x0000000081300000, 0x0000000081300000|100%| O|  |TAMS 0x0000000081300000, 0x0000000081200000| Untracked 
|  19|0x0000000081300000, 0x0000000081400000, 0x0000000081400000|100%| O|  |TAMS 0x0000000081400000, 0x0000000081300000| Untracked 
|  20|0x0000000081400000, 0x0000000081500000, 0x0000000081500000|100%| O|  |TAMS 0x0000000081500000, 0x0000000081400000| Untracked 
|  21|0x0000000081500000, 0x0000000081600000, 0x0000000081600000|100%| O|  |TAMS 0x0000000081600000, 0x0000000081500000| Untracked 
|  22|0x0000000081600000, 0x0000000081700000, 0x0000000081700000|100%| O|  |TAMS 0x0000000081700000, 0x0000000081600000| Untracked 
|  23|0x0000000081700000, 0x0000000081800000, 0x0000000081800000|100%| O|  |TAMS 0x0000000081800000, 0x0000000081700000| Untracked 
|  24|0x0000000081800000, 0x0000000081900000, 0x0000000081900000|100%| O|  |TAMS 0x0000000081900000, 0x0000000081800000| Untracked 
|  25|0x0000000081900000, 0x0000000081a00000, 0x0000000081a00000|100%| O|  |TAMS 0x0000000081a00000, 0x0000000081900000| Untracked 
|  26|0x0000000081a00000, 0x0000000081b00000, 0x0000000081b00000|100%| O|  |TAMS 0x0000000081b00000, 0x0000000081a00000| Untracked 
|  27|0x0000000081b00000, 0x0000000081c00000, 0x0000000081c00000|100%| O|  |TAMS 0x0000000081c00000, 0x0000000081b00000| Untracked 
|  28|0x0000000081c00000, 0x0000000081d00000, 0x0000000081d00000|100%| O|  |TAMS 0x0000000081d00000, 0x0000000081c00000| Untracked 
|  29|0x0000000081d00000, 0x0000000081e00000, 0x0000000081e00000|100%| O|  |TAMS 0x0000000081e00000, 0x0000000081d00000| Untracked 
|  30|0x0000000081e00000, 0x0000000081f00000, 0x0000000081f00000|100%|HS|  |TAMS 0x0000000081f00000, 0x0000000081e00000| Complete 
|  31|0x0000000081f00000, 0x0000000082000000, 0x0000000082000000|100%|HS|  |TAMS 0x0000000082000000, 0x0000000081f00000| Complete 
|  32|0x0000000082000000, 0x0000000082100000, 0x0000000082100000|100%| O|  |TAMS 0x0000000082100000, 0x0000000082000000| Untracked 
|  33|0x0000000082100000, 0x0000000082200000, 0x0000000082200000|100%| O|  |TAMS 0x0000000082200000, 0x0000000082100000| Untracked 
|  34|0x0000000082200000, 0x0000000082300000, 0x0000000082300000|100%| O|  |TAMS 0x0000000082300000, 0x0000000082200000| Untracked 
|  35|0x0000000082300000, 0x0000000082400000, 0x0000000082400000|100%| O|  |TAMS 0x0000000082400000, 0x0000000082300000| Untracked 
|  36|0x0000000082400000, 0x0000000082500000, 0x0000000082500000|100%| O|  |TAMS 0x0000000082500000, 0x0000000082400000| Untracked 
|  37|0x0000000082500000, 0x0000000082600000, 0x0000000082600000|100%| O|  |TAMS 0x0000000082600000, 0x0000000082500000| Untracked 
|  38|0x0000000082600000, 0x0000000082700000, 0x0000000082700000|100%| O|  |TAMS 0x0000000082700000, 0x0000000082600000| Untracked 
|  39|0x0000000082700000, 0x0000000082800000, 0x0000000082800000|100%| O|  |TAMS 0x0000000082800000, 0x0000000082700000| Untracked 
|  40|0x0000000082800000, 0x0000000082900000, 0x0000000082900000|100%| O|  |TAMS 0x0000000082900000, 0x0000000082800000| Untracked 
|  41|0x0000000082900000, 0x0000000082a00000, 0x0000000082a00000|100%| O|  |TAMS 0x0000000082a00000, 0x0000000082900000| Untracked 
|  42|0x0000000082a00000, 0x0000000082b00000, 0x0000000082b00000|100%| O|  |TAMS 0x0000000082b00000, 0x0000000082a00000| Untracked 
|  43|0x0000000082b00000, 0x0000000082c00000, 0x0000000082c00000|100%| O|  |TAMS 0x0000000082c00000, 0x0000000082b00000| Untracked 
|  44|0x0000000082c00000, 0x0000000082d00000, 0x0000000082d00000|100%| O|  |TAMS 0x0000000082d00000, 0x0000000082c00000| Untracked 
|  45|0x0000000082d00000, 0x0000000082e00000, 0x0000000082e00000|100%| O|  |TAMS 0x0000000082e00000, 0x0000000082d00000| Untracked 
|  46|0x0000000082e00000, 0x0000000082f00000, 0x0000000082f00000|100%| O|  |TAMS 0x0000000082f00000, 0x0000000082e00000| Untracked 
|  47|0x0000000082f00000, 0x0000000083000000, 0x0000000083000000|100%| O|  |TAMS 0x0000000083000000, 0x0000000082f00000| Untracked 
|  48|0x0000000083000000, 0x0000000083100000, 0x0000000083100000|100%| O|  |TAMS 0x0000000083100000, 0x0000000083000000| Untracked 
|  49|0x0000000083100000, 0x0000000083200000, 0x0000000083200000|100%| O|  |TAMS 0x0000000083200000, 0x0000000083100000| Untracked 
|  50|0x0000000083200000, 0x0000000083300000, 0x0000000083300000|100%| O|  |TAMS 0x0000000083300000, 0x0000000083200000| Untracked 
|  51|0x0000000083300000, 0x0000000083400000, 0x0000000083400000|100%| O|  |TAMS 0x0000000083400000, 0x0000000083300000| Untracked 
|  52|0x0000000083400000, 0x0000000083500000, 0x0000000083500000|100%| O|  |TAMS 0x0000000083500000, 0x0000000083400000| Untracked 
|  53|0x0000000083500000, 0x0000000083600000, 0x0000000083600000|100%| O|  |TAMS 0x0000000083600000, 0x0000000083500000| Untracked 
|  54|0x0000000083600000, 0x0000000083700000, 0x0000000083700000|100%| O|  |TAMS 0x0000000083700000, 0x0000000083600000| Untracked 
|  55|0x0000000083700000, 0x0000000083800000, 0x0000000083800000|100%| O|  |TAMS 0x0000000083800000, 0x0000000083700000| Untracked 
|  56|0x0000000083800000, 0x0000000083900000, 0x0000000083900000|100%| O|  |TAMS 0x0000000083900000, 0x0000000083800000| Untracked 
|  57|0x0000000083900000, 0x0000000083a00000, 0x0000000083a00000|100%| O|  |TAMS 0x0000000083a00000, 0x0000000083900000| Untracked 
|  58|0x0000000083a00000, 0x0000000083b00000, 0x0000000083b00000|100%| O|  |TAMS 0x0000000083b00000, 0x0000000083a00000| Untracked 
|  59|0x0000000083b00000, 0x0000000083c00000, 0x0000000083c00000|100%| O|  |TAMS 0x0000000083c00000, 0x0000000083b00000| Untracked 
|  60|0x0000000083c00000, 0x0000000083d00000, 0x0000000083d00000|100%| O|  |TAMS 0x0000000083d00000, 0x0000000083c00000| Untracked 
|  61|0x0000000083d00000, 0x0000000083e00000, 0x0000000083e00000|100%| O|  |TAMS 0x0000000083e00000, 0x0000000083d00000| Untracked 
|  62|0x0000000083e00000, 0x0000000083f00000, 0x0000000083f00000|100%| O|  |TAMS 0x0000000083f00000, 0x0000000083e00000| Untracked 
|  63|0x0000000083f00000, 0x0000000084000000, 0x0000000084000000|100%| O|  |TAMS 0x0000000084000000, 0x0000000083f00000| Untracked 
|  64|0x0000000084000000, 0x0000000084100000, 0x0000000084100000|100%| O|  |TAMS 0x0000000084100000, 0x0000000084000000| Untracked 
|  65|0x0000000084100000, 0x0000000084200000, 0x0000000084200000|100%| O|  |TAMS 0x0000000084200000, 0x0000000084100000| Untracked 
|  66|0x0000000084200000, 0x0000000084300000, 0x0000000084300000|100%| O|  |TAMS 0x0000000084300000, 0x0000000084200000| Untracked 
|  67|0x0000000084300000, 0x0000000084400000, 0x0000000084400000|100%| O|  |TAMS 0x0000000084400000, 0x0000000084300000| Untracked 
|  68|0x0000000084400000, 0x0000000084500000, 0x0000000084500000|100%| O|  |TAMS 0x0000000084500000, 0x0000000084400000| Untracked 
|  69|0x0000000084500000, 0x0000000084600000, 0x0000000084600000|100%| O|  |TAMS 0x0000000084600000, 0x0000000084500000| Untracked 
|  70|0x0000000084600000, 0x0000000084700000, 0x0000000084700000|100%| O|  |TAMS 0x0000000084600000, 0x0000000084600000| Untracked 
|  71|0x0000000084700000, 0x0000000084800000, 0x0000000084800000|100%| O|  |TAMS 0x0000000084800000, 0x0000000084700000| Untracked 
|  72|0x0000000084800000, 0x0000000084900000, 0x0000000084900000|100%| O|  |TAMS 0x0000000084900000, 0x0000000084800000| Untracked 
|  73|0x0000000084900000, 0x0000000084a00000, 0x0000000084a00000|100%| O|  |TAMS 0x0000000084a00000, 0x0000000084900000| Untracked 
|  74|0x0000000084a00000, 0x0000000084b00000, 0x0000000084b00000|100%| O|  |TAMS 0x0000000084a00000, 0x0000000084a00000| Untracked 
|  75|0x0000000084b00000, 0x0000000084c00000, 0x0000000084c00000|100%| O|  |TAMS 0x0000000084c00000, 0x0000000084b00000| Untracked 
|  76|0x0000000084c00000, 0x0000000084d00000, 0x0000000084d00000|100%| O|  |TAMS 0x0000000084d00000, 0x0000000084c00000| Untracked 
|  77|0x0000000084d00000, 0x0000000084e00000, 0x0000000084e00000|100%| O|  |TAMS 0x0000000084e00000, 0x0000000084d00000| Untracked 
|  78|0x0000000084e00000, 0x0000000084f00000, 0x0000000084f00000|100%| O|  |TAMS 0x0000000084f00000, 0x0000000084e00000| Untracked 
|  79|0x0000000084f00000, 0x0000000085000000, 0x0000000085000000|100%| O|  |TAMS 0x0000000085000000, 0x0000000084f00000| Untracked 
|  80|0x0000000085000000, 0x0000000085100000, 0x0000000085100000|100%| O|  |TAMS 0x0000000085100000, 0x0000000085000000| Untracked 
|  81|0x0000000085100000, 0x0000000085200000, 0x0000000085200000|100%| O|  |TAMS 0x0000000085200000, 0x0000000085100000| Untracked 
|  82|0x0000000085200000, 0x0000000085300000, 0x0000000085300000|100%| O|  |TAMS 0x0000000085300000, 0x0000000085200000| Untracked 
|  83|0x0000000085300000, 0x0000000085400000, 0x0000000085400000|100%| O|  |TAMS 0x0000000085400000, 0x0000000085300000| Untracked 
|  84|0x0000000085400000, 0x0000000085500000, 0x0000000085500000|100%| O|  |TAMS 0x00000000854e2200, 0x0000000085400000| Untracked 
|  85|0x0000000085500000, 0x0000000085600000, 0x0000000085600000|100%| O|  |TAMS 0x0000000085500000, 0x0000000085500000| Untracked 
|  86|0x0000000085600000, 0x0000000085700000, 0x0000000085700000|100%| O|  |TAMS 0x0000000085600000, 0x0000000085600000| Untracked 
|  87|0x0000000085700000, 0x0000000085800000, 0x0000000085800000|100%| O|  |TAMS 0x0000000085700000, 0x0000000085700000| Untracked 
|  88|0x0000000085800000, 0x0000000085900000, 0x0000000085900000|100%| O|  |TAMS 0x0000000085800000, 0x0000000085800000| Untracked 
|  89|0x0000000085900000, 0x0000000085a00000, 0x0000000085a00000|100%| O|  |TAMS 0x0000000085900000, 0x0000000085900000| Untracked 
|  90|0x0000000085a00000, 0x0000000085b00000, 0x0000000085b00000|100%| O|  |TAMS 0x0000000085a00000, 0x0000000085a00000| Untracked 
|  91|0x0000000085b00000, 0x0000000085c00000, 0x0000000085c00000|100%| O|  |TAMS 0x0000000085b00000, 0x0000000085b00000| Untracked 
|  92|0x0000000085c00000, 0x0000000085d00000, 0x0000000085d00000|100%| O|  |TAMS 0x0000000085c00000, 0x0000000085c00000| Untracked 
|  93|0x0000000085d00000, 0x0000000085e00000, 0x0000000085e00000|100%| O|  |TAMS 0x0000000085d00000, 0x0000000085d00000| Untracked 
|  94|0x0000000085e00000, 0x0000000085f00000, 0x0000000085f00000|100%| O|  |TAMS 0x0000000085e00000, 0x0000000085e00000| Untracked 
|  95|0x0000000085f00000, 0x0000000086000000, 0x0000000086000000|100%| O|  |TAMS 0x0000000085f00000, 0x0000000085f00000| Untracked 
|  96|0x0000000086000000, 0x0000000086100000, 0x0000000086100000|100%| O|  |TAMS 0x0000000086000000, 0x0000000086000000| Untracked 
|  97|0x0000000086100000, 0x0000000086200000, 0x0000000086200000|100%| O|  |TAMS 0x0000000086100000, 0x0000000086100000| Untracked 
|  98|0x0000000086200000, 0x0000000086300000, 0x0000000086300000|100%| O|  |TAMS 0x0000000086200000, 0x0000000086200000| Untracked 
|  99|0x0000000086300000, 0x0000000086400000, 0x0000000086400000|100%| O|  |TAMS 0x0000000086300000, 0x0000000086300000| Untracked 
| 100|0x0000000086400000, 0x0000000086500000, 0x0000000086500000|100%| O|  |TAMS 0x0000000086400000, 0x0000000086400000| Untracked 
| 101|0x0000000086500000, 0x0000000086600000, 0x0000000086600000|100%| O|  |TAMS 0x0000000086500000, 0x0000000086500000| Untracked 
| 102|0x0000000086600000, 0x0000000086700000, 0x0000000086700000|100%| O|  |TAMS 0x0000000086600000, 0x0000000086600000| Untracked 
| 103|0x0000000086700000, 0x0000000086800000, 0x0000000086800000|100%| O|  |TAMS 0x0000000086700000, 0x0000000086700000| Untracked 
| 104|0x0000000086800000, 0x0000000086900000, 0x0000000086900000|100%| O|  |TAMS 0x0000000086800000, 0x0000000086800000| Untracked 
| 105|0x0000000086900000, 0x0000000086a00000, 0x0000000086a00000|100%| O|  |TAMS 0x0000000086900000, 0x0000000086900000| Untracked 
| 106|0x0000000086a00000, 0x0000000086a00000, 0x0000000086b00000|  0%| F|  |TAMS 0x0000000086a00000, 0x0000000086a00000| Untracked 
| 107|0x0000000086b00000, 0x0000000086b00000, 0x0000000086c00000|  0%| F|  |TAMS 0x0000000086b00000, 0x0000000086b00000| Untracked 
| 108|0x0000000086c00000, 0x0000000086c00000, 0x0000000086d00000|  0%| F|  |TAMS 0x0000000086c00000, 0x0000000086c00000| Untracked 
| 109|0x0000000086d00000, 0x0000000086d00000, 0x0000000086e00000|  0%| F|  |TAMS 0x0000000086d00000, 0x0000000086d00000| Untracked 
| 110|0x0000000086e00000, 0x0000000086e00000, 0x0000000086f00000|  0%| F|  |TAMS 0x0000000086e00000, 0x0000000086e00000| Untracked 
| 111|0x0000000086f00000, 0x0000000086f00000, 0x0000000087000000|  0%| F|  |TAMS 0x0000000086f00000, 0x0000000086f00000| Untracked 
| 112|0x0000000087000000, 0x0000000087000000, 0x0000000087100000|  0%| F|  |TAMS 0x0000000087000000, 0x0000000087000000| Untracked 
| 113|0x0000000087100000, 0x0000000087100000, 0x0000000087200000|  0%| F|  |TAMS 0x0000000087100000, 0x0000000087100000| Untracked 
| 114|0x0000000087200000, 0x0000000087200000, 0x0000000087300000|  0%| F|  |TAMS 0x0000000087200000, 0x0000000087200000| Untracked 
| 115|0x0000000087300000, 0x0000000087300000, 0x0000000087400000|  0%| F|  |TAMS 0x0000000087300000, 0x0000000087300000| Untracked 
| 116|0x0000000087400000, 0x0000000087400000, 0x0000000087500000|  0%| F|  |TAMS 0x0000000087400000, 0x0000000087400000| Untracked 
| 117|0x0000000087500000, 0x0000000087500000, 0x0000000087600000|  0%| F|  |TAMS 0x0000000087500000, 0x0000000087500000| Untracked 
| 118|0x0000000087600000, 0x0000000087600000, 0x0000000087700000|  0%| F|  |TAMS 0x0000000087600000, 0x0000000087600000| Untracked 
| 119|0x0000000087700000, 0x0000000087700000, 0x0000000087800000|  0%| F|  |TAMS 0x0000000087700000, 0x0000000087700000| Untracked 
| 120|0x0000000087800000, 0x0000000087800000, 0x0000000087900000|  0%| F|  |TAMS 0x0000000087800000, 0x0000000087800000| Untracked 
| 121|0x0000000087900000, 0x0000000087900000, 0x0000000087a00000|  0%| F|  |TAMS 0x0000000087900000, 0x0000000087900000| Untracked 
| 122|0x0000000087a00000, 0x0000000087a00000, 0x0000000087b00000|  0%| F|  |TAMS 0x0000000087a00000, 0x0000000087a00000| Untracked 
| 123|0x0000000087b00000, 0x0000000087b00000, 0x0000000087c00000|  0%| F|  |TAMS 0x0000000087b00000, 0x0000000087b00000| Untracked 
| 124|0x0000000087c00000, 0x0000000087c00000, 0x0000000087d00000|  0%| F|  |TAMS 0x0000000087c00000, 0x0000000087c00000| Untracked 
| 125|0x0000000087d00000, 0x0000000087d00000, 0x0000000087e00000|  0%| F|  |TAMS 0x0000000087d00000, 0x0000000087d00000| Untracked 
| 126|0x0000000087e00000, 0x0000000087e00000, 0x0000000087f00000|  0%| F|  |TAMS 0x0000000087e00000, 0x0000000087e00000| Untracked 
| 127|0x0000000087f00000, 0x0000000087f00000, 0x0000000088000000|  0%| F|  |TAMS 0x0000000087f00000, 0x0000000087f00000| Untracked 
| 128|0x0000000088000000, 0x0000000088000000, 0x0000000088100000|  0%| F|  |TAMS 0x0000000088000000, 0x0000000088000000| Untracked 
| 129|0x0000000088100000, 0x0000000088100000, 0x0000000088200000|  0%| F|  |TAMS 0x0000000088100000, 0x0000000088100000| Untracked 
| 130|0x0000000088200000, 0x0000000088200000, 0x0000000088300000|  0%| F|  |TAMS 0x0000000088200000, 0x0000000088200000| Untracked 
| 131|0x0000000088300000, 0x0000000088300000, 0x0000000088400000|  0%| F|  |TAMS 0x0000000088300000, 0x0000000088300000| Untracked 
| 132|0x0000000088400000, 0x0000000088400000, 0x0000000088500000|  0%| F|  |TAMS 0x0000000088400000, 0x0000000088400000| Untracked 
| 133|0x0000000088500000, 0x0000000088500000, 0x0000000088600000|  0%| F|  |TAMS 0x0000000088500000, 0x0000000088500000| Untracked 
| 134|0x0000000088600000, 0x0000000088600000, 0x0000000088700000|  0%| F|  |TAMS 0x0000000088600000, 0x0000000088600000| Untracked 
| 135|0x0000000088700000, 0x0000000088700000, 0x0000000088800000|  0%| F|  |TAMS 0x0000000088700000, 0x0000000088700000| Untracked 
| 136|0x0000000088800000, 0x0000000088900000, 0x0000000088900000|100%| S|CS|TAMS 0x0000000088800000, 0x0000000088800000| Complete 
| 137|0x0000000088900000, 0x0000000088a00000, 0x0000000088a00000|100%| S|CS|TAMS 0x0000000088900000, 0x0000000088900000| Complete 
| 138|0x0000000088a00000, 0x0000000088b00000, 0x0000000088b00000|100%| S|CS|TAMS 0x0000000088a00000, 0x0000000088a00000| Complete 
| 139|0x0000000088b00000, 0x0000000088c00000, 0x0000000088c00000|100%| S|CS|TAMS 0x0000000088b00000, 0x0000000088b00000| Complete 
| 140|0x0000000088c00000, 0x0000000088d00000, 0x0000000088d00000|100%| S|CS|TAMS 0x0000000088c00000, 0x0000000088c00000| Complete 
| 141|0x0000000088d00000, 0x0000000088e00000, 0x0000000088e00000|100%| S|CS|TAMS 0x0000000088d00000, 0x0000000088d00000| Complete 
| 142|0x0000000088e00000, 0x0000000088f00000, 0x0000000088f00000|100%| S|CS|TAMS 0x0000000088e00000, 0x0000000088e00000| Complete 
| 143|0x0000000088f00000, 0x0000000088f00000, 0x0000000089000000|  0%| F|  |TAMS 0x0000000088f00000, 0x0000000088f00000| Untracked 
| 144|0x0000000089000000, 0x0000000089000000, 0x0000000089100000|  0%| F|  |TAMS 0x0000000089000000, 0x0000000089000000| Untracked 
| 145|0x0000000089100000, 0x0000000089100000, 0x0000000089200000|  0%| F|  |TAMS 0x0000000089100000, 0x0000000089100000| Untracked 
| 146|0x0000000089200000, 0x0000000089200000, 0x0000000089300000|  0%| F|  |TAMS 0x0000000089200000, 0x0000000089200000| Untracked 
| 147|0x0000000089300000, 0x0000000089300000, 0x0000000089400000|  0%| F|  |TAMS 0x0000000089300000, 0x0000000089300000| Untracked 
| 148|0x0000000089400000, 0x0000000089400000, 0x0000000089500000|  0%| F|  |TAMS 0x0000000089400000, 0x0000000089400000| Untracked 
| 149|0x0000000089500000, 0x0000000089500000, 0x0000000089600000|  0%| F|  |TAMS 0x0000000089500000, 0x0000000089500000| Untracked 
| 150|0x0000000089600000, 0x0000000089600000, 0x0000000089700000|  0%| F|  |TAMS 0x0000000089600000, 0x0000000089600000| Untracked 
| 151|0x0000000089700000, 0x0000000089700000, 0x0000000089800000|  0%| F|  |TAMS 0x0000000089700000, 0x0000000089700000| Untracked 
| 152|0x0000000089800000, 0x0000000089800000, 0x0000000089900000|  0%| F|  |TAMS 0x0000000089800000, 0x0000000089800000| Untracked 
| 153|0x0000000089900000, 0x0000000089900000, 0x0000000089a00000|  0%| F|  |TAMS 0x0000000089900000, 0x0000000089900000| Untracked 
| 154|0x0000000089a00000, 0x0000000089a00000, 0x0000000089b00000|  0%| F|  |TAMS 0x0000000089a00000, 0x0000000089a00000| Untracked 
| 155|0x0000000089b00000, 0x0000000089b00000, 0x0000000089c00000|  0%| F|  |TAMS 0x0000000089b00000, 0x0000000089b00000| Untracked 
| 156|0x0000000089c00000, 0x0000000089c00000, 0x0000000089d00000|  0%| F|  |TAMS 0x0000000089c00000, 0x0000000089c00000| Untracked 
| 157|0x0000000089d00000, 0x0000000089d00000, 0x0000000089e00000|  0%| F|  |TAMS 0x0000000089d00000, 0x0000000089d00000| Untracked 
| 158|0x0000000089e00000, 0x0000000089e00000, 0x0000000089f00000|  0%| F|  |TAMS 0x0000000089e00000, 0x0000000089e00000| Untracked 
| 159|0x0000000089f00000, 0x0000000089f00000, 0x000000008a000000|  0%| F|  |TAMS 0x0000000089f00000, 0x0000000089f00000| Untracked 
| 160|0x000000008a000000, 0x000000008a000000, 0x000000008a100000|  0%| F|  |TAMS 0x000000008a000000, 0x000000008a000000| Untracked 
| 161|0x000000008a100000, 0x000000008a100000, 0x000000008a200000|  0%| F|  |TAMS 0x000000008a100000, 0x000000008a100000| Untracked 
| 162|0x000000008a200000, 0x000000008a200000, 0x000000008a300000|  0%| F|  |TAMS 0x000000008a200000, 0x000000008a200000| Untracked 
| 163|0x000000008a300000, 0x000000008a300000, 0x000000008a400000|  0%| F|  |TAMS 0x000000008a300000, 0x000000008a300000| Untracked 
| 164|0x000000008a400000, 0x000000008a400000, 0x000000008a500000|  0%| F|  |TAMS 0x000000008a400000, 0x000000008a400000| Untracked 
| 165|0x000000008a500000, 0x000000008a500000, 0x000000008a600000|  0%| F|  |TAMS 0x000000008a500000, 0x000000008a500000| Untracked 
| 166|0x000000008a600000, 0x000000008a600000, 0x000000008a700000|  0%| F|  |TAMS 0x000000008a600000, 0x000000008a600000| Untracked 
| 167|0x000000008a700000, 0x000000008a700000, 0x000000008a800000|  0%| F|  |TAMS 0x000000008a700000, 0x000000008a700000| Untracked 
| 168|0x000000008a800000, 0x000000008a800000, 0x000000008a900000|  0%| F|  |TAMS 0x000000008a800000, 0x000000008a800000| Untracked 
| 169|0x000000008a900000, 0x000000008a900000, 0x000000008aa00000|  0%| F|  |TAMS 0x000000008a900000, 0x000000008a900000| Untracked 
| 170|0x000000008aa00000, 0x000000008aa00000, 0x000000008ab00000|  0%| F|  |TAMS 0x000000008aa00000, 0x000000008aa00000| Untracked 
| 171|0x000000008ab00000, 0x000000008ab00000, 0x000000008ac00000|  0%| F|  |TAMS 0x000000008ab00000, 0x000000008ab00000| Untracked 
| 172|0x000000008ac00000, 0x000000008ac00000, 0x000000008ad00000|  0%| F|  |TAMS 0x000000008ac00000, 0x000000008ac00000| Untracked 
| 173|0x000000008ad00000, 0x000000008ad00000, 0x000000008ae00000|  0%| F|  |TAMS 0x000000008ad00000, 0x000000008ad00000| Untracked 
| 174|0x000000008ae00000, 0x000000008ae00000, 0x000000008af00000|  0%| F|  |TAMS 0x000000008ae00000, 0x000000008ae00000| Untracked 
| 175|0x000000008af00000, 0x000000008af00000, 0x000000008b000000|  0%| F|  |TAMS 0x000000008af00000, 0x000000008af00000| Untracked 
| 176|0x000000008b000000, 0x000000008b000000, 0x000000008b100000|  0%| F|  |TAMS 0x000000008b000000, 0x000000008b000000| Untracked 
| 177|0x000000008b100000, 0x000000008b100000, 0x000000008b200000|  0%| F|  |TAMS 0x000000008b100000, 0x000000008b100000| Untracked 
| 178|0x000000008b200000, 0x000000008b200000, 0x000000008b300000|  0%| F|  |TAMS 0x000000008b200000, 0x000000008b200000| Untracked 
| 179|0x000000008b300000, 0x000000008b300000, 0x000000008b400000|  0%| F|  |TAMS 0x000000008b300000, 0x000000008b300000| Untracked 
| 180|0x000000008b400000, 0x000000008b400000, 0x000000008b500000|  0%| F|  |TAMS 0x000000008b400000, 0x000000008b400000| Untracked 
| 181|0x000000008b500000, 0x000000008b500000, 0x000000008b600000|  0%| F|  |TAMS 0x000000008b500000, 0x000000008b500000| Untracked 
| 182|0x000000008b600000, 0x000000008b600000, 0x000000008b700000|  0%| F|  |TAMS 0x000000008b600000, 0x000000008b600000| Untracked 
| 183|0x000000008b700000, 0x000000008b700000, 0x000000008b800000|  0%| F|  |TAMS 0x000000008b700000, 0x000000008b700000| Untracked 
| 184|0x000000008b800000, 0x000000008b800000, 0x000000008b900000|  0%| F|  |TAMS 0x000000008b800000, 0x000000008b800000| Untracked 
| 185|0x000000008b900000, 0x000000008b900000, 0x000000008ba00000|  0%| F|  |TAMS 0x000000008b900000, 0x000000008b900000| Untracked 
| 186|0x000000008ba00000, 0x000000008ba00000, 0x000000008bb00000|  0%| F|  |TAMS 0x000000008ba00000, 0x000000008ba00000| Untracked 
| 187|0x000000008bb00000, 0x000000008bb00000, 0x000000008bc00000|  0%| F|  |TAMS 0x000000008bb00000, 0x000000008bb00000| Untracked 
| 188|0x000000008bc00000, 0x000000008bc00000, 0x000000008bd00000|  0%| F|  |TAMS 0x000000008bc00000, 0x000000008bc00000| Untracked 
| 189|0x000000008bd00000, 0x000000008bd00000, 0x000000008be00000|  0%| F|  |TAMS 0x000000008bd00000, 0x000000008bd00000| Untracked 
| 190|0x000000008be00000, 0x000000008be00000, 0x000000008bf00000|  0%| F|  |TAMS 0x000000008be00000, 0x000000008be00000| Untracked 
| 191|0x000000008bf00000, 0x000000008bf00000, 0x000000008c000000|  0%| F|  |TAMS 0x000000008bf00000, 0x000000008bf00000| Untracked 
| 192|0x000000008c000000, 0x000000008c000000, 0x000000008c100000|  0%| F|  |TAMS 0x000000008c000000, 0x000000008c000000| Untracked 
| 193|0x000000008c100000, 0x000000008c100000, 0x000000008c200000|  0%| F|  |TAMS 0x000000008c100000, 0x000000008c100000| Untracked 
| 194|0x000000008c200000, 0x000000008c200000, 0x000000008c300000|  0%| F|  |TAMS 0x000000008c200000, 0x000000008c200000| Untracked 

Card table byte_map: [0x0000021b5faa0000,0x0000021b5fea0000] _byte_map_base: 0x0000021b5f6a0000

Marking Bits (Prev, Next): (CMBitMap*) 0x0000021b4cf06c80, (CMBitMap*) 0x0000021b4cf06c40
 Prev Bits: [0x0000021b622a0000, 0x0000021b642a0000)
 Next Bits: [0x0000021b602a0000, 0x0000021b622a0000)

Polling page: 0x0000021b4ae80000

Metaspace:

Usage:
  Non-class:     85.61 MB used.
      Class:     13.75 MB used.
       Both:     99.36 MB used.

Virtual space:
  Non-class space:       88.00 MB reserved,      85.94 MB ( 98%) committed,  11 nodes.
      Class space:        1.00 GB reserved,      14.06 MB (  1%) committed,  1 nodes.
             Both:        1.09 GB reserved,     100.00 MB (  9%) committed. 

Chunk freelists:
   Non-Class:  1.97 MB
       Class:  1.98 MB
        Both:  3.95 MB

MaxMetaspaceSize: unlimited
CompressedClassSpaceSize: 1.00 GB
Initial GC threshold: 21.00 MB
Current GC threshold: 160.75 MB
CDS: off
MetaspaceReclaimPolicy: balanced
 - commit_granule_bytes: 65536.
 - commit_granule_words: 8192.
 - virtual_space_node_default_size: 1048576.
 - enlarge_chunks_in_place: 1.
 - new_chunks_are_fully_committed: 0.
 - uncommit_free_chunks: 1.
 - use_allocation_guard: 0.
 - handle_deallocations: 1.


Internal statistics:

num_allocs_failed_limit: 9.
num_arena_births: 910.
num_arena_deaths: 14.
num_vsnodes_births: 12.
num_vsnodes_deaths: 0.
num_space_committed: 1600.
num_space_uncommitted: 0.
num_chunks_returned_to_freelist: 30.
num_chunks_taken_from_freelist: 4643.
num_chunk_merges: 15.
num_chunk_splits: 3123.
num_chunks_enlarged: 2147.
num_purges: 2.
num_inconsistent_stats: 0.

CodeHeap 'non-profiled nmethods': size=120000Kb used=6158Kb max_used=6158Kb free=113841Kb
 bounds [0x0000021b57e40000, 0x0000021b58450000, 0x0000021b5f370000]
CodeHeap 'profiled nmethods': size=120000Kb used=19991Kb max_used=19991Kb free=100008Kb
 bounds [0x0000021b50370000, 0x0000021b51700000, 0x0000021b578a0000]
CodeHeap 'non-nmethods': size=5760Kb used=2408Kb max_used=2456Kb free=3352Kb
 bounds [0x0000021b578a0000, 0x0000021b57b20000, 0x0000021b57e40000]
 total_blobs=11161 nmethods=10233 adapters=840
 compilation: enabled
              stopped_count=0, restarted_count=0
 full_count=0

Compilation events (20 events):
Event: 9.875 Thread 0x0000021b6784c810 nmethod 11884 0x0000021b516f0510 code [0x0000021b516f09e0, 0x0000021b516f29d8]
Event: 9.875 Thread 0x0000021b6784c810 11889       2       com.android.tools.r8.internal.ga::a (19 bytes)
Event: 9.876 Thread 0x0000021b6784c810 nmethod 11889 0x0000021b516f3b90 code [0x0000021b516f3d20, 0x0000021b516f3e48]
Event: 9.876 Thread 0x0000021b6784c810 11888       2       com.android.tools.r8.utils.E1::next (27 bytes)
Event: 9.876 Thread 0x0000021b6784c810 nmethod 11888 0x0000021b516f3f10 code [0x0000021b516f40c0, 0x0000021b516f4318]
Event: 9.876 Thread 0x0000021b6784c810 11869       1       com.android.tools.r8.internal.d7::S (5 bytes)
Event: 9.876 Thread 0x0000021b6784c810 nmethod 11869 0x0000021b58443310 code [0x0000021b584434a0, 0x0000021b58443578]
Event: 9.876 Thread 0x0000021b6784c810 11885       2       com.android.tools.r8.graph.e2::a (12 bytes)
Event: 9.876 Thread 0x0000021b6784c810 nmethod 11885 0x0000021b516f4410 code [0x0000021b516f45c0, 0x0000021b516f4728]
Event: 9.876 Thread 0x0000021b6784c810 11886       2       com.android.tools.r8.graph.e2::b (51 bytes)
Event: 9.876 Thread 0x0000021b6784c810 nmethod 11886 0x0000021b516f4810 code [0x0000021b516f49a0, 0x0000021b516f4af8]
Event: 9.876 Thread 0x0000021b6784c810 11879       2       com.android.tools.r8.graph.m::W (8 bytes)
Event: 9.876 Thread 0x0000021b6784c810 nmethod 11879 0x0000021b516f4c10 code [0x0000021b516f4da0, 0x0000021b516f4eb8]
Event: 9.876 Thread 0x0000021b6784c810 11673       3       com.android.tools.r8.utils.N0$$Lambda$1525/0x0000000100d26838::get (8 bytes)
Event: 9.877 Thread 0x0000021b6784c810 nmethod 11673 0x0000021b516f4f90 code [0x0000021b516f5140, 0x0000021b516f5368]
Event: 9.877 Thread 0x0000021b6784c810 11681       3       com.android.tools.r8.utils.N0::a (14 bytes)
Event: 9.877 Thread 0x0000021b6784c810 nmethod 11681 0x0000021b516f5490 code [0x0000021b516f5680, 0x0000021b516f5cb8]
Event: 9.878 Thread 0x0000021b6784c810 11812       1       com.android.tools.r8.internal.bm::J (2 bytes)
Event: 9.878 Thread 0x0000021b6784c810 nmethod 11812 0x0000021b58443610 code [0x0000021b584437a0, 0x0000021b58443878]
Event: 9.878 Thread 0x0000021b6784c810 11698   !   3       com.android.tools.r8.utils.N0::a (133 bytes)

GC Heap History (20 events):
Event: 6.490 GC heap after
{Heap after GC invocations=19 (full 0):
 garbage-first heap   total 157696K, used 58076K [0x0000000080000000, 0x0000000100000000)
  region size 1024K, 6 young (6144K), 6 survivors (6144K)
 Metaspace       used 73506K, committed 74112K, reserved 1114112K
  class space    used 9961K, committed 10240K, reserved 1048576K
}
Event: 7.306 GC heap before
{Heap before GC invocations=19 (full 0):
 garbage-first heap   total 157696K, used 123612K [0x0000000080000000, 0x0000000100000000)
  region size 1024K, 70 young (71680K), 6 survivors (6144K)
 Metaspace       used 80870K, committed 81472K, reserved 1122304K
  class space    used 11028K, committed 11328K, reserved 1048576K
}
Event: 7.312 GC heap after
{Heap after GC invocations=20 (full 0):
 garbage-first heap   total 157696K, used 63719K [0x0000000080000000, 0x0000000100000000)
  region size 1024K, 6 young (6144K), 6 survivors (6144K)
 Metaspace       used 80870K, committed 81472K, reserved 1122304K
  class space    used 11028K, committed 11328K, reserved 1048576K
}
Event: 7.791 GC heap before
{Heap before GC invocations=20 (full 0):
 garbage-first heap   total 157696K, used 126183K [0x0000000080000000, 0x0000000100000000)
  region size 1024K, 67 young (68608K), 6 survivors (6144K)
 Metaspace       used 83319K, committed 83968K, reserved 1122304K
  class space    used 11468K, committed 11776K, reserved 1048576K
}
Event: 7.799 GC heap after
{Heap after GC invocations=21 (full 0):
 garbage-first heap   total 157696K, used 72329K [0x0000000080000000, 0x0000000100000000)
  region size 1024K, 9 young (9216K), 9 survivors (9216K)
 Metaspace       used 83319K, committed 83968K, reserved 1122304K
  class space    used 11468K, committed 11776K, reserved 1048576K
}
Event: 8.136 GC heap before
{Heap before GC invocations=21 (full 0):
 garbage-first heap   total 157696K, used 123529K [0x0000000080000000, 0x0000000100000000)
  region size 1024K, 60 young (61440K), 9 survivors (9216K)
 Metaspace       used 84332K, committed 84928K, reserved 1122304K
  class space    used 11647K, committed 11904K, reserved 1048576K
}
Event: 8.144 GC heap after
{Heap after GC invocations=22 (full 0):
 garbage-first heap   total 157696K, used 77441K [0x0000000080000000, 0x0000000100000000)
  region size 1024K, 5 young (5120K), 5 survivors (5120K)
 Metaspace       used 84332K, committed 84928K, reserved 1122304K
  class space    used 11647K, committed 11904K, reserved 1048576K
}
Event: 8.692 GC heap before
{Heap before GC invocations=22 (full 0):
 garbage-first heap   total 157696K, used 125569K [0x0000000080000000, 0x0000000100000000)
  region size 1024K, 53 young (54272K), 5 survivors (5120K)
 Metaspace       used 89524K, committed 90176K, reserved 1130496K
  class space    used 12271K, committed 12608K, reserved 1048576K
}
Event: 8.697 GC heap after
{Heap after GC invocations=23 (full 0):
 garbage-first heap   total 189440K, used 79895K [0x0000000080000000, 0x0000000100000000)
  region size 1024K, 3 young (3072K), 3 survivors (3072K)
 Metaspace       used 89524K, committed 90176K, reserved 1130496K
  class space    used 12271K, committed 12608K, reserved 1048576K
}
Event: 9.205 GC heap before
{Heap before GC invocations=24 (full 0):
 garbage-first heap   total 189440K, used 150551K [0x0000000080000000, 0x0000000100000000)
  region size 1024K, 73 young (74752K), 3 survivors (3072K)
 Metaspace       used 93446K, committed 94144K, reserved 1130496K
  class space    used 12813K, committed 13120K, reserved 1048576K
}
Event: 9.211 GC heap after
{Heap after GC invocations=25 (full 0):
 garbage-first heap   total 189440K, used 86674K [0x0000000080000000, 0x0000000100000000)
  region size 1024K, 10 young (10240K), 10 survivors (10240K)
 Metaspace       used 93446K, committed 94144K, reserved 1130496K
  class space    used 12813K, committed 13120K, reserved 1048576K
}
Event: 9.213 GC heap before
{Heap before GC invocations=25 (full 0):
 garbage-first heap   total 189440K, used 87698K [0x0000000080000000, 0x0000000100000000)
  region size 1024K, 11 young (11264K), 10 survivors (10240K)
 Metaspace       used 93451K, committed 94144K, reserved 1130496K
  class space    used 12813K, committed 13120K, reserved 1048576K
}
Event: 9.220 GC heap after
{Heap after GC invocations=26 (full 0):
 garbage-first heap   total 189440K, used 86920K [0x0000000080000000, 0x0000000100000000)
  region size 1024K, 1 young (1024K), 1 survivors (1024K)
 Metaspace       used 93451K, committed 94144K, reserved 1130496K
  class space    used 12813K, committed 13120K, reserved 1048576K
}
Event: 9.521 GC heap before
{Heap before GC invocations=26 (full 0):
 garbage-first heap   total 189440K, used 151432K [0x0000000080000000, 0x0000000100000000)
  region size 1024K, 65 young (66560K), 1 survivors (1024K)
 Metaspace       used 97642K, committed 98304K, reserved 1138688K
  class space    used 13433K, committed 13760K, reserved 1048576K
}
Event: 9.527 GC heap after
{Heap after GC invocations=27 (full 0):
 garbage-first heap   total 189440K, used 96428K [0x0000000080000000, 0x0000000100000000)
  region size 1024K, 9 young (9216K), 9 survivors (9216K)
 Metaspace       used 97642K, committed 98304K, reserved 1138688K
  class space    used 13433K, committed 13760K, reserved 1048576K
}
Event: 9.758 GC heap before
{Heap before GC invocations=28 (full 0):
 garbage-first heap   total 199680K, used 150700K [0x0000000080000000, 0x0000000100000000)
  region size 1024K, 63 young (64512K), 9 survivors (9216K)
 Metaspace       used 100428K, committed 101120K, reserved 1138688K
  class space    used 13875K, committed 14208K, reserved 1048576K
}
Event: 9.771 GC heap after
{Heap after GC invocations=29 (full 0):
 garbage-first heap   total 199680K, used 106188K [0x0000000080000000, 0x0000000100000000)
  region size 1024K, 8 young (8192K), 8 survivors (8192K)
 Metaspace       used 100428K, committed 101120K, reserved 1138688K
  class space    used 13875K, committed 14208K, reserved 1048576K
}
Event: 9.774 GC heap before
{Heap before GC invocations=29 (full 0):
 garbage-first heap   total 199680K, used 107212K [0x0000000080000000, 0x0000000100000000)
  region size 1024K, 9 young (9216K), 8 survivors (8192K)
 Metaspace       used 100459K, committed 101120K, reserved 1138688K
  class space    used 13880K, committed 14208K, reserved 1048576K
}
Event: 9.781 GC heap after
{Heap after GC invocations=30 (full 0):
 garbage-first heap   total 199680K, used 107782K [0x0000000080000000, 0x0000000100000000)
  region size 1024K, 2 young (2048K), 2 survivors (2048K)
 Metaspace       used 100459K, committed 101120K, reserved 1138688K
  class space    used 13880K, committed 14208K, reserved 1048576K
}
Event: 9.878 GC heap before
{Heap before GC invocations=30 (full 0):
 garbage-first heap   total 199680K, used 158982K [0x0000000080000000, 0x0000000100000000)
  region size 1024K, 52 young (53248K), 2 survivors (2048K)
 Metaspace       used 101740K, committed 102400K, reserved 1138688K
  class space    used 14075K, committed 14400K, reserved 1048576K
}

Dll operation events (2 events):
Event: 0.007 Loaded shared library C:\Program Files\Android\Android Studio\jbr\bin\java.dll
Event: 0.269 Loaded shared library C:\Program Files\Android\Android Studio\jbr\bin\verify.dll

Deoptimization events (20 events):
Event: 9.829 Thread 0x0000021b6a8c1e30 Uncommon trap: trap_request=0xffffff45 fr.pc=0x0000021b58422bbc relative=0x000000000000009c
Event: 9.829 Thread 0x0000021b6a8c1e30 Uncommon trap: reason=unstable_if action=reinterpret pc=0x0000021b58422bbc method=com.android.tools.r8.utils.structural.s.d(Ljava/lang/Object;)Z @ 7 c2
Event: 9.829 Thread 0x0000021b6da745f0 Uncommon trap: trap_request=0xffffff45 fr.pc=0x0000021b58422bbc relative=0x000000000000009c
Event: 9.829 Thread 0x0000021b6da745f0 Uncommon trap: reason=unstable_if action=reinterpret pc=0x0000021b58422bbc method=com.android.tools.r8.utils.structural.s.d(Ljava/lang/Object;)Z @ 7 c2
Event: 9.829 Thread 0x0000021b6a8c1e30 DEOPT PACKING pc=0x0000021b58422bbc sp=0x00000020777f7920
Event: 9.829 Thread 0x0000021b6a8c1e30 DEOPT UNPACKING pc=0x0000021b578fa1a3 sp=0x00000020777f7858 mode 2
Event: 9.829 Thread 0x0000021b6da745f0 DEOPT PACKING pc=0x0000021b58422bbc sp=0x0000002075dfabb0
Event: 9.829 Thread 0x0000021b6da745f0 DEOPT UNPACKING pc=0x0000021b578fa1a3 sp=0x0000002075dfaae8 mode 2
Event: 9.843 Thread 0x0000021b6da77610 DEOPT PACKING pc=0x0000021b515f9b43 sp=0x0000002076afa0b0
Event: 9.843 Thread 0x0000021b6da77610 DEOPT UNPACKING pc=0x0000021b578face3 sp=0x0000002076af9590 mode 0
Event: 9.859 Thread 0x0000021b6da77610 DEOPT PACKING pc=0x0000021b515f9b43 sp=0x0000002076afa0b0
Event: 9.859 Thread 0x0000021b6da77610 DEOPT UNPACKING pc=0x0000021b578face3 sp=0x0000002076af9590 mode 0
Event: 9.860 Thread 0x0000021b6aec02d0 Uncommon trap: trap_request=0xffffff45 fr.pc=0x0000021b584418c4 relative=0x0000000000001de4
Event: 9.860 Thread 0x0000021b6aec02d0 Uncommon trap: reason=unstable_if action=reinterpret pc=0x0000021b584418c4 method=com.android.tools.r8.utils.t0.e(Ljava/lang/String;)[Ljava/lang/String; @ 149 c2
Event: 9.860 Thread 0x0000021b6aec02d0 DEOPT PACKING pc=0x0000021b584418c4 sp=0x00000020721f9240
Event: 9.860 Thread 0x0000021b6aec02d0 DEOPT UNPACKING pc=0x0000021b578fa1a3 sp=0x00000020721f9218 mode 2
Event: 9.869 Thread 0x0000021b6aec02d0 DEOPT PACKING pc=0x0000021b515f9b43 sp=0x00000020721f9eb0
Event: 9.869 Thread 0x0000021b6aec02d0 DEOPT UNPACKING pc=0x0000021b578face3 sp=0x00000020721f9390 mode 0
Event: 9.871 Thread 0x0000021b6da77610 DEOPT PACKING pc=0x0000021b516e24cf sp=0x0000002076af93a0
Event: 9.871 Thread 0x0000021b6da77610 DEOPT UNPACKING pc=0x0000021b578face3 sp=0x0000002076af8918 mode 0

Classes unloaded (7 events):
Event: 9.612 Thread 0x0000021b66d11c70 Unloading class 0x0000000100b9dc00 'java/lang/invoke/LambdaForm$DMH+0x0000000100b9dc00'
Event: 9.612 Thread 0x0000021b66d11c70 Unloading class 0x0000000100b9d800 'java/lang/invoke/LambdaForm$DMH+0x0000000100b9d800'
Event: 9.612 Thread 0x0000021b66d11c70 Unloading class 0x0000000100b9d400 'java/lang/invoke/LambdaForm$DMH+0x0000000100b9d400'
Event: 9.612 Thread 0x0000021b66d11c70 Unloading class 0x0000000100b9d000 'java/lang/invoke/LambdaForm$DMH+0x0000000100b9d000'
Event: 9.612 Thread 0x0000021b66d11c70 Unloading class 0x0000000100b9c800 'java/lang/invoke/LambdaForm$DMH+0x0000000100b9c800'
Event: 9.612 Thread 0x0000021b66d11c70 Unloading class 0x0000000100b9c400 'java/lang/invoke/LambdaForm$DMH+0x0000000100b9c400'
Event: 9.612 Thread 0x0000021b66d11c70 Unloading class 0x0000000100b9cc00 'java/lang/invoke/LambdaForm$DMH+0x0000000100b9cc00'

Classes redefined (0 events):
No events

Internal exceptions (20 events):
Event: 9.424 Thread 0x0000021b6da77fb0 Exception <a 'java/lang/IncompatibleClassChangeError'{0x0000000088dbe788}: Found class java.lang.Object, but interface was expected> (0x0000000088dbe788) 
thrown [s\src\hotspot\share\interpreter\linkResolver.cpp, line 838]
Event: 9.424 Thread 0x0000021b6da77610 Exception <a 'java/lang/IncompatibleClassChangeError'{0x0000000088c090d8}: Found class java.lang.Object, but interface was expected> (0x0000000088c090d8) 
thrown [s\src\hotspot\share\interpreter\linkResolver.cpp, line 838]
Event: 9.424 Thread 0x0000021b6a8c1e30 Exception <a 'java/lang/IncompatibleClassChangeError'{0x0000000088c39400}: Found class java.lang.Object, but interface was expected> (0x0000000088c39400) 
thrown [s\src\hotspot\share\interpreter\linkResolver.cpp, line 838]
Event: 9.424 Thread 0x0000021b6aec02d0 Exception <a 'java/lang/IncompatibleClassChangeError'{0x0000000088d63a00}: Found class java.lang.Object, but interface was expected> (0x0000000088d63a00) 
thrown [s\src\hotspot\share\interpreter\linkResolver.cpp, line 838]
Event: 9.424 Thread 0x0000021b6df5b970 Exception <a 'java/lang/IncompatibleClassChangeError'{0x0000000088c639a0}: Found class java.lang.Object, but interface was expected> (0x0000000088c639a0) 
thrown [s\src\hotspot\share\interpreter\linkResolver.cpp, line 838]
Event: 9.437 Thread 0x0000021b6aec02d0 Exception <a 'java/lang/NoSuchMethodError'{0x0000000088bd6480}: 'java.lang.Object java.lang.invoke.DirectMethodHandle$Holder.newInvokeSpecial(java.lang.Object, java.lang.Object, int, java.lang.Object, java.lang.Object)'> (0x0000000088bd6480) 
thrown [s\src\hotspot\share\interpreter\linkResolver.cpp, line 771]
Event: 9.438 Thread 0x0000021b6da77610 Exception <a 'java/lang/NoSuchMethodError'{0x0000000088b7deb0}: 'java.lang.Object java.lang.invoke.DirectMethodHandle$Holder.newInvokeSpecial(java.lang.Object, java.lang.Object, int, java.lang.Object, java.lang.Object)'> (0x0000000088b7deb0) 
thrown [s\src\hotspot\share\interpreter\linkResolver.cpp, line 771]
Event: 9.438 Thread 0x0000021b6da77610 Exception <a 'java/lang/NoSuchMethodError'{0x0000000088b822c8}: 'java.lang.Object java.lang.invoke.Invokers$Holder.linkToTargetMethod(java.lang.Object, int, java.lang.Object, java.lang.Object, java.lang.Object)'> (0x0000000088b822c8) 
thrown [s\src\hotspot\share\interpreter\linkResolver.cpp, line 771]
Event: 9.450 Thread 0x0000021b6aec02d0 Exception <a 'java/lang/NoSuchMethodError'{0x0000000088ae2388}: 'java.lang.Object java.lang.invoke.DirectMethodHandle$Holder.newInvokeSpecial(java.lang.Object, long)'> (0x0000000088ae2388) 
thrown [s\src\hotspot\share\interpreter\linkResolver.cpp, line 771]
Event: 9.684 Thread 0x0000021b6df5b970 Exception <a 'java/lang/NoSuchMethodError'{0x0000000089f52278}: 'void java.lang.invoke.DirectMethodHandle$Holder.invokeStatic(java.lang.Object, java.lang.Object, java.lang.Object, int)'> (0x0000000089f52278) 
thrown [s\src\hotspot\share\interpreter\linkResolver.cpp, line 771]
Event: 9.684 Thread 0x0000021b6da78e20 Exception <a 'java/lang/NoSuchMethodError'{0x0000000089f5f1b8}: 'void java.lang.invoke.DirectMethodHandle$Holder.invokeStatic(java.lang.Object, java.lang.Object, java.lang.Object, int)'> (0x0000000089f5f1b8) 
thrown [s\src\hotspot\share\interpreter\linkResolver.cpp, line 771]
Event: 9.684 Thread 0x0000021b6da77fb0 Exception <a 'java/lang/NoSuchMethodError'{0x000000008b7171f0}: 'void java.lang.invoke.DirectMethodHandle$Holder.invokeStatic(java.lang.Object, java.lang.Object, java.lang.Object, int)'> (0x000000008b7171f0) 
thrown [s\src\hotspot\share\interpreter\linkResolver.cpp, line 771]
Event: 9.684 Thread 0x0000021b6da745f0 Exception <a 'java/lang/NoSuchMethodError'{0x000000008b90d578}: 'void java.lang.invoke.DirectMethodHandle$Holder.invokeStatic(java.lang.Object, java.lang.Object, java.lang.Object, int)'> (0x000000008b90d578) 
thrown [s\src\hotspot\share\interpreter\linkResolver.cpp, line 771]
Event: 9.685 Thread 0x0000021b6aec02d0 Exception <a 'java/lang/NoSuchMethodError'{0x000000008a26d260}: 'void java.lang.invoke.DirectMethodHandle$Holder.invokeStatic(java.lang.Object, java.lang.Object, java.lang.Object, int)'> (0x000000008a26d260) 
thrown [s\src\hotspot\share\interpreter\linkResolver.cpp, line 771]
Event: 9.685 Thread 0x0000021b6a8c1e30 Exception <a 'java/lang/NoSuchMethodError'{0x0000000089f48030}: 'void java.lang.invoke.DirectMethodHandle$Holder.invokeStatic(java.lang.Object, java.lang.Object, java.lang.Object, int)'> (0x0000000089f48030) 
thrown [s\src\hotspot\share\interpreter\linkResolver.cpp, line 771]
Event: 9.686 Thread 0x0000021b6da77fb0 Exception <a 'java/lang/IncompatibleClassChangeError'{0x0000000089f7d7f8}: Found class java.lang.Object, but interface was expected> (0x0000000089f7d7f8) 
thrown [s\src\hotspot\share\interpreter\linkResolver.cpp, line 838]
Event: 9.686 Thread 0x0000021b6aec02d0 Exception <a 'java/lang/IncompatibleClassChangeError'{0x000000008a274550}: Found class java.lang.Object, but interface was expected> (0x000000008a274550) 
thrown [s\src\hotspot\share\interpreter\linkResolver.cpp, line 838]
Event: 9.807 Thread 0x0000021b6da745f0 Exception <a 'java/lang/NoSuchMethodError'{0x000000008b8b1298}: 'java.lang.Object java.lang.invoke.DirectMethodHandle$Holder.invokeStatic(java.lang.Object, int, java.lang.Object, java.lang.Object)'> (0x000000008b8b1298) 
thrown [s\src\hotspot\share\interpreter\linkResolver.cpp, line 771]
Event: 9.816 Thread 0x0000021b6da745f0 Exception <a 'java/lang/NoSuchMethodError'{0x000000008b79b9f0}: 'java.lang.Object java.lang.invoke.DirectMethodHandle$Holder.invokeStatic(java.lang.Object, java.lang.Object, int, java.lang.Object, java.lang.Object)'> (0x000000008b79b9f0) 
thrown [s\src\hotspot\share\interpreter\linkResolver.cpp, line 771]
Event: 9.816 Thread 0x0000021b6a8c1e30 Exception <a 'java/lang/NoSuchMethodError'{0x000000008b4ce758}: 'java.lang.Object java.lang.invoke.DirectMethodHandle$Holder.invokeStatic(java.lang.Object, java.lang.Object, int, java.lang.Object, java.lang.Object)'> (0x000000008b4ce758) 
thrown [s\src\hotspot\share\interpreter\linkResolver.cpp, line 771]

VM Operations (20 events):
Event: 9.622 Executing VM operation: G1Concurrent done
Event: 9.657 Executing VM operation: G1Concurrent
Event: 9.657 Executing VM operation: G1Concurrent done
Event: 9.697 Executing VM operation: HandshakeAllThreads
Event: 9.697 Executing VM operation: HandshakeAllThreads done
Event: 9.697 Executing VM operation: HandshakeAllThreads
Event: 9.697 Executing VM operation: HandshakeAllThreads done
Event: 9.716 Executing VM operation: HandshakeAllThreads
Event: 9.717 Executing VM operation: HandshakeAllThreads done
Event: 9.726 Executing VM operation: HandshakeAllThreads
Event: 9.726 Executing VM operation: HandshakeAllThreads done
Event: 9.728 Executing VM operation: HandshakeAllThreads
Event: 9.728 Executing VM operation: HandshakeAllThreads done
Event: 9.737 Executing VM operation: HandshakeAllThreads
Event: 9.738 Executing VM operation: HandshakeAllThreads done
Event: 9.758 Executing VM operation: G1CollectForAllocation
Event: 9.772 Executing VM operation: G1CollectForAllocation done
Event: 9.774 Executing VM operation: G1CollectForAllocation
Event: 9.781 Executing VM operation: G1CollectForAllocation done
Event: 9.878 Executing VM operation: G1CollectForAllocation

Events (20 events):
Event: 9.157 loading class java/util/regex/Pattern$SliceU
Event: 9.157 loading class java/util/regex/Pattern$SliceU done
Event: 9.157 loading class sun/nio/fs/WindowsFileSystem$2
Event: 9.157 loading class java/nio/file/PathMatcher
Event: 9.157 loading class java/nio/file/PathMatcher done
Event: 9.157 loading class sun/nio/fs/WindowsFileSystem$2 done
Event: 9.186 loading class java/util/zip/ZipInputStream
Event: 9.186 loading class java/util/zip/ZipInputStream done
Event: 9.266 loading class java/io/UTFDataFormatException
Event: 9.266 loading class java/io/UTFDataFormatException done
Event: 9.345 loading class java/util/concurrent/RejectedExecutionException
Event: 9.345 loading class java/util/concurrent/RejectedExecutionException done
Event: 9.422 loading class java/lang/reflect/GenericSignatureFormatError
Event: 9.422 loading class java/lang/reflect/GenericSignatureFormatError done
Event: 9.459 loading class java/util/concurrent/ConcurrentLinkedQueue$Itr
Event: 9.460 loading class java/util/concurrent/ConcurrentLinkedQueue$Itr done
Event: 9.697 Thread 0x0000021b6784d610 flushing nmethod 0x0000021b57eb0190
Event: 9.700 Thread 0x0000021b6784d610 flushing nmethod 0x0000021b583f9f90
Event: 9.708 Thread 0x0000021b6784d610 flushing nmethod 0x0000021b50e79810
Event: 9.713 Thread 0x0000021b6784d610 flushing nmethod 0x0000021b514d2710


Dynamic libraries:
0x00007ff7e05b0000 - 0x00007ff7e05ba000 	C:\Program Files\Android\Android Studio\jbr\bin\java.exe
0x00007ffddd670000 - 0x00007ffddd884000 	C:\WINDOWS\SYSTEM32\ntdll.dll
0x00007ffddccb0000 - 0x00007ffddcd74000 	C:\WINDOWS\System32\KERNEL32.DLL
0x00007ffddb050000 - 0x00007ffddb3f4000 	C:\WINDOWS\System32\KERNELBASE.dll
0x00007ffddaa20000 - 0x00007ffddab31000 	C:\WINDOWS\System32\ucrtbase.dll
0x00007ffdcc8f0000 - 0x00007ffdcc907000 	C:\Program Files\Android\Android Studio\jbr\bin\jli.dll
0x00007ffdcc6e0000 - 0x00007ffdcc6fb000 	C:\Program Files\Android\Android Studio\jbr\bin\VCRUNTIME140.dll
0x00007ffddd2d0000 - 0x00007ffddd47e000 	C:\WINDOWS\System32\USER32.dll
0x00007ffdc9aa0000 - 0x00007ffdc9d33000 	C:\WINDOWS\WinSxS\amd64_microsoft.windows.common-controls_6595b64144ccf1df_6.0.22621.2215_none_270d72677387dfc3\COMCTL32.dll
0x00007ffddab40000 - 0x00007ffddab66000 	C:\WINDOWS\System32\win32u.dll
0x00007ffddd070000 - 0x00007ffddd099000 	C:\WINDOWS\System32\GDI32.dll
0x00007ffddcb70000 - 0x00007ffddcc17000 	C:\WINDOWS\System32\msvcrt.dll
0x00007ffddac60000 - 0x00007ffddad78000 	C:\WINDOWS\System32\gdi32full.dll
0x00007ffddad80000 - 0x00007ffddae1a000 	C:\WINDOWS\System32\msvcp_win.dll
0x00007ffddb4e0000 - 0x00007ffddb511000 	C:\WINDOWS\System32\IMM32.DLL
0x00007ffdcfa80000 - 0x00007ffdcfa8c000 	C:\Program Files\Android\Android Studio\jbr\bin\vcruntime140_1.dll
0x00007ffdc4c80000 - 0x00007ffdc4d0d000 	C:\Program Files\Android\Android Studio\jbr\bin\msvcp140.dll
0x00007ffd533a0000 - 0x00007ffd5400d000 	C:\Program Files\Android\Android Studio\jbr\bin\server\jvm.dll
0x00007ffddbe10000 - 0x00007ffddbec0000 	C:\WINDOWS\System32\ADVAPI32.dll
0x00007ffddb400000 - 0x00007ffddb4a6000 	C:\WINDOWS\System32\sechost.dll
0x00007ffddb610000 - 0x00007ffddb727000 	C:\WINDOWS\System32\RPCRT4.dll
0x00007ffdd24b0000 - 0x00007ffdd24ba000 	C:\WINDOWS\SYSTEM32\VERSION.dll
0x00007ffdd2510000 - 0x00007ffdd2544000 	C:\WINDOWS\SYSTEM32\WINMM.dll
0x00007ffdd2390000 - 0x00007ffdd2399000 	C:\WINDOWS\SYSTEM32\WSOCK32.dll
0x00007ffddcff0000 - 0x00007ffddd061000 	C:\WINDOWS\System32\WS2_32.dll
0x00007ffdd9b40000 - 0x00007ffdd9b58000 	C:\WINDOWS\SYSTEM32\kernel.appcore.dll
0x00007ffdd04d0000 - 0x00007ffdd04da000 	C:\Program Files\Android\Android Studio\jbr\bin\jimage.dll
0x00007ffdd8340000 - 0x00007ffdd856e000 	C:\WINDOWS\SYSTEM32\DBGHELP.DLL
0x00007ffddba80000 - 0x00007ffddbe0a000 	C:\WINDOWS\System32\combase.dll
0x00007ffddd0a0000 - 0x00007ffddd177000 	C:\WINDOWS\System32\OLEAUT32.dll
0x00007ffdcfef0000 - 0x00007ffdcff22000 	C:\WINDOWS\SYSTEM32\dbgcore.DLL
0x00007ffddabe0000 - 0x00007ffddac5a000 	C:\WINDOWS\System32\bcryptPrimitives.dll
0x00007ffdc4920000 - 0x00007ffdc4945000 	C:\Program Files\Android\Android Studio\jbr\bin\java.dll
0x00007ffdc4900000 - 0x00007ffdc4918000 	C:\Program Files\Android\Android Studio\jbr\bin\zip.dll
0x00007ffddc340000 - 0x00007ffddcb63000 	C:\WINDOWS\System32\SHELL32.dll
0x00007ffdd8960000 - 0x00007ffdd924a000 	C:\WINDOWS\SYSTEM32\windows.storage.dll
0x00007ffdd8820000 - 0x00007ffdd895e000 	C:\WINDOWS\SYSTEM32\wintypes.dll
0x00007ffddb980000 - 0x00007ffddba73000 	C:\WINDOWS\System32\SHCORE.dll
0x00007ffddcc20000 - 0x00007ffddcc7e000 	C:\WINDOWS\System32\shlwapi.dll
0x00007ffdda950000 - 0x00007ffdda976000 	C:\WINDOWS\SYSTEM32\profapi.dll
0x00007ffdb1dc0000 - 0x00007ffdb1dd9000 	C:\Program Files\Android\Android Studio\jbr\bin\net.dll
0x00007ffdd6500000 - 0x00007ffdd6637000 	C:\WINDOWS\SYSTEM32\WINHTTP.dll
0x00007ffdd9fe0000 - 0x00007ffdda049000 	C:\WINDOWS\system32\mswsock.dll
0x00007ffdb1da0000 - 0x00007ffdb1db6000 	C:\Program Files\Android\Android Studio\jbr\bin\nio.dll
0x00007ffdc1ac0000 - 0x00007ffdc1ad0000 	C:\Program Files\Android\Android Studio\jbr\bin\verify.dll
0x00007ffdb30c0000 - 0x00007ffdb30e7000 	C:\Users\thanh\.gradle\native\68d5fa5c4cc2d200863cafc0d521ce42e7d3e7ee720ec0a83991735586a16f82\windows-amd64\native-platform.dll
0x00007ffda7540000 - 0x00007ffda7684000 	C:\Users\thanh\.gradle\native\e376f236ea51e6404a007f0833ffe2c6e607c4080706a723a18a27aeea778392\windows-amd64\native-platform-file-events.dll
0x00007ffdc48f0000 - 0x00007ffdc48f9000 	C:\Program Files\Android\Android Studio\jbr\bin\management.dll
0x00007ffdc1c80000 - 0x00007ffdc1c8b000 	C:\Program Files\Android\Android Studio\jbr\bin\management_ext.dll
0x00007ffddb5a0000 - 0x00007ffddb5a8000 	C:\WINDOWS\System32\PSAPI.DLL
0x00007ffdda230000 - 0x00007ffdda24b000 	C:\WINDOWS\SYSTEM32\CRYPTSP.dll
0x00007ffdd9ab0000 - 0x00007ffdd9ae5000 	C:\WINDOWS\system32\rsaenh.dll
0x00007ffdda0d0000 - 0x00007ffdda0fc000 	C:\WINDOWS\SYSTEM32\USERENV.dll
0x00007ffdda3d0000 - 0x00007ffdda3f8000 	C:\WINDOWS\SYSTEM32\bcrypt.dll
0x00007ffdda250000 - 0x00007ffdda25c000 	C:\WINDOWS\SYSTEM32\CRYPTBASE.dll
0x00007ffdd94a0000 - 0x00007ffdd94cd000 	C:\WINDOWS\SYSTEM32\IPHLPAPI.DLL
0x00007ffddcc80000 - 0x00007ffddcc89000 	C:\WINDOWS\System32\NSI.dll
0x00007ffdd31b0000 - 0x00007ffdd31c9000 	C:\WINDOWS\SYSTEM32\dhcpcsvc6.DLL
0x00007ffdd2d90000 - 0x00007ffdd2daf000 	C:\WINDOWS\SYSTEM32\dhcpcsvc.DLL
0x00007ffdd94d0000 - 0x00007ffdd95c2000 	C:\WINDOWS\SYSTEM32\DNSAPI.dll
0x00007ffdc1170000 - 0x00007ffdc1178000 	C:\WINDOWS\system32\wshunix.dll

dbghelp: loaded successfully - version: 4.0.5 - missing functions: none
symbol engine: initialized successfully - sym options: 0x614 - pdb path: .;C:\Program Files\Android\Android Studio\jbr\bin;C:\WINDOWS\SYSTEM32;C:\WINDOWS\WinSxS\amd64_microsoft.windows.common-controls_6595b64144ccf1df_6.0.22621.2215_none_270d72677387dfc3;C:\Program Files\Android\Android Studio\jbr\bin\server;C:\Users\thanh\.gradle\native\68d5fa5c4cc2d200863cafc0d521ce42e7d3e7ee720ec0a83991735586a16f82\windows-amd64;C:\Users\thanh\.gradle\native\e376f236ea51e6404a007f0833ffe2c6e607c4080706a723a18a27aeea778392\windows-amd64

VM Arguments:
jvm_args: --add-opens=java.base/java.util=ALL-UNNAMED --add-opens=java.base/java.lang=ALL-UNNAMED --add-opens=java.base/java.lang.invoke=ALL-UNNAMED --add-opens=java.prefs/java.util.prefs=ALL-UNNAMED --add-opens=java.base/java.nio.charset=ALL-UNNAMED --add-opens=java.base/java.net=ALL-UNNAMED --add-opens=java.base/java.util.concurrent.atomic=ALL-UNNAMED -Xmx2048m -Dfile.encoding=UTF-8 -Duser.country=VN -Duser.language=vi -Duser.variant 
java_command: org.gradle.launcher.daemon.bootstrap.GradleDaemon 8.0
java_class_path (initial): C:\Users\thanh\.gradle\wrapper\dists\gradle-8.0-bin\ca5e32bp14vu59qr306oxotwh\gradle-8.0\lib\gradle-launcher-8.0.jar
Launcher Type: SUN_STANDARD

[Global flags]
     intx CICompilerCount                          = 4                                         {product} {ergonomic}
     uint ConcGCThreads                            = 2                                         {product} {ergonomic}
     uint G1ConcRefinementThreads                  = 8                                         {product} {ergonomic}
   size_t G1HeapRegionSize                         = 1048576                                   {product} {ergonomic}
    uintx GCDrainStackTargetSize                   = 64                                        {product} {ergonomic}
   size_t InitialHeapSize                          = 130023424                                 {product} {ergonomic}
   size_t MarkStackSize                            = 4194304                                   {product} {ergonomic}
   size_t MaxHeapSize                              = 2147483648                                {product} {command line}
   size_t MaxNewSize                               = 1287651328                                {product} {ergonomic}
   size_t MinHeapDeltaBytes                        = 1048576                                   {product} {ergonomic}
   size_t MinHeapSize                              = 8388608                                   {product} {ergonomic}
    uintx NonNMethodCodeHeapSize                   = 5839372                                {pd product} {ergonomic}
    uintx NonProfiledCodeHeapSize                  = 122909434                              {pd product} {ergonomic}
    uintx ProfiledCodeHeapSize                     = 122909434                              {pd product} {ergonomic}
    uintx ReservedCodeCacheSize                    = 251658240                              {pd product} {ergonomic}
     bool SegmentedCodeCache                       = true                                      {product} {ergonomic}
   size_t SoftMaxHeapSize                          = 2147483648                             {manageable} {ergonomic}
     bool UseCompressedClassPointers               = true                           {product lp64_product} {ergonomic}
     bool UseCompressedOops                        = true                           {product lp64_product} {ergonomic}
     bool UseG1GC                                  = true                                      {product} {ergonomic}
     bool UseLargePagesIndividualAllocation        = false                                  {pd product} {ergonomic}

Logging:
Log output configuration:
 #0: stdout all=warning uptime,level,tags
 #1: stderr all=off uptime,level,tags

Environment Variables:
PATH=C:\Program Files\Python311\Scripts\;C:\Program Files\Python311\;C:\WINDOWS\system32;C:\WINDOWS;C:\WINDOWS\System32\Wbem;C:\WINDOWS\System32\WindowsPowerShell\v1.0\;C:\WINDOWS\System32\OpenSSH\;C:\Program Files\nodejs\;C:\Users\thanh\AppData\Roaming\Python\Python311\site-packages\django\Scripts;C:\Program Files\Git\cmd;C:\Program Files\Microsoft SQL Server\150\Tools\Binn\;C:\Program Files\Microsoft SQL Server\Client SDK\ODBC\170\Tools\Binn\;C:\Program Files\dotnet\;C:\Users\thanh\AppData\Local\Microsoft\WindowsApps;C:\Users\thanh\AppData\Local\Programs\Microsoft VS Code\bin;C:\Users\thanh\AppData\Roaming\npm;C:\Users\thanh\AppData\Local\GitHubDesktop\bin;C:\Program Files\JetBrains\DataGrip 2023.1.2\bin;;C:\Users\thanh\AppData\Local\Android\Sdk\platform-tools;C:\Users\thanh\.dotnet\tools;C:\Users\thanh\flutter\bin;C:\Users\thanh\flutter;C:\Program Files (x86)\dart-sdk\bin;
USERNAME=thanh
OS=Windows_NT
PROCESSOR_IDENTIFIER=Intel64 Family 6 Model 140 Stepping 2, GenuineIntel
TMP=C:\Users\thanh\AppData\Local\Temp
TEMP=C:\Users\thanh\AppData\Local\Temp



---------------  S Y S T E M  ---------------

OS:
 Windows 11 , 64 bit Build 22621 (10.0.22621.2215)
OS uptime: 2 days 22:28 hours
Hyper-V role detected

CPU: total 8 (initial active 8) (4 cores per cpu, 2 threads per core) family 6 model 140 stepping 2 microcode 0x16, cx8, cmov, fxsr, ht, mmx, 3dnowpref, sse, sse2, sse3, ssse3, sse4.1, sse4.2, popcnt, lzcnt, tsc, tscinvbit, avx, avx2, aes, erms, clmul, bmi1, bmi2, adx, avx512f, avx512dq, avx512cd, avx512bw, avx512vl, sha, fma, vzeroupper, avx512_vpopcntdq, avx512_vpclmulqdq, avx512_vaes, avx512_vnni, clflush, clflushopt, clwb, avx512_vbmi2, avx512_vbmi, hv

Memory: 4k page, system-wide physical 7894M (674M free)
TotalPageFile size 11990M (AvailPageFile size 384M)
current process WorkingSet (physical memory assigned to process): 483M, peak: 485M
current process commit charge ("private bytes"): 517M, peak: 906M

vm_info: OpenJDK 64-Bit Server VM (17.0.6+0-b2043.56-9586694) for windows-amd64 JRE (17.0.6+0-b2043.56-9586694), built on Feb  9 2023 20:06:20 by "androidbuild" with MS VC++ 16.10 / 16.11 (VS2019)

END.
