#
# There is insufficient memory for the Java Runtime Environment to continue.
# Native memory allocation (mmap) failed to map 517996544 bytes for G1 virtual space
# Possible reasons:
#   The system is out of physical RAM or swap space
#   The process is running with CompressedOops enabled, and the Java Heap may be blocking the growth of the native heap
# Possible solutions:
#   Reduce memory load on the system
#   Increase physical memory or swap space
#   Check if swap backing store is full
#   Decrease Java heap size (-Xmx/-Xms)
#   Decrease number of Java threads
#   Decrease Java thread stack sizes (-Xss)
#   Set larger code cache with -XX:ReservedCodeCacheSize=
#   JVM is running with Unscaled Compressed Oops mode in which the Java heap is
#     placed in the first 4GB address space. The Java Heap base address is the
#     maximum limit for the native heap growth. Please use -XX:HeapBaseMinAddress
#     to set the Java Heap base and to place the Java Heap above 4GB virtual address.
# This output file may be truncated or incomplete.
#
#  Out of Memory Error (os_windows.cpp:3769), pid=18700, tid=19576
#
# JRE version: OpenJDK Runtime Environment (17.0.6) (build 17.0.6+0-b2043.56-9586694)
# Java VM: OpenJDK 64-Bit Server VM (17.0.6+0-b2043.56-9586694, mixed mode, tiered, compressed oops, compressed class ptrs, g1 gc, windows-amd64)
# No core dump will be written. Minidumps are not enabled by default on client versions of Windows
#

---------------  S U M M A R Y ------------

Command Line: --add-opens=java.base/java.util=ALL-UNNAMED --add-opens=java.base/java.lang=ALL-UNNAMED --add-opens=java.base/java.lang.invoke=ALL-UNNAMED --add-opens=java.prefs/java.util.prefs=ALL-UNNAMED --add-opens=java.base/java.nio.charset=ALL-UNNAMED --add-opens=java.base/java.net=ALL-UNNAMED --add-opens=java.base/java.util.concurrent.atomic=ALL-UNNAMED -Xmx2048m -Dfile.encoding=UTF-8 -Duser.country=VN -Duser.language=vi -Duser.variant org.gradle.launcher.daemon.bootstrap.GradleDaemon 8.0

Host: 11th Gen Intel(R) Core(TM) i7-1195G7 @ 2.90GHz, 8 cores, 7G,  Windows 11 , 64 bit Build 22621 (10.0.22621.2215)
Time: Sat Sep 16 10:42:34 2023 SE Asia Standard Time elapsed time: 12.291099 seconds (0d 0h 0m 12s)

---------------  T H R E A D  ---------------

Current thread (0x000001d2b30e7630):  VMThread "VM Thread" [stack: 0x00000042ef600000,0x00000042ef700000] [id=19576]

Stack: [0x00000042ef600000,0x00000042ef700000]
Native frames: (J=compiled Java code, j=interpreted, Vv=VM code, C=native code)
V  [jvm.dll+0x683b4a]
V  [jvm.dll+0x842654]
V  [jvm.dll+0x843dfe]
V  [jvm.dll+0x844463]
V  [jvm.dll+0x249b75]
V  [jvm.dll+0x680a19]
V  [jvm.dll+0x674f0a]
V  [jvm.dll+0x309acb]
V  [jvm.dll+0x310f86]
V  [jvm.dll+0x3608ee]
V  [jvm.dll+0x360b1f]
V  [jvm.dll+0x2dfbf8]
V  [jvm.dll+0x2ddec4]
V  [jvm.dll+0x2dd4cc]
V  [jvm.dll+0x322261]
V  [jvm.dll+0x84893b]
V  [jvm.dll+0x849674]
V  [jvm.dll+0x849b8d]
V  [jvm.dll+0x849f64]
V  [jvm.dll+0x84a030]
V  [jvm.dll+0x7f25fa]
V  [jvm.dll+0x682985]
C  [ucrtbase.dll+0x29363]
C  [KERNEL32.DLL+0x1257d]
C  [ntdll.dll+0x5aa68]

VM_Operation (0x00000042f91fd420): G1TryInitiateConcMark, mode: safepoint, requested by thread 0x000001d2b80034b0


---------------  P R O C E S S  ---------------

Threads class SMR info:
_java_thread_list=0x000001d2b4c2ac40, length=145, elements={
0x000001d299278ce0, 0x000001d2b310b260, 0x000001d2b310be10, 0x000001d2b3c15f70,
0x000001d2b3c16b20, 0x000001d2b3c195e0, 0x000001d2b3c35850, 0x000001d2b3c365e0,
0x000001d2b3c37080, 0x000001d2b3c37a70, 0x000001d2b3dbad00, 0x000001d2b3dc9d10,
0x000001d2b3ffdb60, 0x000001d2b3ffe880, 0x000001d2b5597530, 0x000001d2b55996e0,
0x000001d2b5597ed0, 0x000001d2b559a080, 0x000001d2b5599210, 0x000001d2b5597a00,
0x000001d2b5598870, 0x000001d2b55983a0, 0x000001d2b5598d40, 0x000001d2b5599bb0,
0x000001d2b55966c0, 0x000001d2b5596b90, 0x000001d2b5597060, 0x000001d2b942ef70,
0x000001d2b9431ac0, 0x000001d2b9431f90, 0x000001d2b94302b0, 0x000001d2b9430780,
0x000001d2b942fde0, 0x000001d2b942eaa0, 0x000001d2b9434ae0, 0x000001d2b9430c50,
0x000001d2b9432e00, 0x000001d2b942f440, 0x000001d2b9431120, 0x000001d2b942f910,
0x000001d2b94315f0, 0x000001d2b9432460, 0x000001d2b9432930, 0x000001d2b942e5d0,
0x000001d2b942d760, 0x000001d2b94337a0, 0x000001d2b9433c70, 0x000001d2b9434140,
0x000001d2b9434610, 0x000001d2b942dc30, 0x000001d2b942e100, 0x000001d2bab2bbb0,
0x000001d2bab2d3c0, 0x000001d2bab308b0, 0x000001d2bab2ad40, 0x000001d2bab2ebd0,
0x000001d2bab2dd60, 0x000001d2bab2c080, 0x000001d2bab2c550, 0x000001d2bab29ed0,
0x000001d2bab29060, 0x000001d2bab2ff10, 0x000001d2bab2ca20, 0x000001d2bab29530,
0x000001d2bab2a3a0, 0x000001d2bab2a870, 0x000001d2bab2e230, 0x000001d2bab2cef0,
0x000001d2bab2d890, 0x000001d2bab2e700, 0x000001d2bab2b210, 0x000001d2bab2fa40,
0x000001d2bab303e0, 0x000001d2bab2b6e0, 0x000001d2bab29a00, 0x000001d2bab2f0a0,
0x000001d2bab2f570, 0x000001d2ba942f00, 0x000001d2ba945a50, 0x000001d2ba941bc0,
0x000001d2ba942090, 0x000001d2ba9438a0, 0x000001d2ba945f20, 0x000001d2ba940880,
0x000001d2ba9433d0, 0x000001d2ba9463f0, 0x000001d2ba944710, 0x000001d2ba943d70,
0x000001d2ba93fa10, 0x000001d2ba944240, 0x000001d2ba942a30, 0x000001d2ba9450b0,
0x000001d2ba93f070, 0x000001d2ba944be0, 0x000001d2ba945580, 0x000001d2ba9468c0,
0x000001d2ba93f540, 0x000001d2ba93fee0, 0x000001d2ba9403b0, 0x000001d2ba940d50,
0x000001d2ba941220, 0x000001d2ba9416f0, 0x000001d2ba942560, 0x000001d2b69c9350,
0x000001d2b69cc370, 0x000001d2b69ca690, 0x000001d2b69c6cd0, 0x000001d2b69c89b0,
0x000001d2b69c7b40, 0x000001d2b69cbea0, 0x000001d2b69c6330, 0x000001d2b69cd6b0,
0x000001d2b69c6800, 0x000001d2b69cd1e0, 0x000001d2b69c8e80, 0x000001d2b69c9820,
0x000001d2b69c8010, 0x000001d2b69cc840, 0x000001d2b69c71a0, 0x000001d2b69ccd10,
0x000001d2b69c5e60, 0x000001d2b69c7670, 0x000001d2b69ca1c0, 0x000001d2b69cab60,
0x000001d2b69cb030, 0x000001d2b69c84e0, 0x000001d2b69cb500, 0x000001d2b7ffe2e0,
0x000001d2b8003980, 0x000001d2b8004320, 0x000001d2b80047f0, 0x000001d2b8004cc0,
0x000001d2b8000e30, 0x000001d2b7fff150, 0x000001d2b7fffaf0, 0x000001d2b8005190,
0x000001d2b7fff620, 0x000001d2b8002fe0, 0x000001d2b7ffe7b0, 0x000001d2b8003e50,
0x000001d2b8002b10, 0x000001d2b8000960, 0x000001d2b80034b0, 0x000001d2b8001300,
0x000001d2c03386c0
}

Java Threads: ( => current thread )
  0x000001d299278ce0 JavaThread "main" [_thread_blocked, id=2176, stack(0x00000042ef000000,0x00000042ef100000)]
  0x000001d2b310b260 JavaThread "Reference Handler" daemon [_thread_blocked, id=22044, stack(0x00000042ef700000,0x00000042ef800000)]
  0x000001d2b310be10 JavaThread "Finalizer" daemon [_thread_blocked, id=16324, stack(0x00000042ef800000,0x00000042ef900000)]
  0x000001d2b3c15f70 JavaThread "Signal Dispatcher" daemon [_thread_blocked, id=13008, stack(0x00000042ef900000,0x00000042efa00000)]
  0x000001d2b3c16b20 JavaThread "Attach Listener" daemon [_thread_blocked, id=17440, stack(0x00000042efa00000,0x00000042efb00000)]
  0x000001d2b3c195e0 JavaThread "Service Thread" daemon [_thread_blocked, id=6200, stack(0x00000042efb00000,0x00000042efc00000)]
  0x000001d2b3c35850 JavaThread "Monitor Deflation Thread" daemon [_thread_blocked, id=15200, stack(0x00000042efc00000,0x00000042efd00000)]
  0x000001d2b3c365e0 JavaThread "C2 CompilerThread0" daemon [_thread_blocked, id=5196, stack(0x00000042efd00000,0x00000042efe00000)]
  0x000001d2b3c37080 JavaThread "C1 CompilerThread0" daemon [_thread_blocked, id=19848, stack(0x00000042efe00000,0x00000042eff00000)]
  0x000001d2b3c37a70 JavaThread "Sweeper thread" daemon [_thread_blocked, id=18624, stack(0x00000042eff00000,0x00000042f0000000)]
  0x000001d2b3dbad00 JavaThread "Common-Cleaner" daemon [_thread_blocked, id=22836, stack(0x00000042f0000000,0x00000042f0100000)]
  0x000001d2b3dc9d10 JavaThread "Notification Thread" daemon [_thread_blocked, id=14580, stack(0x00000042f0100000,0x00000042f0200000)]
  0x000001d2b3ffdb60 JavaThread "C2 CompilerThread1" daemon [_thread_blocked, id=3632, stack(0x00000042f0300000,0x00000042f0400000)]
  0x000001d2b3ffe880 JavaThread "C2 CompilerThread2" daemon [_thread_blocked, id=23380, stack(0x00000042f0400000,0x00000042f0500000)]
  0x000001d2b5597530 JavaThread "Daemon health stats" [_thread_blocked, id=1784, stack(0x00000042f0900000,0x00000042f0a00000)]
  0x000001d2b55996e0 JavaThread "Incoming local TCP Connector on port 55656" [_thread_in_native, id=8928, stack(0x00000042f0a00000,0x00000042f0b00000)]
  0x000001d2b5597ed0 JavaThread "Daemon periodic checks" [_thread_blocked, id=14932, stack(0x00000042f0b00000,0x00000042f0c00000)]
  0x000001d2b559a080 JavaThread "Daemon" [_thread_blocked, id=16708, stack(0x00000042f0c00000,0x00000042f0d00000)]
  0x000001d2b5599210 JavaThread "Handler for socket connection from /127.0.0.1:55656 to /127.0.0.1:55657" [_thread_in_native, id=13784, stack(0x00000042f0d00000,0x00000042f0e00000)]
  0x000001d2b5597a00 JavaThread "Cancel handler" [_thread_blocked, id=22080, stack(0x00000042f0e00000,0x00000042f0f00000)]
  0x000001d2b5598870 JavaThread "Daemon worker" [_thread_blocked, id=20540, stack(0x00000042f0f00000,0x00000042f1000000)]
  0x000001d2b55983a0 JavaThread "Asynchronous log dispatcher for DefaultDaemonConnection: socket connection from /127.0.0.1:55656 to /127.0.0.1:55657" [_thread_blocked, id=7300, stack(0x00000042f1000000,0x00000042f1100000)]
  0x000001d2b5598d40 JavaThread "Stdin handler" [_thread_blocked, id=2488, stack(0x00000042f1100000,0x00000042f1200000)]
  0x000001d2b5599bb0 JavaThread "Daemon client event forwarder" [_thread_blocked, id=6388, stack(0x00000042f1200000,0x00000042f1300000)]
  0x000001d2b55966c0 JavaThread "Cache worker for journal cache (C:\Users\thanh\.gradle\caches\journal-1)" [_thread_blocked, id=12068, stack(0x00000042f1700000,0x00000042f1800000)]
  0x000001d2b5596b90 JavaThread "File lock request listener" [_thread_in_native, id=21964, stack(0x00000042f1800000,0x00000042f1900000)]
  0x000001d2b5597060 JavaThread "Cache worker for file hash cache (C:\Users\thanh\.gradle\caches\8.0\fileHashes)" [_thread_blocked, id=23424, stack(0x00000042f1900000,0x00000042f1a00000)]
  0x000001d2b942ef70 JavaThread "File watcher server" daemon [_thread_blocked, id=7136, stack(0x00000042f1a00000,0x00000042f1b00000)]
  0x000001d2b9431ac0 JavaThread "File watcher consumer" daemon [_thread_blocked, id=11136, stack(0x00000042f1b00000,0x00000042f1c00000)]
  0x000001d2b9431f90 JavaThread "Cache worker for checksums cache (C:\Users\thanh\AndroidStudioProjects\ImplicitIntent\.gradle\8.0\checksums)" [_thread_blocked, id=11436, stack(0x00000042f1c00000,0x00000042f1d00000)]
  0x000001d2b94302b0 JavaThread "Cache worker for cache directory md-rule (C:\Users\thanh\.gradle\caches\8.0\md-rule)" [_thread_blocked, id=7800, stack(0x00000042f1d00000,0x00000042f1e00000)]
  0x000001d2b9430780 JavaThread "Cache worker for file content cache (C:\Users\thanh\.gradle\caches\8.0\fileContent)" [_thread_blocked, id=18528, stack(0x00000042f1e00000,0x00000042f1f00000)]
  0x000001d2b942fde0 JavaThread "Cache worker for file hash cache (C:\Users\thanh\AndroidStudioProjects\ImplicitIntent\.gradle\8.0\fileHashes)" [_thread_blocked, id=18948, stack(0x00000042f1f00000,0x00000042f2000000)]
  0x000001d2b942eaa0 JavaThread "Cache worker for cache directory md-supplier (C:\Users\thanh\.gradle\caches\8.0\md-supplier)" [_thread_blocked, id=15388, stack(0x00000042f2000000,0x00000042f2100000)]
  0x000001d2b9434ae0 JavaThread "Cache worker for execution history cache (C:\Users\thanh\.gradle\caches\8.0\executionHistory)" [_thread_blocked, id=11632, stack(0x00000042f2100000,0x00000042f2200000)]
  0x000001d2b9430c50 JavaThread "jar transforms" [_thread_blocked, id=7204, stack(0x00000042f2200000,0x00000042f2300000)]
  0x000001d2b9432e00 JavaThread "jar transforms Thread 2" [_thread_blocked, id=6964, stack(0x00000042f2300000,0x00000042f2400000)]
  0x000001d2b942f440 JavaThread "jar transforms Thread 3" [_thread_blocked, id=13544, stack(0x00000042f2400000,0x00000042f2500000)]
  0x000001d2b9431120 JavaThread "jar transforms Thread 4" [_thread_blocked, id=18592, stack(0x00000042f2600000,0x00000042f2700000)]
  0x000001d2b942f910 JavaThread "Cache worker for dependencies-accessors (C:\Users\thanh\AndroidStudioProjects\ImplicitIntent\.gradle\8.0\dependencies-accessors)" [_thread_blocked, id=13308, stack(0x00000042f2700000,0x00000042f2800000)]
  0x000001d2b94315f0 JavaThread "jar transforms Thread 5" [_thread_blocked, id=19128, stack(0x00000042f2800000,0x00000042f2900000)]
  0x000001d2b9432460 JavaThread "Cache worker for Build Output Cleanup Cache (C:\Users\thanh\AndroidStudioProjects\ImplicitIntent\.gradle\buildOutputCleanup)" [_thread_blocked, id=14412, stack(0x00000042f2900000,0x00000042f2a00000)]
  0x000001d2b9432930 JavaThread "Unconstrained build operations" [_thread_blocked, id=17196, stack(0x00000042f2a00000,0x00000042f2b00000)]
  0x000001d2b942e5d0 JavaThread "Unconstrained build operations Thread 2" [_thread_blocked, id=15312, stack(0x00000042f2b00000,0x00000042f2c00000)]
  0x000001d2b942d760 JavaThread "Unconstrained build operations Thread 3" [_thread_blocked, id=11596, stack(0x00000042f2c00000,0x00000042f2d00000)]
  0x000001d2b94337a0 JavaThread "Unconstrained build operations Thread 4" [_thread_blocked, id=16172, stack(0x00000042f2d00000,0x00000042f2e00000)]
  0x000001d2b9433c70 JavaThread "Unconstrained build operations Thread 5" [_thread_blocked, id=22064, stack(0x00000042f2e00000,0x00000042f2f00000)]
  0x000001d2b9434140 JavaThread "Unconstrained build operations Thread 6" [_thread_blocked, id=11732, stack(0x00000042f2f00000,0x00000042f3000000)]
  0x000001d2b9434610 JavaThread "Unconstrained build operations Thread 7" [_thread_blocked, id=3888, stack(0x00000042f3000000,0x00000042f3100000)]
  0x000001d2b942dc30 JavaThread "Unconstrained build operations Thread 8" [_thread_blocked, id=16820, stack(0x00000042f3100000,0x00000042f3200000)]
  0x000001d2b942e100 JavaThread "Unconstrained build operations Thread 9" [_thread_blocked, id=15004, stack(0x00000042f3200000,0x00000042f3300000)]
  0x000001d2bab2bbb0 JavaThread "Unconstrained build operations Thread 10" [_thread_blocked, id=12332, stack(0x00000042f3300000,0x00000042f3400000)]
  0x000001d2bab2d3c0 JavaThread "Unconstrained build operations Thread 11" [_thread_blocked, id=22908, stack(0x00000042f3400000,0x00000042f3500000)]
  0x000001d2bab308b0 JavaThread "Unconstrained build operations Thread 12" [_thread_blocked, id=19100, stack(0x00000042f3500000,0x00000042f3600000)]
  0x000001d2bab2ad40 JavaThread "Unconstrained build operations Thread 13" [_thread_blocked, id=4696, stack(0x00000042f3600000,0x00000042f3700000)]
  0x000001d2bab2ebd0 JavaThread "Unconstrained build operations Thread 14" [_thread_blocked, id=22128, stack(0x00000042f3700000,0x00000042f3800000)]
  0x000001d2bab2dd60 JavaThread "Unconstrained build operations Thread 15" [_thread_blocked, id=21072, stack(0x00000042f3800000,0x00000042f3900000)]
  0x000001d2bab2c080 JavaThread "Unconstrained build operations Thread 16" [_thread_blocked, id=10936, stack(0x00000042f3900000,0x00000042f3a00000)]
  0x000001d2bab2c550 JavaThread "Unconstrained build operations Thread 17" [_thread_blocked, id=22640, stack(0x00000042f3a00000,0x00000042f3b00000)]
  0x000001d2bab29ed0 JavaThread "Unconstrained build operations Thread 18" [_thread_blocked, id=3400, stack(0x00000042f3b00000,0x00000042f3c00000)]
  0x000001d2bab29060 JavaThread "Unconstrained build operations Thread 19" [_thread_blocked, id=7872, stack(0x00000042f3c00000,0x00000042f3d00000)]
  0x000001d2bab2ff10 JavaThread "Unconstrained build operations Thread 20" [_thread_blocked, id=17352, stack(0x00000042f3d00000,0x00000042f3e00000)]
  0x000001d2bab2ca20 JavaThread "Unconstrained build operations Thread 21" [_thread_blocked, id=8160, stack(0x00000042f3e00000,0x00000042f3f00000)]
  0x000001d2bab29530 JavaThread "Unconstrained build operations Thread 22" [_thread_blocked, id=10384, stack(0x00000042f3f00000,0x00000042f4000000)]
  0x000001d2bab2a3a0 JavaThread "Unconstrained build operations Thread 23" [_thread_blocked, id=10128, stack(0x00000042f4000000,0x00000042f4100000)]
  0x000001d2bab2a870 JavaThread "Unconstrained build operations Thread 24" [_thread_blocked, id=5420, stack(0x00000042f4100000,0x00000042f4200000)]
  0x000001d2bab2e230 JavaThread "Unconstrained build operations Thread 25" [_thread_blocked, id=9296, stack(0x00000042f4200000,0x00000042f4300000)]
  0x000001d2bab2cef0 JavaThread "Unconstrained build operations Thread 26" [_thread_blocked, id=23460, stack(0x00000042f4300000,0x00000042f4400000)]
  0x000001d2bab2d890 JavaThread "Unconstrained build operations Thread 27" [_thread_blocked, id=3084, stack(0x00000042f4400000,0x00000042f4500000)]
  0x000001d2bab2e700 JavaThread "Unconstrained build operations Thread 28" [_thread_blocked, id=11508, stack(0x00000042f4500000,0x00000042f4600000)]
  0x000001d2bab2b210 JavaThread "Unconstrained build operations Thread 29" [_thread_blocked, id=5164, stack(0x00000042f4600000,0x00000042f4700000)]
  0x000001d2bab2fa40 JavaThread "Unconstrained build operations Thread 30" [_thread_blocked, id=23100, stack(0x00000042f4700000,0x00000042f4800000)]
  0x000001d2bab303e0 JavaThread "Unconstrained build operations Thread 31" [_thread_blocked, id=4112, stack(0x00000042f4800000,0x00000042f4900000)]
  0x000001d2bab2b6e0 JavaThread "Unconstrained build operations Thread 32" [_thread_blocked, id=7392, stack(0x00000042f4900000,0x00000042f4a00000)]
  0x000001d2bab29a00 JavaThread "Unconstrained build operations Thread 33" [_thread_blocked, id=21520, stack(0x00000042f4a00000,0x00000042f4b00000)]
  0x000001d2bab2f0a0 JavaThread "Unconstrained build operations Thread 34" [_thread_blocked, id=9940, stack(0x00000042f4b00000,0x00000042f4c00000)]
  0x000001d2bab2f570 JavaThread "Unconstrained build operations Thread 35" [_thread_blocked, id=6916, stack(0x00000042f4c00000,0x00000042f4d00000)]
  0x000001d2ba942f00 JavaThread "Unconstrained build operations Thread 36" [_thread_blocked, id=12064, stack(0x00000042f4d00000,0x00000042f4e00000)]
  0x000001d2ba945a50 JavaThread "Unconstrained build operations Thread 37" [_thread_blocked, id=17272, stack(0x00000042f4e00000,0x00000042f4f00000)]
  0x000001d2ba941bc0 JavaThread "Unconstrained build operations Thread 38" [_thread_blocked, id=5380, stack(0x00000042f4f00000,0x00000042f5000000)]
  0x000001d2ba942090 JavaThread "Unconstrained build operations Thread 39" [_thread_blocked, id=1220, stack(0x00000042f5000000,0x00000042f5100000)]
  0x000001d2ba9438a0 JavaThread "Unconstrained build operations Thread 40" [_thread_blocked, id=14096, stack(0x00000042f5100000,0x00000042f5200000)]
  0x000001d2ba945f20 JavaThread "Unconstrained build operations Thread 41" [_thread_blocked, id=16796, stack(0x00000042f5200000,0x00000042f5300000)]
  0x000001d2ba940880 JavaThread "Unconstrained build operations Thread 42" [_thread_blocked, id=22240, stack(0x00000042f5300000,0x00000042f5400000)]
  0x000001d2ba9433d0 JavaThread "Unconstrained build operations Thread 43" [_thread_blocked, id=1256, stack(0x00000042f5400000,0x00000042f5500000)]
  0x000001d2ba9463f0 JavaThread "Unconstrained build operations Thread 44" [_thread_blocked, id=5432, stack(0x00000042f5500000,0x00000042f5600000)]
  0x000001d2ba944710 JavaThread "Unconstrained build operations Thread 45" [_thread_blocked, id=21372, stack(0x00000042f5600000,0x00000042f5700000)]
  0x000001d2ba943d70 JavaThread "Unconstrained build operations Thread 46" [_thread_blocked, id=13096, stack(0x00000042f5700000,0x00000042f5800000)]
  0x000001d2ba93fa10 JavaThread "Unconstrained build operations Thread 47" [_thread_blocked, id=10820, stack(0x00000042f5800000,0x00000042f5900000)]
  0x000001d2ba944240 JavaThread "Unconstrained build operations Thread 48" [_thread_blocked, id=8800, stack(0x00000042f5900000,0x00000042f5a00000)]
  0x000001d2ba942a30 JavaThread "Unconstrained build operations Thread 49" [_thread_blocked, id=20900, stack(0x00000042f5a00000,0x00000042f5b00000)]
  0x000001d2ba9450b0 JavaThread "Unconstrained build operations Thread 50" [_thread_blocked, id=4612, stack(0x00000042f5b00000,0x00000042f5c00000)]
  0x000001d2ba93f070 JavaThread "Unconstrained build operations Thread 51" [_thread_blocked, id=20872, stack(0x00000042f5c00000,0x00000042f5d00000)]
  0x000001d2ba944be0 JavaThread "Unconstrained build operations Thread 52" [_thread_blocked, id=16432, stack(0x00000042f5d00000,0x00000042f5e00000)]
  0x000001d2ba945580 JavaThread "Unconstrained build operations Thread 53" [_thread_blocked, id=5572, stack(0x00000042f5e00000,0x00000042f5f00000)]
  0x000001d2ba9468c0 JavaThread "Unconstrained build operations Thread 54" [_thread_blocked, id=13200, stack(0x00000042f5f00000,0x00000042f6000000)]
  0x000001d2ba93f540 JavaThread "Unconstrained build operations Thread 55" [_thread_blocked, id=19788, stack(0x00000042f6000000,0x00000042f6100000)]
  0x000001d2ba93fee0 JavaThread "Unconstrained build operations Thread 56" [_thread_blocked, id=20140, stack(0x00000042f6100000,0x00000042f6200000)]
  0x000001d2ba9403b0 JavaThread "Unconstrained build operations Thread 57" [_thread_blocked, id=17992, stack(0x00000042f6200000,0x00000042f6300000)]
  0x000001d2ba940d50 JavaThread "Unconstrained build operations Thread 58" [_thread_blocked, id=18068, stack(0x00000042f6300000,0x00000042f6400000)]
  0x000001d2ba941220 JavaThread "Unconstrained build operations Thread 59" [_thread_blocked, id=10304, stack(0x00000042f6400000,0x00000042f6500000)]
  0x000001d2ba9416f0 JavaThread "Unconstrained build operations Thread 60" [_thread_blocked, id=12496, stack(0x00000042f6500000,0x00000042f6600000)]
  0x000001d2ba942560 JavaThread "Unconstrained build operations Thread 61" [_thread_blocked, id=18360, stack(0x00000042f6600000,0x00000042f6700000)]
  0x000001d2b69c9350 JavaThread "Unconstrained build operations Thread 62" [_thread_blocked, id=18480, stack(0x00000042f6700000,0x00000042f6800000)]
  0x000001d2b69cc370 JavaThread "Unconstrained build operations Thread 63" [_thread_blocked, id=4020, stack(0x00000042f6800000,0x00000042f6900000)]
  0x000001d2b69ca690 JavaThread "Unconstrained build operations Thread 64" [_thread_blocked, id=11968, stack(0x00000042f6900000,0x00000042f6a00000)]
  0x000001d2b69c6cd0 JavaThread "Unconstrained build operations Thread 65" [_thread_blocked, id=18160, stack(0x00000042f6a00000,0x00000042f6b00000)]
  0x000001d2b69c89b0 JavaThread "Unconstrained build operations Thread 66" [_thread_blocked, id=9724, stack(0x00000042f6b00000,0x00000042f6c00000)]
  0x000001d2b69c7b40 JavaThread "Unconstrained build operations Thread 67" [_thread_blocked, id=20188, stack(0x00000042f6c00000,0x00000042f6d00000)]
  0x000001d2b69cbea0 JavaThread "Unconstrained build operations Thread 68" [_thread_blocked, id=14224, stack(0x00000042f6d00000,0x00000042f6e00000)]
  0x000001d2b69c6330 JavaThread "Unconstrained build operations Thread 69" [_thread_blocked, id=20632, stack(0x00000042f6e00000,0x00000042f6f00000)]
  0x000001d2b69cd6b0 JavaThread "Unconstrained build operations Thread 70" [_thread_blocked, id=20400, stack(0x00000042f6f00000,0x00000042f7000000)]
  0x000001d2b69c6800 JavaThread "Unconstrained build operations Thread 71" [_thread_blocked, id=8476, stack(0x00000042f7000000,0x00000042f7100000)]
  0x000001d2b69cd1e0 JavaThread "Unconstrained build operations Thread 72" [_thread_blocked, id=8592, stack(0x00000042f7100000,0x00000042f7200000)]
  0x000001d2b69c8e80 JavaThread "Unconstrained build operations Thread 73" [_thread_blocked, id=1792, stack(0x00000042f7200000,0x00000042f7300000)]
  0x000001d2b69c9820 JavaThread "Unconstrained build operations Thread 74" [_thread_blocked, id=14268, stack(0x00000042f7300000,0x00000042f7400000)]
  0x000001d2b69c8010 JavaThread "Unconstrained build operations Thread 75" [_thread_blocked, id=4032, stack(0x00000042f7400000,0x00000042f7500000)]
  0x000001d2b69cc840 JavaThread "Unconstrained build operations Thread 76" [_thread_blocked, id=16604, stack(0x00000042f7500000,0x00000042f7600000)]
  0x000001d2b69c71a0 JavaThread "Unconstrained build operations Thread 77" [_thread_blocked, id=14252, stack(0x00000042f7600000,0x00000042f7700000)]
  0x000001d2b69ccd10 JavaThread "Unconstrained build operations Thread 78" [_thread_blocked, id=21348, stack(0x00000042f7700000,0x00000042f7800000)]
  0x000001d2b69c5e60 JavaThread "Unconstrained build operations Thread 79" [_thread_blocked, id=14824, stack(0x00000042f7800000,0x00000042f7900000)]
  0x000001d2b69c7670 JavaThread "Unconstrained build operations Thread 80" [_thread_blocked, id=20256, stack(0x00000042f7900000,0x00000042f7a00000)]
  0x000001d2b69ca1c0 JavaThread "jar transforms Thread 6" [_thread_blocked, id=19980, stack(0x00000042f7a00000,0x00000042f7b00000)]
  0x000001d2b69cab60 JavaThread "jar transforms Thread 7" [_thread_blocked, id=15080, stack(0x00000042f7b00000,0x00000042f7c00000)]
  0x000001d2b69cb030 JavaThread "jar transforms Thread 8" [_thread_blocked, id=13124, stack(0x00000042f7c00000,0x00000042f7d00000)]
  0x000001d2b69c84e0 JavaThread "build event listener" [_thread_blocked, id=23264, stack(0x00000042f7d00000,0x00000042f7e00000)]
  0x000001d2b69cb500 JavaThread "Memory manager" [_thread_blocked, id=20036, stack(0x00000042f7e00000,0x00000042f7f00000)]
  0x000001d2b7ffe2e0 JavaThread "included builds" [_thread_blocked, id=13000, stack(0x00000042f7f00000,0x00000042f8000000)]
  0x000001d2b8003980 JavaThread "Execution worker" [_thread_blocked, id=8804, stack(0x00000042f8000000,0x00000042f8100000)]
  0x000001d2b8004320 JavaThread "Execution worker Thread 2" [_thread_blocked, id=17656, stack(0x00000042f8100000,0x00000042f8200000)]
  0x000001d2b80047f0 JavaThread "Execution worker Thread 3" [_thread_blocked, id=5820, stack(0x00000042f8200000,0x00000042f8300000)]
  0x000001d2b8004cc0 JavaThread "Execution worker Thread 4" [_thread_blocked, id=21880, stack(0x00000042f8300000,0x00000042f8400000)]
  0x000001d2b8000e30 JavaThread "Execution worker Thread 5" [_thread_blocked, id=13360, stack(0x00000042f8400000,0x00000042f8500000)]
  0x000001d2b7fff150 JavaThread "Execution worker Thread 6" [_thread_blocked, id=7104, stack(0x00000042f8500000,0x00000042f8600000)]
  0x000001d2b7fffaf0 JavaThread "Execution worker Thread 7" [_thread_blocked, id=3980, stack(0x00000042f8600000,0x00000042f8700000)]
  0x000001d2b8005190 JavaThread "Cache worker for execution history cache (C:\Users\thanh\AndroidStudioProjects\ImplicitIntent\.gradle\8.0\executionHistory)" [_thread_blocked, id=12604, stack(0x00000042f8700000,0x00000042f8800000)]
  0x000001d2b7fff620 JavaThread "WorkerExecutor Queue" [_thread_blocked, id=18240, stack(0x00000042f8b00000,0x00000042f8c00000)]
  0x000001d2b8002fe0 JavaThread "WorkerExecutor Queue Thread 2" [_thread_blocked, id=20984, stack(0x00000042f8c00000,0x00000042f8d00000)]
  0x000001d2b7ffe7b0 JavaThread "WorkerExecutor Queue Thread 3" [_thread_blocked, id=18376, stack(0x00000042f8d00000,0x00000042f8e00000)]
  0x000001d2b8003e50 JavaThread "WorkerExecutor Queue Thread 4" [_thread_blocked, id=6544, stack(0x00000042f8e00000,0x00000042f8f00000)]
  0x000001d2b8002b10 JavaThread "WorkerExecutor Queue Thread 5" [_thread_blocked, id=16920, stack(0x00000042f8f00000,0x00000042f9000000)]
  0x000001d2b8000960 JavaThread "WorkerExecutor Queue Thread 6" [_thread_blocked, id=21832, stack(0x00000042f9000000,0x00000042f9100000)]
  0x000001d2b80034b0 JavaThread "WorkerExecutor Queue Thread 7" [_thread_blocked, id=13036, stack(0x00000042f9100000,0x00000042f9200000)]
  0x000001d2b8001300 JavaThread "WorkerExecutor Queue Thread 8" [_thread_blocked, id=20920, stack(0x00000042f9200000,0x00000042f9300000)]
  0x000001d2c03386c0 JavaThread "WorkerExecutor Queue Thread 9" [_thread_blocked, id=10560, stack(0x00000042f9400000,0x00000042f9500000)]

Other Threads:
=>0x000001d2b30e7630 VMThread "VM Thread" [stack: 0x00000042ef600000,0x00000042ef700000] [id=19576]
  0x000001d2b3dbb5e0 WatcherThread [stack: 0x00000042f0200000,0x00000042f0300000] [id=14912]
  0x000001d2992d48f0 GCTaskThread "GC Thread#0" [stack: 0x00000042ef100000,0x00000042ef200000] [id=12112]
  0x000001d2b47acd00 GCTaskThread "GC Thread#1" [stack: 0x00000042f0500000,0x00000042f0600000] [id=8904]
  0x000001d2b4d64d60 GCTaskThread "GC Thread#2" [stack: 0x00000042f0600000,0x00000042f0700000] [id=18456]
  0x000001d2b4f7bdf0 GCTaskThread "GC Thread#3" [stack: 0x00000042f0700000,0x00000042f0800000] [id=17808]
  0x000001d2b4ed1490 GCTaskThread "GC Thread#4" [stack: 0x00000042f0800000,0x00000042f0900000] [id=228]
  0x000001d2b551d610 GCTaskThread "GC Thread#5" [stack: 0x00000042f1300000,0x00000042f1400000] [id=10744]
  0x000001d2b68e1c80 GCTaskThread "GC Thread#6" [stack: 0x00000042f1400000,0x00000042f1500000] [id=2276]
  0x000001d2b55905c0 GCTaskThread "GC Thread#7" [stack: 0x00000042f1500000,0x00000042f1600000] [id=21304]
  0x000001d2992e5830 ConcurrentGCThread "G1 Main Marker" [stack: 0x00000042ef200000,0x00000042ef300000] [id=8628]
  0x000001d2992e6240 ConcurrentGCThread "G1 Conc#0" [stack: 0x00000042ef300000,0x00000042ef400000] [id=18156]
  0x000001d2b6a3cc30 ConcurrentGCThread "G1 Conc#1" [stack: 0x00000042f1600000,0x00000042f1700000] [id=9504]
  0x000001d2b2f424c0 ConcurrentGCThread "G1 Refine#0" [stack: 0x00000042ef400000,0x00000042ef500000] [id=19300]
  0x000001d2b9d2ff20 ConcurrentGCThread "G1 Refine#1" [stack: 0x00000042f2500000,0x00000042f2600000] [id=6808]
  0x000001d2b60c9710 ConcurrentGCThread "G1 Refine#2" [stack: 0x00000042f8800000,0x00000042f8900000] [id=7068]
  0x000001d2b60c99f0 ConcurrentGCThread "G1 Refine#3" [stack: 0x00000042f8900000,0x00000042f8a00000] [id=19852]
  0x000001d2b60c9cd0 ConcurrentGCThread "G1 Refine#4" [stack: 0x00000042f8a00000,0x00000042f8b00000] [id=12508]
  0x000001d2bd4c2b40 ConcurrentGCThread "G1 Refine#5" [stack: 0x00000042f9300000,0x00000042f9400000] [id=1244]
  0x000001d2b2f42ee0 ConcurrentGCThread "G1 Service" [stack: 0x00000042ef500000,0x00000042ef600000] [id=11504]

Threads with active compile tasks:
C2 CompilerThread0    12304 14628   !   4       com.android.tools.r8.graph.p2::y0 (86 bytes)
C1 CompilerThread0    12304 14658 %     3       com.android.tools.r8.internal.Y9::a @ 3980 (4479 bytes)
C2 CompilerThread1    12304 14554       4       java.util.regex.Pattern$SliceU::match (99 bytes)
C2 CompilerThread2    12304 14557   !   4       com.android.tools.r8.graph.p2::z0 (88 bytes)

VM state: at safepoint (normal execution)

VM Mutex/Monitor currently owned by a thread:  ([mutex/lock_event])
[0x000001d299275080] Threads_lock - owner thread: 0x000001d2b30e7630
[0x000001d2992736a0] Heap_lock - owner thread: 0x000001d2b80034b0

Heap address: 0x0000000080000000, size: 2048 MB, Compressed Oops mode: 32-bit

CDS archive(s) not mapped
Compressed class space mapped at: 0x0000000100000000-0x0000000140000000, reserved size: 1073741824
Narrow klass base: 0x0000000000000000, Narrow klass shift: 3, Narrow klass range: 0x140000000

GC Precious Log:
 CPUs: 8 total, 8 available
 Memory: 7894M
 Large Page Support: Disabled
 NUMA Support: Disabled
 Compressed Oops: Enabled (32-bit)
 Heap Region Size: 1M
 Heap Min Capacity: 8M
 Heap Initial Capacity: 124M
 Heap Max Capacity: 2G
 Pre-touch: Disabled
 Parallel Workers: 8
 Concurrent Workers: 2
 Concurrent Refinement Workers: 8
 Periodic GC: Disabled

Heap:
 garbage-first heap   total 252928K, used 119770K [0x0000000080000000, 0x0000000100000000)
  region size 1024K, 2 young (2048K), 2 survivors (2048K)
 Metaspace       used 108038K, committed 108736K, reserved 1146880K
  class space    used 14499K, committed 14848K, reserved 1048576K

Heap Regions: E=young(eden), S=young(survivor), O=old, HS=humongous(starts), HC=humongous(continues), CS=collection set, F=free, OA=open archive, CA=closed archive, TAMS=top-at-mark-start (previous, next)
|   0|0x0000000080000000, 0x0000000080100000, 0x0000000080100000|100%|HS|  |TAMS 0x0000000080100000, 0x0000000080100000| Complete 
|   1|0x0000000080100000, 0x0000000080200000, 0x0000000080200000|100%|HC|  |TAMS 0x0000000080200000, 0x0000000080200000| Complete 
|   2|0x0000000080200000, 0x0000000080300000, 0x0000000080300000|100%|HC|  |TAMS 0x0000000080300000, 0x0000000080300000| Complete 
|   3|0x0000000080300000, 0x0000000080400000, 0x0000000080400000|100%|HC|  |TAMS 0x0000000080400000, 0x0000000080400000| Complete 
|   4|0x0000000080400000, 0x0000000080500000, 0x0000000080500000|100%| O|  |TAMS 0x0000000080500000, 0x0000000080500000| Untracked 
|   5|0x0000000080500000, 0x0000000080600000, 0x0000000080600000|100%| O|  |TAMS 0x0000000080600000, 0x0000000080600000| Untracked 
|   6|0x0000000080600000, 0x0000000080700000, 0x0000000080700000|100%| O|  |TAMS 0x0000000080700000, 0x0000000080700000| Untracked 
|   7|0x0000000080700000, 0x0000000080800000, 0x0000000080800000|100%| O|  |TAMS 0x0000000080800000, 0x0000000080800000| Untracked 
|   8|0x0000000080800000, 0x0000000080900000, 0x0000000080900000|100%| O|  |TAMS 0x0000000080900000, 0x0000000080900000| Untracked 
|   9|0x0000000080900000, 0x0000000080a00000, 0x0000000080a00000|100%| O|  |TAMS 0x0000000080a00000, 0x0000000080a00000| Untracked 
|  10|0x0000000080a00000, 0x0000000080b00000, 0x0000000080b00000|100%| O|  |TAMS 0x0000000080b00000, 0x0000000080b00000| Untracked 
|  11|0x0000000080b00000, 0x0000000080c00000, 0x0000000080c00000|100%| O|  |TAMS 0x0000000080c00000, 0x0000000080c00000| Untracked 
|  12|0x0000000080c00000, 0x0000000080d00000, 0x0000000080d00000|100%| O|  |TAMS 0x0000000080d00000, 0x0000000080d00000| Untracked 
|  13|0x0000000080d00000, 0x0000000080e00000, 0x0000000080e00000|100%| O|  |TAMS 0x0000000080e00000, 0x0000000080e00000| Untracked 
|  14|0x0000000080e00000, 0x0000000080f00000, 0x0000000080f00000|100%| O|  |TAMS 0x0000000080f00000, 0x0000000080f00000| Untracked 
|  15|0x0000000080f00000, 0x0000000081000000, 0x0000000081000000|100%| O|  |TAMS 0x0000000081000000, 0x0000000081000000| Untracked 
|  16|0x0000000081000000, 0x0000000081100000, 0x0000000081100000|100%| O|  |TAMS 0x0000000081100000, 0x0000000081100000| Untracked 
|  17|0x0000000081100000, 0x0000000081200000, 0x0000000081200000|100%| O|  |TAMS 0x0000000081200000, 0x0000000081200000| Untracked 
|  18|0x0000000081200000, 0x0000000081300000, 0x0000000081300000|100%| O|  |TAMS 0x0000000081300000, 0x0000000081300000| Untracked 
|  19|0x0000000081300000, 0x0000000081400000, 0x0000000081400000|100%| O|  |TAMS 0x0000000081400000, 0x0000000081400000| Untracked 
|  20|0x0000000081400000, 0x00000000814f6c00, 0x0000000081500000| 96%| O|  |TAMS 0x00000000814f6c00, 0x00000000814f6c00| Untracked 
|  21|0x0000000081500000, 0x0000000081600000, 0x0000000081600000|100%| O|  |TAMS 0x0000000081600000, 0x0000000081600000| Untracked 
|  22|0x0000000081600000, 0x0000000081700000, 0x0000000081700000|100%| O|  |TAMS 0x0000000081700000, 0x0000000081700000| Untracked 
|  23|0x0000000081700000, 0x0000000081800000, 0x0000000081800000|100%| O|  |TAMS 0x0000000081800000, 0x0000000081800000| Untracked 
|  24|0x0000000081800000, 0x0000000081900000, 0x0000000081900000|100%| O|  |TAMS 0x0000000081900000, 0x0000000081900000| Untracked 
|  25|0x0000000081900000, 0x0000000081a00000, 0x0000000081a00000|100%| O|  |TAMS 0x0000000081a00000, 0x0000000081a00000| Untracked 
|  26|0x0000000081a00000, 0x0000000081b00000, 0x0000000081b00000|100%| O|  |TAMS 0x0000000081b00000, 0x0000000081b00000| Untracked 
|  27|0x0000000081b00000, 0x0000000081c00000, 0x0000000081c00000|100%| O|  |TAMS 0x0000000081c00000, 0x0000000081c00000| Untracked 
|  28|0x0000000081c00000, 0x0000000081d00000, 0x0000000081d00000|100%| O|  |TAMS 0x0000000081d00000, 0x0000000081d00000| Untracked 
|  29|0x0000000081d00000, 0x0000000081e00000, 0x0000000081e00000|100%|HS|  |TAMS 0x0000000081e00000, 0x0000000081e00000| Complete 
|  30|0x0000000081e00000, 0x0000000081f00000, 0x0000000081f00000|100%|HS|  |TAMS 0x0000000081f00000, 0x0000000081f00000| Complete 
|  31|0x0000000081f00000, 0x0000000082000000, 0x0000000082000000|100%| O|  |TAMS 0x0000000082000000, 0x0000000082000000| Untracked 
|  32|0x0000000082000000, 0x0000000082100000, 0x0000000082100000|100%| O|  |TAMS 0x0000000082100000, 0x0000000082100000| Untracked 
|  33|0x0000000082100000, 0x0000000082200000, 0x0000000082200000|100%| O|  |TAMS 0x0000000082200000, 0x0000000082200000| Untracked 
|  34|0x0000000082200000, 0x0000000082300000, 0x0000000082300000|100%| O|  |TAMS 0x0000000082300000, 0x0000000082300000| Untracked 
|  35|0x0000000082300000, 0x0000000082400000, 0x0000000082400000|100%| O|  |TAMS 0x0000000082400000, 0x0000000082400000| Untracked 
|  36|0x0000000082400000, 0x0000000082500000, 0x0000000082500000|100%| O|  |TAMS 0x0000000082500000, 0x0000000082500000| Untracked 
|  37|0x0000000082500000, 0x0000000082600000, 0x0000000082600000|100%| O|  |TAMS 0x0000000082600000, 0x0000000082600000| Untracked 
|  38|0x0000000082600000, 0x0000000082700000, 0x0000000082700000|100%| O|  |TAMS 0x0000000082700000, 0x0000000082700000| Untracked 
|  39|0x0000000082700000, 0x0000000082800000, 0x0000000082800000|100%| O|  |TAMS 0x0000000082800000, 0x0000000082800000| Untracked 
|  40|0x0000000082800000, 0x0000000082900000, 0x0000000082900000|100%| O|  |TAMS 0x0000000082900000, 0x0000000082900000| Untracked 
|  41|0x0000000082900000, 0x0000000082a00000, 0x0000000082a00000|100%| O|  |TAMS 0x0000000082a00000, 0x0000000082a00000| Untracked 
|  42|0x0000000082a00000, 0x0000000082b00000, 0x0000000082b00000|100%| O|  |TAMS 0x0000000082b00000, 0x0000000082b00000| Untracked 
|  43|0x0000000082b00000, 0x0000000082c00000, 0x0000000082c00000|100%| O|  |TAMS 0x0000000082c00000, 0x0000000082c00000| Untracked 
|  44|0x0000000082c00000, 0x0000000082d00000, 0x0000000082d00000|100%| O|  |TAMS 0x0000000082d00000, 0x0000000082d00000| Untracked 
|  45|0x0000000082d00000, 0x0000000082e00000, 0x0000000082e00000|100%| O|  |TAMS 0x0000000082e00000, 0x0000000082e00000| Untracked 
|  46|0x0000000082e00000, 0x0000000082f00000, 0x0000000082f00000|100%| O|  |TAMS 0x0000000082f00000, 0x0000000082f00000| Untracked 
|  47|0x0000000082f00000, 0x0000000083000000, 0x0000000083000000|100%| O|  |TAMS 0x0000000083000000, 0x0000000083000000| Untracked 
|  48|0x0000000083000000, 0x0000000083100000, 0x0000000083100000|100%| O|  |TAMS 0x0000000083100000, 0x0000000083100000| Untracked 
|  49|0x0000000083100000, 0x0000000083200000, 0x0000000083200000|100%| O|  |TAMS 0x0000000083200000, 0x0000000083200000| Untracked 
|  50|0x0000000083200000, 0x0000000083300000, 0x0000000083300000|100%| O|  |TAMS 0x0000000083300000, 0x0000000083300000| Untracked 
|  51|0x0000000083300000, 0x0000000083400000, 0x0000000083400000|100%| O|  |TAMS 0x0000000083400000, 0x0000000083400000| Untracked 
|  52|0x0000000083400000, 0x0000000083500000, 0x0000000083500000|100%| O|  |TAMS 0x0000000083500000, 0x0000000083500000| Untracked 
|  53|0x0000000083500000, 0x0000000083600000, 0x0000000083600000|100%| O|  |TAMS 0x0000000083600000, 0x0000000083600000| Untracked 
|  54|0x0000000083600000, 0x0000000083700000, 0x0000000083700000|100%| O|  |TAMS 0x0000000083700000, 0x0000000083700000| Untracked 
|  55|0x0000000083700000, 0x0000000083800000, 0x0000000083800000|100%| O|  |TAMS 0x0000000083800000, 0x0000000083800000| Untracked 
|  56|0x0000000083800000, 0x0000000083900000, 0x0000000083900000|100%| O|  |TAMS 0x0000000083900000, 0x0000000083900000| Untracked 
|  57|0x0000000083900000, 0x0000000083a00000, 0x0000000083a00000|100%| O|  |TAMS 0x0000000083a00000, 0x0000000083a00000| Untracked 
|  58|0x0000000083a00000, 0x0000000083b00000, 0x0000000083b00000|100%| O|  |TAMS 0x0000000083b00000, 0x0000000083b00000| Untracked 
|  59|0x0000000083b00000, 0x0000000083c00000, 0x0000000083c00000|100%| O|  |TAMS 0x0000000083c00000, 0x0000000083c00000| Untracked 
|  60|0x0000000083c00000, 0x0000000083d00000, 0x0000000083d00000|100%| O|  |TAMS 0x0000000083d00000, 0x0000000083d00000| Untracked 
|  61|0x0000000083d00000, 0x0000000083e00000, 0x0000000083e00000|100%| O|  |TAMS 0x0000000083e00000, 0x0000000083e00000| Untracked 
|  62|0x0000000083e00000, 0x0000000083f00000, 0x0000000083f00000|100%| O|  |TAMS 0x0000000083f00000, 0x0000000083f00000| Untracked 
|  63|0x0000000083f00000, 0x0000000084000000, 0x0000000084000000|100%| O|  |TAMS 0x0000000084000000, 0x0000000084000000| Untracked 
|  64|0x0000000084000000, 0x0000000084100000, 0x0000000084100000|100%| O|  |TAMS 0x0000000084100000, 0x0000000084100000| Untracked 
|  65|0x0000000084100000, 0x0000000084200000, 0x0000000084200000|100%| O|  |TAMS 0x0000000084200000, 0x0000000084200000| Untracked 
|  66|0x0000000084200000, 0x0000000084300000, 0x0000000084300000|100%| O|  |TAMS 0x0000000084300000, 0x0000000084300000| Untracked 
|  67|0x0000000084300000, 0x0000000084400000, 0x0000000084400000|100%| O|  |TAMS 0x0000000084400000, 0x0000000084400000| Untracked 
|  68|0x0000000084400000, 0x0000000084500000, 0x0000000084500000|100%| O|  |TAMS 0x0000000084500000, 0x0000000084500000| Untracked 
|  69|0x0000000084500000, 0x0000000084600000, 0x0000000084600000|100%| O|  |TAMS 0x0000000084600000, 0x0000000084600000| Untracked 
|  70|0x0000000084600000, 0x0000000084700000, 0x0000000084700000|100%| O|  |TAMS 0x0000000084700000, 0x0000000084700000| Untracked 
|  71|0x0000000084700000, 0x0000000084800000, 0x0000000084800000|100%| O|  |TAMS 0x0000000084800000, 0x0000000084800000| Untracked 
|  72|0x0000000084800000, 0x0000000084900000, 0x0000000084900000|100%| O|  |TAMS 0x0000000084900000, 0x0000000084900000| Untracked 
|  73|0x0000000084900000, 0x0000000084a00000, 0x0000000084a00000|100%| O|  |TAMS 0x0000000084a00000, 0x0000000084a00000| Untracked 
|  74|0x0000000084a00000, 0x0000000084b00000, 0x0000000084b00000|100%| O|  |TAMS 0x0000000084b00000, 0x0000000084b00000| Untracked 
|  75|0x0000000084b00000, 0x0000000084c00000, 0x0000000084c00000|100%| O|  |TAMS 0x0000000084c00000, 0x0000000084c00000| Untracked 
|  76|0x0000000084c00000, 0x0000000084d00000, 0x0000000084d00000|100%| O|  |TAMS 0x0000000084c00000, 0x0000000084d00000| Untracked 
|  77|0x0000000084d00000, 0x0000000084e00000, 0x0000000084e00000|100%| O|  |TAMS 0x0000000084e00000, 0x0000000084e00000| Untracked 
|  78|0x0000000084e00000, 0x0000000084f00000, 0x0000000084f00000|100%| O|  |TAMS 0x0000000084f00000, 0x0000000084f00000| Untracked 
|  79|0x0000000084f00000, 0x0000000084f00000, 0x0000000085000000|  0%| F|  |TAMS 0x0000000084f00000, 0x0000000084f00000| Untracked 
|  80|0x0000000085000000, 0x0000000085100000, 0x0000000085100000|100%| O|  |TAMS 0x0000000085100000, 0x0000000085100000| Untracked 
|  81|0x0000000085100000, 0x0000000085200000, 0x0000000085200000|100%| O|  |TAMS 0x0000000085200000, 0x0000000085200000| Untracked 
|  82|0x0000000085200000, 0x0000000085300000, 0x0000000085300000|100%| O|  |TAMS 0x0000000085300000, 0x0000000085300000| Untracked 
|  83|0x0000000085300000, 0x0000000085400000, 0x0000000085400000|100%| O|  |TAMS 0x0000000085400000, 0x0000000085400000| Untracked 
|  84|0x0000000085400000, 0x0000000085500000, 0x0000000085500000|100%| O|  |TAMS 0x0000000085500000, 0x0000000085500000| Untracked 
|  85|0x0000000085500000, 0x0000000085600000, 0x0000000085600000|100%| O|  |TAMS 0x0000000085600000, 0x0000000085600000| Untracked 
|  86|0x0000000085600000, 0x0000000085600000, 0x0000000085700000|  0%| F|  |TAMS 0x0000000085600000, 0x0000000085600000| Untracked 
|  87|0x0000000085700000, 0x0000000085800000, 0x0000000085800000|100%| O|  |TAMS 0x0000000085700000, 0x0000000085800000| Untracked 
|  88|0x0000000085800000, 0x0000000085900000, 0x0000000085900000|100%| O|  |TAMS 0x0000000085800000, 0x0000000085900000| Untracked 
|  89|0x0000000085900000, 0x0000000085a00000, 0x0000000085a00000|100%| O|  |TAMS 0x0000000085900000, 0x0000000085a00000| Untracked 
|  90|0x0000000085a00000, 0x0000000085b00000, 0x0000000085b00000|100%| O|  |TAMS 0x0000000085a00000, 0x0000000085b00000| Untracked 
|  91|0x0000000085b00000, 0x0000000085b00000, 0x0000000085c00000|  0%| F|  |TAMS 0x0000000085b00000, 0x0000000085b00000| Untracked 
|  92|0x0000000085c00000, 0x0000000085d00000, 0x0000000085d00000|100%| O|  |TAMS 0x0000000085c00000, 0x0000000085d00000| Untracked 
|  93|0x0000000085d00000, 0x0000000085e00000, 0x0000000085e00000|100%| O|  |TAMS 0x0000000085e00000, 0x0000000085e00000| Untracked 
|  94|0x0000000085e00000, 0x0000000085f00000, 0x0000000085f00000|100%| O|  |TAMS 0x0000000085f00000, 0x0000000085f00000| Untracked 
|  95|0x0000000085f00000, 0x0000000086000000, 0x0000000086000000|100%| O|  |TAMS 0x0000000086000000, 0x0000000086000000| Untracked 
|  96|0x0000000086000000, 0x0000000086100000, 0x0000000086100000|100%| O|  |TAMS 0x0000000086100000, 0x0000000086100000| Untracked 
|  97|0x0000000086100000, 0x0000000086200000, 0x0000000086200000|100%| O|  |TAMS 0x0000000086200000, 0x0000000086200000| Untracked 
|  98|0x0000000086200000, 0x0000000086300000, 0x0000000086300000|100%| O|  |TAMS 0x0000000086300000, 0x0000000086300000| Untracked 
|  99|0x0000000086300000, 0x0000000086400000, 0x0000000086400000|100%| O|  |TAMS 0x0000000086400000, 0x0000000086400000| Untracked 
| 100|0x0000000086400000, 0x0000000086500000, 0x0000000086500000|100%| O|  |TAMS 0x000000008640ec00, 0x0000000086500000| Untracked 
| 101|0x0000000086500000, 0x0000000086600000, 0x0000000086600000|100%| O|  |TAMS 0x0000000086500000, 0x0000000086600000| Untracked 
| 102|0x0000000086600000, 0x0000000086700000, 0x0000000086700000|100%| O|  |TAMS 0x0000000086600000, 0x0000000086700000| Untracked 
| 103|0x0000000086700000, 0x0000000086800000, 0x0000000086800000|100%| O|  |TAMS 0x0000000086700000, 0x0000000086800000| Untracked 
| 104|0x0000000086800000, 0x0000000086900000, 0x0000000086900000|100%| O|  |TAMS 0x0000000086800000, 0x0000000086900000| Untracked 
| 105|0x0000000086900000, 0x0000000086a00000, 0x0000000086a00000|100%| O|  |TAMS 0x0000000086900000, 0x0000000086a00000| Untracked 
| 106|0x0000000086a00000, 0x0000000086b00000, 0x0000000086b00000|100%| O|  |TAMS 0x0000000086a00000, 0x0000000086b00000| Untracked 
| 107|0x0000000086b00000, 0x0000000086c00000, 0x0000000086c00000|100%| O|  |TAMS 0x0000000086b00000, 0x0000000086c00000| Untracked 
| 108|0x0000000086c00000, 0x0000000086d00000, 0x0000000086d00000|100%| O|  |TAMS 0x0000000086c00000, 0x0000000086d00000| Untracked 
| 109|0x0000000086d00000, 0x0000000086e00000, 0x0000000086e00000|100%| O|  |TAMS 0x0000000086d00000, 0x0000000086e00000| Untracked 
| 110|0x0000000086e00000, 0x0000000086f00000, 0x0000000086f00000|100%| O|  |TAMS 0x0000000086e00000, 0x0000000086f00000| Untracked 
| 111|0x0000000086f00000, 0x0000000087000000, 0x0000000087000000|100%| O|  |TAMS 0x0000000086f00000, 0x0000000087000000| Untracked 
| 112|0x0000000087000000, 0x0000000087100000, 0x0000000087100000|100%| O|  |TAMS 0x0000000087000000, 0x0000000087100000| Untracked 
| 113|0x0000000087100000, 0x0000000087200000, 0x0000000087200000|100%| O|  |TAMS 0x0000000087100000, 0x0000000087200000| Untracked 
| 114|0x0000000087200000, 0x0000000087200000, 0x0000000087300000|  0%| F|  |TAMS 0x0000000087200000, 0x0000000087200000| Untracked 
| 115|0x0000000087300000, 0x0000000087400000, 0x0000000087400000|100%| O|  |TAMS 0x0000000087300000, 0x0000000087400000| Untracked 
| 116|0x0000000087400000, 0x0000000087500000, 0x0000000087500000|100%| O|  |TAMS 0x0000000087400000, 0x0000000087500000| Untracked 
| 117|0x0000000087500000, 0x0000000087600000, 0x0000000087600000|100%| O|  |TAMS 0x0000000087500000, 0x0000000087600000| Untracked 
| 118|0x0000000087600000, 0x0000000087700000, 0x0000000087700000|100%| O|  |TAMS 0x0000000087600000, 0x0000000087700000| Untracked 
| 119|0x0000000087700000, 0x00000000877cec00, 0x0000000087800000| 80%| O|  |TAMS 0x0000000087700000, 0x00000000877cec00| Untracked 
| 120|0x0000000087800000, 0x0000000087800000, 0x0000000087900000|  0%| F|  |TAMS 0x0000000087800000, 0x0000000087800000| Untracked 
| 121|0x0000000087900000, 0x0000000087900000, 0x0000000087a00000|  0%| F|  |TAMS 0x0000000087900000, 0x0000000087900000| Untracked 
| 122|0x0000000087a00000, 0x0000000087a00000, 0x0000000087b00000|  0%| F|  |TAMS 0x0000000087a00000, 0x0000000087a00000| Untracked 
| 123|0x0000000087b00000, 0x0000000087b00000, 0x0000000087c00000|  0%| F|  |TAMS 0x0000000087b00000, 0x0000000087b00000| Untracked 
| 124|0x0000000087c00000, 0x0000000087c00000, 0x0000000087d00000|  0%| F|  |TAMS 0x0000000087c00000, 0x0000000087c00000| Untracked 
| 125|0x0000000087d00000, 0x0000000087d00000, 0x0000000087e00000|  0%| F|  |TAMS 0x0000000087d00000, 0x0000000087d00000| Untracked 
| 126|0x0000000087e00000, 0x0000000087e00000, 0x0000000087f00000|  0%| F|  |TAMS 0x0000000087e00000, 0x0000000087e00000| Untracked 
| 127|0x0000000087f00000, 0x0000000087f00000, 0x0000000088000000|  0%| F|  |TAMS 0x0000000087f00000, 0x0000000087f00000| Untracked 
| 128|0x0000000088000000, 0x0000000088000000, 0x0000000088100000|  0%| F|  |TAMS 0x0000000088000000, 0x0000000088000000| Untracked 
| 129|0x0000000088100000, 0x0000000088100000, 0x0000000088200000|  0%| F|  |TAMS 0x0000000088100000, 0x0000000088100000| Untracked 
| 130|0x0000000088200000, 0x0000000088200000, 0x0000000088300000|  0%| F|  |TAMS 0x0000000088200000, 0x0000000088200000| Untracked 
| 131|0x0000000088300000, 0x0000000088300000, 0x0000000088400000|  0%| F|  |TAMS 0x0000000088300000, 0x0000000088300000| Untracked 
| 132|0x0000000088400000, 0x0000000088400000, 0x0000000088500000|  0%| F|  |TAMS 0x0000000088400000, 0x0000000088400000| Untracked 
| 133|0x0000000088500000, 0x0000000088500000, 0x0000000088600000|  0%| F|  |TAMS 0x0000000088500000, 0x0000000088500000| Untracked 
| 134|0x0000000088600000, 0x0000000088600000, 0x0000000088700000|  0%| F|  |TAMS 0x0000000088600000, 0x0000000088600000| Untracked 
| 135|0x0000000088700000, 0x0000000088700000, 0x0000000088800000|  0%| F|  |TAMS 0x0000000088700000, 0x0000000088700000| Untracked 
| 136|0x0000000088800000, 0x0000000088800000, 0x0000000088900000|  0%| F|  |TAMS 0x0000000088800000, 0x0000000088800000| Untracked 
| 137|0x0000000088900000, 0x0000000088900000, 0x0000000088a00000|  0%| F|  |TAMS 0x0000000088900000, 0x0000000088900000| Untracked 
| 138|0x0000000088a00000, 0x0000000088a00000, 0x0000000088b00000|  0%| F|  |TAMS 0x0000000088a00000, 0x0000000088a00000| Untracked 
| 139|0x0000000088b00000, 0x0000000088b00000, 0x0000000088c00000|  0%| F|  |TAMS 0x0000000088b00000, 0x0000000088b00000| Untracked 
| 140|0x0000000088c00000, 0x0000000088c00000, 0x0000000088d00000|  0%| F|  |TAMS 0x0000000088c00000, 0x0000000088c00000| Untracked 
| 141|0x0000000088d00000, 0x0000000088d00000, 0x0000000088e00000|  0%| F|  |TAMS 0x0000000088d00000, 0x0000000088d00000| Untracked 
| 142|0x0000000088e00000, 0x0000000088e00000, 0x0000000088f00000|  0%| F|  |TAMS 0x0000000088e00000, 0x0000000088e00000| Untracked 
| 143|0x0000000088f00000, 0x0000000088f00000, 0x0000000089000000|  0%| F|  |TAMS 0x0000000088f00000, 0x0000000088f00000| Untracked 
| 144|0x0000000089000000, 0x0000000089000000, 0x0000000089100000|  0%| F|  |TAMS 0x0000000089000000, 0x0000000089000000| Untracked 
| 145|0x0000000089100000, 0x0000000089100000, 0x0000000089200000|  0%| F|  |TAMS 0x0000000089100000, 0x0000000089100000| Untracked 
| 146|0x0000000089200000, 0x0000000089200000, 0x0000000089300000|  0%| F|  |TAMS 0x0000000089200000, 0x0000000089200000| Untracked 
| 147|0x0000000089300000, 0x0000000089300000, 0x0000000089400000|  0%| F|  |TAMS 0x0000000089300000, 0x0000000089300000| Untracked 
| 148|0x0000000089400000, 0x0000000089400000, 0x0000000089500000|  0%| F|  |TAMS 0x0000000089400000, 0x0000000089400000| Untracked 
| 149|0x0000000089500000, 0x0000000089500000, 0x0000000089600000|  0%| F|  |TAMS 0x0000000089500000, 0x0000000089500000| Untracked 
| 150|0x0000000089600000, 0x0000000089600000, 0x0000000089700000|  0%| F|  |TAMS 0x0000000089600000, 0x0000000089600000| Untracked 
| 151|0x0000000089700000, 0x0000000089700000, 0x0000000089800000|  0%| F|  |TAMS 0x0000000089700000, 0x0000000089700000| Untracked 
| 152|0x0000000089800000, 0x0000000089800000, 0x0000000089900000|  0%| F|  |TAMS 0x0000000089800000, 0x0000000089800000| Untracked 
| 153|0x0000000089900000, 0x0000000089900000, 0x0000000089a00000|  0%| F|  |TAMS 0x0000000089900000, 0x0000000089900000| Untracked 
| 154|0x0000000089a00000, 0x0000000089a00000, 0x0000000089b00000|  0%| F|  |TAMS 0x0000000089a00000, 0x0000000089a00000| Untracked 
| 155|0x0000000089b00000, 0x0000000089b00000, 0x0000000089c00000|  0%| F|  |TAMS 0x0000000089b00000, 0x0000000089b00000| Untracked 
| 156|0x0000000089c00000, 0x0000000089c00000, 0x0000000089d00000|  0%| F|  |TAMS 0x0000000089c00000, 0x0000000089c00000| Untracked 
| 157|0x0000000089d00000, 0x0000000089d00000, 0x0000000089e00000|  0%| F|  |TAMS 0x0000000089d00000, 0x0000000089d00000| Untracked 
| 158|0x0000000089e00000, 0x0000000089e00000, 0x0000000089f00000|  0%| F|  |TAMS 0x0000000089e00000, 0x0000000089e00000| Untracked 
| 159|0x0000000089f00000, 0x0000000089f00000, 0x000000008a000000|  0%| F|  |TAMS 0x0000000089f00000, 0x0000000089f00000| Untracked 
| 160|0x000000008a000000, 0x000000008a000000, 0x000000008a100000|  0%| F|  |TAMS 0x000000008a000000, 0x000000008a000000| Untracked 
| 161|0x000000008a100000, 0x000000008a100000, 0x000000008a200000|  0%| F|  |TAMS 0x000000008a100000, 0x000000008a100000| Untracked 
| 162|0x000000008a200000, 0x000000008a200000, 0x000000008a300000|  0%| F|  |TAMS 0x000000008a200000, 0x000000008a200000| Untracked 
| 163|0x000000008a300000, 0x000000008a300000, 0x000000008a400000|  0%| F|  |TAMS 0x000000008a300000, 0x000000008a300000| Untracked 
| 164|0x000000008a400000, 0x000000008a400000, 0x000000008a500000|  0%| F|  |TAMS 0x000000008a400000, 0x000000008a400000| Untracked 
| 165|0x000000008a500000, 0x000000008a500000, 0x000000008a600000|  0%| F|  |TAMS 0x000000008a500000, 0x000000008a500000| Untracked 
| 166|0x000000008a600000, 0x000000008a600000, 0x000000008a700000|  0%| F|  |TAMS 0x000000008a600000, 0x000000008a600000| Untracked 
| 167|0x000000008a700000, 0x000000008a700000, 0x000000008a800000|  0%| F|  |TAMS 0x000000008a700000, 0x000000008a700000| Untracked 
| 168|0x000000008a800000, 0x000000008a800000, 0x000000008a900000|  0%| F|  |TAMS 0x000000008a800000, 0x000000008a800000| Untracked 
| 169|0x000000008a900000, 0x000000008a900000, 0x000000008aa00000|  0%| F|  |TAMS 0x000000008a900000, 0x000000008a900000| Untracked 
| 170|0x000000008aa00000, 0x000000008aa00000, 0x000000008ab00000|  0%| F|  |TAMS 0x000000008aa00000, 0x000000008aa00000| Untracked 
| 171|0x000000008ab00000, 0x000000008ab00000, 0x000000008ac00000|  0%| F|  |TAMS 0x000000008ab00000, 0x000000008ab00000| Untracked 
| 172|0x000000008ac00000, 0x000000008ac00000, 0x000000008ad00000|  0%| F|  |TAMS 0x000000008ac00000, 0x000000008ac00000| Untracked 
| 173|0x000000008ad00000, 0x000000008ad00000, 0x000000008ae00000|  0%| F|  |TAMS 0x000000008ad00000, 0x000000008ad00000| Untracked 
| 174|0x000000008ae00000, 0x000000008ae00000, 0x000000008af00000|  0%| F|  |TAMS 0x000000008ae00000, 0x000000008ae00000| Untracked 
| 175|0x000000008af00000, 0x000000008af00000, 0x000000008b000000|  0%| F|  |TAMS 0x000000008af00000, 0x000000008af00000| Untracked 
| 176|0x000000008b000000, 0x000000008b000000, 0x000000008b100000|  0%| F|  |TAMS 0x000000008b000000, 0x000000008b000000| Untracked 
| 177|0x000000008b100000, 0x000000008b100000, 0x000000008b200000|  0%| F|  |TAMS 0x000000008b100000, 0x000000008b100000| Untracked 
| 178|0x000000008b200000, 0x000000008b200000, 0x000000008b300000|  0%| F|  |TAMS 0x000000008b200000, 0x000000008b200000| Untracked 
| 179|0x000000008b300000, 0x000000008b300000, 0x000000008b400000|  0%| F|  |TAMS 0x000000008b300000, 0x000000008b300000| Untracked 
| 180|0x000000008b400000, 0x000000008b400000, 0x000000008b500000|  0%| F|  |TAMS 0x000000008b400000, 0x000000008b400000| Untracked 
| 181|0x000000008b500000, 0x000000008b500000, 0x000000008b600000|  0%| F|  |TAMS 0x000000008b500000, 0x000000008b500000| Untracked 
| 182|0x000000008b600000, 0x000000008b600000, 0x000000008b700000|  0%| F|  |TAMS 0x000000008b600000, 0x000000008b600000| Untracked 
| 183|0x000000008b700000, 0x000000008b700000, 0x000000008b800000|  0%| F|  |TAMS 0x000000008b700000, 0x000000008b700000| Untracked 
| 184|0x000000008b800000, 0x000000008b800000, 0x000000008b900000|  0%| F|  |TAMS 0x000000008b800000, 0x000000008b800000| Untracked 
| 185|0x000000008b900000, 0x000000008b900000, 0x000000008ba00000|  0%| F|  |TAMS 0x000000008b900000, 0x000000008b900000| Untracked 
| 186|0x000000008ba00000, 0x000000008ba00000, 0x000000008bb00000|  0%| F|  |TAMS 0x000000008ba00000, 0x000000008ba00000| Untracked 
| 187|0x000000008bb00000, 0x000000008bb00000, 0x000000008bc00000|  0%| F|  |TAMS 0x000000008bb00000, 0x000000008bb00000| Untracked 
| 188|0x000000008bc00000, 0x000000008bc00000, 0x000000008bd00000|  0%| F|  |TAMS 0x000000008bc00000, 0x000000008bc00000| Untracked 
| 189|0x000000008bd00000, 0x000000008bd00000, 0x000000008be00000|  0%| F|  |TAMS 0x000000008bd00000, 0x000000008bd00000| Untracked 
| 190|0x000000008be00000, 0x000000008be00000, 0x000000008bf00000|  0%| F|  |TAMS 0x000000008be00000, 0x000000008be00000| Untracked 
| 191|0x000000008bf00000, 0x000000008bf00000, 0x000000008c000000|  0%| F|  |TAMS 0x000000008bf00000, 0x000000008bf00000| Untracked 
| 192|0x000000008c000000, 0x000000008c000000, 0x000000008c100000|  0%| F|  |TAMS 0x000000008c000000, 0x000000008c000000| Untracked 
| 193|0x000000008c100000, 0x000000008c100000, 0x000000008c200000|  0%| F|  |TAMS 0x000000008c100000, 0x000000008c100000| Untracked 
| 194|0x000000008c200000, 0x000000008c200000, 0x000000008c300000|  0%| F|  |TAMS 0x000000008c200000, 0x000000008c200000| Untracked 
| 195|0x000000008c300000, 0x000000008c300000, 0x000000008c400000|  0%| F|  |TAMS 0x000000008c300000, 0x000000008c300000| Untracked 
| 196|0x000000008c400000, 0x000000008c400000, 0x000000008c500000|  0%| F|  |TAMS 0x000000008c400000, 0x000000008c400000| Untracked 
| 197|0x000000008c500000, 0x000000008c500000, 0x000000008c600000|  0%| F|  |TAMS 0x000000008c500000, 0x000000008c500000| Untracked 
| 198|0x000000008c600000, 0x000000008c600000, 0x000000008c700000|  0%| F|  |TAMS 0x000000008c600000, 0x000000008c600000| Untracked 
| 199|0x000000008c700000, 0x000000008c700000, 0x000000008c800000|  0%| F|  |TAMS 0x000000008c700000, 0x000000008c700000| Untracked 
| 200|0x000000008c800000, 0x000000008c800000, 0x000000008c900000|  0%| F|  |TAMS 0x000000008c800000, 0x000000008c800000| Untracked 
| 201|0x000000008c900000, 0x000000008c900000, 0x000000008ca00000|  0%| F|  |TAMS 0x000000008c900000, 0x000000008c900000| Untracked 
| 202|0x000000008ca00000, 0x000000008ca00000, 0x000000008cb00000|  0%| F|  |TAMS 0x000000008ca00000, 0x000000008ca00000| Untracked 
| 203|0x000000008cb00000, 0x000000008cb00000, 0x000000008cc00000|  0%| F|  |TAMS 0x000000008cb00000, 0x000000008cb00000| Untracked 
| 204|0x000000008cc00000, 0x000000008cc00000, 0x000000008cd00000|  0%| F|  |TAMS 0x000000008cc00000, 0x000000008cc00000| Untracked 
| 205|0x000000008cd00000, 0x000000008cd00000, 0x000000008ce00000|  0%| F|  |TAMS 0x000000008cd00000, 0x000000008cd00000| Untracked 
| 206|0x000000008ce00000, 0x000000008ce00000, 0x000000008cf00000|  0%| F|  |TAMS 0x000000008ce00000, 0x000000008ce00000| Untracked 
| 207|0x000000008cf00000, 0x000000008cf00000, 0x000000008d000000|  0%| F|  |TAMS 0x000000008cf00000, 0x000000008cf00000| Untracked 
| 208|0x000000008d000000, 0x000000008d000000, 0x000000008d100000|  0%| F|  |TAMS 0x000000008d000000, 0x000000008d000000| Untracked 
| 209|0x000000008d100000, 0x000000008d100000, 0x000000008d200000|  0%| F|  |TAMS 0x000000008d100000, 0x000000008d100000| Untracked 
| 210|0x000000008d200000, 0x000000008d200000, 0x000000008d300000|  0%| F|  |TAMS 0x000000008d200000, 0x000000008d200000| Untracked 
| 211|0x000000008d300000, 0x000000008d300000, 0x000000008d400000|  0%| F|  |TAMS 0x000000008d300000, 0x000000008d300000| Untracked 
| 212|0x000000008d400000, 0x000000008d400000, 0x000000008d500000|  0%| F|  |TAMS 0x000000008d400000, 0x000000008d400000| Untracked 
| 213|0x000000008d500000, 0x000000008d500000, 0x000000008d600000|  0%| F|  |TAMS 0x000000008d500000, 0x000000008d500000| Untracked 
| 214|0x000000008d600000, 0x000000008d600000, 0x000000008d700000|  0%| F|  |TAMS 0x000000008d600000, 0x000000008d600000| Untracked 
| 215|0x000000008d700000, 0x000000008d700000, 0x000000008d800000|  0%| F|  |TAMS 0x000000008d700000, 0x000000008d700000| Untracked 
| 216|0x000000008d800000, 0x000000008d800000, 0x000000008d900000|  0%| F|  |TAMS 0x000000008d800000, 0x000000008d800000| Untracked 
| 217|0x000000008d900000, 0x000000008d900000, 0x000000008da00000|  0%| F|  |TAMS 0x000000008d900000, 0x000000008d900000| Untracked 
| 218|0x000000008da00000, 0x000000008da00000, 0x000000008db00000|  0%| F|  |TAMS 0x000000008da00000, 0x000000008da00000| Untracked 
| 219|0x000000008db00000, 0x000000008db00000, 0x000000008dc00000|  0%| F|  |TAMS 0x000000008db00000, 0x000000008db00000| Untracked 
| 220|0x000000008dc00000, 0x000000008dc00000, 0x000000008dd00000|  0%| F|  |TAMS 0x000000008dc00000, 0x000000008dc00000| Untracked 
| 221|0x000000008dd00000, 0x000000008dd00000, 0x000000008de00000|  0%| F|  |TAMS 0x000000008dd00000, 0x000000008dd00000| Untracked 
| 222|0x000000008de00000, 0x000000008de00000, 0x000000008df00000|  0%| F|  |TAMS 0x000000008de00000, 0x000000008de00000| Untracked 
| 223|0x000000008df00000, 0x000000008df00000, 0x000000008e000000|  0%| F|  |TAMS 0x000000008df00000, 0x000000008df00000| Untracked 
| 224|0x000000008e000000, 0x000000008e000000, 0x000000008e100000|  0%| F|  |TAMS 0x000000008e000000, 0x000000008e000000| Untracked 
| 225|0x000000008e100000, 0x000000008e100000, 0x000000008e200000|  0%| F|  |TAMS 0x000000008e100000, 0x000000008e100000| Untracked 
| 226|0x000000008e200000, 0x000000008e200000, 0x000000008e300000|  0%| F|  |TAMS 0x000000008e200000, 0x000000008e200000| Untracked 
| 227|0x000000008e300000, 0x000000008e300000, 0x000000008e400000|  0%| F|  |TAMS 0x000000008e300000, 0x000000008e300000| Untracked 
| 228|0x000000008e400000, 0x000000008e400000, 0x000000008e500000|  0%| F|  |TAMS 0x000000008e400000, 0x000000008e400000| Untracked 
| 229|0x000000008e500000, 0x000000008e500000, 0x000000008e600000|  0%| F|  |TAMS 0x000000008e500000, 0x000000008e500000| Untracked 
| 230|0x000000008e600000, 0x000000008e600000, 0x000000008e700000|  0%| F|  |TAMS 0x000000008e600000, 0x000000008e600000| Untracked 
| 231|0x000000008e700000, 0x000000008e700000, 0x000000008e800000|  0%| F|  |TAMS 0x000000008e700000, 0x000000008e700000| Untracked 
| 232|0x000000008e800000, 0x000000008e800000, 0x000000008e900000|  0%| F|  |TAMS 0x000000008e800000, 0x000000008e800000| Untracked 
| 233|0x000000008e900000, 0x000000008e900000, 0x000000008ea00000|  0%| F|  |TAMS 0x000000008e900000, 0x000000008e900000| Untracked 
| 234|0x000000008ea00000, 0x000000008ea00000, 0x000000008eb00000|  0%| F|  |TAMS 0x000000008ea00000, 0x000000008ea00000| Untracked 
| 235|0x000000008eb00000, 0x000000008eb00000, 0x000000008ec00000|  0%| F|  |TAMS 0x000000008eb00000, 0x000000008eb00000| Untracked 
| 236|0x000000008ec00000, 0x000000008ec00000, 0x000000008ed00000|  0%| F|  |TAMS 0x000000008ec00000, 0x000000008ec00000| Untracked 
| 237|0x000000008ed00000, 0x000000008ed00000, 0x000000008ee00000|  0%| F|  |TAMS 0x000000008ed00000, 0x000000008ed00000| Untracked 
| 238|0x000000008ee00000, 0x000000008ee312d8, 0x000000008ef00000| 19%| S|CS|TAMS 0x000000008ee00000, 0x000000008ee00000| Complete 
| 239|0x000000008ef00000, 0x000000008f000000, 0x000000008f000000|100%| S|CS|TAMS 0x000000008ef00000, 0x000000008ef00000| Complete 
| 240|0x000000008f000000, 0x000000008f000000, 0x000000008f100000|  0%| F|  |TAMS 0x000000008f000000, 0x000000008f000000| Untracked 
| 241|0x000000008f100000, 0x000000008f100000, 0x000000008f200000|  0%| F|  |TAMS 0x000000008f100000, 0x000000008f100000| Untracked 
| 242|0x000000008f200000, 0x000000008f200000, 0x000000008f300000|  0%| F|  |TAMS 0x000000008f200000, 0x000000008f200000| Untracked 
| 243|0x000000008f300000, 0x000000008f300000, 0x000000008f400000|  0%| F|  |TAMS 0x000000008f300000, 0x000000008f300000| Untracked 
| 244|0x000000008f400000, 0x000000008f400000, 0x000000008f500000|  0%| F|  |TAMS 0x000000008f400000, 0x000000008f400000| Untracked 
| 245|0x000000008f500000, 0x000000008f500000, 0x000000008f600000|  0%| F|  |TAMS 0x000000008f500000, 0x000000008f500000| Untracked 
| 246|0x000000008f600000, 0x000000008f600000, 0x000000008f700000|  0%| F|  |TAMS 0x000000008f600000, 0x000000008f600000| Untracked 

Card table byte_map: [0x000001d2abe80000,0x000001d2ac280000] _byte_map_base: 0x000001d2aba80000

Marking Bits (Prev, Next): (CMBitMap*) 0x000001d2992d4f00, (CMBitMap*) 0x000001d2992d4f40
 Prev Bits: [0x000001d2ac680000, 0x000001d2ae680000)
 Next Bits: [0x000001d2ae680000, 0x000001d2b0680000)

Polling page: 0x000001d298a40000

Metaspace:

Usage:
  Non-class:     91.35 MB used.
      Class:     14.16 MB used.
       Both:    105.51 MB used.

Virtual space:
  Non-class space:       96.00 MB reserved,      91.69 MB ( 96%) committed,  12 nodes.
      Class space:        1.00 GB reserved,      14.50 MB (  1%) committed,  1 nodes.
             Both:        1.09 GB reserved,     106.19 MB (  9%) committed. 

Chunk freelists:
   Non-Class:  3.50 MB
       Class:  1.52 MB
        Both:  5.02 MB

MaxMetaspaceSize: unlimited
CompressedClassSpaceSize: 1.00 GB
Initial GC threshold: 21.00 MB
Current GC threshold: 172.44 MB
CDS: off
MetaspaceReclaimPolicy: balanced
 - commit_granule_bytes: 65536.
 - commit_granule_words: 8192.
 - virtual_space_node_default_size: 1048576.
 - enlarge_chunks_in_place: 1.
 - new_chunks_are_fully_committed: 0.
 - uncommit_free_chunks: 1.
 - use_allocation_guard: 0.
 - handle_deallocations: 1.


Internal statistics:

num_allocs_failed_limit: 6.
num_arena_births: 1076.
num_arena_deaths: 14.
num_vsnodes_births: 13.
num_vsnodes_deaths: 0.
num_space_committed: 1698.
num_space_uncommitted: 0.
num_chunks_returned_to_freelist: 26.
num_chunks_taken_from_freelist: 5087.
num_chunk_merges: 15.
num_chunk_splits: 3388.
num_chunks_enlarged: 2312.
num_purges: 2.
num_inconsistent_stats: 0.

CodeHeap 'non-profiled nmethods': size=120000Kb used=7342Kb max_used=7342Kb free=112657Kb
 bounds [0x000001d2a4210000, 0x000001d2a4940000, 0x000001d2ab740000]
CodeHeap 'profiled nmethods': size=120000Kb used=23298Kb max_used=23298Kb free=96701Kb
 bounds [0x000001d29c740000, 0x000001d29de10000, 0x000001d2a3c70000]
CodeHeap 'non-nmethods': size=5760Kb used=2432Kb max_used=2508Kb free=3327Kb
 bounds [0x000001d2a3c70000, 0x000001d2a3ef0000, 0x000001d2a4210000]
 total_blobs=13162 nmethods=12205 adapters=869
 compilation: enabled
              stopped_count=0, restarted_count=0
 full_count=0

Compilation events (20 events):
Event: 12.277 Thread 0x000001d2b3c37080 nmethod 14388 0x000001d2a493a910 code [0x000001d2a493aaa0, 0x000001d2a493ab78]
Event: 12.277 Thread 0x000001d2b3c37080 14522  s    1       com.android.tools.build.apkzlib.bytestorage.InMemoryByteStorage::getBytesUsed (5 bytes)
Event: 12.277 Thread 0x000001d2b3c37080 nmethod 14522 0x000001d2a493ac10 code [0x000001d2a493ada0, 0x000001d2a493af18]
Event: 12.277 Thread 0x000001d2b3c37080 14533       1       java.util.zip.Deflater$DeflaterZStreamRef::address (5 bytes)
Event: 12.277 Thread 0x000001d2b3c37080 nmethod 14533 0x000001d2a493af90 code [0x000001d2a493b120, 0x000001d2a493b1f8]
Event: 12.277 Thread 0x000001d2b3c37080 14604       1       com.android.tools.r8.internal.GF::size (5 bytes)
Event: 12.277 Thread 0x000001d2b3c37080 nmethod 14604 0x000001d2a493b290 code [0x000001d2a493b420, 0x000001d2a493b4f8]
Event: 12.277 Thread 0x000001d2b3c37080 14377       1       sun.util.calendar.BaseCalendar$Date::getCachedJan1 (5 bytes)
Event: 12.277 Thread 0x000001d2b3c37080 nmethod 14377 0x000001d2a493b590 code [0x000001d2a493b720, 0x000001d2a493b7f8]
Event: 12.277 Thread 0x000001d2b3c37080 14463       1       sun.util.calendar.CalendarDate::setNormalized (6 bytes)
Event: 12.278 Thread 0x000001d2b3c37080 nmethod 14463 0x000001d2a493b890 code [0x000001d2a493ba20, 0x000001d2a493baf8]
Event: 12.278 Thread 0x000001d2b3c37080 14639       2       com.android.tools.r8.utils.r3::d (4 bytes)
Event: 12.278 Thread 0x000001d2b3c37080 nmethod 14639 0x000001d29ddfd190 code [0x000001d29ddfd320, 0x000001d29ddfd418]
Event: 12.278 Thread 0x000001d2b3c37080 14640       2       com.google.common.util.concurrent.AbstractFuture::afterDone (1 bytes)
Event: 12.278 Thread 0x000001d2b3c37080 nmethod 14640 0x000001d29ddfd490 code [0x000001d29ddfd620, 0x000001d29ddfd718]
Event: 12.278 Thread 0x000001d2b3c37080 14641       2       com.google.common.util.concurrent.AbstractListeningExecutorService::submit (9 bytes)
Event: 12.279 Thread 0x000001d2b3c37080 nmethod 14641 0x000001d29ddfd790 code [0x000001d29ddfd980, 0x000001d29ddfdcf8]
Event: 12.279 Thread 0x000001d2b3c37080 14657   !   3       com.android.tools.r8.graph.p2::x0 (122 bytes)
Event: 12.284 Thread 0x000001d2b3c37080 nmethod 14657 0x000001d29ddfdf90 code [0x000001d29ddfe360, 0x000001d29ddfff48]
Event: 12.284 Thread 0x000001d2b3c37080 14658 %     3       com.android.tools.r8.internal.Y9::a @ 3980 (4479 bytes)

GC Heap History (20 events):
Event: 8.221 GC heap after
{Heap after GC invocations=37 (full 0):
 garbage-first heap   total 148480K, used 77302K [0x0000000080000000, 0x0000000100000000)
  region size 1024K, 1 young (1024K), 1 survivors (1024K)
 Metaspace       used 86751K, committed 87424K, reserved 1130496K
  class space    used 11917K, committed 12224K, reserved 1048576K
}
Event: 8.956 GC heap before
{Heap before GC invocations=37 (full 0):
 garbage-first heap   total 148480K, used 116214K [0x0000000080000000, 0x0000000100000000)
  region size 1024K, 41 young (41984K), 1 survivors (1024K)
 Metaspace       used 89600K, committed 90368K, reserved 1130496K
  class space    used 12234K, committed 12608K, reserved 1048576K
}
Event: 8.961 GC heap after
{Heap after GC invocations=38 (full 0):
 garbage-first heap   total 252928K, used 85911K [0x0000000080000000, 0x0000000100000000)
  region size 1024K, 6 young (6144K), 6 survivors (6144K)
 Metaspace       used 89600K, committed 90368K, reserved 1130496K
  class space    used 12234K, committed 12608K, reserved 1048576K
}
Event: 10.124 GC heap before
{Heap before GC invocations=39 (full 0):
 garbage-first heap   total 252928K, used 222103K [0x0000000080000000, 0x0000000100000000)
  region size 1024K, 114 young (116736K), 6 survivors (6144K)
 Metaspace       used 93599K, committed 94272K, reserved 1130496K
  class space    used 12577K, committed 12864K, reserved 1048576K
}
Event: 10.136 GC heap after
{Heap after GC invocations=40 (full 0):
 garbage-first heap   total 252928K, used 103266K [0x0000000080000000, 0x0000000100000000)
  region size 1024K, 15 young (15360K), 15 survivors (15360K)
 Metaspace       used 93599K, committed 94272K, reserved 1130496K
  class space    used 12577K, committed 12864K, reserved 1048576K
}
Event: 10.146 GC heap before
{Heap before GC invocations=40 (full 0):
 garbage-first heap   total 252928K, used 104290K [0x0000000080000000, 0x0000000100000000)
  region size 1024K, 16 young (16384K), 15 survivors (15360K)
 Metaspace       used 93709K, committed 94400K, reserved 1130496K
  class space    used 12588K, committed 12928K, reserved 1048576K
}
Event: 10.154 GC heap after
{Heap after GC invocations=41 (full 0):
 garbage-first heap   total 252928K, used 105248K [0x0000000080000000, 0x0000000100000000)
  region size 1024K, 2 young (2048K), 2 survivors (2048K)
 Metaspace       used 93709K, committed 94400K, reserved 1130496K
  class space    used 12588K, committed 12928K, reserved 1048576K
}
Event: 10.680 GC heap before
{Heap before GC invocations=41 (full 0):
 garbage-first heap   total 252928K, used 195360K [0x0000000080000000, 0x0000000100000000)
  region size 1024K, 91 young (93184K), 2 survivors (2048K)
 Metaspace       used 96314K, committed 97024K, reserved 1138688K
  class space    used 12869K, committed 13184K, reserved 1048576K
}
Event: 10.685 GC heap after
{Heap after GC invocations=42 (full 0):
 garbage-first heap   total 252928K, used 108139K [0x0000000080000000, 0x0000000100000000)
  region size 1024K, 5 young (5120K), 5 survivors (5120K)
 Metaspace       used 96314K, committed 97024K, reserved 1138688K
  class space    used 12869K, committed 13184K, reserved 1048576K
}
Event: 11.524 GC heap before
{Heap before GC invocations=43 (full 0):
 garbage-first heap   total 252928K, used 196203K [0x0000000080000000, 0x0000000100000000)
  region size 1024K, 96 young (98304K), 5 survivors (5120K)
 Metaspace       used 101594K, committed 102272K, reserved 1138688K
  class space    used 13550K, committed 13824K, reserved 1048576K
}
Event: 11.531 GC heap after
{Heap after GC invocations=44 (full 0):
 garbage-first heap   total 252928K, used 109001K [0x0000000080000000, 0x0000000100000000)
  region size 1024K, 10 young (10240K), 10 survivors (10240K)
 Metaspace       used 101594K, committed 102272K, reserved 1138688K
  class space    used 13550K, committed 13824K, reserved 1048576K
}
Event: 11.541 GC heap before
{Heap before GC invocations=44 (full 0):
 garbage-first heap   total 252928K, used 111049K [0x0000000080000000, 0x0000000100000000)
  region size 1024K, 12 young (12288K), 10 survivors (10240K)
 Metaspace       used 101669K, committed 102400K, reserved 1138688K
  class space    used 13562K, committed 13888K, reserved 1048576K
}
Event: 11.548 GC heap after
{Heap after GC invocations=45 (full 0):
 garbage-first heap   total 252928K, used 101789K [0x0000000080000000, 0x0000000100000000)
  region size 1024K, 2 young (2048K), 2 survivors (2048K)
 Metaspace       used 101669K, committed 102400K, reserved 1138688K
  class space    used 13562K, committed 13888K, reserved 1048576K
}
Event: 11.912 GC heap before
{Heap before GC invocations=45 (full 0):
 garbage-first heap   total 252928K, used 199069K [0x0000000080000000, 0x0000000100000000)
  region size 1024K, 98 young (100352K), 2 survivors (2048K)
 Metaspace       used 104239K, committed 104896K, reserved 1146880K
  class space    used 13919K, committed 14208K, reserved 1048576K
}
Event: 11.919 GC heap after
{Heap after GC invocations=46 (full 0):
 garbage-first heap   total 252928K, used 114566K [0x0000000080000000, 0x0000000100000000)
  region size 1024K, 13 young (13312K), 13 survivors (13312K)
 Metaspace       used 104239K, committed 104896K, reserved 1146880K
  class space    used 13919K, committed 14208K, reserved 1048576K
}
Event: 12.251 GC heap before
{Heap before GC invocations=47 (full 0):
 garbage-first heap   total 252928K, used 199558K [0x0000000080000000, 0x0000000100000000)
  region size 1024K, 99 young (101376K), 13 survivors (13312K)
 Metaspace       used 107878K, committed 108544K, reserved 1146880K
  class space    used 14461K, committed 14784K, reserved 1048576K
}
Event: 12.263 GC heap after
{Heap after GC invocations=48 (full 0):
 garbage-first heap   total 252928K, used 122890K [0x0000000080000000, 0x0000000100000000)
  region size 1024K, 12 young (12288K), 12 survivors (12288K)
 Metaspace       used 107878K, committed 108544K, reserved 1146880K
  class space    used 14461K, committed 14784K, reserved 1048576K
}
Event: 12.267 GC heap before
{Heap before GC invocations=48 (full 0):
 garbage-first heap   total 252928K, used 122890K [0x0000000080000000, 0x0000000100000000)
  region size 1024K, 13 young (13312K), 12 survivors (12288K)
 Metaspace       used 107897K, committed 108672K, reserved 1146880K
  class space    used 14464K, committed 14848K, reserved 1048576K
}
Event: 12.273 GC heap after
{Heap after GC invocations=49 (full 0):
 garbage-first heap   total 252928K, used 120327K [0x0000000080000000, 0x0000000100000000)
  region size 1024K, 2 young (2048K), 2 survivors (2048K)
 Metaspace       used 107897K, committed 108672K, reserved 1146880K
  class space    used 14464K, committed 14848K, reserved 1048576K
}
Event: 12.287 GC heap before
{Heap before GC invocations=49 (full 0):
 garbage-first heap   total 252928K, used 124423K [0x0000000080000000, 0x0000000100000000)
  region size 1024K, 7 young (7168K), 2 survivors (2048K)
 Metaspace       used 108038K, committed 108736K, reserved 1146880K
  class space    used 14499K, committed 14848K, reserved 1048576K
}

Dll operation events (2 events):
Event: 0.005 Loaded shared library C:\Program Files\Android\Android Studio\jbr\bin\java.dll
Event: 0.258 Loaded shared library C:\Program Files\Android\Android Studio\jbr\bin\verify.dll

Deoptimization events (20 events):
Event: 12.199 Thread 0x000001d2b80034b0 DEOPT PACKING pc=0x000001d29d9fa76c sp=0x00000042f91fd240
Event: 12.199 Thread 0x000001d2b80034b0 DEOPT UNPACKING pc=0x000001d2a3ccace3 sp=0x00000042f91fc798 mode 0
Event: 12.204 Thread 0x000001d2b80034b0 DEOPT PACKING pc=0x000001d29d9fa76c sp=0x00000042f91fd240
Event: 12.204 Thread 0x000001d2b80034b0 DEOPT UNPACKING pc=0x000001d2a3ccace3 sp=0x00000042f91fc798 mode 0
Event: 12.223 Thread 0x000001d2b80034b0 DEOPT PACKING pc=0x000001d29d9fa76c sp=0x00000042f91fd240
Event: 12.223 Thread 0x000001d2b80034b0 DEOPT UNPACKING pc=0x000001d2a3ccace3 sp=0x00000042f91fc798 mode 0
Event: 12.228 Thread 0x000001d2b80034b0 DEOPT PACKING pc=0x000001d29d9fa76c sp=0x00000042f91fd240
Event: 12.229 Thread 0x000001d2b80034b0 DEOPT UNPACKING pc=0x000001d2a3ccace3 sp=0x00000042f91fc798 mode 0
Event: 12.234 Thread 0x000001d2b80034b0 DEOPT PACKING pc=0x000001d29d9fa76c sp=0x00000042f91fd240
Event: 12.234 Thread 0x000001d2b80034b0 DEOPT UNPACKING pc=0x000001d2a3ccace3 sp=0x00000042f91fc798 mode 0
Event: 12.237 Thread 0x000001d2bab2f0a0 DEOPT PACKING pc=0x000001d29ddc1e87 sp=0x00000042f4bfa760
Event: 12.237 Thread 0x000001d2bab2f0a0 DEOPT UNPACKING pc=0x000001d2a3ccace3 sp=0x00000042f4bf9c48 mode 0
Event: 12.238 Thread 0x000001d2b942dc30 DEOPT PACKING pc=0x000001d29c81b9a5 sp=0x00000042f31f9c10
Event: 12.238 Thread 0x000001d2b942dc30 DEOPT UNPACKING pc=0x000001d2a3ccace3 sp=0x00000042f31f90d8 mode 0
Event: 12.239 Thread 0x000001d2b80034b0 DEOPT PACKING pc=0x000001d29d9fa76c sp=0x00000042f91fd240
Event: 12.239 Thread 0x000001d2b80034b0 DEOPT UNPACKING pc=0x000001d2a3ccace3 sp=0x00000042f91fc798 mode 0
Event: 12.244 Thread 0x000001d2b80034b0 DEOPT PACKING pc=0x000001d29d9fa76c sp=0x00000042f91fd240
Event: 12.244 Thread 0x000001d2b80034b0 DEOPT UNPACKING pc=0x000001d2a3ccace3 sp=0x00000042f91fc798 mode 0
Event: 12.279 Thread 0x000001d2bab2f0a0 DEOPT PACKING pc=0x000001d29ddbe9af sp=0x00000042f4bf9c10
Event: 12.279 Thread 0x000001d2bab2f0a0 DEOPT UNPACKING pc=0x000001d2a3ccace3 sp=0x00000042f4bf9158 mode 0

Classes unloaded (7 events):
Event: 9.029 Thread 0x000001d2b30e7630 Unloading class 0x0000000100bd1c00 'java/lang/invoke/LambdaForm$DMH+0x0000000100bd1c00'
Event: 9.029 Thread 0x000001d2b30e7630 Unloading class 0x0000000100bd1800 'java/lang/invoke/LambdaForm$DMH+0x0000000100bd1800'
Event: 9.029 Thread 0x000001d2b30e7630 Unloading class 0x0000000100bd1400 'java/lang/invoke/LambdaForm$DMH+0x0000000100bd1400'
Event: 9.029 Thread 0x000001d2b30e7630 Unloading class 0x0000000100bd1000 'java/lang/invoke/LambdaForm$DMH+0x0000000100bd1000'
Event: 9.029 Thread 0x000001d2b30e7630 Unloading class 0x0000000100bd0400 'java/lang/invoke/LambdaForm$DMH+0x0000000100bd0400'
Event: 9.029 Thread 0x000001d2b30e7630 Unloading class 0x0000000100bd0800 'java/lang/invoke/LambdaForm$DMH+0x0000000100bd0800'
Event: 9.029 Thread 0x000001d2b30e7630 Unloading class 0x0000000100bd0c00 'java/lang/invoke/LambdaForm$DMH+0x0000000100bd0c00'

Classes redefined (0 events):
No events

Internal exceptions (20 events):
Event: 11.756 Thread 0x000001d2bab2f0a0 Exception <a 'sun/nio/fs/WindowsException'{0x000000008d7a56e8}> (0x000000008d7a56e8) 
thrown [s\src\hotspot\share\prims\jni.cpp, line 517]
Event: 11.756 Thread 0x000001d2bab2f0a0 Exception <a 'sun/nio/fs/WindowsException'{0x000000008d7a5ab8}> (0x000000008d7a5ab8) 
thrown [s\src\hotspot\share\prims\jni.cpp, line 517]
Event: 11.757 Thread 0x000001d2bab29ed0 Exception <a 'sun/nio/fs/WindowsException'{0x000000008d7eb298}> (0x000000008d7eb298) 
thrown [s\src\hotspot\share\prims\jni.cpp, line 517]
Event: 11.757 Thread 0x000001d2bab29ed0 Exception <a 'sun/nio/fs/WindowsException'{0x000000008d7eb6a8}> (0x000000008d7eb6a8) 
thrown [s\src\hotspot\share\prims\jni.cpp, line 517]
Event: 11.820 Thread 0x000001d2b7fffaf0 Exception <a 'sun/nio/fs/WindowsException'{0x000000008bccbe88}> (0x000000008bccbe88) 
thrown [s\src\hotspot\share\prims\jni.cpp, line 517]
Event: 11.820 Thread 0x000001d2b9434140 Exception <a 'sun/nio/fs/WindowsException'{0x000000008bbb01a8}> (0x000000008bbb01a8) 
thrown [s\src\hotspot\share\prims\jni.cpp, line 517]
Event: 11.820 Thread 0x000001d2bab29ed0 Exception <a 'sun/nio/fs/WindowsException'{0x000000008b8f41e8}> (0x000000008b8f41e8) 
thrown [s\src\hotspot\share\prims\jni.cpp, line 517]
Event: 11.820 Thread 0x000001d2bab2fa40 Exception <a 'sun/nio/fs/WindowsException'{0x000000008bc59888}> (0x000000008bc59888) 
thrown [s\src\hotspot\share\prims\jni.cpp, line 517]
Event: 11.821 Thread 0x000001d2bab29530 Exception <a 'sun/nio/fs/WindowsException'{0x000000008bc4feb0}> (0x000000008bc4feb0) 
thrown [s\src\hotspot\share\prims\jni.cpp, line 517]
Event: 11.822 Thread 0x000001d2bab2f0a0 Exception <a 'sun/nio/fs/WindowsException'{0x000000008b5ce280}> (0x000000008b5ce280) 
thrown [s\src\hotspot\share\prims\jni.cpp, line 517]
Event: 11.847 Thread 0x000001d2b942dc30 Exception <a 'sun/nio/fs/WindowsException'{0x000000008a191d28}> (0x000000008a191d28) 
thrown [s\src\hotspot\share\prims\jni.cpp, line 517]
Event: 12.030 Thread 0x000001d2bab29ed0 Exception <a 'java/lang/NoSuchMethodError'{0x000000008e5803b8}: 'java.lang.Object java.lang.invoke.DirectMethodHandle$Holder.invokeStaticInit(java.lang.Object, java.lang.Object, java.lang.Object, java.lang.Object, java.lang.Object, java.lang.Object, java.lang.Object, java.lang.Object, java.lang.Object, java.lang.Object, java.lang.Object, java.lang.Object, java.lang.Object, java.lang.Object, java.lang.Object, java.lang.Object, java.lang.Object, java.lang.Object, java.lang.Object, int, java.lang.Object, java
Event: 12.037 Thread 0x000001d2b80034b0 Exception <a 'java/lang/NoSuchMethodError'{0x000000008e4172f8}: 'java.lang.Object java.lang.invoke.DirectMethodHandle$Holder.invokeVirtual(java.lang.Object, java.lang.Object, int)'> (0x000000008e4172f8) 
thrown [s\src\hotspot\share\interpreter\linkResolver.cpp, line 771]
Event: 12.039 Thread 0x000001d2b80034b0 Exception <a 'java/lang/NoSuchMethodError'{0x000000008e423c18}: 'void java.lang.invoke.DirectMethodHandle$Holder.invokeStatic(java.lang.Object, java.lang.Object, java.lang.Object, int)'> (0x000000008e423c18) 
thrown [s\src\hotspot\share\interpreter\linkResolver.cpp, line 771]
Event: 12.066 Thread 0x000001d2b942dc30 Exception <a 'java/lang/IncompatibleClassChangeError'{0x000000008df50970}: Found class java.lang.Object, but interface was expected> (0x000000008df50970) 
thrown [s\src\hotspot\share\interpreter\linkResolver.cpp, line 838]
Event: 12.066 Thread 0x000001d2bab2f0a0 Exception <a 'java/lang/IncompatibleClassChangeError'{0x000000008e0edd70}: Found class java.lang.Object, but interface was expected> (0x000000008e0edd70) 
thrown [s\src\hotspot\share\interpreter\linkResolver.cpp, line 838]
Event: 12.089 Thread 0x000001d2bab2f0a0 Exception <a 'java/lang/NoSuchMethodError'{0x000000008dd8be10}: 'java.lang.Object java.lang.invoke.DirectMethodHandle$Holder.newInvokeSpecial(java.lang.Object, java.lang.Object, int, java.lang.Object, java.lang.Object)'> (0x000000008dd8be10) 
thrown [s\src\hotspot\share\interpreter\linkResolver.cpp, line 771]
Event: 12.089 Thread 0x000001d2bab29ed0 Exception <a 'java/lang/NoSuchMethodError'{0x000000008dd86d78}: 'java.lang.Object java.lang.invoke.DirectMethodHandle$Holder.newInvokeSpecial(java.lang.Object, java.lang.Object, int, java.lang.Object, java.lang.Object)'> (0x000000008dd86d78) 
thrown [s\src\hotspot\share\interpreter\linkResolver.cpp, line 771]
Event: 12.089 Thread 0x000001d2b942dc30 Exception <a 'java/lang/NoSuchMethodError'{0x000000008dd64c78}: 'java.lang.Object java.lang.invoke.DirectMethodHandle$Holder.newInvokeSpecial(java.lang.Object, java.lang.Object, int, java.lang.Object, java.lang.Object)'> (0x000000008dd64c78) 
thrown [s\src\hotspot\share\interpreter\linkResolver.cpp, line 771]
Event: 12.113 Thread 0x000001d2bab2f0a0 Exception <a 'java/lang/NoSuchMethodError'{0x000000008da2c4c0}: 'java.lang.Object java.lang.invoke.DirectMethodHandle$Holder.newInvokeSpecial(java.lang.Object, long)'> (0x000000008da2c4c0) 
thrown [s\src\hotspot\share\interpreter\linkResolver.cpp, line 771]

VM Operations (20 events):
Event: 11.872 Executing VM operation: HandshakeAllThreads done
Event: 11.911 Executing VM operation: G1CollectForAllocation
Event: 11.919 Executing VM operation: G1CollectForAllocation done
Event: 12.003 Executing VM operation: G1Concurrent
Event: 12.008 Executing VM operation: G1Concurrent done
Event: 12.041 Executing VM operation: HandshakeAllThreads
Event: 12.042 Executing VM operation: HandshakeAllThreads done
Event: 12.044 Executing VM operation: G1Concurrent
Event: 12.044 Executing VM operation: G1Concurrent done
Event: 12.067 Executing VM operation: HandshakeAllThreads
Event: 12.068 Executing VM operation: HandshakeAllThreads done
Event: 12.074 Executing VM operation: HandshakeAllThreads
Event: 12.074 Executing VM operation: HandshakeAllThreads done
Event: 12.099 Executing VM operation: HandshakeAllThreads
Event: 12.099 Executing VM operation: HandshakeAllThreads done
Event: 12.251 Executing VM operation: G1CollectForAllocation
Event: 12.263 Executing VM operation: G1CollectForAllocation done
Event: 12.267 Executing VM operation: G1CollectForAllocation
Event: 12.273 Executing VM operation: G1CollectForAllocation done
Event: 12.287 Executing VM operation: G1TryInitiateConcMark

Events (20 events):
Event: 12.099 loading class java/nio/StringCharBuffer
Event: 12.100 loading class java/nio/StringCharBuffer done
Event: 12.100 loading class sun/nio/cs/ThreadLocalCoders
Event: 12.100 loading class sun/nio/cs/ThreadLocalCoders done
Event: 12.100 loading class sun/nio/cs/ThreadLocalCoders$1
Event: 12.100 loading class sun/nio/cs/ThreadLocalCoders$Cache
Event: 12.100 loading class sun/nio/cs/ThreadLocalCoders$Cache done
Event: 12.100 loading class sun/nio/cs/ThreadLocalCoders$1 done
Event: 12.100 loading class sun/nio/cs/ThreadLocalCoders$2
Event: 12.100 loading class sun/nio/cs/ThreadLocalCoders$2 done
Event: 12.102 loading class java/util/zip/Deflater
Event: 12.103 loading class java/util/zip/Deflater done
Event: 12.103 loading class java/util/zip/Deflater$DeflaterZStreamRef
Event: 12.103 loading class java/util/zip/Deflater$DeflaterZStreamRef done
Event: 12.109 loading class java/util/TreeMap$AscendingSubMap
Event: 12.110 loading class java/util/TreeMap$AscendingSubMap done
Event: 12.110 loading class java/util/TreeMap$NavigableSubMap$SubMapKeyIterator
Event: 12.110 loading class java/util/TreeMap$NavigableSubMap$SubMapKeyIterator done
Event: 12.144 loading class java/util/concurrent/ConcurrentLinkedQueue$Itr
Event: 12.144 loading class java/util/concurrent/ConcurrentLinkedQueue$Itr done


Dynamic libraries:
0x00007ff7e05b0000 - 0x00007ff7e05ba000 	C:\Program Files\Android\Android Studio\jbr\bin\java.exe
0x00007ffddd670000 - 0x00007ffddd884000 	C:\WINDOWS\SYSTEM32\ntdll.dll
0x00007ffddccb0000 - 0x00007ffddcd74000 	C:\WINDOWS\System32\KERNEL32.DLL
0x00007ffddb050000 - 0x00007ffddb3f4000 	C:\WINDOWS\System32\KERNELBASE.dll
0x00007ffddaa20000 - 0x00007ffddab31000 	C:\WINDOWS\System32\ucrtbase.dll
0x00007ffdcc6e0000 - 0x00007ffdcc6f7000 	C:\Program Files\Android\Android Studio\jbr\bin\jli.dll
0x00007ffdcc8f0000 - 0x00007ffdcc90b000 	C:\Program Files\Android\Android Studio\jbr\bin\VCRUNTIME140.dll
0x00007ffddd2d0000 - 0x00007ffddd47e000 	C:\WINDOWS\System32\USER32.dll
0x00007ffdc9aa0000 - 0x00007ffdc9d33000 	C:\WINDOWS\WinSxS\amd64_microsoft.windows.common-controls_6595b64144ccf1df_6.0.22621.2215_none_270d72677387dfc3\COMCTL32.dll
0x00007ffddab40000 - 0x00007ffddab66000 	C:\WINDOWS\System32\win32u.dll
0x00007ffddcb70000 - 0x00007ffddcc17000 	C:\WINDOWS\System32\msvcrt.dll
0x00007ffddd070000 - 0x00007ffddd099000 	C:\WINDOWS\System32\GDI32.dll
0x00007ffddac60000 - 0x00007ffddad78000 	C:\WINDOWS\System32\gdi32full.dll
0x00007ffddad80000 - 0x00007ffddae1a000 	C:\WINDOWS\System32\msvcp_win.dll
0x00007ffddb4e0000 - 0x00007ffddb511000 	C:\WINDOWS\System32\IMM32.DLL
0x00007ffdcfa80000 - 0x00007ffdcfa8c000 	C:\Program Files\Android\Android Studio\jbr\bin\vcruntime140_1.dll
0x00007ffdc4860000 - 0x00007ffdc48ed000 	C:\Program Files\Android\Android Studio\jbr\bin\msvcp140.dll
0x00007ffd533a0000 - 0x00007ffd5400d000 	C:\Program Files\Android\Android Studio\jbr\bin\server\jvm.dll
0x00007ffddbe10000 - 0x00007ffddbec0000 	C:\WINDOWS\System32\ADVAPI32.dll
0x00007ffddb400000 - 0x00007ffddb4a6000 	C:\WINDOWS\System32\sechost.dll
0x00007ffddb610000 - 0x00007ffddb727000 	C:\WINDOWS\System32\RPCRT4.dll
0x00007ffdd2510000 - 0x00007ffdd2544000 	C:\WINDOWS\SYSTEM32\WINMM.dll
0x00007ffdd2390000 - 0x00007ffdd2399000 	C:\WINDOWS\SYSTEM32\WSOCK32.dll
0x00007ffdd24b0000 - 0x00007ffdd24ba000 	C:\WINDOWS\SYSTEM32\VERSION.dll
0x00007ffddcff0000 - 0x00007ffddd061000 	C:\WINDOWS\System32\WS2_32.dll
0x00007ffdd9b40000 - 0x00007ffdd9b58000 	C:\WINDOWS\SYSTEM32\kernel.appcore.dll
0x00007ffdd04d0000 - 0x00007ffdd04da000 	C:\Program Files\Android\Android Studio\jbr\bin\jimage.dll
0x00007ffdd8340000 - 0x00007ffdd856e000 	C:\WINDOWS\SYSTEM32\DBGHELP.DLL
0x00007ffddba80000 - 0x00007ffddbe0a000 	C:\WINDOWS\System32\combase.dll
0x00007ffddd0a0000 - 0x00007ffddd177000 	C:\WINDOWS\System32\OLEAUT32.dll
0x00007ffdcfef0000 - 0x00007ffdcff22000 	C:\WINDOWS\SYSTEM32\dbgcore.DLL
0x00007ffddabe0000 - 0x00007ffddac5a000 	C:\WINDOWS\System32\bcryptPrimitives.dll
0x00007ffdc4920000 - 0x00007ffdc4945000 	C:\Program Files\Android\Android Studio\jbr\bin\java.dll
0x00007ffdc4900000 - 0x00007ffdc4918000 	C:\Program Files\Android\Android Studio\jbr\bin\zip.dll
0x00007ffddc340000 - 0x00007ffddcb63000 	C:\WINDOWS\System32\SHELL32.dll
0x00007ffdd8960000 - 0x00007ffdd924a000 	C:\WINDOWS\SYSTEM32\windows.storage.dll
0x00007ffdd8820000 - 0x00007ffdd895e000 	C:\WINDOWS\SYSTEM32\wintypes.dll
0x00007ffddb980000 - 0x00007ffddba73000 	C:\WINDOWS\System32\SHCORE.dll
0x00007ffddcc20000 - 0x00007ffddcc7e000 	C:\WINDOWS\System32\shlwapi.dll
0x00007ffdda950000 - 0x00007ffdda976000 	C:\WINDOWS\SYSTEM32\profapi.dll
0x00007ffdb1dc0000 - 0x00007ffdb1dd9000 	C:\Program Files\Android\Android Studio\jbr\bin\net.dll
0x00007ffdd6500000 - 0x00007ffdd6637000 	C:\WINDOWS\SYSTEM32\WINHTTP.dll
0x00007ffdd9fe0000 - 0x00007ffdda049000 	C:\WINDOWS\system32\mswsock.dll
0x00007ffdb1da0000 - 0x00007ffdb1db6000 	C:\Program Files\Android\Android Studio\jbr\bin\nio.dll
0x00007ffdc1ac0000 - 0x00007ffdc1ad0000 	C:\Program Files\Android\Android Studio\jbr\bin\verify.dll
0x00007ffdb30c0000 - 0x00007ffdb30e7000 	C:\Users\thanh\.gradle\native\68d5fa5c4cc2d200863cafc0d521ce42e7d3e7ee720ec0a83991735586a16f82\windows-amd64\native-platform.dll
0x00007ffda7540000 - 0x00007ffda7684000 	C:\Users\thanh\.gradle\native\e376f236ea51e6404a007f0833ffe2c6e607c4080706a723a18a27aeea778392\windows-amd64\native-platform-file-events.dll
0x00007ffdc48f0000 - 0x00007ffdc48f9000 	C:\Program Files\Android\Android Studio\jbr\bin\management.dll
0x00007ffdc1c80000 - 0x00007ffdc1c8b000 	C:\Program Files\Android\Android Studio\jbr\bin\management_ext.dll
0x00007ffddb5a0000 - 0x00007ffddb5a8000 	C:\WINDOWS\System32\PSAPI.DLL
0x00007ffdda230000 - 0x00007ffdda24b000 	C:\WINDOWS\SYSTEM32\CRYPTSP.dll
0x00007ffdd9ab0000 - 0x00007ffdd9ae5000 	C:\WINDOWS\system32\rsaenh.dll
0x00007ffdda0d0000 - 0x00007ffdda0fc000 	C:\WINDOWS\SYSTEM32\USERENV.dll
0x00007ffdda3d0000 - 0x00007ffdda3f8000 	C:\WINDOWS\SYSTEM32\bcrypt.dll
0x00007ffdda250000 - 0x00007ffdda25c000 	C:\WINDOWS\SYSTEM32\CRYPTBASE.dll
0x00007ffdd94a0000 - 0x00007ffdd94cd000 	C:\WINDOWS\SYSTEM32\IPHLPAPI.DLL
0x00007ffddcc80000 - 0x00007ffddcc89000 	C:\WINDOWS\System32\NSI.dll
0x00007ffdd31b0000 - 0x00007ffdd31c9000 	C:\WINDOWS\SYSTEM32\dhcpcsvc6.DLL
0x00007ffdd2d90000 - 0x00007ffdd2daf000 	C:\WINDOWS\SYSTEM32\dhcpcsvc.DLL
0x00007ffdd94d0000 - 0x00007ffdd95c2000 	C:\WINDOWS\SYSTEM32\DNSAPI.dll
0x00007ffdc1170000 - 0x00007ffdc1178000 	C:\WINDOWS\system32\wshunix.dll
0x00007ffdd9b60000 - 0x00007ffdd9b94000 	C:\WINDOWS\SYSTEM32\ntmarta.dll

dbghelp: loaded successfully - version: 4.0.5 - missing functions: none
symbol engine: initialized successfully - sym options: 0x614 - pdb path: .;C:\Program Files\Android\Android Studio\jbr\bin;C:\WINDOWS\SYSTEM32;C:\WINDOWS\WinSxS\amd64_microsoft.windows.common-controls_6595b64144ccf1df_6.0.22621.2215_none_270d72677387dfc3;C:\Program Files\Android\Android Studio\jbr\bin\server;C:\Users\thanh\.gradle\native\68d5fa5c4cc2d200863cafc0d521ce42e7d3e7ee720ec0a83991735586a16f82\windows-amd64;C:\Users\thanh\.gradle\native\e376f236ea51e6404a007f0833ffe2c6e607c4080706a723a18a27aeea778392\windows-amd64

VM Arguments:
jvm_args: --add-opens=java.base/java.util=ALL-UNNAMED --add-opens=java.base/java.lang=ALL-UNNAMED --add-opens=java.base/java.lang.invoke=ALL-UNNAMED --add-opens=java.prefs/java.util.prefs=ALL-UNNAMED --add-opens=java.base/java.nio.charset=ALL-UNNAMED --add-opens=java.base/java.net=ALL-UNNAMED --add-opens=java.base/java.util.concurrent.atomic=ALL-UNNAMED -Xmx2048m -Dfile.encoding=UTF-8 -Duser.country=VN -Duser.language=vi -Duser.variant 
java_command: org.gradle.launcher.daemon.bootstrap.GradleDaemon 8.0
java_class_path (initial): C:\Users\thanh\.gradle\wrapper\dists\gradle-8.0-bin\ca5e32bp14vu59qr306oxotwh\gradle-8.0\lib\gradle-launcher-8.0.jar
Launcher Type: SUN_STANDARD

[Global flags]
     intx CICompilerCount                          = 4                                         {product} {ergonomic}
     uint ConcGCThreads                            = 2                                         {product} {ergonomic}
     uint G1ConcRefinementThreads                  = 8                                         {product} {ergonomic}
   size_t G1HeapRegionSize                         = 1048576                                   {product} {ergonomic}
    uintx GCDrainStackTargetSize                   = 64                                        {product} {ergonomic}
   size_t InitialHeapSize                          = 130023424                                 {product} {ergonomic}
   size_t MarkStackSize                            = 4194304                                   {product} {ergonomic}
   size_t MaxHeapSize                              = 2147483648                                {product} {command line}
   size_t MaxNewSize                               = 1287651328                                {product} {ergonomic}
   size_t MinHeapDeltaBytes                        = 1048576                                   {product} {ergonomic}
   size_t MinHeapSize                              = 8388608                                   {product} {ergonomic}
    uintx NonNMethodCodeHeapSize                   = 5839372                                {pd product} {ergonomic}
    uintx NonProfiledCodeHeapSize                  = 122909434                              {pd product} {ergonomic}
    uintx ProfiledCodeHeapSize                     = 122909434                              {pd product} {ergonomic}
    uintx ReservedCodeCacheSize                    = 251658240                              {pd product} {ergonomic}
     bool SegmentedCodeCache                       = true                                      {product} {ergonomic}
   size_t SoftMaxHeapSize                          = 2147483648                             {manageable} {ergonomic}
     bool UseCompressedClassPointers               = true                           {product lp64_product} {ergonomic}
     bool UseCompressedOops                        = true                           {product lp64_product} {ergonomic}
     bool UseG1GC                                  = true                                      {product} {ergonomic}
     bool UseLargePagesIndividualAllocation        = false                                  {pd product} {ergonomic}

Logging:
Log output configuration:
 #0: stdout all=warning uptime,level,tags
 #1: stderr all=off uptime,level,tags

Environment Variables:
PATH=C:\Program Files\Python311\Scripts\;C:\Program Files\Python311\;C:\WINDOWS\system32;C:\WINDOWS;C:\WINDOWS\System32\Wbem;C:\WINDOWS\System32\WindowsPowerShell\v1.0\;C:\WINDOWS\System32\OpenSSH\;C:\Program Files\nodejs\;C:\Users\thanh\AppData\Roaming\Python\Python311\site-packages\django\Scripts;C:\Program Files\Git\cmd;C:\Program Files\Microsoft SQL Server\150\Tools\Binn\;C:\Program Files\Microsoft SQL Server\Client SDK\ODBC\170\Tools\Binn\;C:\Program Files\dotnet\;C:\Users\thanh\AppData\Local\Microsoft\WindowsApps;C:\Users\thanh\AppData\Local\Programs\Microsoft VS Code\bin;C:\Users\thanh\AppData\Roaming\npm;C:\Users\thanh\AppData\Local\GitHubDesktop\bin;C:\Program Files\JetBrains\DataGrip 2023.1.2\bin;;C:\Users\thanh\AppData\Local\Android\Sdk\platform-tools;C:\Users\thanh\.dotnet\tools;C:\Users\thanh\flutter\bin;C:\Users\thanh\flutter;C:\Program Files (x86)\dart-sdk\bin;
USERNAME=thanh
OS=Windows_NT
PROCESSOR_IDENTIFIER=Intel64 Family 6 Model 140 Stepping 2, GenuineIntel
TMP=C:\Users\thanh\AppData\Local\Temp
TEMP=C:\Users\thanh\AppData\Local\Temp



---------------  S Y S T E M  ---------------

OS:
 Windows 11 , 64 bit Build 22621 (10.0.22621.2215)
OS uptime: 2 days 22:29 hours
Hyper-V role detected

CPU: total 8 (initial active 8) (4 cores per cpu, 2 threads per core) family 6 model 140 stepping 2 microcode 0x16, cx8, cmov, fxsr, ht, mmx, 3dnowpref, sse, sse2, sse3, ssse3, sse4.1, sse4.2, popcnt, lzcnt, tsc, tscinvbit, avx, avx2, aes, erms, clmul, bmi1, bmi2, adx, avx512f, avx512dq, avx512cd, avx512bw, avx512vl, sha, fma, vzeroupper, avx512_vpopcntdq, avx512_vpclmulqdq, avx512_vaes, avx512_vnni, clflush, clflushopt, clwb, avx512_vbmi2, avx512_vbmi, hv

Memory: 4k page, system-wide physical 7894M (626M free)
TotalPageFile size 11990M (AvailPageFile size 318M)
current process WorkingSet (physical memory assigned to process): 552M, peak: 564M
current process commit charge ("private bytes"): 586M, peak: 1079M

vm_info: OpenJDK 64-Bit Server VM (17.0.6+0-b2043.56-9586694) for windows-amd64 JRE (17.0.6+0-b2043.56-9586694), built on Feb  9 2023 20:06:20 by "androidbuild" with MS VC++ 16.10 / 16.11 (VS2019)

END.
