#
# There is insufficient memory for the Java Runtime Environment to continue.
# Native memory allocation (malloc) failed to allocate 2086848 bytes for Chunk::new
# Possible reasons:
#   The system is out of physical RAM or swap space
#   The process is running with CompressedOops enabled, and the Java Heap may be blocking the growth of the native heap
# Possible solutions:
#   Reduce memory load on the system
#   Increase physical memory or swap space
#   Check if swap backing store is full
#   Decrease Java heap size (-Xmx/-Xms)
#   Decrease number of Java threads
#   Decrease Java thread stack sizes (-Xss)
#   Set larger code cache with -XX:ReservedCodeCacheSize=
#   JVM is running with Unscaled Compressed Oops mode in which the Java heap is
#     placed in the first 4GB address space. The Java Heap base address is the
#     maximum limit for the native heap growth. Please use -XX:HeapBaseMinAddress
#     to set the Java Heap base and to place the Java Heap above 4GB virtual address.
# This output file may be truncated or incomplete.
#
#  Out of Memory Error (arena.cpp:189), pid=16728, tid=13292
#
# JRE version: OpenJDK Runtime Environment (17.0.6) (build 17.0.6+0-b2043.56-9586694)
# Java VM: OpenJDK 64-Bit Server VM (17.0.6+0-b2043.56-9586694, mixed mode, tiered, compressed oops, compressed class ptrs, g1 gc, windows-amd64)
# No core dump will be written. Minidumps are not enabled by default on client versions of Windows
#

---------------  S U M M A R Y ------------

Command Line: --add-opens=java.base/java.util=ALL-UNNAMED --add-opens=java.base/java.lang=ALL-UNNAMED --add-opens=java.base/java.lang.invoke=ALL-UNNAMED --add-opens=java.prefs/java.util.prefs=ALL-UNNAMED --add-opens=java.base/java.nio.charset=ALL-UNNAMED --add-opens=java.base/java.net=ALL-UNNAMED --add-opens=java.base/java.util.concurrent.atomic=ALL-UNNAMED -Xmx2048m -Dfile.encoding=UTF-8 -Duser.country=VN -Duser.language=vi -Duser.variant org.gradle.launcher.daemon.bootstrap.GradleDaemon 8.0

Host: 11th Gen Intel(R) Core(TM) i7-1195G7 @ 2.90GHz, 8 cores, 7G,  Windows 11 , 64 bit Build 22621 (10.0.22621.2361)
Time: Tue Oct  3 07:18:31 2023 SE Asia Standard Time elapsed time: 4.146495 seconds (0d 0h 0m 4s)

---------------  T H R E A D  ---------------

Current thread (0x0000014611bf0ff0):  JavaThread "C2 CompilerThread1" daemon [_thread_in_native, id=13292, stack(0x000000338bd00000,0x000000338be00000)]


Current CompileTask:
C2:   4146 4216       4       org.codehaus.groovy.reflection.CachedMethod::compareTo (25 bytes)

Stack: [0x000000338bd00000,0x000000338be00000]
Native frames: (J=compiled Java code, j=interpreted, Vv=VM code, C=native code)
V  [jvm.dll+0x683b4a]
V  [jvm.dll+0x842654]
V  [jvm.dll+0x843dfe]
V  [jvm.dll+0x844463]
V  [jvm.dll+0x249b75]
V  [jvm.dll+0xabcac]
V  [jvm.dll+0xac27c]
V  [jvm.dll+0x368857]
V  [jvm.dll+0x332f31]
V  [jvm.dll+0x3323da]
V  [jvm.dll+0x21c201]
V  [jvm.dll+0x21b621]
V  [jvm.dll+0x1a4fdd]
V  [jvm.dll+0x22b098]
V  [jvm.dll+0x229159]
V  [jvm.dll+0x7f809c]
V  [jvm.dll+0x7f25fa]
V  [jvm.dll+0x682985]
C  [ucrtbase.dll+0x29363]
C  [KERNEL32.DLL+0x1257d]
C  [ntdll.dll+0x5aa78]


---------------  P R O C E S S  ---------------

Threads class SMR info:
_java_thread_list=0x000001461688d010, length=42, elements={
0x000001467710a8c0, 0x000001467ff4d500, 0x000001467ff4dec0, 0x000001467ff75d70,
0x000001467ff76730, 0x000001467ff77700, 0x000001467ff789e0, 0x000001461183fb50,
0x0000014611840500, 0x0000014611842780, 0x00000146119a87a0, 0x00000146119a9080,
0x0000014611bf0ff0, 0x00000146133b39e0, 0x00000146129e1ad0, 0x0000014612bc3650,
0x00000146125be790, 0x0000014614488030, 0x00000146130bd680, 0x00000146130bdb50,
0x0000014614499590, 0x0000014614499a60, 0x000001461449c0e0, 0x000001461449bc10,
0x000001461449c5b0, 0x000001461449ada0, 0x0000014614498bf0, 0x000001461449b740,
0x0000014614499f30, 0x000001461449a8d0, 0x000001461449a400, 0x000001461449b270,
0x00000146144990c0, 0x0000014614860a60, 0x000001461485f720, 0x000001461485df10,
0x000001461485ed80, 0x00000146148600c0, 0x0000014614862270, 0x000001461485cbd0,
0x0000014614860590, 0x0000014614860f30
}

Java Threads: ( => current thread )
  0x000001467710a8c0 JavaThread "main" [_thread_blocked, id=11832, stack(0x000000338aa00000,0x000000338ab00000)]
  0x000001467ff4d500 JavaThread "Reference Handler" daemon [_thread_blocked, id=18544, stack(0x000000338b100000,0x000000338b200000)]
  0x000001467ff4dec0 JavaThread "Finalizer" daemon [_thread_blocked, id=11840, stack(0x000000338b200000,0x000000338b300000)]
  0x000001467ff75d70 JavaThread "Signal Dispatcher" daemon [_thread_blocked, id=2444, stack(0x000000338b300000,0x000000338b400000)]
  0x000001467ff76730 JavaThread "Attach Listener" daemon [_thread_blocked, id=12284, stack(0x000000338b400000,0x000000338b500000)]
  0x000001467ff77700 JavaThread "Service Thread" daemon [_thread_blocked, id=13792, stack(0x000000338b500000,0x000000338b600000)]
  0x000001467ff789e0 JavaThread "Monitor Deflation Thread" daemon [_thread_blocked, id=21156, stack(0x000000338b600000,0x000000338b700000)]
  0x000001461183fb50 JavaThread "C2 CompilerThread0" daemon [_thread_in_native, id=18844, stack(0x000000338b700000,0x000000338b800000)]
  0x0000014611840500 JavaThread "C1 CompilerThread0" daemon [_thread_blocked, id=16088, stack(0x000000338b800000,0x000000338b900000)]
  0x0000014611842780 JavaThread "Sweeper thread" daemon [_thread_blocked, id=14564, stack(0x000000338b900000,0x000000338ba00000)]
  0x00000146119a87a0 JavaThread "Common-Cleaner" daemon [_thread_blocked, id=2844, stack(0x000000338ba00000,0x000000338bb00000)]
  0x00000146119a9080 JavaThread "Notification Thread" daemon [_thread_blocked, id=18680, stack(0x000000338bb00000,0x000000338bc00000)]
=>0x0000014611bf0ff0 JavaThread "C2 CompilerThread1" daemon [_thread_in_native, id=13292, stack(0x000000338bd00000,0x000000338be00000)]
  0x00000146133b39e0 JavaThread "Daemon health stats" [_thread_blocked, id=20544, stack(0x000000338c200000,0x000000338c300000)]
  0x00000146129e1ad0 JavaThread "Incoming local TCP Connector on port 60905" [_thread_in_native, id=9536, stack(0x000000338c300000,0x000000338c400000)]
  0x0000014612bc3650 JavaThread "Daemon periodic checks" [_thread_blocked, id=17524, stack(0x000000338c400000,0x000000338c500000)]
  0x00000146125be790 JavaThread "Daemon" [_thread_blocked, id=3664, stack(0x000000338c500000,0x000000338c600000)]
  0x0000014614488030 JavaThread "Handler for socket connection from /127.0.0.1:60905 to /127.0.0.1:60906" [_thread_in_native, id=16720, stack(0x000000338c600000,0x000000338c700000)]
  0x00000146130bd680 JavaThread "Cancel handler" [_thread_blocked, id=14828, stack(0x000000338c700000,0x000000338c800000)]
  0x00000146130bdb50 JavaThread "Daemon worker" [_thread_in_vm, id=19208, stack(0x000000338c800000,0x000000338c900000)]
  0x0000014614499590 JavaThread "Asynchronous log dispatcher for DefaultDaemonConnection: socket connection from /127.0.0.1:60905 to /127.0.0.1:60906" [_thread_blocked, id=7244, stack(0x000000338c900000,0x000000338ca00000)]
  0x0000014614499a60 JavaThread "Stdin handler" [_thread_blocked, id=20872, stack(0x000000338ca00000,0x000000338cb00000)]
  0x000001461449c0e0 JavaThread "Daemon client event forwarder" [_thread_blocked, id=12380, stack(0x000000338cb00000,0x000000338cc00000)]
  0x000001461449bc10 JavaThread "Cache worker for journal cache (C:\Users\thanh\.gradle\caches\journal-1)" [_thread_blocked, id=16960, stack(0x000000338d000000,0x000000338d100000)]
  0x000001461449c5b0 JavaThread "File lock request listener" [_thread_in_native, id=8588, stack(0x000000338d100000,0x000000338d200000)]
  0x000001461449ada0 JavaThread "Cache worker for file hash cache (C:\Users\thanh\.gradle\caches\8.0\fileHashes)" [_thread_blocked, id=21080, stack(0x000000338d200000,0x000000338d300000)]
  0x0000014614498bf0 JavaThread "File watcher server" daemon [_thread_in_native, id=3784, stack(0x000000338d300000,0x000000338d400000)]
  0x000001461449b740 JavaThread "File watcher consumer" daemon [_thread_blocked, id=20888, stack(0x000000338d400000,0x000000338d500000)]
  0x0000014614499f30 JavaThread "jar transforms" [_thread_blocked, id=17032, stack(0x000000338d500000,0x000000338d600000)]
  0x000001461449a8d0 JavaThread "jar transforms Thread 2" [_thread_blocked, id=6672, stack(0x000000338d600000,0x000000338d700000)]
  0x000001461449a400 JavaThread "jar transforms Thread 3" [_thread_blocked, id=2896, stack(0x000000338d700000,0x000000338d800000)]
  0x000001461449b270 JavaThread "jar transforms Thread 4" [_thread_blocked, id=19048, stack(0x000000338d800000,0x000000338d900000)]
  0x00000146144990c0 JavaThread "jar transforms Thread 5" [_thread_blocked, id=20056, stack(0x000000338d900000,0x000000338da00000)]
  0x0000014614860a60 JavaThread "jar transforms Thread 6" [_thread_blocked, id=10236, stack(0x000000338da00000,0x000000338db00000)]
  0x000001461485f720 JavaThread "jar transforms Thread 7" [_thread_blocked, id=16464, stack(0x000000338db00000,0x000000338dc00000)]
  0x000001461485df10 JavaThread "jar transforms Thread 8" [_thread_blocked, id=7140, stack(0x000000338dc00000,0x000000338dd00000)]
  0x000001461485ed80 JavaThread "Cache worker for checksums cache (C:\Users\thanh\AndroidStudioProjects\Foregroundservice\.gradle\8.0\checksums)" [_thread_blocked, id=10312, stack(0x000000338dd00000,0x000000338de00000)]
  0x00000146148600c0 JavaThread "Cache worker for cache directory md-rule (C:\Users\thanh\.gradle\caches\8.0\md-rule)" [_thread_blocked, id=19836, stack(0x000000338de00000,0x000000338df00000)]
  0x0000014614862270 JavaThread "Cache worker for file content cache (C:\Users\thanh\.gradle\caches\8.0\fileContent)" [_thread_blocked, id=6816, stack(0x000000338df00000,0x000000338e000000)]
  0x000001461485cbd0 JavaThread "Cache worker for file hash cache (C:\Users\thanh\AndroidStudioProjects\Foregroundservice\.gradle\8.0\fileHashes)" [_thread_blocked, id=17840, stack(0x000000338e000000,0x000000338e100000)]
  0x0000014614860590 JavaThread "Cache worker for cache directory md-supplier (C:\Users\thanh\.gradle\caches\8.0\md-supplier)" [_thread_blocked, id=12028, stack(0x000000338e100000,0x000000338e200000)]
  0x0000014614860f30 JavaThread "Cache worker for execution history cache (C:\Users\thanh\.gradle\caches\8.0\executionHistory)" [_thread_blocked, id=20300, stack(0x000000338e200000,0x000000338e300000)]

Other Threads:
  0x000001467ff49fb0 VMThread "VM Thread" [stack: 0x000000338b000000,0x000000338b100000] [id=13392]
  0x00000146119ab970 WatcherThread [stack: 0x000000338bc00000,0x000000338bd00000] [id=17948]
  0x00000146771659f0 GCTaskThread "GC Thread#0" [stack: 0x000000338ab00000,0x000000338ac00000] [id=9844]
  0x0000014612056940 GCTaskThread "GC Thread#1" [stack: 0x000000338be00000,0x000000338bf00000] [id=9436]
  0x000001461283fc20 GCTaskThread "GC Thread#2" [stack: 0x000000338bf00000,0x000000338c000000] [id=16680]
  0x0000014612681030 GCTaskThread "GC Thread#3" [stack: 0x000000338c000000,0x000000338c100000] [id=720]
  0x00000146131ec710 GCTaskThread "GC Thread#4" [stack: 0x000000338c100000,0x000000338c200000] [id=9700]
  0x0000014614dd7030 GCTaskThread "GC Thread#5" [stack: 0x000000338cc00000,0x000000338cd00000] [id=136]
  0x00000146146088b0 GCTaskThread "GC Thread#6" [stack: 0x000000338cd00000,0x000000338ce00000] [id=21236]
  0x0000014614608b60 GCTaskThread "GC Thread#7" [stack: 0x000000338ce00000,0x000000338cf00000] [id=20344]
  0x0000014677176840 ConcurrentGCThread "G1 Main Marker" [stack: 0x000000338ac00000,0x000000338ad00000] [id=12656]
  0x0000014677177160 ConcurrentGCThread "G1 Conc#0" [stack: 0x000000338ad00000,0x000000338ae00000] [id=4108]
  0x000001461453caa0 ConcurrentGCThread "G1 Conc#1" [stack: 0x000000338cf00000,0x000000338d000000] [id=13492]
  0x00000146771cdca0 ConcurrentGCThread "G1 Refine#0" [stack: 0x000000338ae00000,0x000000338af00000] [id=15216]
  0x00000146771ce5d0 ConcurrentGCThread "G1 Service" [stack: 0x000000338af00000,0x000000338b000000] [id=13016]

Threads with active compile tasks:
C2 CompilerThread0     4163 4130       4       java.util.Arrays::binarySearch0 (95 bytes)
C2 CompilerThread1     4163 4216       4       org.codehaus.groovy.reflection.CachedMethod::compareTo (25 bytes)

VM state: not at safepoint (normal execution)

VM Mutex/Monitor currently owned by a thread: None

Heap address: 0x0000000080000000, size: 2048 MB, Compressed Oops mode: 32-bit

CDS archive(s) not mapped
Compressed class space mapped at: 0x0000000100000000-0x0000000140000000, reserved size: 1073741824
Narrow klass base: 0x0000000000000000, Narrow klass shift: 3, Narrow klass range: 0x140000000

GC Precious Log:
 CPUs: 8 total, 8 available
 Memory: 7894M
 Large Page Support: Disabled
 NUMA Support: Disabled
 Compressed Oops: Enabled (32-bit)
 Heap Region Size: 1M
 Heap Min Capacity: 8M
 Heap Initial Capacity: 124M
 Heap Max Capacity: 2G
 Pre-touch: Disabled
 Parallel Workers: 8
 Concurrent Workers: 2
 Concurrent Refinement Workers: 8
 Periodic GC: Disabled

Heap:
 garbage-first heap   total 143360K, used 100001K [0x0000000080000000, 0x0000000100000000)
  region size 1024K, 14 young (14336K), 2 survivors (2048K)
 Metaspace       used 47298K, committed 47744K, reserved 1097728K
  class space    used 6270K, committed 6464K, reserved 1048576K

Heap Regions: E=young(eden), S=young(survivor), O=old, HS=humongous(starts), HC=humongous(continues), CS=collection set, F=free, OA=open archive, CA=closed archive, TAMS=top-at-mark-start (previous, next)
|   0|0x0000000080000000, 0x0000000080100000, 0x0000000080100000|100%|HS|  |TAMS 0x0000000080100000, 0x0000000080000000| Complete 
|   1|0x0000000080100000, 0x0000000080200000, 0x0000000080200000|100%|HC|  |TAMS 0x0000000080200000, 0x0000000080100000| Complete 
|   2|0x0000000080200000, 0x0000000080300000, 0x0000000080300000|100%|HC|  |TAMS 0x0000000080300000, 0x0000000080200000| Complete 
|   3|0x0000000080300000, 0x0000000080400000, 0x0000000080400000|100%|HC|  |TAMS 0x0000000080400000, 0x0000000080300000| Complete 
|   4|0x0000000080400000, 0x0000000080500000, 0x0000000080500000|100%| O|  |TAMS 0x0000000080500000, 0x0000000080400000| Untracked 
|   5|0x0000000080500000, 0x0000000080600000, 0x0000000080600000|100%| O|  |TAMS 0x0000000080600000, 0x0000000080500000| Untracked 
|   6|0x0000000080600000, 0x0000000080700000, 0x0000000080700000|100%| O|  |TAMS 0x0000000080700000, 0x0000000080600000| Untracked 
|   7|0x0000000080700000, 0x0000000080800000, 0x0000000080800000|100%| O|  |TAMS 0x0000000080800000, 0x0000000080700000| Untracked 
|   8|0x0000000080800000, 0x0000000080900000, 0x0000000080900000|100%| O|  |TAMS 0x0000000080900000, 0x0000000080800000| Untracked 
|   9|0x0000000080900000, 0x0000000080a00000, 0x0000000080a00000|100%| O|  |TAMS 0x0000000080a00000, 0x0000000080900000| Untracked 
|  10|0x0000000080a00000, 0x0000000080b00000, 0x0000000080b00000|100%| O|  |TAMS 0x0000000080b00000, 0x0000000080a00000| Untracked 
|  11|0x0000000080b00000, 0x0000000080b48a00, 0x0000000080c00000| 28%| O|  |TAMS 0x0000000080b48a00, 0x0000000080b00000| Complete 
|  12|0x0000000080c00000, 0x0000000080d00000, 0x0000000080d00000|100%| O|  |TAMS 0x0000000080d00000, 0x0000000080c00000| Untracked 
|  13|0x0000000080d00000, 0x0000000080e00000, 0x0000000080e00000|100%| O|  |TAMS 0x0000000080e00000, 0x0000000080d00000| Untracked 
|  14|0x0000000080e00000, 0x0000000080f00000, 0x0000000080f00000|100%| O|  |TAMS 0x0000000080f00000, 0x0000000080e00000| Untracked 
|  15|0x0000000080f00000, 0x0000000081000000, 0x0000000081000000|100%| O|  |TAMS 0x0000000081000000, 0x0000000080f00000| Untracked 
|  16|0x0000000081000000, 0x0000000081100000, 0x0000000081100000|100%| O|  |TAMS 0x0000000081100000, 0x0000000081000000| Untracked 
|  17|0x0000000081100000, 0x0000000081200000, 0x0000000081200000|100%| O|  |TAMS 0x0000000081200000, 0x0000000081100000| Untracked 
|  18|0x0000000081200000, 0x0000000081300000, 0x0000000081300000|100%| O|  |TAMS 0x0000000081300000, 0x0000000081200000| Untracked 
|  19|0x0000000081300000, 0x0000000081400000, 0x0000000081400000|100%| O|  |TAMS 0x0000000081400000, 0x0000000081300000| Untracked 
|  20|0x0000000081400000, 0x0000000081500000, 0x0000000081500000|100%|HS|  |TAMS 0x0000000081500000, 0x0000000081400000| Complete 
|  21|0x0000000081500000, 0x0000000081600000, 0x0000000081600000|100%|HC|  |TAMS 0x0000000081600000, 0x0000000081500000| Complete 
|  22|0x0000000081600000, 0x0000000081700000, 0x0000000081700000|100%|HS|  |TAMS 0x0000000081700000, 0x0000000081600000| Complete 
|  23|0x0000000081700000, 0x0000000081800000, 0x0000000081800000|100%|HC|  |TAMS 0x0000000081800000, 0x0000000081700000| Complete 
|  24|0x0000000081800000, 0x0000000081900000, 0x0000000081900000|100%| O|  |TAMS 0x0000000081900000, 0x0000000081800000| Untracked 
|  25|0x0000000081900000, 0x0000000081a00000, 0x0000000081a00000|100%| O|  |TAMS 0x0000000081a00000, 0x0000000081900000| Untracked 
|  26|0x0000000081a00000, 0x0000000081b00000, 0x0000000081b00000|100%| O|  |TAMS 0x0000000081b00000, 0x0000000081a00000| Untracked 
|  27|0x0000000081b00000, 0x0000000081c00000, 0x0000000081c00000|100%|HS|  |TAMS 0x0000000081c00000, 0x0000000081b00000| Complete 
|  28|0x0000000081c00000, 0x0000000081d00000, 0x0000000081d00000|100%|HC|  |TAMS 0x0000000081d00000, 0x0000000081c00000| Complete 
|  29|0x0000000081d00000, 0x0000000081e00000, 0x0000000081e00000|100%|HC|  |TAMS 0x0000000081e00000, 0x0000000081d00000| Complete 
|  30|0x0000000081e00000, 0x0000000081f00000, 0x0000000081f00000|100%|HS|  |TAMS 0x0000000081f00000, 0x0000000081e00000| Complete 
|  31|0x0000000081f00000, 0x0000000082000000, 0x0000000082000000|100%|HC|  |TAMS 0x0000000082000000, 0x0000000081f00000| Complete 
|  32|0x0000000082000000, 0x0000000082100000, 0x0000000082100000|100%|HC|  |TAMS 0x0000000082100000, 0x0000000082000000| Complete 
|  33|0x0000000082100000, 0x0000000082200000, 0x0000000082200000|100%| O|  |TAMS 0x0000000082200000, 0x0000000082100000| Untracked 
|  34|0x0000000082200000, 0x0000000082300000, 0x0000000082300000|100%| O|  |TAMS 0x0000000082300000, 0x0000000082200000| Untracked 
|  35|0x0000000082300000, 0x0000000082400000, 0x0000000082400000|100%| O|  |TAMS 0x0000000082400000, 0x0000000082300000| Untracked 
|  36|0x0000000082400000, 0x0000000082500000, 0x0000000082500000|100%|HS|  |TAMS 0x0000000082500000, 0x0000000082400000| Complete 
|  37|0x0000000082500000, 0x0000000082600000, 0x0000000082600000|100%|HC|  |TAMS 0x0000000082600000, 0x0000000082500000| Complete 
|  38|0x0000000082600000, 0x0000000082700000, 0x0000000082700000|100%|HS|  |TAMS 0x0000000082700000, 0x0000000082600000| Complete 
|  39|0x0000000082700000, 0x0000000082800000, 0x0000000082800000|100%|HC|  |TAMS 0x0000000082800000, 0x0000000082700000| Complete 
|  40|0x0000000082800000, 0x0000000082900000, 0x0000000082900000|100%|HC|  |TAMS 0x0000000082900000, 0x0000000082800000| Complete 
|  41|0x0000000082900000, 0x0000000082a00000, 0x0000000082a00000|100%|HC|  |TAMS 0x0000000082a00000, 0x0000000082900000| Complete 
|  42|0x0000000082a00000, 0x0000000082b00000, 0x0000000082b00000|100%|HC|  |TAMS 0x0000000082b00000, 0x0000000082a00000| Complete 
|  43|0x0000000082b00000, 0x0000000082c00000, 0x0000000082c00000|100%|HC|  |TAMS 0x0000000082c00000, 0x0000000082b00000| Complete 
|  44|0x0000000082c00000, 0x0000000082d00000, 0x0000000082d00000|100%|HS|  |TAMS 0x0000000082d00000, 0x0000000082c00000| Complete 
|  45|0x0000000082d00000, 0x0000000082e00000, 0x0000000082e00000|100%| O|  |TAMS 0x0000000082e00000, 0x0000000082d00000| Untracked 
|  46|0x0000000082e00000, 0x0000000082f00000, 0x0000000082f00000|100%|HS|  |TAMS 0x0000000082f00000, 0x0000000082e00000| Complete 
|  47|0x0000000082f00000, 0x0000000083000000, 0x0000000083000000|100%|HC|  |TAMS 0x0000000083000000, 0x0000000082f00000| Complete 
|  48|0x0000000083000000, 0x0000000083100000, 0x0000000083100000|100%|HC|  |TAMS 0x0000000083100000, 0x0000000083000000| Complete 
|  49|0x0000000083100000, 0x0000000083200000, 0x0000000083200000|100%|HC|  |TAMS 0x0000000083200000, 0x0000000083100000| Complete 
|  50|0x0000000083200000, 0x0000000083300000, 0x0000000083300000|100%|HC|  |TAMS 0x0000000083300000, 0x0000000083200000| Complete 
|  51|0x0000000083300000, 0x0000000083400000, 0x0000000083400000|100%|HC|  |TAMS 0x0000000083400000, 0x0000000083300000| Complete 
|  52|0x0000000083400000, 0x0000000083500000, 0x0000000083500000|100%|HC|  |TAMS 0x0000000083500000, 0x0000000083400000| Complete 
|  53|0x0000000083500000, 0x0000000083600000, 0x0000000083600000|100%|HC|  |TAMS 0x0000000083600000, 0x0000000083500000| Complete 
|  54|0x0000000083600000, 0x0000000083700000, 0x0000000083700000|100%|HC|  |TAMS 0x0000000083700000, 0x0000000083600000| Complete 
|  55|0x0000000083700000, 0x0000000083800000, 0x0000000083800000|100%|HC|  |TAMS 0x0000000083800000, 0x0000000083700000| Complete 
|  56|0x0000000083800000, 0x0000000083900000, 0x0000000083900000|100%| O|  |TAMS 0x0000000083900000, 0x0000000083800000| Untracked 
|  57|0x0000000083900000, 0x0000000083a00000, 0x0000000083a00000|100%| O|  |TAMS 0x0000000083a00000, 0x0000000083900000| Untracked 
|  58|0x0000000083a00000, 0x0000000083b00000, 0x0000000083b00000|100%| O|  |TAMS 0x0000000083b00000, 0x0000000083a00000| Untracked 
|  59|0x0000000083b00000, 0x0000000083c00000, 0x0000000083c00000|100%| O|  |TAMS 0x0000000083c00000, 0x0000000083b00000| Untracked 
|  60|0x0000000083c00000, 0x0000000083d00000, 0x0000000083d00000|100%| O|  |TAMS 0x0000000083d00000, 0x0000000083c00000| Untracked 
|  61|0x0000000083d00000, 0x0000000083e00000, 0x0000000083e00000|100%| O|  |TAMS 0x0000000083e00000, 0x0000000083d00000| Untracked 
|  62|0x0000000083e00000, 0x0000000083f00000, 0x0000000083f00000|100%| O|  |TAMS 0x0000000083f00000, 0x0000000083e00000| Untracked 
|  63|0x0000000083f00000, 0x0000000084000000, 0x0000000084000000|100%| O|  |TAMS 0x0000000083f38800, 0x0000000083f00000| Untracked 
|  64|0x0000000084000000, 0x0000000084100000, 0x0000000084100000|100%|HS|  |TAMS 0x0000000084100000, 0x0000000084000000| Complete 
|  65|0x0000000084100000, 0x0000000084200000, 0x0000000084200000|100%|HC|  |TAMS 0x0000000084200000, 0x0000000084100000| Complete 
|  66|0x0000000084200000, 0x0000000084300000, 0x0000000084300000|100%|HC|  |TAMS 0x0000000084300000, 0x0000000084200000| Complete 
|  67|0x0000000084300000, 0x0000000084400000, 0x0000000084400000|100%|HC|  |TAMS 0x0000000084400000, 0x0000000084300000| Complete 
|  68|0x0000000084400000, 0x0000000084500000, 0x0000000084500000|100%|HC|  |TAMS 0x0000000084500000, 0x0000000084400000| Complete 
|  69|0x0000000084500000, 0x0000000084600000, 0x0000000084600000|100%|HC|  |TAMS 0x0000000084600000, 0x0000000084500000| Complete 
|  70|0x0000000084600000, 0x0000000084700000, 0x0000000084700000|100%|HC|  |TAMS 0x0000000084700000, 0x0000000084600000| Complete 
|  71|0x0000000084700000, 0x0000000084800000, 0x0000000084800000|100%|HC|  |TAMS 0x0000000084800000, 0x0000000084700000| Complete 
|  72|0x0000000084800000, 0x0000000084900000, 0x0000000084900000|100%|HC|  |TAMS 0x0000000084900000, 0x0000000084800000| Complete 
|  73|0x0000000084900000, 0x0000000084a00000, 0x0000000084a00000|100%|HC|  |TAMS 0x0000000084a00000, 0x0000000084900000| Complete 
|  74|0x0000000084a00000, 0x0000000084b00000, 0x0000000084b00000|100%|HC|  |TAMS 0x0000000084b00000, 0x0000000084a00000| Complete 
|  75|0x0000000084b00000, 0x0000000084bf7c00, 0x0000000084c00000| 96%| O|  |TAMS 0x0000000084b00000, 0x0000000084b00000| Untracked 
|  76|0x0000000084c00000, 0x0000000084d00000, 0x0000000084d00000|100%|HS|  |TAMS 0x0000000084c00000, 0x0000000084c00000| Complete 
|  77|0x0000000084d00000, 0x0000000084e00000, 0x0000000084e00000|100%|HC|  |TAMS 0x0000000084d00000, 0x0000000084d00000| Complete 
|  78|0x0000000084e00000, 0x0000000084f00000, 0x0000000084f00000|100%|HS|  |TAMS 0x0000000084e00000, 0x0000000084e00000| Complete 
|  79|0x0000000084f00000, 0x0000000085000000, 0x0000000085000000|100%|HC|  |TAMS 0x0000000084f00000, 0x0000000084f00000| Complete 
|  80|0x0000000085000000, 0x0000000085100000, 0x0000000085100000|100%|HC|  |TAMS 0x0000000085000000, 0x0000000085000000| Complete 
|  81|0x0000000085100000, 0x0000000085200000, 0x0000000085200000|100%|HS|  |TAMS 0x0000000085100000, 0x0000000085100000| Complete 
|  82|0x0000000085200000, 0x0000000085300000, 0x0000000085300000|100%|HC|  |TAMS 0x0000000085200000, 0x0000000085200000| Complete 
|  83|0x0000000085300000, 0x0000000085400000, 0x0000000085400000|100%|HS|  |TAMS 0x0000000085300000, 0x0000000085300000| Complete 
|  84|0x0000000085400000, 0x0000000085500000, 0x0000000085500000|100%|HC|  |TAMS 0x0000000085400000, 0x0000000085400000| Complete 
|  85|0x0000000085500000, 0x0000000085600000, 0x0000000085600000|100%|HC|  |TAMS 0x0000000085500000, 0x0000000085500000| Complete 
|  86|0x0000000085600000, 0x0000000085700000, 0x0000000085700000|100%|HS|  |TAMS 0x0000000085600000, 0x0000000085600000| Complete 
|  87|0x0000000085700000, 0x0000000085700000, 0x0000000085800000|  0%| F|  |TAMS 0x0000000085700000, 0x0000000085700000| Untracked 
|  88|0x0000000085800000, 0x0000000085800000, 0x0000000085900000|  0%| F|  |TAMS 0x0000000085800000, 0x0000000085800000| Untracked 
|  89|0x0000000085900000, 0x0000000085900000, 0x0000000085a00000|  0%| F|  |TAMS 0x0000000085900000, 0x0000000085900000| Untracked 
|  90|0x0000000085a00000, 0x0000000085a00000, 0x0000000085b00000|  0%| F|  |TAMS 0x0000000085a00000, 0x0000000085a00000| Untracked 
|  91|0x0000000085b00000, 0x0000000085b00000, 0x0000000085c00000|  0%| F|  |TAMS 0x0000000085b00000, 0x0000000085b00000| Untracked 
|  92|0x0000000085c00000, 0x0000000085c00000, 0x0000000085d00000|  0%| F|  |TAMS 0x0000000085c00000, 0x0000000085c00000| Untracked 
|  93|0x0000000085d00000, 0x0000000085d00000, 0x0000000085e00000|  0%| F|  |TAMS 0x0000000085d00000, 0x0000000085d00000| Untracked 
|  94|0x0000000085e00000, 0x0000000085e00000, 0x0000000085f00000|  0%| F|  |TAMS 0x0000000085e00000, 0x0000000085e00000| Untracked 
|  95|0x0000000085f00000, 0x0000000085f00000, 0x0000000086000000|  0%| F|  |TAMS 0x0000000085f00000, 0x0000000085f00000| Untracked 
|  96|0x0000000086000000, 0x0000000086000000, 0x0000000086100000|  0%| F|  |TAMS 0x0000000086000000, 0x0000000086000000| Untracked 
|  97|0x0000000086100000, 0x0000000086100000, 0x0000000086200000|  0%| F|  |TAMS 0x0000000086100000, 0x0000000086100000| Untracked 
|  98|0x0000000086200000, 0x0000000086200000, 0x0000000086300000|  0%| F|  |TAMS 0x0000000086200000, 0x0000000086200000| Untracked 
|  99|0x0000000086300000, 0x0000000086300000, 0x0000000086400000|  0%| F|  |TAMS 0x0000000086300000, 0x0000000086300000| Untracked 
| 100|0x0000000086400000, 0x0000000086400000, 0x0000000086500000|  0%| F|  |TAMS 0x0000000086400000, 0x0000000086400000| Untracked 
| 101|0x0000000086500000, 0x0000000086500000, 0x0000000086600000|  0%| F|  |TAMS 0x0000000086500000, 0x0000000086500000| Untracked 
| 102|0x0000000086600000, 0x0000000086600000, 0x0000000086700000|  0%| F|  |TAMS 0x0000000086600000, 0x0000000086600000| Untracked 
| 103|0x0000000086700000, 0x0000000086700000, 0x0000000086800000|  0%| F|  |TAMS 0x0000000086700000, 0x0000000086700000| Untracked 
| 104|0x0000000086800000, 0x0000000086800000, 0x0000000086900000|  0%| F|  |TAMS 0x0000000086800000, 0x0000000086800000| Untracked 
| 105|0x0000000086900000, 0x0000000086900000, 0x0000000086a00000|  0%| F|  |TAMS 0x0000000086900000, 0x0000000086900000| Untracked 
| 106|0x0000000086a00000, 0x0000000086a00000, 0x0000000086b00000|  0%| F|  |TAMS 0x0000000086a00000, 0x0000000086a00000| Untracked 
| 107|0x0000000086b00000, 0x0000000086b00000, 0x0000000086c00000|  0%| F|  |TAMS 0x0000000086b00000, 0x0000000086b00000| Untracked 
| 108|0x0000000086c00000, 0x0000000086c00000, 0x0000000086d00000|  0%| F|  |TAMS 0x0000000086c00000, 0x0000000086c00000| Untracked 
| 109|0x0000000086d00000, 0x0000000086d00000, 0x0000000086e00000|  0%| F|  |TAMS 0x0000000086d00000, 0x0000000086d00000| Untracked 
| 110|0x0000000086e00000, 0x0000000086e00000, 0x0000000086f00000|  0%| F|  |TAMS 0x0000000086e00000, 0x0000000086e00000| Untracked 
| 111|0x0000000086f00000, 0x0000000086f00000, 0x0000000087000000|  0%| F|  |TAMS 0x0000000086f00000, 0x0000000086f00000| Untracked 
| 112|0x0000000087000000, 0x0000000087000000, 0x0000000087100000|  0%| F|  |TAMS 0x0000000087000000, 0x0000000087000000| Untracked 
| 113|0x0000000087100000, 0x0000000087100000, 0x0000000087200000|  0%| F|  |TAMS 0x0000000087100000, 0x0000000087100000| Untracked 
| 114|0x0000000087200000, 0x0000000087200000, 0x0000000087300000|  0%| F|  |TAMS 0x0000000087200000, 0x0000000087200000| Untracked 
| 115|0x0000000087300000, 0x0000000087300000, 0x0000000087400000|  0%| F|  |TAMS 0x0000000087300000, 0x0000000087300000| Untracked 
| 116|0x0000000087400000, 0x0000000087400000, 0x0000000087500000|  0%| F|  |TAMS 0x0000000087400000, 0x0000000087400000| Untracked 
| 117|0x0000000087500000, 0x0000000087500000, 0x0000000087600000|  0%| F|  |TAMS 0x0000000087500000, 0x0000000087500000| Untracked 
| 118|0x0000000087600000, 0x0000000087600000, 0x0000000087700000|  0%| F|  |TAMS 0x0000000087600000, 0x0000000087600000| Untracked 
| 119|0x0000000087700000, 0x0000000087700000, 0x0000000087800000|  0%| F|  |TAMS 0x0000000087700000, 0x0000000087700000| Untracked 
| 120|0x0000000087800000, 0x0000000087800000, 0x0000000087900000|  0%| F|  |TAMS 0x0000000087800000, 0x0000000087800000| Untracked 
| 121|0x0000000087900000, 0x0000000087900000, 0x0000000087a00000|  0%| F|  |TAMS 0x0000000087900000, 0x0000000087900000| Untracked 
| 122|0x0000000087a00000, 0x0000000087a00000, 0x0000000087b00000|  0%| F|  |TAMS 0x0000000087a00000, 0x0000000087a00000| Untracked 
| 123|0x0000000087b00000, 0x0000000087b00000, 0x0000000087c00000|  0%| F|  |TAMS 0x0000000087b00000, 0x0000000087b00000| Untracked 
| 124|0x0000000087c00000, 0x0000000087c00000, 0x0000000087d00000|  0%| F|  |TAMS 0x0000000087c00000, 0x0000000087c00000| Untracked 
| 125|0x0000000087d00000, 0x0000000087d00000, 0x0000000087e00000|  0%| F|  |TAMS 0x0000000087d00000, 0x0000000087d00000| Untracked 
| 126|0x0000000087e00000, 0x0000000087e7fc10, 0x0000000087f00000| 49%| E|  |TAMS 0x0000000087e00000, 0x0000000087e00000| Complete 
| 127|0x0000000087f00000, 0x0000000087fc3698, 0x0000000088000000| 76%| E|  |TAMS 0x0000000087f00000, 0x0000000087f00000| Complete 
| 128|0x0000000088000000, 0x0000000088100000, 0x0000000088100000|100%| E|CS|TAMS 0x0000000088000000, 0x0000000088000000| Complete 
| 129|0x0000000088100000, 0x0000000088200000, 0x0000000088200000|100%| E|CS|TAMS 0x0000000088100000, 0x0000000088100000| Complete 
| 130|0x0000000088200000, 0x0000000088300000, 0x0000000088300000|100%| E|CS|TAMS 0x0000000088200000, 0x0000000088200000| Complete 
| 131|0x0000000088300000, 0x0000000088400000, 0x0000000088400000|100%| E|CS|TAMS 0x0000000088300000, 0x0000000088300000| Complete 
| 132|0x0000000088400000, 0x00000000884681e0, 0x0000000088500000| 40%| S|CS|TAMS 0x0000000088400000, 0x0000000088400000| Complete 
| 133|0x0000000088500000, 0x0000000088600000, 0x0000000088600000|100%| S|CS|TAMS 0x0000000088500000, 0x0000000088500000| Complete 
| 134|0x0000000088600000, 0x0000000088700000, 0x0000000088700000|100%| E|CS|TAMS 0x0000000088600000, 0x0000000088600000| Complete 
| 135|0x0000000088700000, 0x0000000088800000, 0x0000000088800000|100%| E|CS|TAMS 0x0000000088700000, 0x0000000088700000| Complete 
| 136|0x0000000088800000, 0x0000000088900000, 0x0000000088900000|100%| E|CS|TAMS 0x0000000088800000, 0x0000000088800000| Complete 
| 137|0x0000000088900000, 0x0000000088a00000, 0x0000000088a00000|100%| E|CS|TAMS 0x0000000088900000, 0x0000000088900000| Complete 
| 138|0x0000000088a00000, 0x0000000088b00000, 0x0000000088b00000|100%| E|CS|TAMS 0x0000000088a00000, 0x0000000088a00000| Complete 
| 139|0x0000000088b00000, 0x0000000088c00000, 0x0000000088c00000|100%| E|CS|TAMS 0x0000000088b00000, 0x0000000088b00000| Complete 

Card table byte_map: [0x000001467ad00000,0x000001467b100000] _byte_map_base: 0x000001467a900000

Marking Bits (Prev, Next): (CMBitMap*) 0x0000014677165f50, (CMBitMap*) 0x0000014677165f10
 Prev Bits: [0x000001467d500000, 0x000001467f500000)
 Next Bits: [0x000001467b500000, 0x000001467d500000)

Polling page: 0x0000014675030000

Metaspace:

Usage:
  Non-class:     40.18 MB used.
      Class:      6.12 MB used.
       Both:     46.30 MB used.

Virtual space:
  Non-class space:       48.00 MB reserved,      40.44 MB ( 84%) committed,  6 nodes.
      Class space:        1.00 GB reserved,       6.31 MB ( <1%) committed,  1 nodes.
             Both:        1.05 GB reserved,      46.75 MB (  4%) committed. 

Chunk freelists:
   Non-Class:  3.28 MB
       Class:  1.53 MB
        Both:  4.80 MB

MaxMetaspaceSize: unlimited
CompressedClassSpaceSize: 1.00 GB
Initial GC threshold: 21.00 MB
Current GC threshold: 76.56 MB
CDS: off
MetaspaceReclaimPolicy: balanced
 - commit_granule_bytes: 65536.
 - commit_granule_words: 8192.
 - virtual_space_node_default_size: 1048576.
 - enlarge_chunks_in_place: 1.
 - new_chunks_are_fully_committed: 0.
 - uncommit_free_chunks: 1.
 - use_allocation_guard: 0.
 - handle_deallocations: 1.


Internal statistics:

num_allocs_failed_limit: 3.
num_arena_births: 450.
num_arena_deaths: 0.
num_vsnodes_births: 7.
num_vsnodes_deaths: 0.
num_space_committed: 748.
num_space_uncommitted: 0.
num_chunks_returned_to_freelist: 3.
num_chunks_taken_from_freelist: 1899.
num_chunk_merges: 3.
num_chunk_splits: 1240.
num_chunks_enlarged: 845.
num_purges: 0.
num_inconsistent_stats: 0.

CodeHeap 'non-profiled nmethods': size=120000Kb used=2442Kb max_used=2442Kb free=117557Kb
 bounds [0x0000014607ad0000, 0x0000014607d40000, 0x000001460f000000]
CodeHeap 'profiled nmethods': size=120000Kb used=8817Kb max_used=8817Kb free=111182Kb
 bounds [0x0000014600000000, 0x00000146008a0000, 0x0000014607530000]
CodeHeap 'non-nmethods': size=5760Kb used=2351Kb max_used=2351Kb free=3408Kb
 bounds [0x0000014607530000, 0x00000146077a0000, 0x0000014607ad0000]
 total_blobs=5028 nmethods=4220 adapters=717
 compilation: enabled
              stopped_count=0, restarted_count=0
 full_count=0

Compilation events (20 events):
Event: 4.084 Thread 0x0000014611840500 4225       3       java.util.TreeMap::rotateLeft (96 bytes)
Event: 4.084 Thread 0x0000014611840500 nmethod 4225 0x0000014600896d90 code [0x0000014600896f60, 0x0000014600897498]
Event: 4.088 Thread 0x0000014611840500 4227   !   3       com.sun.beans.util.Cache::removeStaleEntries (163 bytes)
Event: 4.089 Thread 0x0000014611840500 nmethod 4227 0x0000014600897610 code [0x0000014600897880, 0x0000014600898828]
Event: 4.089 Thread 0x0000014611840500 4228       3       org.codehaus.groovy.util.FastArray::get (7 bytes)
Event: 4.089 Thread 0x0000014611840500 nmethod 4228 0x0000014600899010 code [0x00000146008991a0, 0x00000146008992d8]
Event: 4.092 Thread 0x0000014611840500 4230       1       com.google.common.collect.MapMakerInternalMap$StrongKeyWeakValueSegment::access$100 (5 bytes)
Event: 4.092 Thread 0x0000014611840500 nmethod 4230 0x0000014607d32010 code [0x0000014607d321a0, 0x0000014607d32258]
Event: 4.094 Thread 0x0000014611840500 4231       3       com.google.common.collect.MapMakerInternalMap::segmentFor (17 bytes)
Event: 4.095 Thread 0x0000014611840500 nmethod 4231 0x0000014600899390 code [0x0000014600899520, 0x0000014600899658]
Event: 4.097 Thread 0x0000014611840500 4232       3       com.google.common.collect.MapMakerInternalMap$StrongKeyWeakValueSegment::self (5 bytes)
Event: 4.097 Thread 0x0000014611840500 nmethod 4232 0x0000014600899710 code [0x00000146008998a0, 0x0000014600899a18]
Event: 4.097 Thread 0x0000014611840500 4233       3       com.google.common.collect.MapMakerInternalMap$StrongKeyWeakValueSegment::self (2 bytes)
Event: 4.097 Thread 0x0000014611840500 nmethod 4233 0x0000014600899b10 code [0x0000014600899ca0, 0x0000014600899db8]
Event: 4.099 Thread 0x0000014611840500 4234       3       java.lang.invoke.BoundMethodHandle$Species_L::<init> (12 bytes)
Event: 4.099 Thread 0x0000014611840500 nmethod 4234 0x0000014600899e90 code [0x000001460089a040, 0x000001460089a268]
Event: 4.101 Thread 0x0000014611840500 4235       1       java.lang.Thread::isInterrupted (5 bytes)
Event: 4.101 Thread 0x0000014611840500 nmethod 4235 0x0000014607d32310 code [0x0000014607d324a0, 0x0000014607d32578]
Event: 4.103 Thread 0x0000014611840500 4236       3       com.google.common.collect.MapMakerInternalMap$Segment::getEntry (80 bytes)
Event: 4.103 Thread 0x0000014611840500 nmethod 4236 0x000001460089a390 code [0x000001460089a640, 0x000001460089b688]

GC Heap History (20 events):
Event: 2.435 GC heap before
{Heap before GC invocations=7 (full 0):
 garbage-first heap   total 80896K, used 45798K [0x0000000080000000, 0x0000000100000000)
  region size 1024K, 5 young (5120K), 4 survivors (4096K)
 Metaspace       used 29322K, committed 29696K, reserved 1081344K
  class space    used 3988K, committed 4160K, reserved 1048576K
}
Event: 2.437 GC heap after
{Heap after GC invocations=8 (full 0):
 garbage-first heap   total 97280K, used 46204K [0x0000000080000000, 0x0000000100000000)
  region size 1024K, 1 young (1024K), 1 survivors (1024K)
 Metaspace       used 29322K, committed 29696K, reserved 1081344K
  class space    used 3988K, committed 4160K, reserved 1048576K
}
Event: 2.468 GC heap before
{Heap before GC invocations=9 (full 0):
 garbage-first heap   total 97280K, used 54396K [0x0000000080000000, 0x0000000100000000)
  region size 1024K, 2 young (2048K), 1 survivors (1024K)
 Metaspace       used 29323K, committed 29696K, reserved 1081344K
  class space    used 3988K, committed 4160K, reserved 1048576K
}
Event: 2.469 GC heap after
{Heap after GC invocations=10 (full 0):
 garbage-first heap   total 97280K, used 54471K [0x0000000080000000, 0x0000000100000000)
  region size 1024K, 1 young (1024K), 1 survivors (1024K)
 Metaspace       used 29323K, committed 29696K, reserved 1081344K
  class space    used 3988K, committed 4160K, reserved 1048576K
}
Event: 2.683 GC heap before
{Heap before GC invocations=11 (full 0):
 garbage-first heap   total 97280K, used 74951K [0x0000000080000000, 0x0000000100000000)
  region size 1024K, 21 young (21504K), 1 survivors (1024K)
 Metaspace       used 31979K, committed 32384K, reserved 1081344K
  class space    used 4419K, committed 4608K, reserved 1048576K
}
Event: 2.686 GC heap after
{Heap after GC invocations=12 (full 0):
 garbage-first heap   total 97280K, used 57671K [0x0000000080000000, 0x0000000100000000)
  region size 1024K, 3 young (3072K), 3 survivors (3072K)
 Metaspace       used 31979K, committed 32384K, reserved 1081344K
  class space    used 4419K, committed 4608K, reserved 1048576K
}
Event: 2.921 GC heap before
{Heap before GC invocations=12 (full 0):
 garbage-first heap   total 97280K, used 76103K [0x0000000080000000, 0x0000000100000000)
  region size 1024K, 21 young (21504K), 3 survivors (3072K)
 Metaspace       used 34722K, committed 35072K, reserved 1081344K
  class space    used 4847K, committed 4992K, reserved 1048576K
}
Event: 2.923 GC heap after
{Heap after GC invocations=13 (full 0):
 garbage-first heap   total 97280K, used 58783K [0x0000000080000000, 0x0000000100000000)
  region size 1024K, 1 young (1024K), 1 survivors (1024K)
 Metaspace       used 34722K, committed 35072K, reserved 1081344K
  class space    used 4847K, committed 4992K, reserved 1048576K
}
Event: 3.256 GC heap before
{Heap before GC invocations=14 (full 0):
 garbage-first heap   total 102400K, used 76191K [0x0000000080000000, 0x0000000100000000)
  region size 1024K, 19 young (19456K), 1 survivors (1024K)
 Metaspace       used 40192K, committed 40576K, reserved 1089536K
  class space    used 5430K, committed 5632K, reserved 1048576K
}
Event: 3.259 GC heap after
{Heap after GC invocations=15 (full 0):
 garbage-first heap   total 102400K, used 61344K [0x0000000080000000, 0x0000000100000000)
  region size 1024K, 3 young (3072K), 3 survivors (3072K)
 Metaspace       used 40192K, committed 40576K, reserved 1089536K
  class space    used 5430K, committed 5632K, reserved 1048576K
}
Event: 3.390 GC heap before
{Heap before GC invocations=15 (full 0):
 garbage-first heap   total 102400K, used 80800K [0x0000000080000000, 0x0000000100000000)
  region size 1024K, 23 young (23552K), 3 survivors (3072K)
 Metaspace       used 41641K, committed 42048K, reserved 1089536K
  class space    used 5574K, committed 5760K, reserved 1048576K
}
Event: 3.395 GC heap after
{Heap after GC invocations=16 (full 0):
 garbage-first heap   total 102400K, used 64127K [0x0000000080000000, 0x0000000100000000)
  region size 1024K, 3 young (3072K), 3 survivors (3072K)
 Metaspace       used 41641K, committed 42048K, reserved 1089536K
  class space    used 5574K, committed 5760K, reserved 1048576K
}
Event: 3.464 GC heap before
{Heap before GC invocations=17 (full 0):
 garbage-first heap   total 112640K, used 71295K [0x0000000080000000, 0x0000000100000000)
  region size 1024K, 12 young (12288K), 3 survivors (3072K)
 Metaspace       used 42083K, committed 42496K, reserved 1089536K
  class space    used 5620K, committed 5824K, reserved 1048576K
}
Event: 3.467 GC heap after
{Heap after GC invocations=18 (full 0):
 garbage-first heap   total 112640K, used 64709K [0x0000000080000000, 0x0000000100000000)
  region size 1024K, 2 young (2048K), 2 survivors (2048K)
 Metaspace       used 42083K, committed 42496K, reserved 1089536K
  class space    used 5620K, committed 5824K, reserved 1048576K
}
Event: 3.808 GC heap before
{Heap before GC invocations=19 (full 0):
 garbage-first heap   total 117760K, used 92357K [0x0000000080000000, 0x0000000100000000)
  region size 1024K, 26 young (26624K), 2 survivors (2048K)
 Metaspace       used 46119K, committed 46528K, reserved 1089536K
  class space    used 6118K, committed 6336K, reserved 1048576K
}
Event: 3.811 GC heap after
{Heap after GC invocations=20 (full 0):
 garbage-first heap   total 117760K, used 65825K [0x0000000080000000, 0x0000000100000000)
  region size 1024K, 3 young (3072K), 3 survivors (3072K)
 Metaspace       used 46119K, committed 46528K, reserved 1089536K
  class space    used 6118K, committed 6336K, reserved 1048576K
}
Event: 3.908 GC heap before
{Heap before GC invocations=20 (full 0):
 garbage-first heap   total 117760K, used 70945K [0x0000000080000000, 0x0000000100000000)
  region size 1024K, 10 young (10240K), 3 survivors (3072K)
 Metaspace       used 46549K, committed 47040K, reserved 1097728K
  class space    used 6188K, committed 6400K, reserved 1048576K
}
Event: 3.911 GC heap after
{Heap after GC invocations=21 (full 0):
 garbage-first heap   total 117760K, used 67189K [0x0000000080000000, 0x0000000100000000)
  region size 1024K, 4 young (4096K), 4 survivors (4096K)
 Metaspace       used 46549K, committed 47040K, reserved 1097728K
  class space    used 6188K, committed 6400K, reserved 1048576K
}
Event: 3.957 GC heap before
{Heap before GC invocations=22 (full 0):
 garbage-first heap   total 137216K, used 78453K [0x0000000080000000, 0x0000000100000000)
  region size 1024K, 5 young (5120K), 4 survivors (4096K)
 Metaspace       used 46549K, committed 47040K, reserved 1097728K
  class space    used 6188K, committed 6400K, reserved 1048576K
}
Event: 3.959 GC heap after
{Heap after GC invocations=23 (full 0):
 garbage-first heap   total 137216K, used 78497K [0x0000000080000000, 0x0000000100000000)
  region size 1024K, 2 young (2048K), 2 survivors (2048K)
 Metaspace       used 46549K, committed 47040K, reserved 1097728K
  class space    used 6188K, committed 6400K, reserved 1048576K
}

Dll operation events (2 events):
Event: 0.007 Loaded shared library C:\Program Files\Android\Android Studio\jbr\bin\java.dll
Event: 0.374 Loaded shared library C:\Program Files\Android\Android Studio\jbr\bin\verify.dll

Deoptimization events (20 events):
Event: 3.837 Thread 0x00000146130bdb50 DEOPT PACKING pc=0x0000014607cd277c sp=0x000000338c8f8150
Event: 3.837 Thread 0x00000146130bdb50 DEOPT UNPACKING pc=0x000001460758a1a3 sp=0x000000338c8f80e0 mode 2
Event: 3.959 Thread 0x00000146130bdb50 Uncommon trap: trap_request=0xffffff45 fr.pc=0x0000014607c3f710 relative=0x0000000000003390
Event: 3.959 Thread 0x00000146130bdb50 Uncommon trap: reason=unstable_if action=reinterpret pc=0x0000014607c3f710 method=java.util.zip.ZipFile$Source.getMetaVersion(II)I @ 53 c2
Event: 3.959 Thread 0x00000146130bdb50 DEOPT PACKING pc=0x0000014607c3f710 sp=0x000000338c8f8ba0
Event: 3.959 Thread 0x00000146130bdb50 DEOPT UNPACKING pc=0x000001460758a1a3 sp=0x000000338c8f8b00 mode 2
Event: 3.984 Thread 0x00000146130bdb50 DEOPT PACKING pc=0x000001460084bee9 sp=0x000000338c8f8b10
Event: 3.984 Thread 0x00000146130bdb50 DEOPT UNPACKING pc=0x000001460758ace3 sp=0x000000338c8f8090 mode 0
Event: 3.994 Thread 0x00000146130bdb50 DEOPT PACKING pc=0x000001460084bee9 sp=0x000000338c8f8b10
Event: 3.994 Thread 0x00000146130bdb50 DEOPT UNPACKING pc=0x000001460758ace3 sp=0x000000338c8f8090 mode 0
Event: 4.005 Thread 0x00000146130bdb50 DEOPT PACKING pc=0x000001460084bee9 sp=0x000000338c8f8b10
Event: 4.005 Thread 0x00000146130bdb50 DEOPT UNPACKING pc=0x000001460758ace3 sp=0x000000338c8f8090 mode 0
Event: 4.007 Thread 0x00000146130bdb50 Uncommon trap: trap_request=0xffffff45 fr.pc=0x0000014607c36680 relative=0x0000000000004060
Event: 4.007 Thread 0x00000146130bdb50 Uncommon trap: reason=unstable_if action=reinterpret pc=0x0000014607c36680 method=java.lang.StringLatin1.regionMatchesCI([BI[BII)Z @ 72 c2
Event: 4.007 Thread 0x00000146130bdb50 DEOPT PACKING pc=0x0000014607c36680 sp=0x000000338c8f93e0
Event: 4.007 Thread 0x00000146130bdb50 DEOPT UNPACKING pc=0x000001460758a1a3 sp=0x000000338c8f9198 mode 2
Event: 4.007 Thread 0x00000146130bdb50 Uncommon trap: trap_request=0xffffff45 fr.pc=0x0000014607bac08c relative=0x000000000000064c
Event: 4.007 Thread 0x00000146130bdb50 Uncommon trap: reason=unstable_if action=reinterpret pc=0x0000014607bac08c method=java.lang.StringLatin1.regionMatchesCI([BI[BII)Z @ 72 c2
Event: 4.007 Thread 0x00000146130bdb50 DEOPT PACKING pc=0x0000014607bac08c sp=0x000000338c8f9260
Event: 4.007 Thread 0x00000146130bdb50 DEOPT UNPACKING pc=0x000001460758a1a3 sp=0x000000338c8f9128 mode 2

Classes unloaded (0 events):
No events

Classes redefined (0 events):
No events

Internal exceptions (20 events):
Event: 4.051 Thread 0x00000146130bdb50 Exception <a 'java/lang/ClassNotFoundException'{0x000000008887ad50}: org/gradle/internal/service/DefaultServiceRegistryCustomizer> (0x000000008887ad50) 
thrown [s\src\hotspot\share\classfile\systemDictionary.cpp, line 256]
Event: 4.052 Thread 0x00000146130bdb50 Exception <a 'java/lang/ClassNotFoundException'{0x000000008889ea50}: org/gradle/internal/service/scopes/GradleScopeServicesCustomizer> (0x000000008889ea50) 
thrown [s\src\hotspot\share\classfile\systemDictionary.cpp, line 256]
Event: 4.056 Thread 0x00000146130bdb50 Exception <a 'java/lang/ClassNotFoundException'{0x00000000888cc538}: org/gradle/util/GradleVersionBeanInfo> (0x00000000888cc538) 
thrown [s\src\hotspot\share\classfile\systemDictionary.cpp, line 256]
Event: 4.056 Thread 0x00000146130bdb50 Exception <a 'java/lang/ClassNotFoundException'{0x00000000888e00a0}: org/gradle/util/GradleVersionCustomizer> (0x00000000888e00a0) 
thrown [s\src\hotspot\share\classfile\systemDictionary.cpp, line 256]
Event: 4.059 Thread 0x00000146130bdb50 Exception <a 'java/lang/ClassNotFoundException'{0x000000008871d750}: org/gradle/util/internal/DefaultGradleVersionBeanInfo> (0x000000008871d750) 
thrown [s\src\hotspot\share\classfile\systemDictionary.cpp, line 256]
Event: 4.060 Thread 0x00000146130bdb50 Exception <a 'java/lang/ClassNotFoundException'{0x0000000088732110}: org/gradle/util/internal/DefaultGradleVersionCustomizer> (0x0000000088732110) 
thrown [s\src\hotspot\share\classfile\systemDictionary.cpp, line 256]
Event: 4.064 Thread 0x00000146130bdb50 Exception <a 'java/lang/ClassNotFoundException'{0x000000008878d718}: org/jetbrains/plugins/gradle/tooling/internal/ExtraModelBuilderBeanInfo> (0x000000008878d718) 
thrown [s\src\hotspot\share\classfile\systemDictionary.cpp, line 256]
Event: 4.064 Thread 0x00000146130bdb50 Exception <a 'java/lang/ClassNotFoundException'{0x0000000088797928}: org/jetbrains/plugins/gradle/tooling/internal/ExtraModelBuilderCustomizer> (0x0000000088797928) 
thrown [s\src\hotspot\share\classfile\systemDictionary.cpp, line 256]
Event: 4.071 Thread 0x00000146130bdb50 Exception <a 'java/lang/ClassNotFoundException'{0x00000000886bedc8}: java/lang/StringBeanInfo> (0x00000000886bedc8) 
thrown [s\src\hotspot\share\classfile\systemDictionary.cpp, line 256]
Event: 4.071 Thread 0x00000146130bdb50 Exception <a 'java/lang/ClassNotFoundException'{0x00000000886c7098}: java/lang/StringCustomizer> (0x00000000886c7098) 
thrown [s\src\hotspot\share\classfile\systemDictionary.cpp, line 256]
Event: 4.080 Thread 0x00000146130bdb50 Exception <a 'java/lang/ClassNotFoundException'{0x000000008823cdf0}: org/gradle/internal/classloader/VisitableURLClassLoaderBeanInfo> (0x000000008823cdf0) 
thrown [s\src\hotspot\share\classfile\systemDictionary.cpp, line 256]
Event: 4.081 Thread 0x00000146130bdb50 Exception <a 'java/lang/ClassNotFoundException'{0x0000000088245110}: java/net/URLClassLoaderBeanInfo> (0x0000000088245110) 
thrown [s\src\hotspot\share\classfile\systemDictionary.cpp, line 256]
Event: 4.081 Thread 0x00000146130bdb50 Exception <a 'java/lang/ClassNotFoundException'{0x000000008824d728}: java/security/SecureClassLoaderBeanInfo> (0x000000008824d728) 
thrown [s\src\hotspot\share\classfile\systemDictionary.cpp, line 256]
Event: 4.081 Thread 0x00000146130bdb50 Exception <a 'java/lang/ClassNotFoundException'{0x0000000088256380}: java/lang/ClassLoaderBeanInfo> (0x0000000088256380) 
thrown [s\src\hotspot\share\classfile\systemDictionary.cpp, line 256]
Event: 4.082 Thread 0x00000146130bdb50 Exception <a 'java/lang/ClassNotFoundException'{0x000000008825e918}: java/lang/ClassLoaderCustomizer> (0x000000008825e918) 
thrown [s\src\hotspot\share\classfile\systemDictionary.cpp, line 256]
Event: 4.082 Thread 0x00000146130bdb50 Exception <a 'java/lang/ClassNotFoundException'{0x00000000882741b0}: java/security/SecureClassLoaderCustomizer> (0x00000000882741b0) 
thrown [s\src\hotspot\share\classfile\systemDictionary.cpp, line 256]
Event: 4.083 Thread 0x00000146130bdb50 Exception <a 'java/lang/ClassNotFoundException'{0x000000008827e7d8}: java/net/URLClassLoaderCustomizer> (0x000000008827e7d8) 
thrown [s\src\hotspot\share\classfile\systemDictionary.cpp, line 256]
Event: 4.084 Thread 0x00000146130bdb50 Exception <a 'java/lang/ClassNotFoundException'{0x00000000882993a8}: org/gradle/internal/classloader/VisitableURLClassLoaderCustomizer> (0x00000000882993a8) 
thrown [s\src\hotspot\share\classfile\systemDictionary.cpp, line 256]
Event: 4.088 Thread 0x00000146130bdb50 Exception <a 'java/lang/ClassNotFoundException'{0x00000000882cf980}: org/jetbrains/plugins/gradle/tooling/internal/ExtraModelBuilder$ForGradle44BeanInfo> (0x00000000882cf980) 
thrown [s\src\hotspot\share\classfile\systemDictionary.cpp, line 256]
Event: 4.088 Thread 0x00000146130bdb50 Exception <a 'java/lang/ClassNotFoundException'{0x00000000882da980}: org/jetbrains/plugins/gradle/tooling/internal/ExtraModelBuilder$ForGradle44Customizer> (0x00000000882da980) 
thrown [s\src\hotspot\share\classfile\systemDictionary.cpp, line 256]

VM Operations (20 events):
Event: 3.651 Executing VM operation: HandshakeAllThreads
Event: 3.651 Executing VM operation: HandshakeAllThreads done
Event: 3.664 Executing VM operation: HandshakeAllThreads
Event: 3.665 Executing VM operation: HandshakeAllThreads done
Event: 3.665 Executing VM operation: HandshakeAllThreads
Event: 3.665 Executing VM operation: HandshakeAllThreads done
Event: 3.808 Executing VM operation: G1CollectForAllocation
Event: 3.811 Executing VM operation: G1CollectForAllocation done
Event: 3.908 Executing VM operation: G1TryInitiateConcMark
Event: 3.911 Executing VM operation: G1TryInitiateConcMark done
Event: 3.931 Executing VM operation: G1Concurrent
Event: 3.933 Executing VM operation: G1Concurrent done
Event: 3.942 Executing VM operation: G1Concurrent
Event: 3.942 Executing VM operation: G1Concurrent done
Event: 3.957 Executing VM operation: G1TryInitiateConcMark
Event: 3.959 Executing VM operation: G1TryInitiateConcMark done
Event: 3.980 Executing VM operation: G1Concurrent
Event: 3.982 Executing VM operation: G1Concurrent done
Event: 3.992 Executing VM operation: G1Concurrent
Event: 3.992 Executing VM operation: G1Concurrent done

Events (20 events):
Event: 4.081 loading class java/security/SecureClassLoaderBeanInfo
Event: 4.081 loading class java/security/SecureClassLoaderBeanInfo done
Event: 4.081 loading class java/security/SecureClassLoaderBeanInfo
Event: 4.081 loading class java/security/SecureClassLoaderBeanInfo done
Event: 4.081 loading class java/lang/ClassLoaderBeanInfo
Event: 4.081 loading class java/lang/ClassLoaderBeanInfo done
Event: 4.081 loading class java/lang/ClassLoaderBeanInfo
Event: 4.081 loading class java/lang/ClassLoaderBeanInfo done
Event: 4.081 loading class java/lang/ClassLoaderCustomizer
Event: 4.081 loading class java/lang/ClassLoaderCustomizer done
Event: 4.082 loading class java/lang/ClassLoaderCustomizer
Event: 4.082 loading class java/lang/ClassLoaderCustomizer done
Event: 4.082 loading class java/security/SecureClassLoaderCustomizer
Event: 4.082 loading class java/security/SecureClassLoaderCustomizer done
Event: 4.082 loading class java/security/SecureClassLoaderCustomizer
Event: 4.082 loading class java/security/SecureClassLoaderCustomizer done
Event: 4.083 loading class java/net/URLClassLoaderCustomizer
Event: 4.083 loading class java/net/URLClassLoaderCustomizer done
Event: 4.083 loading class java/net/URLClassLoaderCustomizer
Event: 4.083 loading class java/net/URLClassLoaderCustomizer done


Dynamic libraries:
0x00007ff77ff00000 - 0x00007ff77ff0a000 	C:\Program Files\Android\Android Studio\jbr\bin\java.exe
0x00007ffc457b0000 - 0x00007ffc459c7000 	C:\WINDOWS\SYSTEM32\ntdll.dll
0x00007ffc43e10000 - 0x00007ffc43ed4000 	C:\WINDOWS\System32\KERNEL32.DLL
0x00007ffc42c40000 - 0x00007ffc42fe6000 	C:\WINDOWS\System32\KERNELBASE.dll
0x00007ffc42ff0000 - 0x00007ffc43101000 	C:\WINDOWS\System32\ucrtbase.dll
0x00007ffc19fd0000 - 0x00007ffc19feb000 	C:\Program Files\Android\Android Studio\jbr\bin\VCRUNTIME140.dll
0x00007ffc0f300000 - 0x00007ffc0f317000 	C:\Program Files\Android\Android Studio\jbr\bin\jli.dll
0x00007ffc43560000 - 0x00007ffc4370e000 	C:\WINDOWS\System32\USER32.dll
0x00007ffc2ea20000 - 0x00007ffc2ecb3000 	C:\WINDOWS\WinSxS\amd64_microsoft.windows.common-controls_6595b64144ccf1df_6.0.22621.2361_none_2712ced57382f843\COMCTL32.dll
0x00007ffc434e0000 - 0x00007ffc43506000 	C:\WINDOWS\System32\win32u.dll
0x00007ffc448d0000 - 0x00007ffc44977000 	C:\WINDOWS\System32\msvcrt.dll
0x00007ffc43710000 - 0x00007ffc43739000 	C:\WINDOWS\System32\GDI32.dll
0x00007ffc433c0000 - 0x00007ffc434d8000 	C:\WINDOWS\System32\gdi32full.dll
0x00007ffc42ba0000 - 0x00007ffc42c3a000 	C:\WINDOWS\System32\msvcp_win.dll
0x00007ffc43b90000 - 0x00007ffc43bc1000 	C:\WINDOWS\System32\IMM32.DLL
0x00007ffc37ef0000 - 0x00007ffc37efc000 	C:\Program Files\Android\Android Studio\jbr\bin\vcruntime140_1.dll
0x00007ffc046e0000 - 0x00007ffc0476d000 	C:\Program Files\Android\Android Studio\jbr\bin\msvcp140.dll
0x00007ffbc6fb0000 - 0x00007ffbc7c1d000 	C:\Program Files\Android\Android Studio\jbr\bin\server\jvm.dll
0x00007ffc447a0000 - 0x00007ffc44850000 	C:\WINDOWS\System32\ADVAPI32.dll
0x00007ffc455a0000 - 0x00007ffc45646000 	C:\WINDOWS\System32\sechost.dll
0x00007ffc44d20000 - 0x00007ffc44e37000 	C:\WINDOWS\System32\RPCRT4.dll
0x00007ffc2abb0000 - 0x00007ffc2abb9000 	C:\WINDOWS\SYSTEM32\WSOCK32.dll
0x00007ffc283a0000 - 0x00007ffc283d4000 	C:\WINDOWS\SYSTEM32\WINMM.dll
0x00007ffc456f0000 - 0x00007ffc45761000 	C:\WINDOWS\System32\WS2_32.dll
0x00007ffc3b070000 - 0x00007ffc3b07a000 	C:\WINDOWS\SYSTEM32\VERSION.dll
0x00007ffc41ad0000 - 0x00007ffc41ae8000 	C:\WINDOWS\SYSTEM32\kernel.appcore.dll
0x00007ffc380d0000 - 0x00007ffc380da000 	C:\Program Files\Android\Android Studio\jbr\bin\jimage.dll
0x00007ffc405f0000 - 0x00007ffc4081e000 	C:\WINDOWS\SYSTEM32\DBGHELP.DLL
0x00007ffc44990000 - 0x00007ffc44d1a000 	C:\WINDOWS\System32\combase.dll
0x00007ffc45040000 - 0x00007ffc45117000 	C:\WINDOWS\System32\OLEAUT32.dll
0x00007ffc38880000 - 0x00007ffc388b2000 	C:\WINDOWS\SYSTEM32\dbgcore.DLL
0x00007ffc43280000 - 0x00007ffc432fa000 	C:\WINDOWS\System32\bcryptPrimitives.dll
0x00007ffc2fb40000 - 0x00007ffc2fb65000 	C:\Program Files\Android\Android Studio\jbr\bin\java.dll
0x00007ffc257d0000 - 0x00007ffc257e8000 	C:\Program Files\Android\Android Studio\jbr\bin\zip.dll
0x00007ffc43f40000 - 0x00007ffc44798000 	C:\WINDOWS\System32\SHELL32.dll
0x00007ffc40a90000 - 0x00007ffc41382000 	C:\WINDOWS\SYSTEM32\windows.storage.dll
0x00007ffc40900000 - 0x00007ffc40a3e000 	C:\WINDOWS\SYSTEM32\wintypes.dll
0x00007ffc437e0000 - 0x00007ffc438d3000 	C:\WINDOWS\System32\SHCORE.dll
0x00007ffc43ee0000 - 0x00007ffc43f3e000 	C:\WINDOWS\System32\shlwapi.dll
0x00007ffc42a60000 - 0x00007ffc42a86000 	C:\WINDOWS\SYSTEM32\profapi.dll
0x00007ffc12e00000 - 0x00007ffc12e19000 	C:\Program Files\Android\Android Studio\jbr\bin\net.dll
0x00007ffc3b6c0000 - 0x00007ffc3b7f7000 	C:\WINDOWS\SYSTEM32\WINHTTP.dll
0x00007ffc42030000 - 0x00007ffc42099000 	C:\WINDOWS\system32\mswsock.dll
0x00007ffc10a90000 - 0x00007ffc10aa6000 	C:\Program Files\Android\Android Studio\jbr\bin\nio.dll
0x00007ffc2f450000 - 0x00007ffc2f460000 	C:\Program Files\Android\Android Studio\jbr\bin\verify.dll
0x00007ffc0d540000 - 0x00007ffc0d567000 	C:\Users\thanh\.gradle\native\68d5fa5c4cc2d200863cafc0d521ce42e7d3e7ee720ec0a83991735586a16f82\windows-amd64\native-platform.dll
0x00007ffbf9210000 - 0x00007ffbf9354000 	C:\Users\thanh\.gradle\native\e376f236ea51e6404a007f0833ffe2c6e607c4080706a723a18a27aeea778392\windows-amd64\native-platform-file-events.dll
0x00007ffc30d70000 - 0x00007ffc30d79000 	C:\Program Files\Android\Android Studio\jbr\bin\management.dll
0x00007ffc2fcc0000 - 0x00007ffc2fccb000 	C:\Program Files\Android\Android Studio\jbr\bin\management_ext.dll
0x00007ffc43c40000 - 0x00007ffc43c48000 	C:\WINDOWS\System32\PSAPI.DLL
0x00007ffc42310000 - 0x00007ffc4232b000 	C:\WINDOWS\SYSTEM32\CRYPTSP.dll
0x00007ffc41a90000 - 0x00007ffc41ac5000 	C:\WINDOWS\system32\rsaenh.dll
0x00007ffc42170000 - 0x00007ffc4219c000 	C:\WINDOWS\SYSTEM32\USERENV.dll
0x00007ffc424d0000 - 0x00007ffc424f8000 	C:\WINDOWS\SYSTEM32\bcrypt.dll
0x00007ffc42330000 - 0x00007ffc4233c000 	C:\WINDOWS\SYSTEM32\CRYPTBASE.dll
0x00007ffc41520000 - 0x00007ffc4154d000 	C:\WINDOWS\SYSTEM32\IPHLPAPI.DLL
0x00007ffc438e0000 - 0x00007ffc438e9000 	C:\WINDOWS\System32\NSI.dll
0x00007ffc3b180000 - 0x00007ffc3b199000 	C:\WINDOWS\SYSTEM32\dhcpcsvc6.DLL
0x00007ffc3b0a0000 - 0x00007ffc3b0bf000 	C:\WINDOWS\SYSTEM32\dhcpcsvc.DLL
0x00007ffc415c0000 - 0x00007ffc416b9000 	C:\WINDOWS\SYSTEM32\DNSAPI.dll
0x00007ffc2f2a0000 - 0x00007ffc2f2a8000 	C:\WINDOWS\system32\wshunix.dll

dbghelp: loaded successfully - version: 4.0.5 - missing functions: none
symbol engine: initialized successfully - sym options: 0x614 - pdb path: .;C:\Program Files\Android\Android Studio\jbr\bin;C:\WINDOWS\SYSTEM32;C:\WINDOWS\WinSxS\amd64_microsoft.windows.common-controls_6595b64144ccf1df_6.0.22621.2361_none_2712ced57382f843;C:\Program Files\Android\Android Studio\jbr\bin\server;C:\Users\thanh\.gradle\native\68d5fa5c4cc2d200863cafc0d521ce42e7d3e7ee720ec0a83991735586a16f82\windows-amd64;C:\Users\thanh\.gradle\native\e376f236ea51e6404a007f0833ffe2c6e607c4080706a723a18a27aeea778392\windows-amd64

VM Arguments:
jvm_args: --add-opens=java.base/java.util=ALL-UNNAMED --add-opens=java.base/java.lang=ALL-UNNAMED --add-opens=java.base/java.lang.invoke=ALL-UNNAMED --add-opens=java.prefs/java.util.prefs=ALL-UNNAMED --add-opens=java.base/java.nio.charset=ALL-UNNAMED --add-opens=java.base/java.net=ALL-UNNAMED --add-opens=java.base/java.util.concurrent.atomic=ALL-UNNAMED -Xmx2048m -Dfile.encoding=UTF-8 -Duser.country=VN -Duser.language=vi -Duser.variant 
java_command: org.gradle.launcher.daemon.bootstrap.GradleDaemon 8.0
java_class_path (initial): C:\Users\thanh\.gradle\wrapper\dists\gradle-8.0-bin\ca5e32bp14vu59qr306oxotwh\gradle-8.0\lib\gradle-launcher-8.0.jar
Launcher Type: SUN_STANDARD

[Global flags]
     intx CICompilerCount                          = 4                                         {product} {ergonomic}
     uint ConcGCThreads                            = 2                                         {product} {ergonomic}
     uint G1ConcRefinementThreads                  = 8                                         {product} {ergonomic}
   size_t G1HeapRegionSize                         = 1048576                                   {product} {ergonomic}
    uintx GCDrainStackTargetSize                   = 64                                        {product} {ergonomic}
   size_t InitialHeapSize                          = 130023424                                 {product} {ergonomic}
   size_t MarkStackSize                            = 4194304                                   {product} {ergonomic}
   size_t MaxHeapSize                              = 2147483648                                {product} {command line}
   size_t MaxNewSize                               = 1287651328                                {product} {ergonomic}
   size_t MinHeapDeltaBytes                        = 1048576                                   {product} {ergonomic}
   size_t MinHeapSize                              = 8388608                                   {product} {ergonomic}
    uintx NonNMethodCodeHeapSize                   = 5839372                                {pd product} {ergonomic}
    uintx NonProfiledCodeHeapSize                  = 122909434                              {pd product} {ergonomic}
    uintx ProfiledCodeHeapSize                     = 122909434                              {pd product} {ergonomic}
    uintx ReservedCodeCacheSize                    = 251658240                              {pd product} {ergonomic}
     bool SegmentedCodeCache                       = true                                      {product} {ergonomic}
   size_t SoftMaxHeapSize                          = 2147483648                             {manageable} {ergonomic}
     bool UseCompressedClassPointers               = true                           {product lp64_product} {ergonomic}
     bool UseCompressedOops                        = true                           {product lp64_product} {ergonomic}
     bool UseG1GC                                  = true                                      {product} {ergonomic}
     bool UseLargePagesIndividualAllocation        = false                                  {pd product} {ergonomic}

Logging:
Log output configuration:
 #0: stdout all=warning uptime,level,tags
 #1: stderr all=off uptime,level,tags

Environment Variables:
PATH=C:\Program Files\Python311\Scripts\;C:\Program Files\Python311\;C:\WINDOWS\system32;C:\WINDOWS;C:\WINDOWS\System32\Wbem;C:\WINDOWS\System32\WindowsPowerShell\v1.0\;C:\WINDOWS\System32\OpenSSH\;C:\Program Files\nodejs\;C:\Users\thanh\AppData\Roaming\Python\Python311\site-packages\django\Scripts;C:\Program Files\Git\cmd;C:\Program Files\Microsoft SQL Server\150\Tools\Binn\;C:\Program Files\Microsoft SQL Server\Client SDK\ODBC\170\Tools\Binn\;C:\Program Files\dotnet\;C:\Users\thanh\AppData\Local\Microsoft\WindowsApps;C:\Users\thanh\AppData\Local\Programs\Microsoft VS Code\bin;C:\Users\thanh\AppData\Roaming\npm;C:\Users\thanh\AppData\Local\GitHubDesktop\bin;C:\Program Files\JetBrains\DataGrip 2023.1.2\bin;;C:\Users\thanh\AppData\Local\Android\Sdk\platform-tools;C:\Users\thanh\.dotnet\tools;C:\Users\thanh\flutter\bin;C:\Users\thanh\flutter;C:\Program Files (x86)\dart-sdk\bin;
USERNAME=thanh
OS=Windows_NT
PROCESSOR_IDENTIFIER=Intel64 Family 6 Model 140 Stepping 2, GenuineIntel
TMP=C:\Users\thanh\AppData\Local\Temp
TEMP=C:\Users\thanh\AppData\Local\Temp



---------------  S Y S T E M  ---------------

OS:
 Windows 11 , 64 bit Build 22621 (10.0.22621.2361)
OS uptime: 3 days 2:36 hours
Hyper-V role detected

CPU: total 8 (initial active 8) (4 cores per cpu, 2 threads per core) family 6 model 140 stepping 2 microcode 0x16, cx8, cmov, fxsr, ht, mmx, 3dnowpref, sse, sse2, sse3, ssse3, sse4.1, sse4.2, popcnt, lzcnt, tsc, tscinvbit, avx, avx2, aes, erms, clmul, bmi1, bmi2, adx, avx512f, avx512dq, avx512cd, avx512bw, avx512vl, sha, fma, vzeroupper, avx512_vpopcntdq, avx512_vpclmulqdq, avx512_vaes, avx512_vnni, clflush, clflushopt, clwb, avx512_vbmi2, avx512_vbmi, hv

Memory: 4k page, system-wide physical 7894M (296M free)
TotalPageFile size 11990M (AvailPageFile size 8M)
current process WorkingSet (physical memory assigned to process): 293M, peak: 294M
current process commit charge ("private bytes"): 343M, peak: 347M

vm_info: OpenJDK 64-Bit Server VM (17.0.6+0-b2043.56-9586694) for windows-amd64 JRE (17.0.6+0-b2043.56-9586694), built on Feb  9 2023 20:06:20 by "androidbuild" with MS VC++ 16.10 / 16.11 (VS2019)

END.
