#
# There is insufficient memory for the Java Runtime Environment to continue.
# Native memory allocation (malloc) failed to allocate 1501296 bytes for Chunk::new
# Possible reasons:
#   The system is out of physical RAM or swap space
#   The process is running with CompressedOops enabled, and the Java Heap may be blocking the growth of the native heap
# Possible solutions:
#   Reduce memory load on the system
#   Increase physical memory or swap space
#   Check if swap backing store is full
#   Decrease Java heap size (-Xmx/-Xms)
#   Decrease number of Java threads
#   Decrease Java thread stack sizes (-Xss)
#   Set larger code cache with -XX:ReservedCodeCacheSize=
#   JVM is running with Unscaled Compressed Oops mode in which the Java heap is
#     placed in the first 4GB address space. The Java Heap base address is the
#     maximum limit for the native heap growth. Please use -XX:HeapBaseMinAddress
#     to set the Java Heap base and to place the Java Heap above 4GB virtual address.
# This output file may be truncated or incomplete.
#
#  Out of Memory Error (arena.cpp:189), pid=8820, tid=4700
#
# JRE version: OpenJDK Runtime Environment (17.0.6) (build 17.0.6+0-b2043.56-9586694)
# Java VM: OpenJDK 64-Bit Server VM (17.0.6+0-b2043.56-9586694, mixed mode, tiered, compressed oops, compressed class ptrs, g1 gc, windows-amd64)
# No core dump will be written. Minidumps are not enabled by default on client versions of Windows
#

---------------  S U M M A R Y ------------

Command Line: --add-opens=java.base/java.util=ALL-UNNAMED --add-opens=java.base/java.lang=ALL-UNNAMED --add-opens=java.base/java.lang.invoke=ALL-UNNAMED --add-opens=java.prefs/java.util.prefs=ALL-UNNAMED --add-opens=java.base/java.nio.charset=ALL-UNNAMED --add-opens=java.base/java.net=ALL-UNNAMED --add-opens=java.base/java.util.concurrent.atomic=ALL-UNNAMED -Xmx2048m -Dfile.encoding=UTF-8 -Duser.country=VN -Duser.language=vi -Duser.variant org.gradle.launcher.daemon.bootstrap.GradleDaemon 8.0

Host: 11th Gen Intel(R) Core(TM) i7-1195G7 @ 2.90GHz, 8 cores, 7G,  Windows 11 , 64 bit Build 22621 (10.0.22621.2361)
Time: Tue Oct  3 07:18:14 2023 SE Asia Standard Time elapsed time: 6.997915 seconds (0d 0h 0m 6s)

---------------  T H R E A D  ---------------

Current thread (0x0000024ab5052af0):  JavaThread "C2 CompilerThread0" daemon [_thread_in_native, id=4700, stack(0x0000008e5f500000,0x0000008e5f600000)]


Current CompileTask:
C2:   6998 7082       4       groovyjarjarantlr4.v4.runtime.atn.PredictionContext::getCachedContext (297 bytes)

Stack: [0x0000008e5f500000,0x0000008e5f600000]
Native frames: (J=compiled Java code, j=interpreted, Vv=VM code, C=native code)
V  [jvm.dll+0x683b4a]
V  [jvm.dll+0x842654]
V  [jvm.dll+0x843dfe]
V  [jvm.dll+0x844463]
V  [jvm.dll+0x249b75]
V  [jvm.dll+0xabcac]
V  [jvm.dll+0xac27c]
V  [jvm.dll+0x2b0eef]
V  [jvm.dll+0x58a207]
V  [jvm.dll+0x2243b2]
V  [jvm.dll+0x22478f]
V  [jvm.dll+0x21e055]
V  [jvm.dll+0x21b51b]
V  [jvm.dll+0x1a4fdd]
V  [jvm.dll+0x22b098]
V  [jvm.dll+0x229159]
V  [jvm.dll+0x7f809c]
V  [jvm.dll+0x7f25fa]
V  [jvm.dll+0x682985]
C  [ucrtbase.dll+0x29363]
C  [KERNEL32.DLL+0x1257d]
C  [ntdll.dll+0x5aa78]


---------------  P R O C E S S  ---------------

Threads class SMR info:
_java_thread_list=0x0000024aba5a3ee0, length=123, elements={
0x0000024a9a5d8ac0, 0x0000024ab501fca0, 0x0000024ab5020850, 0x0000024ab504fd50,
0x0000024ab5050900, 0x0000024ab50513b0, 0x0000024ab5051d60, 0x0000024ab5052af0,
0x0000024ab507d530, 0x0000024ab507de30, 0x0000024ab51f4f90, 0x0000024ab51f5460,
0x0000024ab69b9b40, 0x0000024ab69b2140, 0x0000024ab69b2610, 0x0000024ab743b820,
0x0000024ab743bcf0, 0x0000024ab743e2f0, 0x0000024ab6bb13c0, 0x0000024ab74ac7c0,
0x0000024ab74adfd0, 0x0000024ab74adb00, 0x0000024ab74ae4a0, 0x0000024ab74acc90,
0x0000024ab74af7e0, 0x0000024ab74ae970, 0x0000024ab74ad160, 0x0000024ab74aee40,
0x0000024ab74ac2f0, 0x0000024ab74af310, 0x0000024ab74abe20, 0x0000024ab74ad630,
0x0000024ab960f780, 0x0000024ab960daa0, 0x0000024ab9613140, 0x0000024ab960e440,
0x0000024ab9613610, 0x0000024ab960c290, 0x0000024ab960f2b0, 0x0000024ab960c760,
0x0000024ab960d100, 0x0000024ab960bdc0, 0x0000024ab960fc50, 0x0000024ab9612c70,
0x0000024ab960e910, 0x0000024ab96105f0, 0x0000024ab960d5d0, 0x0000024ab9610f90,
0x0000024ab9611460, 0x0000024ab9611930, 0x0000024ab96122d0, 0x0000024abcf16ad0,
0x0000024abcf16fa0, 0x0000024abcf11dd0, 0x0000024abcf13110, 0x0000024abcf100f0,
0x0000024abcf105c0, 0x0000024abcf16130, 0x0000024abcf16600, 0x0000024abcf152c0,
0x0000024abcf135e0, 0x0000024abcf13ab0, 0x0000024abcf17470, 0x0000024abcf13f80,
0x0000024abcf14450, 0x0000024abcf14920, 0x0000024abcf12c40, 0x0000024abcf17940,
0x0000024abcf14df0, 0x0000024abcf10a90, 0x0000024abcf10f60, 0x0000024abcf11430,
0x0000024abcf15790, 0x0000024abcf11900, 0x0000024abcf15c60, 0x0000024abcf122a0,
0x0000024abcf12770, 0x0000024ab9813ef0, 0x0000024ab98173e0, 0x0000024ab9816570,
0x0000024ab9811d40, 0x0000024ab98113a0, 0x0000024ab98178b0, 0x0000024ab9813a20,
0x0000024ab9812210, 0x0000024ab98126e0, 0x0000024ab9810060, 0x0000024ab9815bd0,
0x0000024ab9810530, 0x0000024ab9810a00, 0x0000024ab98143c0, 0x0000024ab9810ed0,
0x0000024ab9811870, 0x0000024ab9815230, 0x0000024ab9812bb0, 0x0000024ab9813080,
0x0000024ab9813550, 0x0000024ab9814890, 0x0000024ab9816a40, 0x0000024ab9814d60,
0x0000024ab9815700, 0x0000024ab98160a0, 0x0000024ab9816f10, 0x0000024ababa2bd0,
0x0000024ababa78d0, 0x0000024ababa5bf0, 0x0000024ababa6f30, 0x0000024ababa3f10,
0x0000024ababa6590, 0x0000024ababa48b0, 0x0000024ababa8c10, 0x0000024ababa5720,
0x0000024ababa60c0, 0x0000024ababa5250, 0x0000024ababa3570, 0x0000024ababa4d80,
0x0000024ababa7400, 0x0000024ababa90e0, 0x0000024ababa3a40, 0x0000024ababa2700,
0x0000024ababa6a60, 0x0000024ababa7da0, 0x0000024ababa43e0
}

Java Threads: ( => current thread )
  0x0000024a9a5d8ac0 JavaThread "main" [_thread_blocked, id=12408, stack(0x0000008e5e800000,0x0000008e5e900000)]
  0x0000024ab501fca0 JavaThread "Reference Handler" daemon [_thread_blocked, id=20740, stack(0x0000008e5ef00000,0x0000008e5f000000)]
  0x0000024ab5020850 JavaThread "Finalizer" daemon [_thread_blocked, id=17972, stack(0x0000008e5f000000,0x0000008e5f100000)]
  0x0000024ab504fd50 JavaThread "Signal Dispatcher" daemon [_thread_blocked, id=11940, stack(0x0000008e5f100000,0x0000008e5f200000)]
  0x0000024ab5050900 JavaThread "Attach Listener" daemon [_thread_blocked, id=7032, stack(0x0000008e5f200000,0x0000008e5f300000)]
  0x0000024ab50513b0 JavaThread "Service Thread" daemon [_thread_blocked, id=4820, stack(0x0000008e5f300000,0x0000008e5f400000)]
  0x0000024ab5051d60 JavaThread "Monitor Deflation Thread" daemon [_thread_blocked, id=7160, stack(0x0000008e5f400000,0x0000008e5f500000)]
=>0x0000024ab5052af0 JavaThread "C2 CompilerThread0" daemon [_thread_in_native, id=4700, stack(0x0000008e5f500000,0x0000008e5f600000)]
  0x0000024ab507d530 JavaThread "C1 CompilerThread0" daemon [_thread_blocked, id=9284, stack(0x0000008e5f600000,0x0000008e5f700000)]
  0x0000024ab507de30 JavaThread "Sweeper thread" daemon [_thread_blocked, id=11996, stack(0x0000008e5f700000,0x0000008e5f800000)]
  0x0000024ab51f4f90 JavaThread "Common-Cleaner" daemon [_thread_blocked, id=19492, stack(0x0000008e5f800000,0x0000008e5f900000)]
  0x0000024ab51f5460 JavaThread "Notification Thread" daemon [_thread_blocked, id=13824, stack(0x0000008e5f900000,0x0000008e5fa00000)]
  0x0000024ab69b9b40 JavaThread "Daemon health stats" [_thread_blocked, id=21484, stack(0x0000008e5ff00000,0x0000008e60000000)]
  0x0000024ab69b2140 JavaThread "Incoming local TCP Connector on port 60886" [_thread_in_native, id=12816, stack(0x0000008e60000000,0x0000008e60100000)]
  0x0000024ab69b2610 JavaThread "Daemon periodic checks" [_thread_blocked, id=12800, stack(0x0000008e60100000,0x0000008e60200000)]
  0x0000024ab743b820 JavaThread "Daemon" [_thread_blocked, id=5232, stack(0x0000008e60200000,0x0000008e60300000)]
  0x0000024ab743bcf0 JavaThread "Handler for socket connection from /127.0.0.1:60886 to /127.0.0.1:60887" [_thread_in_native, id=8044, stack(0x0000008e60300000,0x0000008e60400000)]
  0x0000024ab743e2f0 JavaThread "Cancel handler" [_thread_blocked, id=10820, stack(0x0000008e60400000,0x0000008e60500000)]
  0x0000024ab6bb13c0 JavaThread "Daemon worker" [_thread_in_vm, id=15792, stack(0x0000008e60500000,0x0000008e60600000)]
  0x0000024ab74ac7c0 JavaThread "Asynchronous log dispatcher for DefaultDaemonConnection: socket connection from /127.0.0.1:60886 to /127.0.0.1:60887" [_thread_blocked, id=17356, stack(0x0000008e60600000,0x0000008e60700000)]
  0x0000024ab74adfd0 JavaThread "Stdin handler" [_thread_blocked, id=6336, stack(0x0000008e60700000,0x0000008e60800000)]
  0x0000024ab74adb00 JavaThread "Daemon client event forwarder" [_thread_blocked, id=11888, stack(0x0000008e60800000,0x0000008e60900000)]
  0x0000024ab74ae4a0 JavaThread "Cache worker for journal cache (C:\Users\thanh\.gradle\caches\journal-1)" [_thread_blocked, id=2932, stack(0x0000008e60d00000,0x0000008e60e00000)]
  0x0000024ab74acc90 JavaThread "File lock request listener" [_thread_in_native, id=13428, stack(0x0000008e60e00000,0x0000008e60f00000)]
  0x0000024ab74af7e0 JavaThread "Cache worker for file hash cache (C:\Users\thanh\.gradle\caches\8.0\fileHashes)" [_thread_blocked, id=19000, stack(0x0000008e61000000,0x0000008e61100000)]
  0x0000024ab74ae970 JavaThread "File watcher server" daemon [_thread_in_native, id=3876, stack(0x0000008e61100000,0x0000008e61200000)]
  0x0000024ab74ad160 JavaThread "File watcher consumer" daemon [_thread_blocked, id=3788, stack(0x0000008e61200000,0x0000008e61300000)]
  0x0000024ab74aee40 JavaThread "jar transforms" [_thread_blocked, id=8100, stack(0x0000008e61300000,0x0000008e61400000)]
  0x0000024ab74ac2f0 JavaThread "jar transforms Thread 2" [_thread_blocked, id=3964, stack(0x0000008e61400000,0x0000008e61500000)]
  0x0000024ab74af310 JavaThread "jar transforms Thread 3" [_thread_blocked, id=9512, stack(0x0000008e61500000,0x0000008e61600000)]
  0x0000024ab74abe20 JavaThread "jar transforms Thread 4" [_thread_blocked, id=20172, stack(0x0000008e61600000,0x0000008e61700000)]
  0x0000024ab74ad630 JavaThread "jar transforms Thread 5" [_thread_blocked, id=21408, stack(0x0000008e61700000,0x0000008e61800000)]
  0x0000024ab960f780 JavaThread "jar transforms Thread 6" [_thread_blocked, id=10984, stack(0x0000008e61800000,0x0000008e61900000)]
  0x0000024ab960daa0 JavaThread "jar transforms Thread 7" [_thread_blocked, id=15960, stack(0x0000008e61900000,0x0000008e61a00000)]
  0x0000024ab9613140 JavaThread "jar transforms Thread 8" [_thread_blocked, id=15676, stack(0x0000008e61a00000,0x0000008e61b00000)]
  0x0000024ab960e440 JavaThread "Cache worker for checksums cache (C:\Users\thanh\AndroidStudioProjects\Foregroundservice\.gradle\8.0\checksums)" [_thread_blocked, id=2872, stack(0x0000008e61b00000,0x0000008e61c00000)]
  0x0000024ab9613610 JavaThread "Cache worker for cache directory md-rule (C:\Users\thanh\.gradle\caches\8.0\md-rule)" [_thread_blocked, id=9924, stack(0x0000008e61c00000,0x0000008e61d00000)]
  0x0000024ab960c290 JavaThread "Cache worker for file content cache (C:\Users\thanh\.gradle\caches\8.0\fileContent)" [_thread_blocked, id=8324, stack(0x0000008e61d00000,0x0000008e61e00000)]
  0x0000024ab960f2b0 JavaThread "Cache worker for file hash cache (C:\Users\thanh\AndroidStudioProjects\Foregroundservice\.gradle\8.0\fileHashes)" [_thread_blocked, id=18804, stack(0x0000008e61e00000,0x0000008e61f00000)]
  0x0000024ab960c760 JavaThread "Cache worker for cache directory md-supplier (C:\Users\thanh\.gradle\caches\8.0\md-supplier)" [_thread_blocked, id=14140, stack(0x0000008e61f00000,0x0000008e62000000)]
  0x0000024ab960d100 JavaThread "Cache worker for execution history cache (C:\Users\thanh\.gradle\caches\8.0\executionHistory)" [_thread_blocked, id=16348, stack(0x0000008e62000000,0x0000008e62100000)]
  0x0000024ab960bdc0 JavaThread "Cache worker for dependencies-accessors (C:\Users\thanh\AndroidStudioProjects\Foregroundservice\.gradle\8.0\dependencies-accessors)" [_thread_blocked, id=19692, stack(0x0000008e62100000,0x0000008e62200000)]
  0x0000024ab960fc50 JavaThread "Cache worker for Build Output Cleanup Cache (C:\Users\thanh\AndroidStudioProjects\Foregroundservice\.gradle\buildOutputCleanup)" [_thread_blocked, id=16604, stack(0x0000008e62200000,0x0000008e62300000)]
  0x0000024ab9612c70 JavaThread "Unconstrained build operations" [_thread_blocked, id=7100, stack(0x0000008e60f00000,0x0000008e61000000)]
  0x0000024ab960e910 JavaThread "Unconstrained build operations Thread 2" [_thread_blocked, id=9204, stack(0x0000008e62400000,0x0000008e62500000)]
  0x0000024ab96105f0 JavaThread "Unconstrained build operations Thread 3" [_thread_blocked, id=12580, stack(0x0000008e62500000,0x0000008e62600000)]
  0x0000024ab960d5d0 JavaThread "Unconstrained build operations Thread 4" [_thread_blocked, id=20644, stack(0x0000008e62600000,0x0000008e62700000)]
  0x0000024ab9610f90 JavaThread "Unconstrained build operations Thread 5" [_thread_blocked, id=17192, stack(0x0000008e62700000,0x0000008e62800000)]
  0x0000024ab9611460 JavaThread "Unconstrained build operations Thread 6" [_thread_blocked, id=21012, stack(0x0000008e62800000,0x0000008e62900000)]
  0x0000024ab9611930 JavaThread "Unconstrained build operations Thread 7" [_thread_blocked, id=12508, stack(0x0000008e62900000,0x0000008e62a00000)]
  0x0000024ab96122d0 JavaThread "Unconstrained build operations Thread 8" [_thread_blocked, id=6256, stack(0x0000008e62a00000,0x0000008e62b00000)]
  0x0000024abcf16ad0 JavaThread "Unconstrained build operations Thread 9" [_thread_blocked, id=1316, stack(0x0000008e62b00000,0x0000008e62c00000)]
  0x0000024abcf16fa0 JavaThread "Unconstrained build operations Thread 10" [_thread_blocked, id=13272, stack(0x0000008e62c00000,0x0000008e62d00000)]
  0x0000024abcf11dd0 JavaThread "Unconstrained build operations Thread 11" [_thread_blocked, id=18672, stack(0x0000008e62d00000,0x0000008e62e00000)]
  0x0000024abcf13110 JavaThread "Unconstrained build operations Thread 12" [_thread_blocked, id=7748, stack(0x0000008e62e00000,0x0000008e62f00000)]
  0x0000024abcf100f0 JavaThread "Unconstrained build operations Thread 13" [_thread_blocked, id=3476, stack(0x0000008e62f00000,0x0000008e63000000)]
  0x0000024abcf105c0 JavaThread "Unconstrained build operations Thread 14" [_thread_blocked, id=3080, stack(0x0000008e63000000,0x0000008e63100000)]
  0x0000024abcf16130 JavaThread "Unconstrained build operations Thread 15" [_thread_blocked, id=19316, stack(0x0000008e63100000,0x0000008e63200000)]
  0x0000024abcf16600 JavaThread "Unconstrained build operations Thread 16" [_thread_blocked, id=9660, stack(0x0000008e63200000,0x0000008e63300000)]
  0x0000024abcf152c0 JavaThread "Unconstrained build operations Thread 17" [_thread_blocked, id=20420, stack(0x0000008e63300000,0x0000008e63400000)]
  0x0000024abcf135e0 JavaThread "Unconstrained build operations Thread 18" [_thread_blocked, id=8328, stack(0x0000008e63400000,0x0000008e63500000)]
  0x0000024abcf13ab0 JavaThread "Unconstrained build operations Thread 19" [_thread_blocked, id=6664, stack(0x0000008e63500000,0x0000008e63600000)]
  0x0000024abcf17470 JavaThread "Unconstrained build operations Thread 20" [_thread_blocked, id=18292, stack(0x0000008e63600000,0x0000008e63700000)]
  0x0000024abcf13f80 JavaThread "Unconstrained build operations Thread 21" [_thread_blocked, id=16700, stack(0x0000008e63700000,0x0000008e63800000)]
  0x0000024abcf14450 JavaThread "Unconstrained build operations Thread 22" [_thread_blocked, id=20360, stack(0x0000008e63800000,0x0000008e63900000)]
  0x0000024abcf14920 JavaThread "Unconstrained build operations Thread 23" [_thread_blocked, id=19484, stack(0x0000008e63900000,0x0000008e63a00000)]
  0x0000024abcf12c40 JavaThread "Unconstrained build operations Thread 24" [_thread_blocked, id=9168, stack(0x0000008e63a00000,0x0000008e63b00000)]
  0x0000024abcf17940 JavaThread "Unconstrained build operations Thread 25" [_thread_blocked, id=20880, stack(0x0000008e63b00000,0x0000008e63c00000)]
  0x0000024abcf14df0 JavaThread "Unconstrained build operations Thread 26" [_thread_blocked, id=17628, stack(0x0000008e63c00000,0x0000008e63d00000)]
  0x0000024abcf10a90 JavaThread "Unconstrained build operations Thread 27" [_thread_blocked, id=2296, stack(0x0000008e63d00000,0x0000008e63e00000)]
  0x0000024abcf10f60 JavaThread "Unconstrained build operations Thread 28" [_thread_blocked, id=2272, stack(0x0000008e63e00000,0x0000008e63f00000)]
  0x0000024abcf11430 JavaThread "Unconstrained build operations Thread 29" [_thread_blocked, id=18748, stack(0x0000008e63f00000,0x0000008e64000000)]
  0x0000024abcf15790 JavaThread "Unconstrained build operations Thread 30" [_thread_blocked, id=16412, stack(0x0000008e64000000,0x0000008e64100000)]
  0x0000024abcf11900 JavaThread "Unconstrained build operations Thread 31" [_thread_blocked, id=20152, stack(0x0000008e64100000,0x0000008e64200000)]
  0x0000024abcf15c60 JavaThread "Unconstrained build operations Thread 32" [_thread_blocked, id=20600, stack(0x0000008e64200000,0x0000008e64300000)]
  0x0000024abcf122a0 JavaThread "Unconstrained build operations Thread 33" [_thread_blocked, id=6668, stack(0x0000008e64300000,0x0000008e64400000)]
  0x0000024abcf12770 JavaThread "Unconstrained build operations Thread 34" [_thread_blocked, id=16244, stack(0x0000008e64400000,0x0000008e64500000)]
  0x0000024ab9813ef0 JavaThread "Unconstrained build operations Thread 35" [_thread_blocked, id=11680, stack(0x0000008e64500000,0x0000008e64600000)]
  0x0000024ab98173e0 JavaThread "Unconstrained build operations Thread 36" [_thread_blocked, id=18504, stack(0x0000008e64600000,0x0000008e64700000)]
  0x0000024ab9816570 JavaThread "Unconstrained build operations Thread 37" [_thread_blocked, id=19020, stack(0x0000008e64700000,0x0000008e64800000)]
  0x0000024ab9811d40 JavaThread "Unconstrained build operations Thread 38" [_thread_blocked, id=8276, stack(0x0000008e64800000,0x0000008e64900000)]
  0x0000024ab98113a0 JavaThread "Unconstrained build operations Thread 39" [_thread_blocked, id=17372, stack(0x0000008e64900000,0x0000008e64a00000)]
  0x0000024ab98178b0 JavaThread "Unconstrained build operations Thread 40" [_thread_blocked, id=16664, stack(0x0000008e64a00000,0x0000008e64b00000)]
  0x0000024ab9813a20 JavaThread "Unconstrained build operations Thread 41" [_thread_blocked, id=4392, stack(0x0000008e64b00000,0x0000008e64c00000)]
  0x0000024ab9812210 JavaThread "Unconstrained build operations Thread 42" [_thread_blocked, id=21468, stack(0x0000008e64c00000,0x0000008e64d00000)]
  0x0000024ab98126e0 JavaThread "Unconstrained build operations Thread 43" [_thread_blocked, id=17460, stack(0x0000008e64d00000,0x0000008e64e00000)]
  0x0000024ab9810060 JavaThread "Unconstrained build operations Thread 44" [_thread_blocked, id=19076, stack(0x0000008e64e00000,0x0000008e64f00000)]
  0x0000024ab9815bd0 JavaThread "Unconstrained build operations Thread 45" [_thread_blocked, id=17296, stack(0x0000008e64f00000,0x0000008e65000000)]
  0x0000024ab9810530 JavaThread "Unconstrained build operations Thread 46" [_thread_blocked, id=8232, stack(0x0000008e65000000,0x0000008e65100000)]
  0x0000024ab9810a00 JavaThread "Unconstrained build operations Thread 47" [_thread_blocked, id=15752, stack(0x0000008e65100000,0x0000008e65200000)]
  0x0000024ab98143c0 JavaThread "Unconstrained build operations Thread 48" [_thread_blocked, id=1956, stack(0x0000008e65200000,0x0000008e65300000)]
  0x0000024ab9810ed0 JavaThread "Unconstrained build operations Thread 49" [_thread_blocked, id=16288, stack(0x0000008e65300000,0x0000008e65400000)]
  0x0000024ab9811870 JavaThread "Unconstrained build operations Thread 50" [_thread_blocked, id=2060, stack(0x0000008e65400000,0x0000008e65500000)]
  0x0000024ab9815230 JavaThread "Unconstrained build operations Thread 51" [_thread_blocked, id=11180, stack(0x0000008e65500000,0x0000008e65600000)]
  0x0000024ab9812bb0 JavaThread "Unconstrained build operations Thread 52" [_thread_blocked, id=20432, stack(0x0000008e65600000,0x0000008e65700000)]
  0x0000024ab9813080 JavaThread "Unconstrained build operations Thread 53" [_thread_blocked, id=15988, stack(0x0000008e65700000,0x0000008e65800000)]
  0x0000024ab9813550 JavaThread "Unconstrained build operations Thread 54" [_thread_blocked, id=11372, stack(0x0000008e65800000,0x0000008e65900000)]
  0x0000024ab9814890 JavaThread "Unconstrained build operations Thread 55" [_thread_blocked, id=13352, stack(0x0000008e65900000,0x0000008e65a00000)]
  0x0000024ab9816a40 JavaThread "Unconstrained build operations Thread 56" [_thread_blocked, id=14960, stack(0x0000008e65a00000,0x0000008e65b00000)]
  0x0000024ab9814d60 JavaThread "Unconstrained build operations Thread 57" [_thread_blocked, id=2316, stack(0x0000008e65b00000,0x0000008e65c00000)]
  0x0000024ab9815700 JavaThread "Unconstrained build operations Thread 58" [_thread_blocked, id=8812, stack(0x0000008e65c00000,0x0000008e65d00000)]
  0x0000024ab98160a0 JavaThread "Unconstrained build operations Thread 59" [_thread_blocked, id=21380, stack(0x0000008e65d00000,0x0000008e65e00000)]
  0x0000024ab9816f10 JavaThread "Unconstrained build operations Thread 60" [_thread_blocked, id=13952, stack(0x0000008e65e00000,0x0000008e65f00000)]
  0x0000024ababa2bd0 JavaThread "Unconstrained build operations Thread 61" [_thread_blocked, id=20820, stack(0x0000008e65f00000,0x0000008e66000000)]
  0x0000024ababa78d0 JavaThread "Unconstrained build operations Thread 62" [_thread_blocked, id=3232, stack(0x0000008e66000000,0x0000008e66100000)]
  0x0000024ababa5bf0 JavaThread "Unconstrained build operations Thread 63" [_thread_blocked, id=19924, stack(0x0000008e66100000,0x0000008e66200000)]
  0x0000024ababa6f30 JavaThread "Unconstrained build operations Thread 64" [_thread_blocked, id=13260, stack(0x0000008e66200000,0x0000008e66300000)]
  0x0000024ababa3f10 JavaThread "Unconstrained build operations Thread 65" [_thread_blocked, id=20976, stack(0x0000008e66300000,0x0000008e66400000)]
  0x0000024ababa6590 JavaThread "Unconstrained build operations Thread 66" [_thread_blocked, id=12988, stack(0x0000008e66400000,0x0000008e66500000)]
  0x0000024ababa48b0 JavaThread "Unconstrained build operations Thread 67" [_thread_blocked, id=19620, stack(0x0000008e66500000,0x0000008e66600000)]
  0x0000024ababa8c10 JavaThread "Unconstrained build operations Thread 68" [_thread_blocked, id=17532, stack(0x0000008e66600000,0x0000008e66700000)]
  0x0000024ababa5720 JavaThread "Unconstrained build operations Thread 69" [_thread_blocked, id=20640, stack(0x0000008e66700000,0x0000008e66800000)]
  0x0000024ababa60c0 JavaThread "Unconstrained build operations Thread 70" [_thread_blocked, id=16940, stack(0x0000008e66800000,0x0000008e66900000)]
  0x0000024ababa5250 JavaThread "Unconstrained build operations Thread 71" [_thread_blocked, id=19664, stack(0x0000008e66900000,0x0000008e66a00000)]
  0x0000024ababa3570 JavaThread "Unconstrained build operations Thread 72" [_thread_blocked, id=19592, stack(0x0000008e66a00000,0x0000008e66b00000)]
  0x0000024ababa4d80 JavaThread "Unconstrained build operations Thread 73" [_thread_blocked, id=3076, stack(0x0000008e66b00000,0x0000008e66c00000)]
  0x0000024ababa7400 JavaThread "Unconstrained build operations Thread 74" [_thread_blocked, id=15728, stack(0x0000008e66c00000,0x0000008e66d00000)]
  0x0000024ababa90e0 JavaThread "Unconstrained build operations Thread 75" [_thread_blocked, id=7904, stack(0x0000008e66d00000,0x0000008e66e00000)]
  0x0000024ababa3a40 JavaThread "Unconstrained build operations Thread 76" [_thread_blocked, id=20492, stack(0x0000008e66e00000,0x0000008e66f00000)]
  0x0000024ababa2700 JavaThread "Unconstrained build operations Thread 77" [_thread_blocked, id=6540, stack(0x0000008e66f00000,0x0000008e67000000)]
  0x0000024ababa6a60 JavaThread "Unconstrained build operations Thread 78" [_thread_blocked, id=11620, stack(0x0000008e67000000,0x0000008e67100000)]
  0x0000024ababa7da0 JavaThread "Unconstrained build operations Thread 79" [_thread_blocked, id=19612, stack(0x0000008e67100000,0x0000008e67200000)]
  0x0000024ababa43e0 JavaThread "Unconstrained build operations Thread 80" [_thread_blocked, id=3176, stack(0x0000008e67200000,0x0000008e67300000)]

Other Threads:
  0x0000024ab501ca40 VMThread "VM Thread" [stack: 0x0000008e5ee00000,0x0000008e5ef00000] [id=17388]
  0x0000024ab44361a0 WatcherThread [stack: 0x0000008e5fa00000,0x0000008e5fb00000] [id=6812]
  0x0000024a9a633ce0 GCTaskThread "GC Thread#0" [stack: 0x0000008e5e900000,0x0000008e5ea00000] [id=11084]
  0x0000024ab5ecb4a0 GCTaskThread "GC Thread#1" [stack: 0x0000008e5fb00000,0x0000008e5fc00000] [id=20068]
  0x0000024ab582d080 GCTaskThread "GC Thread#2" [stack: 0x0000008e5fc00000,0x0000008e5fd00000] [id=19408]
  0x0000024ab6016540 GCTaskThread "GC Thread#3" [stack: 0x0000008e5fd00000,0x0000008e5fe00000] [id=15940]
  0x0000024ab5eac960 GCTaskThread "GC Thread#4" [stack: 0x0000008e5fe00000,0x0000008e5ff00000] [id=12736]
  0x0000024ab6b92690 GCTaskThread "GC Thread#5" [stack: 0x0000008e60900000,0x0000008e60a00000] [id=9580]
  0x0000024ab6ad4d70 GCTaskThread "GC Thread#6" [stack: 0x0000008e60a00000,0x0000008e60b00000] [id=1704]
  0x0000024ab6bcb850 GCTaskThread "GC Thread#7" [stack: 0x0000008e60b00000,0x0000008e60c00000] [id=7260]
  0x0000024a9a644c20 ConcurrentGCThread "G1 Main Marker" [stack: 0x0000008e5ea00000,0x0000008e5eb00000] [id=2532]
  0x0000024a9a645630 ConcurrentGCThread "G1 Conc#0" [stack: 0x0000008e5eb00000,0x0000008e5ec00000] [id=20840]
  0x0000024ab749acb0 ConcurrentGCThread "G1 Conc#1" [stack: 0x0000008e60c00000,0x0000008e60d00000] [id=21252]
  0x0000024a9a696e50 ConcurrentGCThread "G1 Refine#0" [stack: 0x0000008e5ec00000,0x0000008e5ed00000] [id=9056]
  0x0000024a9a697870 ConcurrentGCThread "G1 Service" [stack: 0x0000008e5ed00000,0x0000008e5ee00000] [id=12588]

Threads with active compile tasks:
C2 CompilerThread0     7025 7082       4       groovyjarjarantlr4.v4.runtime.atn.PredictionContext::getCachedContext (297 bytes)

VM state: not at safepoint (normal execution)

VM Mutex/Monitor currently owned by a thread: None

Heap address: 0x0000000080000000, size: 2048 MB, Compressed Oops mode: 32-bit

CDS archive(s) not mapped
Compressed class space mapped at: 0x0000000100000000-0x0000000140000000, reserved size: 1073741824
Narrow klass base: 0x0000000000000000, Narrow klass shift: 3, Narrow klass range: 0x140000000

GC Precious Log:
 CPUs: 8 total, 8 available
 Memory: 7894M
 Large Page Support: Disabled
 NUMA Support: Disabled
 Compressed Oops: Enabled (32-bit)
 Heap Region Size: 1M
 Heap Min Capacity: 8M
 Heap Initial Capacity: 124M
 Heap Max Capacity: 2G
 Pre-touch: Disabled
 Parallel Workers: 8
 Concurrent Workers: 2
 Concurrent Refinement Workers: 8
 Periodic GC: Disabled

Heap:
 garbage-first heap   total 194560K, used 123170K [0x0000000080000000, 0x0000000100000000)
  region size 1024K, 13 young (13312K), 2 survivors (2048K)
 Metaspace       used 66696K, committed 67264K, reserved 1114112K
  class space    used 8898K, committed 9152K, reserved 1048576K

Heap Regions: E=young(eden), S=young(survivor), O=old, HS=humongous(starts), HC=humongous(continues), CS=collection set, F=free, OA=open archive, CA=closed archive, TAMS=top-at-mark-start (previous, next)
|   0|0x0000000080000000, 0x0000000080100000, 0x0000000080100000|100%|HS|  |TAMS 0x0000000080100000, 0x0000000080000000| Complete 
|   1|0x0000000080100000, 0x0000000080200000, 0x0000000080200000|100%|HC|  |TAMS 0x0000000080200000, 0x0000000080100000| Complete 
|   2|0x0000000080200000, 0x0000000080300000, 0x0000000080300000|100%|HC|  |TAMS 0x0000000080300000, 0x0000000080200000| Complete 
|   3|0x0000000080300000, 0x0000000080400000, 0x0000000080400000|100%|HC|  |TAMS 0x0000000080400000, 0x0000000080300000| Complete 
|   4|0x0000000080400000, 0x0000000080500000, 0x0000000080500000|100%| O|  |TAMS 0x0000000080500000, 0x0000000080400000| Untracked 
|   5|0x0000000080500000, 0x0000000080600000, 0x0000000080600000|100%| O|  |TAMS 0x0000000080600000, 0x0000000080500000| Untracked 
|   6|0x0000000080600000, 0x0000000080700000, 0x0000000080700000|100%| O|  |TAMS 0x0000000080700000, 0x0000000080600000| Untracked 
|   7|0x0000000080700000, 0x0000000080800000, 0x0000000080800000|100%| O|  |TAMS 0x0000000080800000, 0x0000000080700000| Untracked 
|   8|0x0000000080800000, 0x0000000080900000, 0x0000000080900000|100%| O|  |TAMS 0x0000000080900000, 0x0000000080800000| Untracked 
|   9|0x0000000080900000, 0x0000000080a00000, 0x0000000080a00000|100%| O|  |TAMS 0x0000000080a00000, 0x0000000080900000| Untracked 
|  10|0x0000000080a00000, 0x0000000080b00000, 0x0000000080b00000|100%| O|  |TAMS 0x0000000080b00000, 0x0000000080a00000| Untracked 
|  11|0x0000000080b00000, 0x0000000080c00000, 0x0000000080c00000|100%|HS|  |TAMS 0x0000000080c00000, 0x0000000080b00000| Complete 
|  12|0x0000000080c00000, 0x0000000080d00000, 0x0000000080d00000|100%| O|  |TAMS 0x0000000080d00000, 0x0000000080c00000| Untracked 
|  13|0x0000000080d00000, 0x0000000080e00000, 0x0000000080e00000|100%| O|  |TAMS 0x0000000080e00000, 0x0000000080d00000| Untracked 
|  14|0x0000000080e00000, 0x0000000080f00000, 0x0000000080f00000|100%| O|  |TAMS 0x0000000080f00000, 0x0000000080e00000| Untracked 
|  15|0x0000000080f00000, 0x0000000081000000, 0x0000000081000000|100%| O|  |TAMS 0x0000000081000000, 0x0000000080f00000| Untracked 
|  16|0x0000000081000000, 0x0000000081100000, 0x0000000081100000|100%| O|  |TAMS 0x0000000081100000, 0x0000000081000000| Untracked 
|  17|0x0000000081100000, 0x0000000081200000, 0x0000000081200000|100%| O|  |TAMS 0x0000000081200000, 0x0000000081100000| Untracked 
|  18|0x0000000081200000, 0x0000000081300000, 0x0000000081300000|100%| O|  |TAMS 0x0000000081300000, 0x0000000081200000| Untracked 
|  19|0x0000000081300000, 0x0000000081400000, 0x0000000081400000|100%|HS|  |TAMS 0x0000000081400000, 0x0000000081300000| Complete 
|  20|0x0000000081400000, 0x0000000081500000, 0x0000000081500000|100%|HC|  |TAMS 0x0000000081500000, 0x0000000081400000| Complete 
|  21|0x0000000081500000, 0x0000000081600000, 0x0000000081600000|100%|HS|  |TAMS 0x0000000081600000, 0x0000000081500000| Complete 
|  22|0x0000000081600000, 0x0000000081700000, 0x0000000081700000|100%|HC|  |TAMS 0x0000000081700000, 0x0000000081600000| Complete 
|  23|0x0000000081700000, 0x0000000081800000, 0x0000000081800000|100%|HC|  |TAMS 0x0000000081800000, 0x0000000081700000| Complete 
|  24|0x0000000081800000, 0x0000000081900000, 0x0000000081900000|100%| O|  |TAMS 0x0000000081900000, 0x0000000081800000| Untracked 
|  25|0x0000000081900000, 0x0000000081a00000, 0x0000000081a00000|100%| O|  |TAMS 0x0000000081a00000, 0x0000000081900000| Untracked 
|  26|0x0000000081a00000, 0x0000000081b00000, 0x0000000081b00000|100%| O|  |TAMS 0x0000000081b00000, 0x0000000081a00000| Untracked 
|  27|0x0000000081b00000, 0x0000000081c00000, 0x0000000081c00000|100%|HS|  |TAMS 0x0000000081b00000, 0x0000000081b00000| Complete 
|  28|0x0000000081c00000, 0x0000000081d00000, 0x0000000081d00000|100%|HS|  |TAMS 0x0000000081d00000, 0x0000000081c00000| Complete 
|  29|0x0000000081d00000, 0x0000000081e00000, 0x0000000081e00000|100%|HC|  |TAMS 0x0000000081e00000, 0x0000000081d00000| Complete 
|  30|0x0000000081e00000, 0x0000000081f00000, 0x0000000081f00000|100%|HC|  |TAMS 0x0000000081f00000, 0x0000000081e00000| Complete 
|  31|0x0000000081f00000, 0x0000000082000000, 0x0000000082000000|100%| O|  |TAMS 0x0000000082000000, 0x0000000081f00000| Untracked 
|  32|0x0000000082000000, 0x0000000082100000, 0x0000000082100000|100%|HS|  |TAMS 0x0000000082100000, 0x0000000082000000| Complete 
|  33|0x0000000082100000, 0x0000000082200000, 0x0000000082200000|100%|HC|  |TAMS 0x0000000082200000, 0x0000000082100000| Complete 
|  34|0x0000000082200000, 0x0000000082300000, 0x0000000082300000|100%|HC|  |TAMS 0x0000000082300000, 0x0000000082200000| Complete 
|  35|0x0000000082300000, 0x0000000082400000, 0x0000000082400000|100%|HC|  |TAMS 0x0000000082400000, 0x0000000082300000| Complete 
|  36|0x0000000082400000, 0x0000000082500000, 0x0000000082500000|100%|HC|  |TAMS 0x0000000082500000, 0x0000000082400000| Complete 
|  37|0x0000000082500000, 0x0000000082600000, 0x0000000082600000|100%|HC|  |TAMS 0x0000000082600000, 0x0000000082500000| Complete 
|  38|0x0000000082600000, 0x0000000082700000, 0x0000000082700000|100%|HS|  |TAMS 0x0000000082700000, 0x0000000082600000| Complete 
|  39|0x0000000082700000, 0x0000000082800000, 0x0000000082800000|100%|HS|  |TAMS 0x0000000082800000, 0x0000000082700000| Complete 
|  40|0x0000000082800000, 0x0000000082900000, 0x0000000082900000|100%|HC|  |TAMS 0x0000000082900000, 0x0000000082800000| Complete 
|  41|0x0000000082900000, 0x0000000082a00000, 0x0000000082a00000|100%|HS|  |TAMS 0x0000000082a00000, 0x0000000082900000| Complete 
|  42|0x0000000082a00000, 0x0000000082b00000, 0x0000000082b00000|100%|HC|  |TAMS 0x0000000082b00000, 0x0000000082a00000| Complete 
|  43|0x0000000082b00000, 0x0000000082c00000, 0x0000000082c00000|100%|HC|  |TAMS 0x0000000082c00000, 0x0000000082b00000| Complete 
|  44|0x0000000082c00000, 0x0000000082d00000, 0x0000000082d00000|100%|HC|  |TAMS 0x0000000082d00000, 0x0000000082c00000| Complete 
|  45|0x0000000082d00000, 0x0000000082e00000, 0x0000000082e00000|100%|HC|  |TAMS 0x0000000082e00000, 0x0000000082d00000| Complete 
|  46|0x0000000082e00000, 0x0000000082f00000, 0x0000000082f00000|100%|HC|  |TAMS 0x0000000082f00000, 0x0000000082e00000| Complete 
|  47|0x0000000082f00000, 0x0000000083000000, 0x0000000083000000|100%|HC|  |TAMS 0x0000000083000000, 0x0000000082f00000| Complete 
|  48|0x0000000083000000, 0x0000000083100000, 0x0000000083100000|100%|HC|  |TAMS 0x0000000083100000, 0x0000000083000000| Complete 
|  49|0x0000000083100000, 0x0000000083200000, 0x0000000083200000|100%|HC|  |TAMS 0x0000000083200000, 0x0000000083100000| Complete 
|  50|0x0000000083200000, 0x0000000083300000, 0x0000000083300000|100%|HC|  |TAMS 0x0000000083300000, 0x0000000083200000| Complete 
|  51|0x0000000083300000, 0x0000000083400000, 0x0000000083400000|100%|HS|  |TAMS 0x0000000083400000, 0x0000000083300000| Complete 
|  52|0x0000000083400000, 0x0000000083500000, 0x0000000083500000|100%|HC|  |TAMS 0x0000000083500000, 0x0000000083400000| Complete 
|  53|0x0000000083500000, 0x0000000083600000, 0x0000000083600000|100%| O|  |TAMS 0x0000000083600000, 0x0000000083500000| Untracked 
|  54|0x0000000083600000, 0x0000000083700000, 0x0000000083700000|100%| O|  |TAMS 0x0000000083700000, 0x0000000083600000| Untracked 
|  55|0x0000000083700000, 0x0000000083800000, 0x0000000083800000|100%| O|  |TAMS 0x0000000083800000, 0x0000000083700000| Untracked 
|  56|0x0000000083800000, 0x0000000083900000, 0x0000000083900000|100%| O|  |TAMS 0x0000000083900000, 0x0000000083800000| Untracked 
|  57|0x0000000083900000, 0x0000000083a00000, 0x0000000083a00000|100%| O|  |TAMS 0x0000000083a00000, 0x0000000083900000| Untracked 
|  58|0x0000000083a00000, 0x0000000083b00000, 0x0000000083b00000|100%| O|  |TAMS 0x0000000083b00000, 0x0000000083a00000| Untracked 
|  59|0x0000000083b00000, 0x0000000083c00000, 0x0000000083c00000|100%| O|  |TAMS 0x0000000083c00000, 0x0000000083b00000| Untracked 
|  60|0x0000000083c00000, 0x0000000083d00000, 0x0000000083d00000|100%| O|  |TAMS 0x0000000083d00000, 0x0000000083c00000| Untracked 
|  61|0x0000000083d00000, 0x0000000083e00000, 0x0000000083e00000|100%| O|  |TAMS 0x0000000083e00000, 0x0000000083d00000| Untracked 
|  62|0x0000000083e00000, 0x0000000083f00000, 0x0000000083f00000|100%| O|  |TAMS 0x0000000083f00000, 0x0000000083e00000| Untracked 
|  63|0x0000000083f00000, 0x0000000084000000, 0x0000000084000000|100%|HS|  |TAMS 0x0000000084000000, 0x0000000083f00000| Complete 
|  64|0x0000000084000000, 0x0000000084100000, 0x0000000084100000|100%|HC|  |TAMS 0x0000000084100000, 0x0000000084000000| Complete 
|  65|0x0000000084100000, 0x0000000084200000, 0x0000000084200000|100%|HC|  |TAMS 0x0000000084200000, 0x0000000084100000| Complete 
|  66|0x0000000084200000, 0x0000000084300000, 0x0000000084300000|100%|HC|  |TAMS 0x0000000084300000, 0x0000000084200000| Complete 
|  67|0x0000000084300000, 0x0000000084400000, 0x0000000084400000|100%|HC|  |TAMS 0x0000000084400000, 0x0000000084300000| Complete 
|  68|0x0000000084400000, 0x0000000084500000, 0x0000000084500000|100%|HC|  |TAMS 0x0000000084500000, 0x0000000084400000| Complete 
|  69|0x0000000084500000, 0x0000000084600000, 0x0000000084600000|100%|HC|  |TAMS 0x0000000084600000, 0x0000000084500000| Complete 
|  70|0x0000000084600000, 0x0000000084700000, 0x0000000084700000|100%|HC|  |TAMS 0x0000000084700000, 0x0000000084600000| Complete 
|  71|0x0000000084700000, 0x0000000084800000, 0x0000000084800000|100%|HC|  |TAMS 0x0000000084800000, 0x0000000084700000| Complete 
|  72|0x0000000084800000, 0x0000000084900000, 0x0000000084900000|100%|HC|  |TAMS 0x0000000084900000, 0x0000000084800000| Complete 
|  73|0x0000000084900000, 0x0000000084a00000, 0x0000000084a00000|100%|HC|  |TAMS 0x0000000084a00000, 0x0000000084900000| Complete 
|  74|0x0000000084a00000, 0x0000000084b00000, 0x0000000084b00000|100%| O|  |TAMS 0x0000000084b00000, 0x0000000084a00000| Untracked 
|  75|0x0000000084b00000, 0x0000000084c00000, 0x0000000084c00000|100%| O|  |TAMS 0x0000000084c00000, 0x0000000084b00000| Untracked 
|  76|0x0000000084c00000, 0x0000000084d00000, 0x0000000084d00000|100%| O|  |TAMS 0x0000000084d00000, 0x0000000084c00000| Complete 
|  77|0x0000000084d00000, 0x0000000084e00000, 0x0000000084e00000|100%|HS|  |TAMS 0x0000000084e00000, 0x0000000084d00000| Complete 
|  78|0x0000000084e00000, 0x0000000084f00000, 0x0000000084f00000|100%|HC|  |TAMS 0x0000000084f00000, 0x0000000084e00000| Complete 
|  79|0x0000000084f00000, 0x0000000085000000, 0x0000000085000000|100%|HS|  |TAMS 0x0000000085000000, 0x0000000084f00000| Complete 
|  80|0x0000000085000000, 0x0000000085100000, 0x0000000085100000|100%|HC|  |TAMS 0x0000000085100000, 0x0000000085000000| Complete 
|  81|0x0000000085100000, 0x0000000085200000, 0x0000000085200000|100%|HC|  |TAMS 0x0000000085200000, 0x0000000085100000| Complete 
|  82|0x0000000085200000, 0x0000000085300000, 0x0000000085300000|100%|HS|  |TAMS 0x0000000085300000, 0x0000000085200000| Complete 
|  83|0x0000000085300000, 0x0000000085400000, 0x0000000085400000|100%|HC|  |TAMS 0x0000000085400000, 0x0000000085300000| Complete 
|  84|0x0000000085400000, 0x0000000085500000, 0x0000000085500000|100%|HS|  |TAMS 0x0000000085500000, 0x0000000085400000| Complete 
|  85|0x0000000085500000, 0x0000000085600000, 0x0000000085600000|100%|HC|  |TAMS 0x0000000085600000, 0x0000000085500000| Complete 
|  86|0x0000000085600000, 0x0000000085700000, 0x0000000085700000|100%|HC|  |TAMS 0x0000000085700000, 0x0000000085600000| Complete 
|  87|0x0000000085700000, 0x0000000085800000, 0x0000000085800000|100%| O|  |TAMS 0x0000000085800000, 0x0000000085700000| Untracked 
|  88|0x0000000085800000, 0x0000000085900000, 0x0000000085900000|100%| O|  |TAMS 0x0000000085900000, 0x0000000085800000| Untracked 
|  89|0x0000000085900000, 0x0000000085a00000, 0x0000000085a00000|100%| O|  |TAMS 0x0000000085a00000, 0x0000000085900000| Untracked 
|  90|0x0000000085a00000, 0x0000000085b00000, 0x0000000085b00000|100%| O|  |TAMS 0x0000000085b00000, 0x0000000085a00000| Untracked 
|  91|0x0000000085b00000, 0x0000000085c00000, 0x0000000085c00000|100%| O|  |TAMS 0x0000000085c00000, 0x0000000085b00000| Untracked 
|  92|0x0000000085c00000, 0x0000000085d00000, 0x0000000085d00000|100%|HS|  |TAMS 0x0000000085d00000, 0x0000000085c00000| Complete 
|  93|0x0000000085d00000, 0x0000000085e00000, 0x0000000085e00000|100%|HC|  |TAMS 0x0000000085e00000, 0x0000000085d00000| Complete 
|  94|0x0000000085e00000, 0x0000000085f00000, 0x0000000085f00000|100%|HC|  |TAMS 0x0000000085f00000, 0x0000000085e00000| Complete 
|  95|0x0000000085f00000, 0x0000000086000000, 0x0000000086000000|100%|HC|  |TAMS 0x0000000086000000, 0x0000000085f00000| Complete 
|  96|0x0000000086000000, 0x0000000086100000, 0x0000000086100000|100%|HC|  |TAMS 0x0000000086100000, 0x0000000086000000| Complete 
|  97|0x0000000086100000, 0x0000000086200000, 0x0000000086200000|100%|HC|  |TAMS 0x0000000086200000, 0x0000000086100000| Complete 
|  98|0x0000000086200000, 0x0000000086300000, 0x0000000086300000|100%| O|  |TAMS 0x0000000086300000, 0x0000000086200000| Untracked 
|  99|0x0000000086300000, 0x0000000086400000, 0x0000000086400000|100%| O|  |TAMS 0x0000000086400000, 0x0000000086300000| Untracked 
| 100|0x0000000086400000, 0x0000000086500000, 0x0000000086500000|100%| O|  |TAMS 0x0000000086500000, 0x0000000086400000| Untracked 
| 101|0x0000000086500000, 0x0000000086600000, 0x0000000086600000|100%| O|  |TAMS 0x0000000086600000, 0x0000000086500000| Untracked 
| 102|0x0000000086600000, 0x0000000086700000, 0x0000000086700000|100%| O|  |TAMS 0x0000000086700000, 0x0000000086600000| Untracked 
| 103|0x0000000086700000, 0x0000000086800000, 0x0000000086800000|100%| O|  |TAMS 0x0000000086800000, 0x0000000086700000| Untracked 
| 104|0x0000000086800000, 0x0000000086900000, 0x0000000086900000|100%| O|  |TAMS 0x0000000086900000, 0x0000000086800000| Untracked 
| 105|0x0000000086900000, 0x0000000086a00000, 0x0000000086a00000|100%| O|  |TAMS 0x0000000086a00000, 0x0000000086900000| Untracked 
| 106|0x0000000086a00000, 0x0000000086b00000, 0x0000000086b00000|100%| O|  |TAMS 0x0000000086b00000, 0x0000000086a00000| Untracked 
| 107|0x0000000086b00000, 0x0000000086c00000, 0x0000000086c00000|100%| O|  |TAMS 0x0000000086c00000, 0x0000000086b00000| Untracked 
| 108|0x0000000086c00000, 0x0000000086c29a00, 0x0000000086d00000| 16%| O|  |TAMS 0x0000000086c29a00, 0x0000000086c00000| Untracked 
| 109|0x0000000086d00000, 0x0000000086e00000, 0x0000000086e00000|100%|HS|  |TAMS 0x0000000086d00000, 0x0000000086d00000| Complete 
| 110|0x0000000086e00000, 0x0000000086f00000, 0x0000000086f00000|100%|HS|  |TAMS 0x0000000086e00000, 0x0000000086e00000| Complete 
| 111|0x0000000086f00000, 0x0000000086f00000, 0x0000000087000000|  0%| F|  |TAMS 0x0000000086f00000, 0x0000000086f00000| Untracked 
| 112|0x0000000087000000, 0x0000000087000000, 0x0000000087100000|  0%| F|  |TAMS 0x0000000087000000, 0x0000000087000000| Untracked 
| 113|0x0000000087100000, 0x0000000087100000, 0x0000000087200000|  0%| F|  |TAMS 0x0000000087100000, 0x0000000087100000| Untracked 
| 114|0x0000000087200000, 0x0000000087200000, 0x0000000087300000|  0%| F|  |TAMS 0x0000000087200000, 0x0000000087200000| Untracked 
| 115|0x0000000087300000, 0x0000000087300000, 0x0000000087400000|  0%| F|  |TAMS 0x0000000087300000, 0x0000000087300000| Untracked 
| 116|0x0000000087400000, 0x0000000087400000, 0x0000000087500000|  0%| F|  |TAMS 0x0000000087400000, 0x0000000087400000| Untracked 
| 117|0x0000000087500000, 0x0000000087500000, 0x0000000087600000|  0%| F|  |TAMS 0x0000000087500000, 0x0000000087500000| Untracked 
| 118|0x0000000087600000, 0x0000000087600000, 0x0000000087700000|  0%| F|  |TAMS 0x0000000087600000, 0x0000000087600000| Untracked 
| 119|0x0000000087700000, 0x0000000087700000, 0x0000000087800000|  0%| F|  |TAMS 0x0000000087700000, 0x0000000087700000| Untracked 
| 120|0x0000000087800000, 0x0000000087800000, 0x0000000087900000|  0%| F|  |TAMS 0x0000000087800000, 0x0000000087800000| Untracked 
| 121|0x0000000087900000, 0x0000000087900000, 0x0000000087a00000|  0%| F|  |TAMS 0x0000000087900000, 0x0000000087900000| Untracked 
| 122|0x0000000087a00000, 0x0000000087a00000, 0x0000000087b00000|  0%| F|  |TAMS 0x0000000087a00000, 0x0000000087a00000| Untracked 
| 123|0x0000000087b00000, 0x0000000087b00000, 0x0000000087c00000|  0%| F|  |TAMS 0x0000000087b00000, 0x0000000087b00000| Untracked 
| 124|0x0000000087c00000, 0x0000000087c00000, 0x0000000087d00000|  0%| F|  |TAMS 0x0000000087c00000, 0x0000000087c00000| Untracked 
| 125|0x0000000087d00000, 0x0000000087d00000, 0x0000000087e00000|  0%| F|  |TAMS 0x0000000087d00000, 0x0000000087d00000| Untracked 
| 126|0x0000000087e00000, 0x0000000087e00000, 0x0000000087f00000|  0%| F|  |TAMS 0x0000000087e00000, 0x0000000087e00000| Untracked 
| 127|0x0000000087f00000, 0x0000000087f00000, 0x0000000088000000|  0%| F|  |TAMS 0x0000000087f00000, 0x0000000087f00000| Untracked 
| 128|0x0000000088000000, 0x0000000088000000, 0x0000000088100000|  0%| F|  |TAMS 0x0000000088000000, 0x0000000088000000| Untracked 
| 129|0x0000000088100000, 0x0000000088100000, 0x0000000088200000|  0%| F|  |TAMS 0x0000000088100000, 0x0000000088100000| Untracked 
| 130|0x0000000088200000, 0x0000000088200000, 0x0000000088300000|  0%| F|  |TAMS 0x0000000088200000, 0x0000000088200000| Untracked 
| 131|0x0000000088300000, 0x0000000088300000, 0x0000000088400000|  0%| F|  |TAMS 0x0000000088300000, 0x0000000088300000| Untracked 
| 132|0x0000000088400000, 0x0000000088400000, 0x0000000088500000|  0%| F|  |TAMS 0x0000000088400000, 0x0000000088400000| Untracked 
| 133|0x0000000088500000, 0x0000000088500000, 0x0000000088600000|  0%| F|  |TAMS 0x0000000088500000, 0x0000000088500000| Untracked 
| 134|0x0000000088600000, 0x0000000088600000, 0x0000000088700000|  0%| F|  |TAMS 0x0000000088600000, 0x0000000088600000| Untracked 
| 135|0x0000000088700000, 0x0000000088700000, 0x0000000088800000|  0%| F|  |TAMS 0x0000000088700000, 0x0000000088700000| Untracked 
| 136|0x0000000088800000, 0x0000000088800000, 0x0000000088900000|  0%| F|  |TAMS 0x0000000088800000, 0x0000000088800000| Untracked 
| 137|0x0000000088900000, 0x0000000088900000, 0x0000000088a00000|  0%| F|  |TAMS 0x0000000088900000, 0x0000000088900000| Untracked 
| 138|0x0000000088a00000, 0x0000000088a00000, 0x0000000088b00000|  0%| F|  |TAMS 0x0000000088a00000, 0x0000000088a00000| Untracked 
| 139|0x0000000088b00000, 0x0000000088b00000, 0x0000000088c00000|  0%| F|  |TAMS 0x0000000088b00000, 0x0000000088b00000| Untracked 
| 140|0x0000000088c00000, 0x0000000088c00000, 0x0000000088d00000|  0%| F|  |TAMS 0x0000000088c00000, 0x0000000088c00000| Untracked 
| 141|0x0000000088d00000, 0x0000000088d00000, 0x0000000088e00000|  0%| F|  |TAMS 0x0000000088d00000, 0x0000000088d00000| Untracked 
| 142|0x0000000088e00000, 0x0000000088e00000, 0x0000000088f00000|  0%| F|  |TAMS 0x0000000088e00000, 0x0000000088e00000| Untracked 
| 143|0x0000000088f00000, 0x0000000088f00000, 0x0000000089000000|  0%| F|  |TAMS 0x0000000088f00000, 0x0000000088f00000| Untracked 
| 144|0x0000000089000000, 0x0000000089000000, 0x0000000089100000|  0%| F|  |TAMS 0x0000000089000000, 0x0000000089000000| Untracked 
| 145|0x0000000089100000, 0x0000000089100000, 0x0000000089200000|  0%| F|  |TAMS 0x0000000089100000, 0x0000000089100000| Untracked 
| 146|0x0000000089200000, 0x0000000089200000, 0x0000000089300000|  0%| F|  |TAMS 0x0000000089200000, 0x0000000089200000| Untracked 
| 147|0x0000000089300000, 0x0000000089300000, 0x0000000089400000|  0%| F|  |TAMS 0x0000000089300000, 0x0000000089300000| Untracked 
| 148|0x0000000089400000, 0x0000000089400000, 0x0000000089500000|  0%| F|  |TAMS 0x0000000089400000, 0x0000000089400000| Untracked 
| 149|0x0000000089500000, 0x0000000089500000, 0x0000000089600000|  0%| F|  |TAMS 0x0000000089500000, 0x0000000089500000| Untracked 
| 150|0x0000000089600000, 0x0000000089600000, 0x0000000089700000|  0%| F|  |TAMS 0x0000000089600000, 0x0000000089600000| Untracked 
| 151|0x0000000089700000, 0x0000000089700000, 0x0000000089800000|  0%| F|  |TAMS 0x0000000089700000, 0x0000000089700000| Untracked 
| 152|0x0000000089800000, 0x0000000089800000, 0x0000000089900000|  0%| F|  |TAMS 0x0000000089800000, 0x0000000089800000| Untracked 
| 153|0x0000000089900000, 0x0000000089900000, 0x0000000089a00000|  0%| F|  |TAMS 0x0000000089900000, 0x0000000089900000| Untracked 
| 154|0x0000000089a00000, 0x0000000089a00000, 0x0000000089b00000|  0%| F|  |TAMS 0x0000000089a00000, 0x0000000089a00000| Untracked 
| 155|0x0000000089b00000, 0x0000000089b00000, 0x0000000089c00000|  0%| F|  |TAMS 0x0000000089b00000, 0x0000000089b00000| Untracked 
| 156|0x0000000089c00000, 0x0000000089c00000, 0x0000000089d00000|  0%| F|  |TAMS 0x0000000089c00000, 0x0000000089c00000| Untracked 
| 157|0x0000000089d00000, 0x0000000089d00000, 0x0000000089e00000|  0%| F|  |TAMS 0x0000000089d00000, 0x0000000089d00000| Untracked 
| 158|0x0000000089e00000, 0x0000000089e1f1a8, 0x0000000089f00000| 12%| S|CS|TAMS 0x0000000089e00000, 0x0000000089e00000| Complete 
| 159|0x0000000089f00000, 0x000000008a000000, 0x000000008a000000|100%| S|CS|TAMS 0x0000000089f00000, 0x0000000089f00000| Complete 
| 160|0x000000008a000000, 0x000000008a000000, 0x000000008a100000|  0%| F|  |TAMS 0x000000008a000000, 0x000000008a000000| Untracked 
| 161|0x000000008a100000, 0x000000008a100000, 0x000000008a200000|  0%| F|  |TAMS 0x000000008a100000, 0x000000008a100000| Untracked 
| 162|0x000000008a200000, 0x000000008a200000, 0x000000008a300000|  0%| F|  |TAMS 0x000000008a200000, 0x000000008a200000| Untracked 
| 163|0x000000008a300000, 0x000000008a300000, 0x000000008a400000|  0%| F|  |TAMS 0x000000008a300000, 0x000000008a300000| Untracked 
| 164|0x000000008a400000, 0x000000008a400000, 0x000000008a500000|  0%| F|  |TAMS 0x000000008a400000, 0x000000008a400000| Untracked 
| 165|0x000000008a500000, 0x000000008a500000, 0x000000008a600000|  0%| F|  |TAMS 0x000000008a500000, 0x000000008a500000| Untracked 
| 166|0x000000008a600000, 0x000000008a600000, 0x000000008a700000|  0%| F|  |TAMS 0x000000008a600000, 0x000000008a600000| Untracked 
| 167|0x000000008a700000, 0x000000008a700000, 0x000000008a800000|  0%| F|  |TAMS 0x000000008a700000, 0x000000008a700000| Untracked 
| 168|0x000000008a800000, 0x000000008a800000, 0x000000008a900000|  0%| F|  |TAMS 0x000000008a800000, 0x000000008a800000| Untracked 
| 169|0x000000008a900000, 0x000000008a900000, 0x000000008aa00000|  0%| F|  |TAMS 0x000000008a900000, 0x000000008a900000| Untracked 
| 170|0x000000008aa00000, 0x000000008aa00000, 0x000000008ab00000|  0%| F|  |TAMS 0x000000008aa00000, 0x000000008aa00000| Untracked 
| 171|0x000000008ab00000, 0x000000008ab00000, 0x000000008ac00000|  0%| F|  |TAMS 0x000000008ab00000, 0x000000008ab00000| Untracked 
| 172|0x000000008ac00000, 0x000000008ac00000, 0x000000008ad00000|  0%| F|  |TAMS 0x000000008ac00000, 0x000000008ac00000| Untracked 
| 173|0x000000008ad00000, 0x000000008ad00000, 0x000000008ae00000|  0%| F|  |TAMS 0x000000008ad00000, 0x000000008ad00000| Untracked 
| 174|0x000000008ae00000, 0x000000008ae00000, 0x000000008af00000|  0%| F|  |TAMS 0x000000008ae00000, 0x000000008ae00000| Untracked 
| 175|0x000000008af00000, 0x000000008af00000, 0x000000008b000000|  0%| F|  |TAMS 0x000000008af00000, 0x000000008af00000| Untracked 
| 176|0x000000008b000000, 0x000000008b000000, 0x000000008b100000|  0%| F|  |TAMS 0x000000008b000000, 0x000000008b000000| Untracked 
| 177|0x000000008b100000, 0x000000008b100000, 0x000000008b200000|  0%| F|  |TAMS 0x000000008b100000, 0x000000008b100000| Untracked 
| 178|0x000000008b200000, 0x000000008b300000, 0x000000008b300000|100%| E|CS|TAMS 0x000000008b200000, 0x000000008b200000| Complete 
| 179|0x000000008b300000, 0x000000008b400000, 0x000000008b400000|100%| E|  |TAMS 0x000000008b300000, 0x000000008b300000| Complete 
| 180|0x000000008b400000, 0x000000008b4848e0, 0x000000008b500000| 51%| E|  |TAMS 0x000000008b400000, 0x000000008b400000| Complete 
| 181|0x000000008b500000, 0x000000008b600000, 0x000000008b600000|100%| E|CS|TAMS 0x000000008b500000, 0x000000008b500000| Complete 
| 182|0x000000008b600000, 0x000000008b700000, 0x000000008b700000|100%| E|CS|TAMS 0x000000008b600000, 0x000000008b600000| Complete 
| 183|0x000000008b700000, 0x000000008b800000, 0x000000008b800000|100%| E|CS|TAMS 0x000000008b700000, 0x000000008b700000| Complete 
| 184|0x000000008b800000, 0x000000008b900000, 0x000000008b900000|100%| E|CS|TAMS 0x000000008b800000, 0x000000008b800000| Complete 
| 185|0x000000008b900000, 0x000000008ba00000, 0x000000008ba00000|100%| E|CS|TAMS 0x000000008b900000, 0x000000008b900000| Complete 
| 186|0x000000008ba00000, 0x000000008bb00000, 0x000000008bb00000|100%| E|CS|TAMS 0x000000008ba00000, 0x000000008ba00000| Complete 
| 187|0x000000008bb00000, 0x000000008bc00000, 0x000000008bc00000|100%| E|CS|TAMS 0x000000008bb00000, 0x000000008bb00000| Complete 
| 188|0x000000008bc00000, 0x000000008bd00000, 0x000000008bd00000|100%| E|CS|TAMS 0x000000008bc00000, 0x000000008bc00000| Complete 
| 189|0x000000008bd00000, 0x000000008be00000, 0x000000008be00000|100%| E|CS|TAMS 0x000000008bd00000, 0x000000008bd00000| Complete 

Card table byte_map: [0x0000024aad1d0000,0x0000024aad5d0000] _byte_map_base: 0x0000024aacdd0000

Marking Bits (Prev, Next): (CMBitMap*) 0x0000024a9a634330, (CMBitMap*) 0x0000024a9a6342f0
 Prev Bits: [0x0000024aaf9d0000, 0x0000024ab19d0000)
 Next Bits: [0x0000024aad9d0000, 0x0000024aaf9d0000)

Polling page: 0x0000024a985e0000

Metaspace:

Usage:
  Non-class:     56.53 MB used.
      Class:      8.69 MB used.
       Both:     65.23 MB used.

Virtual space:
  Non-class space:       64.00 MB reserved,      56.81 MB ( 89%) committed,  8 nodes.
      Class space:        1.00 GB reserved,       8.94 MB ( <1%) committed,  1 nodes.
             Both:        1.06 GB reserved,      65.75 MB (  6%) committed. 

Chunk freelists:
   Non-Class:  3.19 MB
       Class:  3.03 MB
        Both:  6.22 MB

MaxMetaspaceSize: unlimited
CompressedClassSpaceSize: 1.00 GB
Initial GC threshold: 21.00 MB
Current GC threshold: 108.88 MB
CDS: off
MetaspaceReclaimPolicy: balanced
 - commit_granule_bytes: 65536.
 - commit_granule_words: 8192.
 - virtual_space_node_default_size: 1048576.
 - enlarge_chunks_in_place: 1.
 - new_chunks_are_fully_committed: 0.
 - uncommit_free_chunks: 1.
 - use_allocation_guard: 0.
 - handle_deallocations: 1.


Internal statistics:

num_allocs_failed_limit: 3.
num_arena_births: 606.
num_arena_deaths: 4.
num_vsnodes_births: 9.
num_vsnodes_deaths: 0.
num_space_committed: 1052.
num_space_uncommitted: 0.
num_chunks_returned_to_freelist: 11.
num_chunks_taken_from_freelist: 2734.
num_chunk_merges: 3.
num_chunk_splits: 1797.
num_chunks_enlarged: 1228.
num_purges: 2.
num_inconsistent_stats: 0.

CodeHeap 'non-profiled nmethods': size=120000Kb used=3199Kb max_used=3199Kb free=116800Kb
 bounds [0x0000024aa5570000, 0x0000024aa5890000, 0x0000024aacaa0000]
CodeHeap 'profiled nmethods': size=120000Kb used=12455Kb max_used=12455Kb free=107544Kb
 bounds [0x0000024a9daa0000, 0x0000024a9e6d0000, 0x0000024aa4fd0000]
CodeHeap 'non-nmethods': size=5760Kb used=2383Kb max_used=2425Kb free=3376Kb
 bounds [0x0000024aa4fd0000, 0x0000024aa5240000, 0x0000024aa5570000]
 total_blobs=7331 nmethods=6433 adapters=809
 compilation: enabled
              stopped_count=0, restarted_count=0
 full_count=0

Compilation events (20 events):
Event: 6.874 Thread 0x0000024ab507d530 7210       2       java.io.RandomAccessFile::<init> (262 bytes)
Event: 6.876 Thread 0x0000024ab507d530 nmethod 7210 0x0000024a9e6c1a90 code [0x0000024a9e6c1d60, 0x0000024a9e6c26c8]
Event: 6.880 Thread 0x0000024ab507d530 7211       2       java.lang.ThreadLocal::get (38 bytes)
Event: 6.880 Thread 0x0000024ab507d530 nmethod 7211 0x0000024a9e6c2c10 code [0x0000024a9e6c2dc0, 0x0000024a9e6c2f78]
Event: 6.886 Thread 0x0000024ab507d530 7212 %     3       java.util.jar.Manifest$FastInputStream::readLine @ 86 (296 bytes)
Event: 6.887 Thread 0x0000024ab507d530 nmethod 7212% 0x0000024a9e6c3110 code [0x0000024a9e6c3340, 0x0000024a9e6c3e08]
Event: 6.889 Thread 0x0000024ab507d530 7213       3       java.util.jar.Manifest$FastInputStream::readLine (296 bytes)
Event: 6.890 Thread 0x0000024ab5052af0 nmethod 7080 0x0000024aa5884d90 code [0x0000024aa58853c0, 0x0000024aa588c120]
Event: 6.890 Thread 0x0000024ab507d530 nmethod 7213 0x0000024a9e6c4190 code [0x0000024a9e6c43c0, 0x0000024a9e6c4cc8]
Event: 6.890 Thread 0x0000024ab5052af0 7103       4       groovyjarjarantlr4.v4.runtime.atn.PredictionContext::calculateHashCode (86 bytes)
Event: 6.891 Thread 0x0000024ab507d530 7214   !   3       java.util.zip.ZipFile$Source::get (180 bytes)
Event: 6.892 Thread 0x0000024ab507d530 nmethod 7214 0x0000024a9e6c5010 code [0x0000024a9e6c5320, 0x0000024a9e6c6718]
Event: 6.894 Thread 0x0000024ab5052af0 nmethod 7103 0x0000024aa588f610 code [0x0000024aa588f7a0, 0x0000024aa588fc58]
Event: 6.894 Thread 0x0000024ab5052af0 7082       4       groovyjarjarantlr4.v4.runtime.atn.PredictionContext::getCachedContext (297 bytes)
Event: 6.942 Thread 0x0000024ab507d530 7216       3       java.security.AccessController::doPrivileged (17 bytes)
Event: 6.942 Thread 0x0000024ab507d530 nmethod 7216 0x0000024a9e6c6f90 code [0x0000024a9e6c7180, 0x0000024a9e6c7538]
Event: 6.942 Thread 0x0000024ab507d530 7217   !   3       jdk.internal.loader.URLClassPath::check (125 bytes)
Event: 6.943 Thread 0x0000024ab507d530 nmethod 7217 0x0000024a9e6c7710 code [0x0000024a9e6c79c0, 0x0000024a9e6c8948]
Event: 6.950 Thread 0x0000024ab507d530 7218       3       java.util.TreeSet::add (22 bytes)
Event: 6.950 Thread 0x0000024ab507d530 nmethod 7218 0x0000024a9e6c8d90 code [0x0000024a9e6c8f40, 0x0000024a9e6c9168]

GC Heap History (20 events):
Event: 4.021 GC heap before
{Heap before GC invocations=20 (full 0):
 garbage-first heap   total 135168K, used 78367K [0x0000000080000000, 0x0000000100000000)
  region size 1024K, 5 young (5120K), 4 survivors (4096K)
 Metaspace       used 46549K, committed 47040K, reserved 1097728K
  class space    used 6184K, committed 6400K, reserved 1048576K
}
Event: 4.023 GC heap after
{Heap after GC invocations=21 (full 0):
 garbage-first heap   total 135168K, used 78529K [0x0000000080000000, 0x0000000100000000)
  region size 1024K, 1 young (1024K), 1 survivors (1024K)
 Metaspace       used 46549K, committed 47040K, reserved 1097728K
  class space    used 6184K, committed 6400K, reserved 1048576K
}
Event: 4.400 GC heap before
{Heap before GC invocations=22 (full 0):
 garbage-first heap   total 143360K, used 113345K [0x0000000080000000, 0x0000000100000000)
  region size 1024K, 25 young (25600K), 1 survivors (1024K)
 Metaspace       used 49359K, committed 49792K, reserved 1097728K
  class space    used 6465K, committed 6656K, reserved 1048576K
}
Event: 4.402 GC heap after
{Heap after GC invocations=23 (full 0):
 garbage-first heap   total 143360K, used 92475K [0x0000000080000000, 0x0000000100000000)
  region size 1024K, 4 young (4096K), 4 survivors (4096K)
 Metaspace       used 49359K, committed 49792K, reserved 1097728K
  class space    used 6465K, committed 6656K, reserved 1048576K
}
Event: 4.437 GC heap before
{Heap before GC invocations=23 (full 0):
 garbage-first heap   total 143360K, used 94523K [0x0000000080000000, 0x0000000100000000)
  region size 1024K, 7 young (7168K), 4 survivors (4096K)
 Metaspace       used 50016K, committed 50432K, reserved 1097728K
  class space    used 6583K, committed 6784K, reserved 1048576K
}
Event: 4.440 GC heap after
{Heap after GC invocations=24 (full 0):
 garbage-first heap   total 143360K, used 92794K [0x0000000080000000, 0x0000000100000000)
  region size 1024K, 1 young (1024K), 1 survivors (1024K)
 Metaspace       used 50016K, committed 50432K, reserved 1097728K
  class space    used 6583K, committed 6784K, reserved 1048576K
}
Event: 4.670 GC heap before
{Heap before GC invocations=24 (full 0):
 garbage-first heap   total 143360K, used 114298K [0x0000000080000000, 0x0000000100000000)
  region size 1024K, 23 young (23552K), 1 survivors (1024K)
 Metaspace       used 52176K, committed 52672K, reserved 1097728K
  class space    used 6929K, committed 7168K, reserved 1048576K
}
Event: 4.672 GC heap after
{Heap after GC invocations=25 (full 0):
 garbage-first heap   total 176128K, used 93938K [0x0000000080000000, 0x0000000100000000)
  region size 1024K, 2 young (2048K), 2 survivors (2048K)
 Metaspace       used 52176K, committed 52672K, reserved 1097728K
  class space    used 6929K, committed 7168K, reserved 1048576K
}
Event: 5.116 GC heap before
{Heap before GC invocations=26 (full 0):
 garbage-first heap   total 176128K, used 130802K [0x0000000080000000, 0x0000000100000000)
  region size 1024K, 38 young (38912K), 2 survivors (2048K)
 Metaspace       used 55658K, committed 56128K, reserved 1105920K
  class space    used 7413K, committed 7616K, reserved 1048576K
}
Event: 5.119 GC heap after
{Heap after GC invocations=27 (full 0):
 garbage-first heap   total 176128K, used 97545K [0x0000000080000000, 0x0000000100000000)
  region size 1024K, 5 young (5120K), 5 survivors (5120K)
 Metaspace       used 55658K, committed 56128K, reserved 1105920K
  class space    used 7413K, committed 7616K, reserved 1048576K
}
Event: 5.169 GC heap before
{Heap before GC invocations=27 (full 0):
 garbage-first heap   total 176128K, used 107785K [0x0000000080000000, 0x0000000100000000)
  region size 1024K, 8 young (8192K), 5 survivors (5120K)
 Metaspace       used 55823K, committed 56320K, reserved 1105920K
  class space    used 7447K, committed 7680K, reserved 1048576K
}
Event: 5.175 GC heap after
{Heap after GC invocations=28 (full 0):
 garbage-first heap   total 176128K, used 104961K [0x0000000080000000, 0x0000000100000000)
  region size 1024K, 1 young (1024K), 1 survivors (1024K)
 Metaspace       used 55823K, committed 56320K, reserved 1105920K
  class space    used 7447K, committed 7680K, reserved 1048576K
}
Event: 5.652 GC heap before
{Heap before GC invocations=28 (full 0):
 garbage-first heap   total 176128K, used 137729K [0x0000000080000000, 0x0000000100000000)
  region size 1024K, 33 young (33792K), 1 survivors (1024K)
 Metaspace       used 59225K, committed 59712K, reserved 1105920K
  class space    used 7974K, committed 8192K, reserved 1048576K
}
Event: 5.655 GC heap after
{Heap after GC invocations=29 (full 0):
 garbage-first heap   total 176128K, used 107222K [0x0000000080000000, 0x0000000100000000)
  region size 1024K, 4 young (4096K), 4 survivors (4096K)
 Metaspace       used 59225K, committed 59712K, reserved 1105920K
  class space    used 7974K, committed 8192K, reserved 1048576K
}
Event: 6.542 GC heap before
{Heap before GC invocations=30 (full 0):
 garbage-first heap   total 184320K, used 138966K [0x0000000080000000, 0x0000000100000000)
  region size 1024K, 36 young (36864K), 4 survivors (4096K)
 Metaspace       used 65906K, committed 66432K, reserved 1114112K
  class space    used 8811K, committed 9024K, reserved 1048576K
}
Event: 6.547 GC heap after
{Heap after GC invocations=31 (full 0):
 garbage-first heap   total 184320K, used 110470K [0x0000000080000000, 0x0000000100000000)
  region size 1024K, 4 young (4096K), 4 survivors (4096K)
 Metaspace       used 65906K, committed 66432K, reserved 1114112K
  class space    used 8811K, committed 9024K, reserved 1048576K
}
Event: 6.638 GC heap before
{Heap before GC invocations=31 (full 0):
 garbage-first heap   total 184320K, used 114566K [0x0000000080000000, 0x0000000100000000)
  region size 1024K, 9 young (9216K), 4 survivors (4096K)
 Metaspace       used 65995K, committed 66496K, reserved 1114112K
  class space    used 8811K, committed 9024K, reserved 1048576K
}
Event: 6.641 GC heap after
{Heap after GC invocations=32 (full 0):
 garbage-first heap   total 184320K, used 110392K [0x0000000080000000, 0x0000000100000000)
  region size 1024K, 1 young (1024K), 1 survivors (1024K)
 Metaspace       used 65995K, committed 66496K, reserved 1114112K
  class space    used 8811K, committed 9024K, reserved 1048576K
}
Event: 6.812 GC heap before
{Heap before GC invocations=32 (full 0):
 garbage-first heap   total 184320K, used 127800K [0x0000000080000000, 0x0000000100000000)
  region size 1024K, 20 young (20480K), 1 survivors (1024K)
 Metaspace       used 66229K, committed 66816K, reserved 1114112K
  class space    used 8827K, committed 9088K, reserved 1048576K
}
Event: 6.816 GC heap after
{Heap after GC invocations=33 (full 0):
 garbage-first heap   total 184320K, used 110882K [0x0000000080000000, 0x0000000100000000)
  region size 1024K, 2 young (2048K), 2 survivors (2048K)
 Metaspace       used 66229K, committed 66816K, reserved 1114112K
  class space    used 8827K, committed 9088K, reserved 1048576K
}

Dll operation events (2 events):
Event: 0.008 Loaded shared library C:\Program Files\Android\Android Studio\jbr\bin\java.dll
Event: 0.334 Loaded shared library C:\Program Files\Android\Android Studio\jbr\bin\verify.dll

Deoptimization events (20 events):
Event: 6.836 Thread 0x0000024ab6bb13c0 DEOPT PACKING pc=0x0000024aa55c6060 sp=0x0000008e605f8540
Event: 6.836 Thread 0x0000024ab6bb13c0 DEOPT UNPACKING pc=0x0000024aa502a1a3 sp=0x0000008e605f84d0 mode 2
Event: 6.856 Thread 0x0000024ab5020850 Uncommon trap: trap_request=0xffffff45 fr.pc=0x0000024aa55e5b5c relative=0x000000000000021c
Event: 6.856 Thread 0x0000024ab5020850 Uncommon trap: reason=unstable_if action=reinterpret pc=0x0000024aa55e5b5c method=java.lang.ThreadLocal.get()Ljava/lang/Object; @ 11 c2
Event: 6.856 Thread 0x0000024ab5020850 DEOPT PACKING pc=0x0000024aa55e5b5c sp=0x0000008e5f0fecb0
Event: 6.856 Thread 0x0000024ab5020850 DEOPT UNPACKING pc=0x0000024aa502a1a3 sp=0x0000008e5f0fec50 mode 2
Event: 6.857 Thread 0x0000024ab5020850 Uncommon trap: trap_request=0xffffff45 fr.pc=0x0000024aa57c65d8 relative=0x0000000000000618
Event: 6.857 Thread 0x0000024ab5020850 Uncommon trap: reason=unstable_if action=reinterpret pc=0x0000024aa57c65d8 method=java.util.HashMap$HashIterator.<init>(Ljava/util/HashMap;)V @ 45 c2
Event: 6.857 Thread 0x0000024ab5020850 DEOPT PACKING pc=0x0000024aa57c65d8 sp=0x0000008e5f0ff180
Event: 6.857 Thread 0x0000024ab5020850 DEOPT UNPACKING pc=0x0000024aa502a1a3 sp=0x0000008e5f0ff010 mode 2
Event: 6.857 Thread 0x0000024ab6bb13c0 DEOPT PACKING pc=0x0000024a9e2dbde9 sp=0x0000008e605f55d0
Event: 6.857 Thread 0x0000024ab6bb13c0 DEOPT UNPACKING pc=0x0000024aa502ace3 sp=0x0000008e605f4b50 mode 0
Event: 6.898 Thread 0x0000024ab6bb13c0 DEOPT PACKING pc=0x0000024a9e2dbde9 sp=0x0000008e605f54e0
Event: 6.898 Thread 0x0000024ab6bb13c0 DEOPT UNPACKING pc=0x0000024aa502ace3 sp=0x0000008e605f4a60 mode 0
Event: 6.939 Thread 0x0000024ab6bb13c0 DEOPT PACKING pc=0x0000024a9dc57ac2 sp=0x0000008e605f2780
Event: 6.939 Thread 0x0000024ab6bb13c0 DEOPT UNPACKING pc=0x0000024aa502ace3 sp=0x0000008e605f1c90 mode 0
Event: 6.950 Thread 0x0000024ab6bb13c0 DEOPT PACKING pc=0x0000024a9e2dbde9 sp=0x0000008e605f6630
Event: 6.950 Thread 0x0000024ab6bb13c0 DEOPT UNPACKING pc=0x0000024aa502ace3 sp=0x0000008e605f5bb0 mode 0
Event: 6.974 Thread 0x0000024ab6bb13c0 DEOPT PACKING pc=0x0000024a9e2dbde9 sp=0x0000008e605f6630
Event: 6.974 Thread 0x0000024ab6bb13c0 DEOPT UNPACKING pc=0x0000024aa502ace3 sp=0x0000008e605f5bb0 mode 0

Classes unloaded (6 events):
Event: 5.680 Thread 0x0000024ab501ca40 Unloading class 0x000000010075c410 '_BuildScript_$_run_closure1$_closure2'
Event: 5.680 Thread 0x0000024ab501ca40 Unloading class 0x000000010075c000 '_BuildScript_$_run_closure1'
Event: 5.680 Thread 0x0000024ab501ca40 Unloading class 0x0000000100754800 '_BuildScript_'
Event: 5.680 Thread 0x0000024ab501ca40 Unloading class 0x0000000100744968 '_BuildScript_$_run_closure1$_closure2'
Event: 5.680 Thread 0x0000024ab501ca40 Unloading class 0x0000000100744558 '_BuildScript_$_run_closure1'
Event: 5.680 Thread 0x0000024ab501ca40 Unloading class 0x0000000100744000 '_BuildScript_'

Classes redefined (0 events):
No events

Internal exceptions (20 events):
Event: 5.383 Thread 0x0000024ab6bb13c0 Exception <a 'java/lang/ClassNotFoundException'{0x0000000089c94060}: build_q34k46xtuxwmv3uy28qg52uaCustomizer> (0x0000000089c94060) 
thrown [s\src\hotspot\share\classfile\systemDictionary.cpp, line 256]
Event: 5.391 Thread 0x0000024ab6bb13c0 Exception <a 'java/lang/ClassNotFoundException'{0x0000000089b07948}: org/gradle/plugin/use/internal/PluginRequestCollector$PluginDependenciesSpecImplBeanInfo> (0x0000000089b07948) 
thrown [s\src\hotspot\share\classfile\systemDictionary.cpp, line 256]
Event: 5.391 Thread 0x0000024ab6bb13c0 Exception <a 'java/lang/ClassNotFoundException'{0x0000000089b19d08}: org/gradle/plugin/use/internal/PluginRequestCollector$PluginDependenciesSpecImplCustomizer> (0x0000000089b19d08) 
thrown [s\src\hotspot\share\classfile\systemDictionary.cpp, line 256]
Event: 5.394 Thread 0x0000024ab6bb13c0 Exception <a 'java/lang/ClassNotFoundException'{0x0000000089b53410}: org/gradle/plugin/use/internal/PluginRequestCollector$PluginDependencySpecImplBeanInfo> (0x0000000089b53410) 
thrown [s\src\hotspot\share\classfile\systemDictionary.cpp, line 256]
Event: 5.394 Thread 0x0000024ab6bb13c0 Exception <a 'java/lang/ClassNotFoundException'{0x0000000089b65220}: org/gradle/plugin/use/internal/PluginRequestCollector$PluginDependencySpecImplCustomizer> (0x0000000089b65220) 
thrown [s\src\hotspot\share\classfile\systemDictionary.cpp, line 256]
Event: 5.502 Thread 0x0000024ab6bb13c0 Exception <a 'java/lang/NoSuchMethodError'{0x00000000892298b8}: 'java.lang.Object java.lang.invoke.DirectMethodHandle$Holder.newInvokeSpecial(java.lang.Object, java.lang.Object, java.lang.Object, java.lang.Object, java.lang.Object, int)'> (0x00000000892298b8) 
thrown [s\src\hotspot\share\interpreter\linkResolver.cpp, line 771]
Event: 5.502 Thread 0x0000024ab6bb13c0 Exception <a 'java/lang/NoSuchMethodError'{0x000000008922ef10}: 'java.lang.Object java.lang.invoke.DirectMethodHandle$Holder.invokeSpecial(java.lang.Object, java.lang.Object, java.lang.Object, java.lang.Object, java.lang.Object, java.lang.Object, int)'> (0x000000008922ef10) 
thrown [s\src\hotspot\share\interpreter\linkResolver.cpp, line 771]
Event: 5.506 Thread 0x0000024ab6bb13c0 Exception <a 'java/lang/NoSuchMethodError'{0x00000000892c7330}: 'void java.lang.invoke.DirectMethodHandle$Holder.invokeStatic(java.lang.Object, java.lang.Object, java.lang.Object, int, java.lang.Object)'> (0x00000000892c7330) 
thrown [s\src\hotspot\share\interpreter\linkResolver.cpp, line 771]
Event: 5.706 Thread 0x0000024ab6bb13c0 Implicit null exception at 0x0000024aa5735cef to 0x0000024aa5735f38
Event: 5.711 Thread 0x0000024ab6bb13c0 Implicit null exception at 0x0000024aa55bc1f2 to 0x0000024aa55bc848
Event: 5.744 Thread 0x0000024ab6bb13c0 Exception <a 'sun/nio/fs/WindowsException'{0x000000008b2c9768}> (0x000000008b2c9768) 
thrown [s\src\hotspot\share\prims\jni.cpp, line 517]
Event: 6.712 Thread 0x0000024ab74ac2f0 Exception <a 'sun/nio/fs/WindowsException'{0x000000008b26b588}> (0x000000008b26b588) 
thrown [s\src\hotspot\share\prims\jni.cpp, line 517]
Event: 6.715 Thread 0x0000024ab74ac2f0 Exception <a 'sun/nio/fs/WindowsException'{0x000000008aff69b0}> (0x000000008aff69b0) 
thrown [s\src\hotspot\share\prims\jni.cpp, line 517]
Event: 6.715 Thread 0x0000024ab74ac2f0 Exception <a 'sun/nio/fs/WindowsException'{0x000000008aff6b18}> (0x000000008aff6b18) 
thrown [s\src\hotspot\share\prims\jni.cpp, line 517]
Event: 6.801 Thread 0x0000024ab960daa0 Exception <a 'sun/nio/fs/WindowsException'{0x000000008a002708}> (0x000000008a002708) 
thrown [s\src\hotspot\share\prims\jni.cpp, line 517]
Event: 6.803 Thread 0x0000024ab960daa0 Exception <a 'sun/nio/fs/WindowsException'{0x000000008a03e7b0}> (0x000000008a03e7b0) 
thrown [s\src\hotspot\share\prims\jni.cpp, line 517]
Event: 6.803 Thread 0x0000024ab960daa0 Exception <a 'sun/nio/fs/WindowsException'{0x000000008a03e928}> (0x000000008a03e928) 
thrown [s\src\hotspot\share\prims\jni.cpp, line 517]
Event: 6.808 Thread 0x0000024ab6bb13c0 Exception <a 'java/lang/ClassNotFoundException'{0x000000008a09ac40}: build_ajhqrhyeij2p8gqn9e6mn2bsgBeanInfo> (0x000000008a09ac40) 
thrown [s\src\hotspot\share\classfile\systemDictionary.cpp, line 256]
Event: 6.808 Thread 0x0000024ab6bb13c0 Exception <a 'java/lang/ClassNotFoundException'{0x000000008a0a1478}: build_ajhqrhyeij2p8gqn9e6mn2bsgCustomizer> (0x000000008a0a1478) 
thrown [s\src\hotspot\share\classfile\systemDictionary.cpp, line 256]
Event: 6.856 Thread 0x0000024ab5020850 Implicit null exception at 0x0000024aa55e5983 to 0x0000024aa55e5b48

VM Operations (20 events):
Event: 5.749 Executing VM operation: HandshakeAllThreads
Event: 5.749 Executing VM operation: HandshakeAllThreads done
Event: 5.750 Executing VM operation: HandshakeAllThreads
Event: 5.751 Executing VM operation: HandshakeAllThreads done
Event: 5.793 Executing VM operation: HandshakeAllThreads
Event: 5.794 Executing VM operation: HandshakeAllThreads done
Event: 5.923 Executing VM operation: HandshakeAllThreads
Event: 5.923 Executing VM operation: HandshakeAllThreads done
Event: 6.542 Executing VM operation: G1CollectForAllocation
Event: 6.548 Executing VM operation: G1CollectForAllocation done
Event: 6.638 Executing VM operation: G1CollectForAllocation
Event: 6.642 Executing VM operation: G1CollectForAllocation done
Event: 6.791 Executing VM operation: ICBufferFull
Event: 6.791 Executing VM operation: ICBufferFull done
Event: 6.812 Executing VM operation: G1TryInitiateConcMark
Event: 6.816 Executing VM operation: G1TryInitiateConcMark done
Event: 6.851 Executing VM operation: G1Concurrent
Event: 6.854 Executing VM operation: G1Concurrent done
Event: 6.868 Executing VM operation: G1Concurrent
Event: 6.868 Executing VM operation: G1Concurrent done

Events (20 events):
Event: 6.509 Thread 0x0000024ababa48b0 Thread added: 0x0000024ababa48b0
Event: 6.509 Thread 0x0000024ababa8c10 Thread added: 0x0000024ababa8c10
Event: 6.510 Thread 0x0000024ababa5720 Thread added: 0x0000024ababa5720
Event: 6.510 Thread 0x0000024ababa60c0 Thread added: 0x0000024ababa60c0
Event: 6.510 Thread 0x0000024ababa5250 Thread added: 0x0000024ababa5250
Event: 6.510 Thread 0x0000024ababa3570 Thread added: 0x0000024ababa3570
Event: 6.510 Thread 0x0000024ababa4d80 Thread added: 0x0000024ababa4d80
Event: 6.510 Thread 0x0000024ababa7400 Thread added: 0x0000024ababa7400
Event: 6.510 Thread 0x0000024ababa90e0 Thread added: 0x0000024ababa90e0
Event: 6.510 Thread 0x0000024ababa3a40 Thread added: 0x0000024ababa3a40
Event: 6.511 Thread 0x0000024ababa2700 Thread added: 0x0000024ababa2700
Event: 6.511 Thread 0x0000024ababa6a60 Thread added: 0x0000024ababa6a60
Event: 6.511 Thread 0x0000024ababa7da0 Thread added: 0x0000024ababa7da0
Event: 6.511 Thread 0x0000024ababa43e0 Thread added: 0x0000024ababa43e0
Event: 6.855 loading class sun/security/ssl/Alert
Event: 6.855 loading class sun/security/ssl/Alert done
Event: 6.855 loading class sun/security/ssl/Alert$AlertConsumer
Event: 6.855 loading class sun/security/ssl/Alert$AlertConsumer done
Event: 6.855 loading class sun/security/ssl/Alert$Level
Event: 6.856 loading class sun/security/ssl/Alert$Level done


Dynamic libraries:
0x00007ff77ff00000 - 0x00007ff77ff0a000 	C:\Program Files\Android\Android Studio\jbr\bin\java.exe
0x00007ffc457b0000 - 0x00007ffc459c7000 	C:\WINDOWS\SYSTEM32\ntdll.dll
0x00007ffc43e10000 - 0x00007ffc43ed4000 	C:\WINDOWS\System32\KERNEL32.DLL
0x00007ffc42c40000 - 0x00007ffc42fe6000 	C:\WINDOWS\System32\KERNELBASE.dll
0x00007ffc42ff0000 - 0x00007ffc43101000 	C:\WINDOWS\System32\ucrtbase.dll
0x00007ffc0caf0000 - 0x00007ffc0cb07000 	C:\Program Files\Android\Android Studio\jbr\bin\jli.dll
0x00007ffc43560000 - 0x00007ffc4370e000 	C:\WINDOWS\System32\USER32.dll
0x00007ffc434e0000 - 0x00007ffc43506000 	C:\WINDOWS\System32\win32u.dll
0x00007ffc2ea20000 - 0x00007ffc2ecb3000 	C:\WINDOWS\WinSxS\amd64_microsoft.windows.common-controls_6595b64144ccf1df_6.0.22621.2361_none_2712ced57382f843\COMCTL32.dll
0x00007ffc43710000 - 0x00007ffc43739000 	C:\WINDOWS\System32\GDI32.dll
0x00007ffc0c870000 - 0x00007ffc0c88b000 	C:\Program Files\Android\Android Studio\jbr\bin\VCRUNTIME140.dll
0x00007ffc433c0000 - 0x00007ffc434d8000 	C:\WINDOWS\System32\gdi32full.dll
0x00007ffc448d0000 - 0x00007ffc44977000 	C:\WINDOWS\System32\msvcrt.dll
0x00007ffc42ba0000 - 0x00007ffc42c3a000 	C:\WINDOWS\System32\msvcp_win.dll
0x00007ffc43b90000 - 0x00007ffc43bc1000 	C:\WINDOWS\System32\IMM32.DLL
0x00007ffc37ef0000 - 0x00007ffc37efc000 	C:\Program Files\Android\Android Studio\jbr\bin\vcruntime140_1.dll
0x00007ffc046e0000 - 0x00007ffc0476d000 	C:\Program Files\Android\Android Studio\jbr\bin\msvcp140.dll
0x00007ffbc6fb0000 - 0x00007ffbc7c1d000 	C:\Program Files\Android\Android Studio\jbr\bin\server\jvm.dll
0x00007ffc447a0000 - 0x00007ffc44850000 	C:\WINDOWS\System32\ADVAPI32.dll
0x00007ffc455a0000 - 0x00007ffc45646000 	C:\WINDOWS\System32\sechost.dll
0x00007ffc44d20000 - 0x00007ffc44e37000 	C:\WINDOWS\System32\RPCRT4.dll
0x00007ffc2abb0000 - 0x00007ffc2abb9000 	C:\WINDOWS\SYSTEM32\WSOCK32.dll
0x00007ffc456f0000 - 0x00007ffc45761000 	C:\WINDOWS\System32\WS2_32.dll
0x00007ffc283a0000 - 0x00007ffc283d4000 	C:\WINDOWS\SYSTEM32\WINMM.dll
0x00007ffc3b070000 - 0x00007ffc3b07a000 	C:\WINDOWS\SYSTEM32\VERSION.dll
0x00007ffc41ad0000 - 0x00007ffc41ae8000 	C:\WINDOWS\SYSTEM32\kernel.appcore.dll
0x00007ffc380d0000 - 0x00007ffc380da000 	C:\Program Files\Android\Android Studio\jbr\bin\jimage.dll
0x00007ffc405f0000 - 0x00007ffc4081e000 	C:\WINDOWS\SYSTEM32\DBGHELP.DLL
0x00007ffc44990000 - 0x00007ffc44d1a000 	C:\WINDOWS\System32\combase.dll
0x00007ffc45040000 - 0x00007ffc45117000 	C:\WINDOWS\System32\OLEAUT32.dll
0x00007ffc38880000 - 0x00007ffc388b2000 	C:\WINDOWS\SYSTEM32\dbgcore.DLL
0x00007ffc43280000 - 0x00007ffc432fa000 	C:\WINDOWS\System32\bcryptPrimitives.dll
0x00007ffc2fb40000 - 0x00007ffc2fb65000 	C:\Program Files\Android\Android Studio\jbr\bin\java.dll
0x00007ffc257d0000 - 0x00007ffc257e8000 	C:\Program Files\Android\Android Studio\jbr\bin\zip.dll
0x00007ffc43f40000 - 0x00007ffc44798000 	C:\WINDOWS\System32\SHELL32.dll
0x00007ffc40a90000 - 0x00007ffc41382000 	C:\WINDOWS\SYSTEM32\windows.storage.dll
0x00007ffc40900000 - 0x00007ffc40a3e000 	C:\WINDOWS\SYSTEM32\wintypes.dll
0x00007ffc437e0000 - 0x00007ffc438d3000 	C:\WINDOWS\System32\SHCORE.dll
0x00007ffc43ee0000 - 0x00007ffc43f3e000 	C:\WINDOWS\System32\shlwapi.dll
0x00007ffc42a60000 - 0x00007ffc42a86000 	C:\WINDOWS\SYSTEM32\profapi.dll
0x00007ffc12e00000 - 0x00007ffc12e19000 	C:\Program Files\Android\Android Studio\jbr\bin\net.dll
0x00007ffc3b6c0000 - 0x00007ffc3b7f7000 	C:\WINDOWS\SYSTEM32\WINHTTP.dll
0x00007ffc42030000 - 0x00007ffc42099000 	C:\WINDOWS\system32\mswsock.dll
0x00007ffc10a90000 - 0x00007ffc10aa6000 	C:\Program Files\Android\Android Studio\jbr\bin\nio.dll
0x00007ffc2f450000 - 0x00007ffc2f460000 	C:\Program Files\Android\Android Studio\jbr\bin\verify.dll
0x00007ffc0d540000 - 0x00007ffc0d567000 	C:\Users\thanh\.gradle\native\68d5fa5c4cc2d200863cafc0d521ce42e7d3e7ee720ec0a83991735586a16f82\windows-amd64\native-platform.dll
0x00007ffbf23e0000 - 0x00007ffbf2524000 	C:\Users\thanh\.gradle\native\e376f236ea51e6404a007f0833ffe2c6e607c4080706a723a18a27aeea778392\windows-amd64\native-platform-file-events.dll
0x00007ffc30d70000 - 0x00007ffc30d79000 	C:\Program Files\Android\Android Studio\jbr\bin\management.dll
0x00007ffc2fcc0000 - 0x00007ffc2fccb000 	C:\Program Files\Android\Android Studio\jbr\bin\management_ext.dll
0x00007ffc43c40000 - 0x00007ffc43c48000 	C:\WINDOWS\System32\PSAPI.DLL
0x00007ffc42310000 - 0x00007ffc4232b000 	C:\WINDOWS\SYSTEM32\CRYPTSP.dll
0x00007ffc41a90000 - 0x00007ffc41ac5000 	C:\WINDOWS\system32\rsaenh.dll
0x00007ffc42170000 - 0x00007ffc4219c000 	C:\WINDOWS\SYSTEM32\USERENV.dll
0x00007ffc424d0000 - 0x00007ffc424f8000 	C:\WINDOWS\SYSTEM32\bcrypt.dll
0x00007ffc42330000 - 0x00007ffc4233c000 	C:\WINDOWS\SYSTEM32\CRYPTBASE.dll
0x00007ffc41520000 - 0x00007ffc4154d000 	C:\WINDOWS\SYSTEM32\IPHLPAPI.DLL
0x00007ffc438e0000 - 0x00007ffc438e9000 	C:\WINDOWS\System32\NSI.dll
0x00007ffc3b180000 - 0x00007ffc3b199000 	C:\WINDOWS\SYSTEM32\dhcpcsvc6.DLL
0x00007ffc3b0a0000 - 0x00007ffc3b0bf000 	C:\WINDOWS\SYSTEM32\dhcpcsvc.DLL
0x00007ffc415c0000 - 0x00007ffc416b9000 	C:\WINDOWS\SYSTEM32\DNSAPI.dll
0x00007ffc2f2a0000 - 0x00007ffc2f2a8000 	C:\WINDOWS\system32\wshunix.dll
0x000000006a7a0000 - 0x000000006a7c6000 	C:\Program Files\Bonjour\mdnsNSP.dll
0x00007ffc3ae30000 - 0x00007ffc3ae3a000 	C:\Windows\System32\rasadhlp.dll
0x00007ffc393b0000 - 0x00007ffc39434000 	C:\WINDOWS\System32\fwpuclnt.dll

dbghelp: loaded successfully - version: 4.0.5 - missing functions: none
symbol engine: initialized successfully - sym options: 0x614 - pdb path: .;C:\Program Files\Android\Android Studio\jbr\bin;C:\WINDOWS\SYSTEM32;C:\WINDOWS\WinSxS\amd64_microsoft.windows.common-controls_6595b64144ccf1df_6.0.22621.2361_none_2712ced57382f843;C:\Program Files\Android\Android Studio\jbr\bin\server;C:\Users\thanh\.gradle\native\68d5fa5c4cc2d200863cafc0d521ce42e7d3e7ee720ec0a83991735586a16f82\windows-amd64;C:\Users\thanh\.gradle\native\e376f236ea51e6404a007f0833ffe2c6e607c4080706a723a18a27aeea778392\windows-amd64;C:\Program Files\Bonjour

VM Arguments:
jvm_args: --add-opens=java.base/java.util=ALL-UNNAMED --add-opens=java.base/java.lang=ALL-UNNAMED --add-opens=java.base/java.lang.invoke=ALL-UNNAMED --add-opens=java.prefs/java.util.prefs=ALL-UNNAMED --add-opens=java.base/java.nio.charset=ALL-UNNAMED --add-opens=java.base/java.net=ALL-UNNAMED --add-opens=java.base/java.util.concurrent.atomic=ALL-UNNAMED -Xmx2048m -Dfile.encoding=UTF-8 -Duser.country=VN -Duser.language=vi -Duser.variant 
java_command: org.gradle.launcher.daemon.bootstrap.GradleDaemon 8.0
java_class_path (initial): C:\Users\thanh\.gradle\wrapper\dists\gradle-8.0-bin\ca5e32bp14vu59qr306oxotwh\gradle-8.0\lib\gradle-launcher-8.0.jar
Launcher Type: SUN_STANDARD

[Global flags]
     intx CICompilerCount                          = 4                                         {product} {ergonomic}
     uint ConcGCThreads                            = 2                                         {product} {ergonomic}
     uint G1ConcRefinementThreads                  = 8                                         {product} {ergonomic}
   size_t G1HeapRegionSize                         = 1048576                                   {product} {ergonomic}
    uintx GCDrainStackTargetSize                   = 64                                        {product} {ergonomic}
   size_t InitialHeapSize                          = 130023424                                 {product} {ergonomic}
   size_t MarkStackSize                            = 4194304                                   {product} {ergonomic}
   size_t MaxHeapSize                              = 2147483648                                {product} {command line}
   size_t MaxNewSize                               = 1287651328                                {product} {ergonomic}
   size_t MinHeapDeltaBytes                        = 1048576                                   {product} {ergonomic}
   size_t MinHeapSize                              = 8388608                                   {product} {ergonomic}
    uintx NonNMethodCodeHeapSize                   = 5839372                                {pd product} {ergonomic}
    uintx NonProfiledCodeHeapSize                  = 122909434                              {pd product} {ergonomic}
    uintx ProfiledCodeHeapSize                     = 122909434                              {pd product} {ergonomic}
    uintx ReservedCodeCacheSize                    = 251658240                              {pd product} {ergonomic}
     bool SegmentedCodeCache                       = true                                      {product} {ergonomic}
   size_t SoftMaxHeapSize                          = 2147483648                             {manageable} {ergonomic}
     bool UseCompressedClassPointers               = true                           {product lp64_product} {ergonomic}
     bool UseCompressedOops                        = true                           {product lp64_product} {ergonomic}
     bool UseG1GC                                  = true                                      {product} {ergonomic}
     bool UseLargePagesIndividualAllocation        = false                                  {pd product} {ergonomic}

Logging:
Log output configuration:
 #0: stdout all=warning uptime,level,tags
 #1: stderr all=off uptime,level,tags

Environment Variables:
PATH=C:\Program Files\Python311\Scripts\;C:\Program Files\Python311\;C:\WINDOWS\system32;C:\WINDOWS;C:\WINDOWS\System32\Wbem;C:\WINDOWS\System32\WindowsPowerShell\v1.0\;C:\WINDOWS\System32\OpenSSH\;C:\Program Files\nodejs\;C:\Users\thanh\AppData\Roaming\Python\Python311\site-packages\django\Scripts;C:\Program Files\Git\cmd;C:\Program Files\Microsoft SQL Server\150\Tools\Binn\;C:\Program Files\Microsoft SQL Server\Client SDK\ODBC\170\Tools\Binn\;C:\Program Files\dotnet\;C:\Users\thanh\AppData\Local\Microsoft\WindowsApps;C:\Users\thanh\AppData\Local\Programs\Microsoft VS Code\bin;C:\Users\thanh\AppData\Roaming\npm;C:\Users\thanh\AppData\Local\GitHubDesktop\bin;C:\Program Files\JetBrains\DataGrip 2023.1.2\bin;;C:\Users\thanh\AppData\Local\Android\Sdk\platform-tools;C:\Users\thanh\.dotnet\tools;C:\Users\thanh\flutter\bin;C:\Users\thanh\flutter;C:\Program Files (x86)\dart-sdk\bin;
USERNAME=thanh
OS=Windows_NT
PROCESSOR_IDENTIFIER=Intel64 Family 6 Model 140 Stepping 2, GenuineIntel
TMP=C:\Users\thanh\AppData\Local\Temp
TEMP=C:\Users\thanh\AppData\Local\Temp



---------------  S Y S T E M  ---------------

OS:
 Windows 11 , 64 bit Build 22621 (10.0.22621.2361)
OS uptime: 3 days 2:36 hours
Hyper-V role detected

CPU: total 8 (initial active 8) (4 cores per cpu, 2 threads per core) family 6 model 140 stepping 2 microcode 0x16, cx8, cmov, fxsr, ht, mmx, 3dnowpref, sse, sse2, sse3, ssse3, sse4.1, sse4.2, popcnt, lzcnt, tsc, tscinvbit, avx, avx2, aes, erms, clmul, bmi1, bmi2, adx, avx512f, avx512dq, avx512cd, avx512bw, avx512vl, sha, fma, vzeroupper, avx512_vpopcntdq, avx512_vpclmulqdq, avx512_vaes, avx512_vnni, clflush, clflushopt, clwb, avx512_vbmi2, avx512_vbmi, hv

Memory: 4k page, system-wide physical 7894M (284M free)
TotalPageFile size 11990M (AvailPageFile size 6M)
current process WorkingSet (physical memory assigned to process): 391M, peak: 391M
current process commit charge ("private bytes"): 427M, peak: 428M

vm_info: OpenJDK 64-Bit Server VM (17.0.6+0-b2043.56-9586694) for windows-amd64 JRE (17.0.6+0-b2043.56-9586694), built on Feb  9 2023 20:06:20 by "androidbuild" with MS VC++ 16.10 / 16.11 (VS2019)

END.
