#
# There is insufficient memory for the Java Runtime Environment to continue.
# Native memory allocation (mmap) failed to map 5668864 bytes for G1 virtual space
# Possible reasons:
#   The system is out of physical RAM or swap space
#   The process is running with CompressedOops enabled, and the Java Heap may be blocking the growth of the native heap
# Possible solutions:
#   Reduce memory load on the system
#   Increase physical memory or swap space
#   Check if swap backing store is full
#   Decrease Java heap size (-Xmx/-Xms)
#   Decrease number of Java threads
#   Decrease Java thread stack sizes (-Xss)
#   Set larger code cache with -XX:ReservedCodeCacheSize=
#   JVM is running with Unscaled Compressed Oops mode in which the Java heap is
#     placed in the first 4GB address space. The Java Heap base address is the
#     maximum limit for the native heap growth. Please use -XX:HeapBaseMinAddress
#     to set the Java Heap base and to place the Java Heap above 4GB virtual address.
# This output file may be truncated or incomplete.
#
#  Out of Memory Error (os_windows.cpp:3769), pid=5864, tid=2712
#
# JRE version: OpenJDK Runtime Environment (17.0.6) (build 17.0.6+0-b2043.56-9586694)
# Java VM: OpenJDK 64-Bit Server VM (17.0.6+0-b2043.56-9586694, mixed mode, tiered, compressed oops, compressed class ptrs, g1 gc, windows-amd64)
# No core dump will be written. Minidumps are not enabled by default on client versions of Windows
#

---------------  S U M M A R Y ------------

Command Line: --add-opens=java.base/java.util=ALL-UNNAMED --add-opens=java.base/java.lang=ALL-UNNAMED --add-opens=java.base/java.lang.invoke=ALL-UNNAMED --add-opens=java.prefs/java.util.prefs=ALL-UNNAMED --add-opens=java.base/java.nio.charset=ALL-UNNAMED --add-opens=java.base/java.net=ALL-UNNAMED --add-opens=java.base/java.util.concurrent.atomic=ALL-UNNAMED -Xmx2048m -Dfile.encoding=UTF-8 -Duser.country=VN -Duser.language=vi -Duser.variant org.gradle.launcher.daemon.bootstrap.GradleDaemon 8.0

Host: 11th Gen Intel(R) Core(TM) i7-1195G7 @ 2.90GHz, 8 cores, 7G,  Windows 11 , 64 bit Build 22621 (10.0.22621.2215)
Time: Mon Sep 25 17:19:10 2023 SE Asia Standard Time elapsed time: 15.101067 seconds (0d 0h 0m 15s)

---------------  T H R E A D  ---------------

Current thread (0x0000017872e7c940):  VMThread "VM Thread" [stack: 0x0000000b5dd00000,0x0000000b5de00000] [id=2712]

Stack: [0x0000000b5dd00000,0x0000000b5de00000]
Native frames: (J=compiled Java code, j=interpreted, Vv=VM code, C=native code)
V  [jvm.dll+0x683b4a]
V  [jvm.dll+0x842654]
V  [jvm.dll+0x843dfe]
V  [jvm.dll+0x844463]
V  [jvm.dll+0x249b75]
V  [jvm.dll+0x680a19]
V  [jvm.dll+0x674f0a]
V  [jvm.dll+0x309acb]
V  [jvm.dll+0x310f86]
V  [jvm.dll+0x360903]
V  [jvm.dll+0x360b1f]
V  [jvm.dll+0x2dfbf8]
V  [jvm.dll+0x2ddec4]
V  [jvm.dll+0x2dd4cc]
V  [jvm.dll+0x321f3b]
V  [jvm.dll+0x84893b]
V  [jvm.dll+0x849674]
V  [jvm.dll+0x849b8d]
V  [jvm.dll+0x849f64]
V  [jvm.dll+0x84a030]
V  [jvm.dll+0x7f25fa]
V  [jvm.dll+0x682985]
C  [ucrtbase.dll+0x29363]
C  [KERNEL32.DLL+0x1257d]
C  [ntdll.dll+0x5aa68]

VM_Operation (0x0000000b66efd410): G1CollectForAllocation, mode: safepoint, requested by thread 0x00000178796ffb60


---------------  P R O C E S S  ---------------

Threads class SMR info:
_java_thread_list=0x0000017876322440, length=141, elements={
0x0000017857037d20, 0x0000017873813260, 0x0000017873813c10, 0x0000017872e9a7c0,
0x0000017872e9b170, 0x0000017872e9bb20, 0x0000017872e9e4e0, 0x000001787382a2b0,
0x000001787382bc70, 0x000001787382c570, 0x00000178739bc7f0, 0x00000178739bf0e0,
0x000001787635a610, 0x00000178751ddbf0, 0x000001787520e1a0, 0x00000178760da260,
0x00000178764fdd40, 0x0000017875f62070, 0x0000017876566ef0, 0x0000017875f62540,
0x0000017875d94310, 0x0000017875d947e0, 0x0000017876313ef0, 0x0000017876316570,
0x0000017876315700, 0x00000178763143c0, 0x00000178763160a0, 0x0000017876315bd0,
0x0000017876316a40, 0x0000017876314890, 0x0000017876314d60, 0x0000017876313080,
0x0000017876313550, 0x0000017876313a20, 0x0000017876315230, 0x00000178788efcc0,
0x00000178788f44f0, 0x00000178788f2340, 0x00000178788ee980, 0x00000178788ef7f0,
0x00000178788ee4b0, 0x00000178788f1e70, 0x00000178788f1000, 0x00000178788f2810,
0x00000178788eee50, 0x00000178788f3b50, 0x00000178788f0190, 0x00000178788f0660,
0x00000178788ed640, 0x00000178788f0b30, 0x00000178788f2ce0, 0x00000178788f3680,
0x00000178788f4020, 0x00000178788f31b0, 0x00000178788f14d0, 0x00000178788ed170,
0x00000178788edb10, 0x00000178788edfe0, 0x0000017874f7a930, 0x0000017874f79f90,
0x0000017874f7bc70, 0x0000017874f7b2d0, 0x0000017874f75c30, 0x0000017874f7c140,
0x0000017874f7d480, 0x0000017874f78c50, 0x0000017874f78780, 0x0000017874f7cae0,
0x0000017874f7a460, 0x0000017874f79120, 0x0000017874f77910, 0x0000017874f7b7a0,
0x0000017874f76100, 0x0000017874f7c610, 0x0000017874f795f0, 0x0000017874f7cfb0,
0x0000017874f765d0, 0x0000017874f76f70, 0x0000017874f7ae00, 0x0000017874f76aa0,
0x0000017874f77440, 0x0000017874f77de0, 0x0000017874f782b0, 0x0000017874f79ac0,
0x0000017873b17890, 0x0000017873b18230, 0x0000017873b17d60, 0x0000017873b173c0,
0x0000017873b14d40, 0x0000017873b18700, 0x0000017873b18bd0, 0x0000017873b190a0,
0x0000017873b19570, 0x0000017873b19a40, 0x0000017873b16ef0, 0x0000017873b16080,
0x0000017873b19f10, 0x0000017873b16550, 0x0000017873b156e0, 0x0000017873b1a3e0,
0x0000017873b13060, 0x0000017873b13ed0, 0x0000017873b1a8b0, 0x0000017873b13530,
0x0000017873b13a00, 0x0000017873b15210, 0x0000017873b143a0, 0x0000017873b14870,
0x0000017873b15bb0, 0x0000017873b16a20, 0x0000017877d46cc0, 0x0000017877d484d0,
0x0000017877d40c80, 0x0000017877d454b0, 0x0000017877d44170, 0x0000017877d44b10,
0x0000017877d41150, 0x0000017877d47b30, 0x0000017877d45e50, 0x0000017877d44fe0,
0x0000017877d41620, 0x0000017877d42490, 0x0000017877d45980, 0x0000017877d41af0,
0x0000017877d42960, 0x0000017877d47660, 0x0000017877d43ca0, 0x0000017877d43300,
0x0000017877d467f0, 0x0000017877d437d0, 0x0000017877d44640, 0x0000017877d46320,
0x0000017877d47190, 0x0000017879701d10, 0x0000017879700ea0, 0x00000178796ff690,
0x00000178796ffb60, 0x00000178796ff1c0, 0x00000178796fd9b0, 0x0000017879704390,
0x0000017879700500
}

Java Threads: ( => current thread )
  0x0000017857037d20 JavaThread "main" [_thread_blocked, id=11920, stack(0x0000000b5d700000,0x0000000b5d800000)]
  0x0000017873813260 JavaThread "Reference Handler" daemon [_thread_blocked, id=13436, stack(0x0000000b5de00000,0x0000000b5df00000)]
  0x0000017873813c10 JavaThread "Finalizer" daemon [_thread_blocked, id=5160, stack(0x0000000b5df00000,0x0000000b5e000000)]
  0x0000017872e9a7c0 JavaThread "Signal Dispatcher" daemon [_thread_blocked, id=11532, stack(0x0000000b5e000000,0x0000000b5e100000)]
  0x0000017872e9b170 JavaThread "Attach Listener" daemon [_thread_blocked, id=16336, stack(0x0000000b5e100000,0x0000000b5e200000)]
  0x0000017872e9bb20 JavaThread "Service Thread" daemon [_thread_blocked, id=9984, stack(0x0000000b5e200000,0x0000000b5e300000)]
  0x0000017872e9e4e0 JavaThread "Monitor Deflation Thread" daemon [_thread_blocked, id=17852, stack(0x0000000b5e300000,0x0000000b5e400000)]
  0x000001787382a2b0 JavaThread "C2 CompilerThread0" daemon [_thread_blocked, id=4724, stack(0x0000000b5e400000,0x0000000b5e500000)]
  0x000001787382bc70 JavaThread "C1 CompilerThread0" daemon [_thread_blocked, id=19408, stack(0x0000000b5e500000,0x0000000b5e600000)]
  0x000001787382c570 JavaThread "Sweeper thread" daemon [_thread_blocked, id=10752, stack(0x0000000b5e600000,0x0000000b5e700000)]
  0x00000178739bc7f0 JavaThread "Common-Cleaner" daemon [_thread_blocked, id=10384, stack(0x0000000b5e700000,0x0000000b5e800000)]
  0x00000178739bf0e0 JavaThread "Notification Thread" daemon [_thread_blocked, id=15488, stack(0x0000000b5e800000,0x0000000b5e900000)]
  0x000001787635a610 JavaThread "Daemon health stats" [_thread_blocked, id=8416, stack(0x0000000b5ef00000,0x0000000b5f000000)]
  0x00000178751ddbf0 JavaThread "Incoming local TCP Connector on port 58954" [_thread_in_native, id=12104, stack(0x0000000b5f000000,0x0000000b5f100000)]
  0x000001787520e1a0 JavaThread "Daemon periodic checks" [_thread_blocked, id=12212, stack(0x0000000b5f100000,0x0000000b5f200000)]
  0x00000178760da260 JavaThread "Daemon" [_thread_blocked, id=15816, stack(0x0000000b5f200000,0x0000000b5f300000)]
  0x00000178764fdd40 JavaThread "Handler for socket connection from /127.0.0.1:58954 to /127.0.0.1:58955" [_thread_in_native, id=4740, stack(0x0000000b5f300000,0x0000000b5f400000)]
  0x0000017875f62070 JavaThread "Cancel handler" [_thread_blocked, id=9900, stack(0x0000000b5f400000,0x0000000b5f500000)]
  0x0000017876566ef0 JavaThread "Daemon worker" [_thread_blocked, id=14876, stack(0x0000000b5f500000,0x0000000b5f600000)]
  0x0000017875f62540 JavaThread "Asynchronous log dispatcher for DefaultDaemonConnection: socket connection from /127.0.0.1:58954 to /127.0.0.1:58955" [_thread_blocked, id=15236, stack(0x0000000b5f600000,0x0000000b5f700000)]
  0x0000017875d94310 JavaThread "Stdin handler" [_thread_blocked, id=16132, stack(0x0000000b5f700000,0x0000000b5f800000)]
  0x0000017875d947e0 JavaThread "Daemon client event forwarder" [_thread_blocked, id=11912, stack(0x0000000b5f800000,0x0000000b5f900000)]
  0x0000017876313ef0 JavaThread "Cache worker for journal cache (C:\Users\thanh\.gradle\caches\journal-1)" [_thread_blocked, id=15976, stack(0x0000000b5fd00000,0x0000000b5fe00000)]
  0x0000017876316570 JavaThread "File lock request listener" [_thread_in_native, id=11444, stack(0x0000000b5fe00000,0x0000000b5ff00000)]
  0x0000017876315700 JavaThread "Cache worker for file hash cache (C:\Users\thanh\.gradle\caches\8.0\fileHashes)" [_thread_blocked, id=18936, stack(0x0000000b5ff00000,0x0000000b60000000)]
  0x00000178763143c0 JavaThread "File watcher server" daemon [_thread_blocked, id=13104, stack(0x0000000b60000000,0x0000000b60100000)]
  0x00000178763160a0 JavaThread "File watcher consumer" daemon [_thread_blocked, id=4532, stack(0x0000000b60100000,0x0000000b60200000)]
  0x0000017876315bd0 JavaThread "Cache worker for checksums cache (C:\Users\thanh\AndroidStudioProjects\SharedPreferences\.gradle\8.0\checksums)" [_thread_blocked, id=14716, stack(0x0000000b60200000,0x0000000b60300000)]
  0x0000017876316a40 JavaThread "Cache worker for cache directory md-rule (C:\Users\thanh\.gradle\caches\8.0\md-rule)" [_thread_blocked, id=14292, stack(0x0000000b60300000,0x0000000b60400000)]
  0x0000017876314890 JavaThread "Cache worker for file content cache (C:\Users\thanh\.gradle\caches\8.0\fileContent)" [_thread_blocked, id=14364, stack(0x0000000b60400000,0x0000000b60500000)]
  0x0000017876314d60 JavaThread "Cache worker for file hash cache (C:\Users\thanh\AndroidStudioProjects\SharedPreferences\.gradle\8.0\fileHashes)" [_thread_blocked, id=19492, stack(0x0000000b60500000,0x0000000b60600000)]
  0x0000017876313080 JavaThread "Cache worker for cache directory md-supplier (C:\Users\thanh\.gradle\caches\8.0\md-supplier)" [_thread_blocked, id=19048, stack(0x0000000b60600000,0x0000000b60700000)]
  0x0000017876313550 JavaThread "Cache worker for execution history cache (C:\Users\thanh\.gradle\caches\8.0\executionHistory)" [_thread_blocked, id=13552, stack(0x0000000b5ea00000,0x0000000b5eb00000)]
  0x0000017876313a20 JavaThread "jar transforms" [_thread_blocked, id=18380, stack(0x0000000b60700000,0x0000000b60800000)]
  0x0000017876315230 JavaThread "jar transforms Thread 2" [_thread_blocked, id=4764, stack(0x0000000b60800000,0x0000000b60900000)]
  0x00000178788efcc0 JavaThread "jar transforms Thread 3" [_thread_blocked, id=7360, stack(0x0000000b60900000,0x0000000b60a00000)]
  0x00000178788f44f0 JavaThread "jar transforms Thread 4" [_thread_blocked, id=18328, stack(0x0000000b60a00000,0x0000000b60b00000)]
  0x00000178788f2340 JavaThread "Cache worker for dependencies-accessors (C:\Users\thanh\AndroidStudioProjects\SharedPreferences\.gradle\8.0\dependencies-accessors)" [_thread_blocked, id=17712, stack(0x0000000b60b00000,0x0000000b60c00000)]
  0x00000178788ee980 JavaThread "jar transforms Thread 5" [_thread_blocked, id=9068, stack(0x0000000b60c00000,0x0000000b60d00000)]
  0x00000178788ef7f0 JavaThread "Cache worker for Build Output Cleanup Cache (C:\Users\thanh\AndroidStudioProjects\SharedPreferences\.gradle\buildOutputCleanup)" [_thread_blocked, id=16412, stack(0x0000000b60d00000,0x0000000b60e00000)]
  0x00000178788ee4b0 JavaThread "Unconstrained build operations" [_thread_blocked, id=17932, stack(0x0000000b60e00000,0x0000000b60f00000)]
  0x00000178788f1e70 JavaThread "Unconstrained build operations Thread 2" [_thread_blocked, id=932, stack(0x0000000b60f00000,0x0000000b61000000)]
  0x00000178788f1000 JavaThread "Unconstrained build operations Thread 3" [_thread_blocked, id=12116, stack(0x0000000b61000000,0x0000000b61100000)]
  0x00000178788f2810 JavaThread "Unconstrained build operations Thread 4" [_thread_blocked, id=12588, stack(0x0000000b61100000,0x0000000b61200000)]
  0x00000178788eee50 JavaThread "Unconstrained build operations Thread 5" [_thread_blocked, id=6784, stack(0x0000000b61200000,0x0000000b61300000)]
  0x00000178788f3b50 JavaThread "Unconstrained build operations Thread 6" [_thread_blocked, id=3812, stack(0x0000000b61300000,0x0000000b61400000)]
  0x00000178788f0190 JavaThread "Unconstrained build operations Thread 7" [_thread_blocked, id=15520, stack(0x0000000b61400000,0x0000000b61500000)]
  0x00000178788f0660 JavaThread "Unconstrained build operations Thread 8" [_thread_blocked, id=20460, stack(0x0000000b61500000,0x0000000b61600000)]
  0x00000178788ed640 JavaThread "Unconstrained build operations Thread 9" [_thread_blocked, id=5156, stack(0x0000000b61600000,0x0000000b61700000)]
  0x00000178788f0b30 JavaThread "Unconstrained build operations Thread 10" [_thread_blocked, id=17704, stack(0x0000000b61700000,0x0000000b61800000)]
  0x00000178788f2ce0 JavaThread "Unconstrained build operations Thread 11" [_thread_blocked, id=19984, stack(0x0000000b61800000,0x0000000b61900000)]
  0x00000178788f3680 JavaThread "Unconstrained build operations Thread 12" [_thread_blocked, id=2660, stack(0x0000000b61900000,0x0000000b61a00000)]
  0x00000178788f4020 JavaThread "Unconstrained build operations Thread 13" [_thread_blocked, id=3892, stack(0x0000000b61a00000,0x0000000b61b00000)]
  0x00000178788f31b0 JavaThread "Unconstrained build operations Thread 14" [_thread_blocked, id=5232, stack(0x0000000b61b00000,0x0000000b61c00000)]
  0x00000178788f14d0 JavaThread "Unconstrained build operations Thread 15" [_thread_blocked, id=8288, stack(0x0000000b61c00000,0x0000000b61d00000)]
  0x00000178788ed170 JavaThread "Unconstrained build operations Thread 16" [_thread_blocked, id=18444, stack(0x0000000b61d00000,0x0000000b61e00000)]
  0x00000178788edb10 JavaThread "Unconstrained build operations Thread 17" [_thread_blocked, id=15484, stack(0x0000000b61e00000,0x0000000b61f00000)]
  0x00000178788edfe0 JavaThread "Unconstrained build operations Thread 18" [_thread_blocked, id=11952, stack(0x0000000b61f00000,0x0000000b62000000)]
  0x0000017874f7a930 JavaThread "Unconstrained build operations Thread 19" [_thread_blocked, id=4840, stack(0x0000000b62000000,0x0000000b62100000)]
  0x0000017874f79f90 JavaThread "Unconstrained build operations Thread 20" [_thread_blocked, id=3936, stack(0x0000000b62100000,0x0000000b62200000)]
  0x0000017874f7bc70 JavaThread "Unconstrained build operations Thread 21" [_thread_blocked, id=18692, stack(0x0000000b62200000,0x0000000b62300000)]
  0x0000017874f7b2d0 JavaThread "Unconstrained build operations Thread 22" [_thread_blocked, id=16756, stack(0x0000000b62300000,0x0000000b62400000)]
  0x0000017874f75c30 JavaThread "Unconstrained build operations Thread 23" [_thread_blocked, id=12276, stack(0x0000000b62400000,0x0000000b62500000)]
  0x0000017874f7c140 JavaThread "Unconstrained build operations Thread 24" [_thread_blocked, id=3012, stack(0x0000000b62500000,0x0000000b62600000)]
  0x0000017874f7d480 JavaThread "Unconstrained build operations Thread 25" [_thread_blocked, id=20212, stack(0x0000000b62600000,0x0000000b62700000)]
  0x0000017874f78c50 JavaThread "Unconstrained build operations Thread 26" [_thread_blocked, id=20132, stack(0x0000000b62700000,0x0000000b62800000)]
  0x0000017874f78780 JavaThread "Unconstrained build operations Thread 27" [_thread_blocked, id=15420, stack(0x0000000b62800000,0x0000000b62900000)]
  0x0000017874f7cae0 JavaThread "Unconstrained build operations Thread 28" [_thread_blocked, id=3864, stack(0x0000000b62900000,0x0000000b62a00000)]
  0x0000017874f7a460 JavaThread "Unconstrained build operations Thread 29" [_thread_blocked, id=17832, stack(0x0000000b62a00000,0x0000000b62b00000)]
  0x0000017874f79120 JavaThread "Unconstrained build operations Thread 30" [_thread_blocked, id=11172, stack(0x0000000b62b00000,0x0000000b62c00000)]
  0x0000017874f77910 JavaThread "Unconstrained build operations Thread 31" [_thread_blocked, id=9280, stack(0x0000000b62c00000,0x0000000b62d00000)]
  0x0000017874f7b7a0 JavaThread "Unconstrained build operations Thread 32" [_thread_blocked, id=13820, stack(0x0000000b62d00000,0x0000000b62e00000)]
  0x0000017874f76100 JavaThread "Unconstrained build operations Thread 33" [_thread_blocked, id=14884, stack(0x0000000b62e00000,0x0000000b62f00000)]
  0x0000017874f7c610 JavaThread "Unconstrained build operations Thread 34" [_thread_blocked, id=10216, stack(0x0000000b62f00000,0x0000000b63000000)]
  0x0000017874f795f0 JavaThread "Unconstrained build operations Thread 35" [_thread_blocked, id=8944, stack(0x0000000b63000000,0x0000000b63100000)]
  0x0000017874f7cfb0 JavaThread "Unconstrained build operations Thread 36" [_thread_blocked, id=12060, stack(0x0000000b63100000,0x0000000b63200000)]
  0x0000017874f765d0 JavaThread "Unconstrained build operations Thread 37" [_thread_blocked, id=17968, stack(0x0000000b63200000,0x0000000b63300000)]
  0x0000017874f76f70 JavaThread "Unconstrained build operations Thread 38" [_thread_blocked, id=288, stack(0x0000000b63300000,0x0000000b63400000)]
  0x0000017874f7ae00 JavaThread "Unconstrained build operations Thread 39" [_thread_blocked, id=304, stack(0x0000000b63400000,0x0000000b63500000)]
  0x0000017874f76aa0 JavaThread "Unconstrained build operations Thread 40" [_thread_blocked, id=19080, stack(0x0000000b63500000,0x0000000b63600000)]
  0x0000017874f77440 JavaThread "Unconstrained build operations Thread 41" [_thread_blocked, id=3932, stack(0x0000000b63600000,0x0000000b63700000)]
  0x0000017874f77de0 JavaThread "Unconstrained build operations Thread 42" [_thread_blocked, id=17004, stack(0x0000000b63700000,0x0000000b63800000)]
  0x0000017874f782b0 JavaThread "Unconstrained build operations Thread 43" [_thread_blocked, id=14792, stack(0x0000000b63800000,0x0000000b63900000)]
  0x0000017874f79ac0 JavaThread "Unconstrained build operations Thread 44" [_thread_blocked, id=19380, stack(0x0000000b63900000,0x0000000b63a00000)]
  0x0000017873b17890 JavaThread "Unconstrained build operations Thread 45" [_thread_blocked, id=20120, stack(0x0000000b63a00000,0x0000000b63b00000)]
  0x0000017873b18230 JavaThread "Unconstrained build operations Thread 46" [_thread_blocked, id=1164, stack(0x0000000b63b00000,0x0000000b63c00000)]
  0x0000017873b17d60 JavaThread "Unconstrained build operations Thread 47" [_thread_blocked, id=8688, stack(0x0000000b63c00000,0x0000000b63d00000)]
  0x0000017873b173c0 JavaThread "Unconstrained build operations Thread 48" [_thread_blocked, id=7728, stack(0x0000000b63d00000,0x0000000b63e00000)]
  0x0000017873b14d40 JavaThread "Unconstrained build operations Thread 49" [_thread_blocked, id=7588, stack(0x0000000b63e00000,0x0000000b63f00000)]
  0x0000017873b18700 JavaThread "Unconstrained build operations Thread 50" [_thread_blocked, id=9520, stack(0x0000000b63f00000,0x0000000b64000000)]
  0x0000017873b18bd0 JavaThread "Unconstrained build operations Thread 51" [_thread_blocked, id=15572, stack(0x0000000b64000000,0x0000000b64100000)]
  0x0000017873b190a0 JavaThread "Unconstrained build operations Thread 52" [_thread_blocked, id=18352, stack(0x0000000b64100000,0x0000000b64200000)]
  0x0000017873b19570 JavaThread "Unconstrained build operations Thread 53" [_thread_blocked, id=7692, stack(0x0000000b64200000,0x0000000b64300000)]
  0x0000017873b19a40 JavaThread "Unconstrained build operations Thread 54" [_thread_blocked, id=4196, stack(0x0000000b64300000,0x0000000b64400000)]
  0x0000017873b16ef0 JavaThread "Unconstrained build operations Thread 55" [_thread_blocked, id=8604, stack(0x0000000b64400000,0x0000000b64500000)]
  0x0000017873b16080 JavaThread "Unconstrained build operations Thread 56" [_thread_blocked, id=16948, stack(0x0000000b64500000,0x0000000b64600000)]
  0x0000017873b19f10 JavaThread "Unconstrained build operations Thread 57" [_thread_blocked, id=3420, stack(0x0000000b64600000,0x0000000b64700000)]
  0x0000017873b16550 JavaThread "Unconstrained build operations Thread 58" [_thread_blocked, id=15352, stack(0x0000000b64700000,0x0000000b64800000)]
  0x0000017873b156e0 JavaThread "Unconstrained build operations Thread 59" [_thread_blocked, id=13432, stack(0x0000000b64800000,0x0000000b64900000)]
  0x0000017873b1a3e0 JavaThread "Unconstrained build operations Thread 60" [_thread_blocked, id=20024, stack(0x0000000b64900000,0x0000000b64a00000)]
  0x0000017873b13060 JavaThread "Unconstrained build operations Thread 61" [_thread_blocked, id=8028, stack(0x0000000b64a00000,0x0000000b64b00000)]
  0x0000017873b13ed0 JavaThread "Unconstrained build operations Thread 62" [_thread_blocked, id=16796, stack(0x0000000b64b00000,0x0000000b64c00000)]
  0x0000017873b1a8b0 JavaThread "Unconstrained build operations Thread 63" [_thread_blocked, id=17256, stack(0x0000000b64c00000,0x0000000b64d00000)]
  0x0000017873b13530 JavaThread "Unconstrained build operations Thread 64" [_thread_blocked, id=16576, stack(0x0000000b64d00000,0x0000000b64e00000)]
  0x0000017873b13a00 JavaThread "Unconstrained build operations Thread 65" [_thread_blocked, id=10080, stack(0x0000000b64e00000,0x0000000b64f00000)]
  0x0000017873b15210 JavaThread "Unconstrained build operations Thread 66" [_thread_blocked, id=14476, stack(0x0000000b64f00000,0x0000000b65000000)]
  0x0000017873b143a0 JavaThread "Unconstrained build operations Thread 67" [_thread_blocked, id=18080, stack(0x0000000b65000000,0x0000000b65100000)]
  0x0000017873b14870 JavaThread "Unconstrained build operations Thread 68" [_thread_blocked, id=18568, stack(0x0000000b65100000,0x0000000b65200000)]
  0x0000017873b15bb0 JavaThread "Unconstrained build operations Thread 69" [_thread_blocked, id=15152, stack(0x0000000b65200000,0x0000000b65300000)]
  0x0000017873b16a20 JavaThread "Unconstrained build operations Thread 70" [_thread_blocked, id=15284, stack(0x0000000b65300000,0x0000000b65400000)]
  0x0000017877d46cc0 JavaThread "Unconstrained build operations Thread 71" [_thread_blocked, id=11352, stack(0x0000000b65400000,0x0000000b65500000)]
  0x0000017877d484d0 JavaThread "Unconstrained build operations Thread 72" [_thread_blocked, id=15096, stack(0x0000000b65500000,0x0000000b65600000)]
  0x0000017877d40c80 JavaThread "Unconstrained build operations Thread 73" [_thread_blocked, id=15840, stack(0x0000000b65600000,0x0000000b65700000)]
  0x0000017877d454b0 JavaThread "Unconstrained build operations Thread 74" [_thread_blocked, id=17292, stack(0x0000000b65700000,0x0000000b65800000)]
  0x0000017877d44170 JavaThread "Unconstrained build operations Thread 75" [_thread_blocked, id=3616, stack(0x0000000b65800000,0x0000000b65900000)]
  0x0000017877d44b10 JavaThread "Unconstrained build operations Thread 76" [_thread_blocked, id=11192, stack(0x0000000b65900000,0x0000000b65a00000)]
  0x0000017877d41150 JavaThread "Unconstrained build operations Thread 77" [_thread_blocked, id=6952, stack(0x0000000b65a00000,0x0000000b65b00000)]
  0x0000017877d47b30 JavaThread "Unconstrained build operations Thread 78" [_thread_blocked, id=12356, stack(0x0000000b65b00000,0x0000000b65c00000)]
  0x0000017877d45e50 JavaThread "Unconstrained build operations Thread 79" [_thread_blocked, id=4372, stack(0x0000000b65c00000,0x0000000b65d00000)]
  0x0000017877d44fe0 JavaThread "Unconstrained build operations Thread 80" [_thread_blocked, id=4784, stack(0x0000000b65d00000,0x0000000b65e00000)]
  0x0000017877d41620 JavaThread "jar transforms Thread 6" [_thread_blocked, id=2184, stack(0x0000000b65e00000,0x0000000b65f00000)]
  0x0000017877d42490 JavaThread "jar transforms Thread 7" [_thread_blocked, id=5640, stack(0x0000000b65f00000,0x0000000b66000000)]
  0x0000017877d45980 JavaThread "jar transforms Thread 8" [_thread_blocked, id=14412, stack(0x0000000b66000000,0x0000000b66100000)]
  0x0000017877d41af0 JavaThread "build event listener" [_thread_blocked, id=19828, stack(0x0000000b66100000,0x0000000b66200000)]
  0x0000017877d42960 JavaThread "Memory manager" [_thread_blocked, id=11224, stack(0x0000000b66200000,0x0000000b66300000)]
  0x0000017877d47660 JavaThread "included builds" [_thread_blocked, id=18608, stack(0x0000000b66300000,0x0000000b66400000)]
  0x0000017877d43ca0 JavaThread "Execution worker" [_thread_blocked, id=7420, stack(0x0000000b66400000,0x0000000b66500000)]
  0x0000017877d43300 JavaThread "Execution worker Thread 2" [_thread_blocked, id=5624, stack(0x0000000b66500000,0x0000000b66600000)]
  0x0000017877d467f0 JavaThread "Execution worker Thread 3" [_thread_blocked, id=3016, stack(0x0000000b66600000,0x0000000b66700000)]
  0x0000017877d437d0 JavaThread "Execution worker Thread 4" [_thread_blocked, id=11932, stack(0x0000000b66700000,0x0000000b66800000)]
  0x0000017877d44640 JavaThread "Execution worker Thread 5" [_thread_blocked, id=3572, stack(0x0000000b66800000,0x0000000b66900000)]
  0x0000017877d46320 JavaThread "Execution worker Thread 6" [_thread_blocked, id=16320, stack(0x0000000b66900000,0x0000000b66a00000)]
  0x0000017877d47190 JavaThread "Execution worker Thread 7" [_thread_blocked, id=11956, stack(0x0000000b66a00000,0x0000000b66b00000)]
  0x0000017879701d10 JavaThread "Cache worker for execution history cache (C:\Users\thanh\AndroidStudioProjects\SharedPreferences\.gradle\8.0\executionHistory)" [_thread_blocked, id=15532, stack(0x0000000b66b00000,0x0000000b66c00000)]
  0x0000017879700ea0 JavaThread "WorkerExecutor Queue" [_thread_blocked, id=9880, stack(0x0000000b66c00000,0x0000000b66d00000)]
  0x00000178796ff690 JavaThread "WorkerExecutor Queue Thread 2" [_thread_blocked, id=628, stack(0x0000000b66d00000,0x0000000b66e00000)]
  0x00000178796ffb60 JavaThread "WorkerExecutor Queue Thread 3" [_thread_blocked, id=12208, stack(0x0000000b66e00000,0x0000000b66f00000)]
  0x00000178796ff1c0 JavaThread "WorkerExecutor Queue Thread 4" [_thread_blocked, id=18024, stack(0x0000000b66f00000,0x0000000b67000000)]
  0x00000178796fd9b0 JavaThread "pool-3-thread-1" [_thread_blocked, id=16064, stack(0x0000000b67000000,0x0000000b67100000)]
  0x0000017879704390 JavaThread "stderr" [_thread_in_native, id=10404, stack(0x0000000b67200000,0x0000000b67300000)]
  0x0000017879700500 JavaThread "stdout" [_thread_in_native, id=8080, stack(0x0000000b67300000,0x0000000b67400000)]

Other Threads:
=>0x0000017872e7c940 VMThread "VM Thread" [stack: 0x0000000b5dd00000,0x0000000b5de00000] [id=2712]
  0x00000178739c35c0 WatcherThread [stack: 0x0000000b5e900000,0x0000000b5ea00000] [id=11076]
  0x0000017857096cd0 GCTaskThread "GC Thread#0" [stack: 0x0000000b5d800000,0x0000000b5d900000] [id=16740]
  0x00000178747aa1e0 GCTaskThread "GC Thread#1" [stack: 0x0000000b5eb00000,0x0000000b5ec00000] [id=17596]
  0x0000017874f359a0 GCTaskThread "GC Thread#2" [stack: 0x0000000b5ec00000,0x0000000b5ed00000] [id=9992]
  0x0000017874546100 GCTaskThread "GC Thread#3" [stack: 0x0000000b5ed00000,0x0000000b5ee00000] [id=11792]
  0x0000017875c9b290 GCTaskThread "GC Thread#4" [stack: 0x0000000b5ee00000,0x0000000b5ef00000] [id=13068]
  0x0000017875e8b550 GCTaskThread "GC Thread#5" [stack: 0x0000000b5f900000,0x0000000b5fa00000] [id=14344]
  0x0000017875e0d040 GCTaskThread "GC Thread#6" [stack: 0x0000000b5fa00000,0x0000000b5fb00000] [id=16552]
  0x0000017876089ba0 GCTaskThread "GC Thread#7" [stack: 0x0000000b5fb00000,0x0000000b5fc00000] [id=13864]
  0x00000178570a7b10 ConcurrentGCThread "G1 Main Marker" [stack: 0x0000000b5d900000,0x0000000b5da00000] [id=18852]
  0x00000178570a8420 ConcurrentGCThread "G1 Conc#0" [stack: 0x0000000b5da00000,0x0000000b5db00000] [id=1748]
  0x0000017875d80be0 ConcurrentGCThread "G1 Conc#1" [stack: 0x0000000b5fc00000,0x0000000b5fd00000] [id=9440]
  0x00000178570fe7b0 ConcurrentGCThread "G1 Refine#0" [stack: 0x0000000b5db00000,0x0000000b5dc00000] [id=11812]
  0x000001787d3c7190 ConcurrentGCThread "G1 Refine#1" [stack: 0x0000000b67100000,0x0000000b67200000] [id=18268]
  0x0000017872cd2620 ConcurrentGCThread "G1 Service" [stack: 0x0000000b5dc00000,0x0000000b5dd00000] [id=5248]

Threads with active compile tasks:
C2 CompilerThread0    15146 11433 %     4       com.android.tools.r8.dex.B::l @ 63 (2085 bytes)

VM state: at safepoint (normal execution)

VM Mutex/Monitor currently owned by a thread:  ([mutex/lock_event])
[0x0000017857033850] Threads_lock - owner thread: 0x0000017872e7c940
[0x00000178570334f0] Heap_lock - owner thread: 0x00000178796ffb60

Heap address: 0x0000000080000000, size: 2048 MB, Compressed Oops mode: 32-bit

CDS archive(s) not mapped
Compressed class space mapped at: 0x0000000100000000-0x0000000140000000, reserved size: 1073741824
Narrow klass base: 0x0000000000000000, Narrow klass shift: 3, Narrow klass range: 0x140000000

GC Precious Log:
 CPUs: 8 total, 8 available
 Memory: 7894M
 Large Page Support: Disabled
 NUMA Support: Disabled
 Compressed Oops: Enabled (32-bit)
 Heap Region Size: 1M
 Heap Min Capacity: 8M
 Heap Initial Capacity: 124M
 Heap Max Capacity: 2G
 Pre-touch: Disabled
 Parallel Workers: 8
 Concurrent Workers: 2
 Concurrent Refinement Workers: 8
 Periodic GC: Disabled

Heap:
 garbage-first heap   total 177152K, used 128651K [0x0000000080000000, 0x0000000100000000)
  region size 1024K, 4 young (4096K), 4 survivors (4096K)
 Metaspace       used 94963K, committed 95616K, reserved 1138688K
  class space    used 12971K, committed 13248K, reserved 1048576K

Heap Regions: E=young(eden), S=young(survivor), O=old, HS=humongous(starts), HC=humongous(continues), CS=collection set, F=free, OA=open archive, CA=closed archive, TAMS=top-at-mark-start (previous, next)
|   0|0x0000000080000000, 0x0000000080100000, 0x0000000080100000|100%|HS|  |TAMS 0x0000000080100000, 0x0000000080100000| Complete 
|   1|0x0000000080100000, 0x0000000080200000, 0x0000000080200000|100%|HC|  |TAMS 0x0000000080200000, 0x0000000080200000| Complete 
|   2|0x0000000080200000, 0x0000000080300000, 0x0000000080300000|100%|HC|  |TAMS 0x0000000080300000, 0x0000000080300000| Complete 
|   3|0x0000000080300000, 0x0000000080400000, 0x0000000080400000|100%|HC|  |TAMS 0x0000000080400000, 0x0000000080400000| Complete 
|   4|0x0000000080400000, 0x0000000080500000, 0x0000000080500000|100%| O|  |TAMS 0x0000000080500000, 0x0000000080500000| Untracked 
|   5|0x0000000080500000, 0x0000000080600000, 0x0000000080600000|100%| O|  |TAMS 0x0000000080600000, 0x0000000080600000| Untracked 
|   6|0x0000000080600000, 0x0000000080700000, 0x0000000080700000|100%| O|  |TAMS 0x0000000080700000, 0x0000000080700000| Untracked 
|   7|0x0000000080700000, 0x0000000080800000, 0x0000000080800000|100%| O|  |TAMS 0x0000000080800000, 0x0000000080800000| Untracked 
|   8|0x0000000080800000, 0x0000000080900000, 0x0000000080900000|100%| O|  |TAMS 0x0000000080900000, 0x0000000080900000| Untracked 
|   9|0x0000000080900000, 0x0000000080a00000, 0x0000000080a00000|100%| O|  |TAMS 0x0000000080a00000, 0x0000000080a00000| Untracked 
|  10|0x0000000080a00000, 0x0000000080b00000, 0x0000000080b00000|100%| O|  |TAMS 0x0000000080b00000, 0x0000000080b00000| Untracked 
|  11|0x0000000080b00000, 0x0000000080c00000, 0x0000000080c00000|100%| O|  |TAMS 0x0000000080c00000, 0x0000000080c00000| Untracked 
|  12|0x0000000080c00000, 0x0000000080d00000, 0x0000000080d00000|100%| O|  |TAMS 0x0000000080d00000, 0x0000000080d00000| Untracked 
|  13|0x0000000080d00000, 0x0000000080e00000, 0x0000000080e00000|100%| O|  |TAMS 0x0000000080e00000, 0x0000000080e00000| Untracked 
|  14|0x0000000080e00000, 0x0000000080f00000, 0x0000000080f00000|100%| O|  |TAMS 0x0000000080f00000, 0x0000000080f00000| Untracked 
|  15|0x0000000080f00000, 0x0000000081000000, 0x0000000081000000|100%| O|  |TAMS 0x0000000081000000, 0x0000000081000000| Untracked 
|  16|0x0000000081000000, 0x0000000081100000, 0x0000000081100000|100%| O|  |TAMS 0x0000000081100000, 0x0000000081100000| Untracked 
|  17|0x0000000081100000, 0x0000000081200000, 0x0000000081200000|100%| O|  |TAMS 0x0000000081200000, 0x0000000081200000| Untracked 
|  18|0x0000000081200000, 0x0000000081300000, 0x0000000081300000|100%| O|  |TAMS 0x0000000081300000, 0x0000000081300000| Untracked 
|  19|0x0000000081300000, 0x0000000081400000, 0x0000000081400000|100%| O|  |TAMS 0x0000000081400000, 0x0000000081400000| Untracked 
|  20|0x0000000081400000, 0x0000000081500000, 0x0000000081500000|100%| O|  |TAMS 0x0000000081500000, 0x0000000081500000| Untracked 
|  21|0x0000000081500000, 0x0000000081600000, 0x0000000081600000|100%| O|  |TAMS 0x0000000081500000, 0x0000000081500000| Untracked 
|  22|0x0000000081600000, 0x0000000081700000, 0x0000000081700000|100%|HS|  |TAMS 0x0000000081700000, 0x0000000081700000| Complete 
|  23|0x0000000081700000, 0x0000000081800000, 0x0000000081800000|100%| O|  |TAMS 0x0000000081800000, 0x0000000081800000| Untracked 
|  24|0x0000000081800000, 0x0000000081900000, 0x0000000081900000|100%| O|  |TAMS 0x0000000081900000, 0x0000000081900000| Untracked 
|  25|0x0000000081900000, 0x0000000081a00000, 0x0000000081a00000|100%| O|  |TAMS 0x0000000081a00000, 0x0000000081a00000| Untracked 
|  26|0x0000000081a00000, 0x0000000081b00000, 0x0000000081b00000|100%| O|  |TAMS 0x0000000081b00000, 0x0000000081b00000| Untracked 
|  27|0x0000000081b00000, 0x0000000081c00000, 0x0000000081c00000|100%| O|  |TAMS 0x0000000081c00000, 0x0000000081c00000| Untracked 
|  28|0x0000000081c00000, 0x0000000081d00000, 0x0000000081d00000|100%| O|  |TAMS 0x0000000081d00000, 0x0000000081d00000| Untracked 
|  29|0x0000000081d00000, 0x0000000081e00000, 0x0000000081e00000|100%| O|  |TAMS 0x0000000081e00000, 0x0000000081e00000| Untracked 
|  30|0x0000000081e00000, 0x0000000081f00000, 0x0000000081f00000|100%| O|  |TAMS 0x0000000081f00000, 0x0000000081f00000| Untracked 
|  31|0x0000000081f00000, 0x0000000082000000, 0x0000000082000000|100%| O|  |TAMS 0x0000000082000000, 0x0000000082000000| Untracked 
|  32|0x0000000082000000, 0x0000000082100000, 0x0000000082100000|100%|HS|  |TAMS 0x0000000082100000, 0x0000000082100000| Complete 
|  33|0x0000000082100000, 0x0000000082200000, 0x0000000082200000|100%| O|  |TAMS 0x0000000082200000, 0x0000000082200000| Untracked 
|  34|0x0000000082200000, 0x0000000082300000, 0x0000000082300000|100%| O|  |TAMS 0x0000000082300000, 0x0000000082300000| Untracked 
|  35|0x0000000082300000, 0x0000000082400000, 0x0000000082400000|100%| O|  |TAMS 0x0000000082400000, 0x0000000082400000| Untracked 
|  36|0x0000000082400000, 0x0000000082500000, 0x0000000082500000|100%| O|  |TAMS 0x0000000082500000, 0x0000000082500000| Untracked 
|  37|0x0000000082500000, 0x0000000082600000, 0x0000000082600000|100%| O|  |TAMS 0x0000000082600000, 0x0000000082600000| Untracked 
|  38|0x0000000082600000, 0x0000000082700000, 0x0000000082700000|100%| O|  |TAMS 0x0000000082700000, 0x0000000082700000| Untracked 
|  39|0x0000000082700000, 0x0000000082800000, 0x0000000082800000|100%| O|  |TAMS 0x0000000082800000, 0x0000000082800000| Untracked 
|  40|0x0000000082800000, 0x0000000082900000, 0x0000000082900000|100%| O|  |TAMS 0x0000000082900000, 0x0000000082900000| Untracked 
|  41|0x0000000082900000, 0x0000000082a00000, 0x0000000082a00000|100%| O|  |TAMS 0x0000000082a00000, 0x0000000082a00000| Untracked 
|  42|0x0000000082a00000, 0x0000000082b00000, 0x0000000082b00000|100%| O|  |TAMS 0x0000000082b00000, 0x0000000082b00000| Untracked 
|  43|0x0000000082b00000, 0x0000000082c00000, 0x0000000082c00000|100%| O|  |TAMS 0x0000000082c00000, 0x0000000082c00000| Untracked 
|  44|0x0000000082c00000, 0x0000000082d00000, 0x0000000082d00000|100%| O|  |TAMS 0x0000000082d00000, 0x0000000082d00000| Untracked 
|  45|0x0000000082d00000, 0x0000000082e00000, 0x0000000082e00000|100%| O|  |TAMS 0x0000000082e00000, 0x0000000082e00000| Untracked 
|  46|0x0000000082e00000, 0x0000000082f00000, 0x0000000082f00000|100%| O|  |TAMS 0x0000000082f00000, 0x0000000082f00000| Untracked 
|  47|0x0000000082f00000, 0x0000000083000000, 0x0000000083000000|100%| O|  |TAMS 0x0000000083000000, 0x0000000083000000| Untracked 
|  48|0x0000000083000000, 0x0000000083100000, 0x0000000083100000|100%| O|  |TAMS 0x0000000083100000, 0x0000000083100000| Untracked 
|  49|0x0000000083100000, 0x0000000083200000, 0x0000000083200000|100%|HS|  |TAMS 0x0000000083100000, 0x0000000083200000| Complete 
|  50|0x0000000083200000, 0x0000000083300000, 0x0000000083300000|100%| O|  |TAMS 0x0000000083300000, 0x0000000083300000| Untracked 
|  51|0x0000000083300000, 0x0000000083400000, 0x0000000083400000|100%| O|  |TAMS 0x0000000083400000, 0x0000000083400000| Untracked 
|  52|0x0000000083400000, 0x0000000083500000, 0x0000000083500000|100%| O|  |TAMS 0x0000000083500000, 0x0000000083500000| Untracked 
|  53|0x0000000083500000, 0x0000000083600000, 0x0000000083600000|100%| O|  |TAMS 0x0000000083600000, 0x0000000083600000| Untracked 
|  54|0x0000000083600000, 0x0000000083700000, 0x0000000083700000|100%| O|  |TAMS 0x0000000083700000, 0x0000000083700000| Untracked 
|  55|0x0000000083700000, 0x0000000083800000, 0x0000000083800000|100%| O|  |TAMS 0x0000000083800000, 0x0000000083800000| Untracked 
|  56|0x0000000083800000, 0x0000000083900000, 0x0000000083900000|100%| O|  |TAMS 0x0000000083900000, 0x0000000083900000| Untracked 
|  57|0x0000000083900000, 0x0000000083a00000, 0x0000000083a00000|100%| O|  |TAMS 0x0000000083a00000, 0x0000000083a00000| Untracked 
|  58|0x0000000083a00000, 0x0000000083b00000, 0x0000000083b00000|100%| O|  |TAMS 0x0000000083b00000, 0x0000000083b00000| Untracked 
|  59|0x0000000083b00000, 0x0000000083c00000, 0x0000000083c00000|100%| O|  |TAMS 0x0000000083c00000, 0x0000000083c00000| Untracked 
|  60|0x0000000083c00000, 0x0000000083d00000, 0x0000000083d00000|100%| O|  |TAMS 0x0000000083d00000, 0x0000000083d00000| Untracked 
|  61|0x0000000083d00000, 0x0000000083e00000, 0x0000000083e00000|100%| O|  |TAMS 0x0000000083e00000, 0x0000000083e00000| Untracked 
|  62|0x0000000083e00000, 0x0000000083f00000, 0x0000000083f00000|100%| O|  |TAMS 0x0000000083f00000, 0x0000000083f00000| Untracked 
|  63|0x0000000083f00000, 0x0000000084000000, 0x0000000084000000|100%| O|  |TAMS 0x0000000084000000, 0x0000000084000000| Untracked 
|  64|0x0000000084000000, 0x0000000084100000, 0x0000000084100000|100%| O|  |TAMS 0x0000000084100000, 0x0000000084100000| Untracked 
|  65|0x0000000084100000, 0x0000000084200000, 0x0000000084200000|100%| O|  |TAMS 0x0000000084200000, 0x0000000084200000| Untracked 
|  66|0x0000000084200000, 0x0000000084300000, 0x0000000084300000|100%| O|  |TAMS 0x0000000084300000, 0x0000000084300000| Untracked 
|  67|0x0000000084300000, 0x0000000084400000, 0x0000000084400000|100%| O|  |TAMS 0x0000000084400000, 0x0000000084400000| Untracked 
|  68|0x0000000084400000, 0x0000000084500000, 0x0000000084500000|100%| O|  |TAMS 0x0000000084500000, 0x0000000084500000| Untracked 
|  69|0x0000000084500000, 0x0000000084600000, 0x0000000084600000|100%| O|  |TAMS 0x0000000084600000, 0x0000000084600000| Untracked 
|  70|0x0000000084600000, 0x0000000084700000, 0x0000000084700000|100%| O|  |TAMS 0x0000000084700000, 0x0000000084700000| Untracked 
|  71|0x0000000084700000, 0x0000000084800000, 0x0000000084800000|100%| O|  |TAMS 0x0000000084800000, 0x0000000084800000| Untracked 
|  72|0x0000000084800000, 0x0000000084900000, 0x0000000084900000|100%| O|  |TAMS 0x0000000084900000, 0x0000000084900000| Untracked 
|  73|0x0000000084900000, 0x0000000084a00000, 0x0000000084a00000|100%| O|  |TAMS 0x0000000084a00000, 0x0000000084a00000| Untracked 
|  74|0x0000000084a00000, 0x0000000084b00000, 0x0000000084b00000|100%| O|  |TAMS 0x0000000084b00000, 0x0000000084b00000| Untracked 
|  75|0x0000000084b00000, 0x0000000084c00000, 0x0000000084c00000|100%| O|  |TAMS 0x0000000084c00000, 0x0000000084c00000| Untracked 
|  76|0x0000000084c00000, 0x0000000084d00000, 0x0000000084d00000|100%| O|  |TAMS 0x0000000084d00000, 0x0000000084d00000| Untracked 
|  77|0x0000000084d00000, 0x0000000084e00000, 0x0000000084e00000|100%| O|  |TAMS 0x0000000084e00000, 0x0000000084e00000| Untracked 
|  78|0x0000000084e00000, 0x0000000084f00000, 0x0000000084f00000|100%| O|  |TAMS 0x0000000084f00000, 0x0000000084f00000| Untracked 
|  79|0x0000000084f00000, 0x0000000085000000, 0x0000000085000000|100%| O|  |TAMS 0x0000000085000000, 0x0000000085000000| Untracked 
|  80|0x0000000085000000, 0x0000000085100000, 0x0000000085100000|100%| O|  |TAMS 0x0000000085100000, 0x0000000085100000| Untracked 
|  81|0x0000000085100000, 0x0000000085200000, 0x0000000085200000|100%| O|  |TAMS 0x0000000085200000, 0x0000000085200000| Untracked 
|  82|0x0000000085200000, 0x0000000085300000, 0x0000000085300000|100%| O|  |TAMS 0x000000008520a400, 0x0000000085300000| Untracked 
|  83|0x0000000085300000, 0x0000000085400000, 0x0000000085400000|100%|HS|  |TAMS 0x0000000085300000, 0x0000000085400000| Complete 
|  84|0x0000000085400000, 0x0000000085500000, 0x0000000085500000|100%|HC|  |TAMS 0x0000000085400000, 0x0000000085500000| Complete 
|  85|0x0000000085500000, 0x0000000085600000, 0x0000000085600000|100%|HS|  |TAMS 0x0000000085500000, 0x0000000085600000| Complete 
|  86|0x0000000085600000, 0x0000000085700000, 0x0000000085700000|100%|HS|  |TAMS 0x0000000085600000, 0x0000000085700000| Complete 
|  87|0x0000000085700000, 0x0000000085800000, 0x0000000085800000|100%|HC|  |TAMS 0x0000000085700000, 0x0000000085800000| Complete 
|  88|0x0000000085800000, 0x0000000085900000, 0x0000000085900000|100%|HS|  |TAMS 0x0000000085800000, 0x0000000085900000| Complete 
|  89|0x0000000085900000, 0x0000000085a00000, 0x0000000085a00000|100%|HC|  |TAMS 0x0000000085900000, 0x0000000085a00000| Complete 
|  90|0x0000000085a00000, 0x0000000085b00000, 0x0000000085b00000|100%|HS|  |TAMS 0x0000000085a00000, 0x0000000085b00000| Complete 
|  91|0x0000000085b00000, 0x0000000085c00000, 0x0000000085c00000|100%|HC|  |TAMS 0x0000000085b00000, 0x0000000085c00000| Complete 
|  92|0x0000000085c00000, 0x0000000085d00000, 0x0000000085d00000|100%|HC|  |TAMS 0x0000000085c00000, 0x0000000085d00000| Complete 
|  93|0x0000000085d00000, 0x0000000085e00000, 0x0000000085e00000|100%|HS|  |TAMS 0x0000000085d00000, 0x0000000085e00000| Complete 
|  94|0x0000000085e00000, 0x0000000085f00000, 0x0000000085f00000|100%|HC|  |TAMS 0x0000000085e00000, 0x0000000085f00000| Complete 
|  95|0x0000000085f00000, 0x0000000086000000, 0x0000000086000000|100%|HC|  |TAMS 0x0000000085f00000, 0x0000000086000000| Complete 
|  96|0x0000000086000000, 0x0000000086100000, 0x0000000086100000|100%|HS|  |TAMS 0x0000000086000000, 0x0000000086100000| Complete 
|  97|0x0000000086100000, 0x0000000086200000, 0x0000000086200000|100%|HC|  |TAMS 0x0000000086100000, 0x0000000086200000| Complete 
|  98|0x0000000086200000, 0x0000000086300000, 0x0000000086300000|100%| O|  |TAMS 0x0000000086200000, 0x0000000086300000| Untracked 
|  99|0x0000000086300000, 0x0000000086400000, 0x0000000086400000|100%|HS|  |TAMS 0x0000000086300000, 0x0000000086400000| Complete 
| 100|0x0000000086400000, 0x0000000086500000, 0x0000000086500000|100%| O|  |TAMS 0x0000000086400000, 0x0000000086500000| Untracked 
| 101|0x0000000086500000, 0x0000000086600000, 0x0000000086600000|100%|HS|  |TAMS 0x0000000086500000, 0x0000000086600000| Complete 
| 102|0x0000000086600000, 0x0000000086700000, 0x0000000086700000|100%| O|  |TAMS 0x0000000086600000, 0x0000000086700000| Untracked 
| 103|0x0000000086700000, 0x0000000086800000, 0x0000000086800000|100%| O|  |TAMS 0x0000000086700000, 0x0000000086800000| Untracked 
| 104|0x0000000086800000, 0x0000000086900000, 0x0000000086900000|100%| O|  |TAMS 0x0000000086800000, 0x0000000086900000| Untracked 
| 105|0x0000000086900000, 0x0000000086a00000, 0x0000000086a00000|100%|HS|  |TAMS 0x0000000086900000, 0x0000000086a00000| Complete 
| 106|0x0000000086a00000, 0x0000000086b00000, 0x0000000086b00000|100%|HC|  |TAMS 0x0000000086a00000, 0x0000000086b00000| Complete 
| 107|0x0000000086b00000, 0x0000000086c00000, 0x0000000086c00000|100%| O|  |TAMS 0x0000000086b00000, 0x0000000086c00000| Untracked 
| 108|0x0000000086c00000, 0x0000000086d00000, 0x0000000086d00000|100%| O|  |TAMS 0x0000000086c00000, 0x0000000086c9a200| Untracked 
| 109|0x0000000086d00000, 0x0000000086e00000, 0x0000000086e00000|100%| O|  |TAMS 0x0000000086d00000, 0x0000000086d00000| Untracked 
| 110|0x0000000086e00000, 0x0000000086f00000, 0x0000000086f00000|100%|HS|  |TAMS 0x0000000086e00000, 0x0000000086f00000| Complete 
| 111|0x0000000086f00000, 0x0000000087000000, 0x0000000087000000|100%|HC|  |TAMS 0x0000000086f00000, 0x0000000087000000| Complete 
| 112|0x0000000087000000, 0x0000000087100000, 0x0000000087100000|100%| O|  |TAMS 0x0000000087000000, 0x0000000087000000| Untracked 
| 113|0x0000000087100000, 0x0000000087200000, 0x0000000087200000|100%| O|  |TAMS 0x0000000087100000, 0x0000000087100000| Untracked 
| 114|0x0000000087200000, 0x0000000087300000, 0x0000000087300000|100%| O|  |TAMS 0x0000000087200000, 0x0000000087200000| Untracked 
| 115|0x0000000087300000, 0x0000000087400000, 0x0000000087400000|100%| O|  |TAMS 0x0000000087300000, 0x0000000087300000| Untracked 
| 116|0x0000000087400000, 0x0000000087500000, 0x0000000087500000|100%| O|  |TAMS 0x0000000087400000, 0x0000000087400000| Untracked 
| 117|0x0000000087500000, 0x00000000875a2c00, 0x0000000087600000| 63%| O|  |TAMS 0x0000000087500000, 0x0000000087500000| Untracked 
| 118|0x0000000087600000, 0x0000000087700000, 0x0000000087700000|100%| O|  |TAMS 0x0000000087600000, 0x0000000087700000| Untracked 
| 119|0x0000000087700000, 0x0000000087700000, 0x0000000087800000|  0%| F|  |TAMS 0x0000000087700000, 0x0000000087700000| Untracked 
| 120|0x0000000087800000, 0x0000000087800000, 0x0000000087900000|  0%| F|  |TAMS 0x0000000087800000, 0x0000000087800000| Untracked 
| 121|0x0000000087900000, 0x0000000087900000, 0x0000000087a00000|  0%| F|  |TAMS 0x0000000087900000, 0x0000000087900000| Untracked 
| 122|0x0000000087a00000, 0x0000000087a00000, 0x0000000087b00000|  0%| F|  |TAMS 0x0000000087a00000, 0x0000000087a00000| Untracked 
| 123|0x0000000087b00000, 0x0000000087b00000, 0x0000000087c00000|  0%| F|  |TAMS 0x0000000087b00000, 0x0000000087b00000| Untracked 
| 124|0x0000000087c00000, 0x0000000087c00000, 0x0000000087d00000|  0%| F|  |TAMS 0x0000000087c00000, 0x0000000087c00000| Untracked 
| 125|0x0000000087d00000, 0x0000000087d00000, 0x0000000087e00000|  0%| F|  |TAMS 0x0000000087d00000, 0x0000000087d00000| Untracked 
| 126|0x0000000087e00000, 0x0000000087e00000, 0x0000000087f00000|  0%| F|  |TAMS 0x0000000087e00000, 0x0000000087e00000| Untracked 
| 127|0x0000000087f00000, 0x0000000087f00000, 0x0000000088000000|  0%| F|  |TAMS 0x0000000087f00000, 0x0000000087f00000| Untracked 
| 128|0x0000000088000000, 0x0000000088000000, 0x0000000088100000|  0%| F|  |TAMS 0x0000000088000000, 0x0000000088000000| Untracked 
| 129|0x0000000088100000, 0x0000000088100000, 0x0000000088200000|  0%| F|  |TAMS 0x0000000088100000, 0x0000000088100000| Untracked 
| 130|0x0000000088200000, 0x0000000088200000, 0x0000000088300000|  0%| F|  |TAMS 0x0000000088200000, 0x0000000088200000| Untracked 
| 131|0x0000000088300000, 0x0000000088300000, 0x0000000088400000|  0%| F|  |TAMS 0x0000000088300000, 0x0000000088300000| Untracked 
| 132|0x0000000088400000, 0x0000000088400000, 0x0000000088500000|  0%| F|  |TAMS 0x0000000088400000, 0x0000000088400000| Untracked 
| 133|0x0000000088500000, 0x0000000088500000, 0x0000000088600000|  0%| F|  |TAMS 0x0000000088500000, 0x0000000088500000| Untracked 
| 134|0x0000000088600000, 0x0000000088600000, 0x0000000088700000|  0%| F|  |TAMS 0x0000000088600000, 0x0000000088600000| Untracked 
| 135|0x0000000088700000, 0x0000000088700000, 0x0000000088800000|  0%| F|  |TAMS 0x0000000088700000, 0x0000000088700000| Untracked 
| 136|0x0000000088800000, 0x0000000088900000, 0x0000000088900000|100%| S|CS|TAMS 0x0000000088800000, 0x0000000088800000| Complete 
| 137|0x0000000088900000, 0x0000000088a00000, 0x0000000088a00000|100%| S|CS|TAMS 0x0000000088900000, 0x0000000088900000| Complete 
| 138|0x0000000088a00000, 0x0000000088b00000, 0x0000000088b00000|100%| S|CS|TAMS 0x0000000088a00000, 0x0000000088a00000| Complete 
| 139|0x0000000088b00000, 0x0000000088c00000, 0x0000000088c00000|100%| S|CS|TAMS 0x0000000088b00000, 0x0000000088b00000| Complete 
| 140|0x0000000088c00000, 0x0000000088c00000, 0x0000000088d00000|  0%| F|  |TAMS 0x0000000088c00000, 0x0000000088c00000| Untracked 
| 141|0x0000000088d00000, 0x0000000088d00000, 0x0000000088e00000|  0%| F|  |TAMS 0x0000000088d00000, 0x0000000088d00000| Untracked 
| 142|0x0000000088e00000, 0x0000000088e00000, 0x0000000088f00000|  0%| F|  |TAMS 0x0000000088e00000, 0x0000000088e00000| Untracked 
| 143|0x0000000088f00000, 0x0000000088f00000, 0x0000000089000000|  0%| F|  |TAMS 0x0000000088f00000, 0x0000000088f00000| Untracked 
| 144|0x0000000089000000, 0x0000000089000000, 0x0000000089100000|  0%| F|  |TAMS 0x0000000089000000, 0x0000000089000000| Untracked 
| 145|0x0000000089100000, 0x0000000089100000, 0x0000000089200000|  0%| F|  |TAMS 0x0000000089100000, 0x0000000089100000| Untracked 
| 146|0x0000000089200000, 0x0000000089200000, 0x0000000089300000|  0%| F|  |TAMS 0x0000000089200000, 0x0000000089200000| Untracked 
| 147|0x0000000089300000, 0x0000000089300000, 0x0000000089400000|  0%| F|  |TAMS 0x0000000089300000, 0x0000000089300000| Untracked 
| 148|0x0000000089400000, 0x0000000089400000, 0x0000000089500000|  0%| F|  |TAMS 0x0000000089400000, 0x0000000089400000| Untracked 
| 149|0x0000000089500000, 0x0000000089500000, 0x0000000089600000|  0%| F|  |TAMS 0x0000000089500000, 0x0000000089500000| Untracked 
| 150|0x0000000089600000, 0x0000000089600000, 0x0000000089700000|  0%| F|  |TAMS 0x0000000089600000, 0x0000000089600000| Untracked 
| 151|0x0000000089700000, 0x0000000089700000, 0x0000000089800000|  0%| F|  |TAMS 0x0000000089700000, 0x0000000089700000| Untracked 
| 152|0x0000000089800000, 0x0000000089800000, 0x0000000089900000|  0%| F|  |TAMS 0x0000000089800000, 0x0000000089800000| Untracked 
| 153|0x0000000089900000, 0x0000000089900000, 0x0000000089a00000|  0%| F|  |TAMS 0x0000000089900000, 0x0000000089900000| Untracked 
| 154|0x0000000089a00000, 0x0000000089a00000, 0x0000000089b00000|  0%| F|  |TAMS 0x0000000089a00000, 0x0000000089a00000| Untracked 
| 155|0x0000000089b00000, 0x0000000089b00000, 0x0000000089c00000|  0%| F|  |TAMS 0x0000000089b00000, 0x0000000089b00000| Untracked 
| 156|0x0000000089c00000, 0x0000000089c00000, 0x0000000089d00000|  0%| F|  |TAMS 0x0000000089c00000, 0x0000000089c00000| Untracked 
| 157|0x0000000089d00000, 0x0000000089d00000, 0x0000000089e00000|  0%| F|  |TAMS 0x0000000089d00000, 0x0000000089d00000| Untracked 
| 158|0x0000000089e00000, 0x0000000089e00000, 0x0000000089f00000|  0%| F|  |TAMS 0x0000000089e00000, 0x0000000089e00000| Untracked 
| 159|0x0000000089f00000, 0x0000000089f00000, 0x000000008a000000|  0%| F|  |TAMS 0x0000000089f00000, 0x0000000089f00000| Untracked 
| 160|0x000000008a000000, 0x000000008a000000, 0x000000008a100000|  0%| F|  |TAMS 0x000000008a000000, 0x000000008a000000| Untracked 
| 161|0x000000008a100000, 0x000000008a100000, 0x000000008a200000|  0%| F|  |TAMS 0x000000008a100000, 0x000000008a100000| Untracked 
| 162|0x000000008a200000, 0x000000008a200000, 0x000000008a300000|  0%| F|  |TAMS 0x000000008a200000, 0x000000008a200000| Untracked 
| 163|0x000000008a300000, 0x000000008a300000, 0x000000008a400000|  0%| F|  |TAMS 0x000000008a300000, 0x000000008a300000| Untracked 
| 164|0x000000008a400000, 0x000000008a400000, 0x000000008a500000|  0%| F|  |TAMS 0x000000008a400000, 0x000000008a400000| Untracked 
| 165|0x000000008a500000, 0x000000008a500000, 0x000000008a600000|  0%| F|  |TAMS 0x000000008a500000, 0x000000008a500000| Untracked 
| 166|0x000000008a600000, 0x000000008a600000, 0x000000008a700000|  0%| F|  |TAMS 0x000000008a600000, 0x000000008a600000| Untracked 
| 167|0x000000008a700000, 0x000000008a700000, 0x000000008a800000|  0%| F|  |TAMS 0x000000008a700000, 0x000000008a700000| Untracked 
| 168|0x000000008a800000, 0x000000008a800000, 0x000000008a900000|  0%| F|  |TAMS 0x000000008a800000, 0x000000008a800000| Untracked 
| 169|0x000000008a900000, 0x000000008a900000, 0x000000008aa00000|  0%| F|  |TAMS 0x000000008a900000, 0x000000008a900000| Untracked 
|2045|0x00000000ffd00000, 0x00000000ffe00000, 0x00000000ffe00000|100%| O|  |TAMS 0x00000000ffd00000, 0x00000000ffe00000| Untracked 
|2046|0x00000000ffe00000, 0x00000000fff00000, 0x00000000fff00000|100%| O|  |TAMS 0x00000000ffe00000, 0x00000000fff00000| Untracked 
|2047|0x00000000fff00000, 0x0000000100000000, 0x0000000100000000|100%| O|  |TAMS 0x00000000fff00000, 0x0000000100000000| Untracked 

Card table byte_map: [0x000001786bb80000,0x000001786bf80000] _byte_map_base: 0x000001786b780000

Marking Bits (Prev, Next): (CMBitMap*) 0x00000178570971e0, (CMBitMap*) 0x0000017857097220
 Prev Bits: [0x000001786c380000, 0x000001786e380000)
 Next Bits: [0x000001786e380000, 0x0000017870380000)

Polling page: 0x0000017857100000

Metaspace:

Usage:
  Non-class:     80.07 MB used.
      Class:     12.67 MB used.
       Both:     92.74 MB used.

Virtual space:
  Non-class space:       88.00 MB reserved,      80.44 MB ( 91%) committed,  11 nodes.
      Class space:        1.00 GB reserved,      12.94 MB (  1%) committed,  1 nodes.
             Both:        1.09 GB reserved,      93.38 MB (  8%) committed. 

Chunk freelists:
   Non-Class:  3.04 MB
       Class:  3.03 MB
        Both:  6.08 MB

MaxMetaspaceSize: unlimited
CompressedClassSpaceSize: 1.00 GB
Initial GC threshold: 21.00 MB
Current GC threshold: 147.12 MB
CDS: off
MetaspaceReclaimPolicy: balanced
 - commit_granule_bytes: 65536.
 - commit_granule_words: 8192.
 - virtual_space_node_default_size: 1048576.
 - enlarge_chunks_in_place: 1.
 - new_chunks_are_fully_committed: 0.
 - uncommit_free_chunks: 1.
 - use_allocation_guard: 0.
 - handle_deallocations: 1.


Internal statistics:

num_allocs_failed_limit: 6.
num_arena_births: 948.
num_arena_deaths: 14.
num_vsnodes_births: 12.
num_vsnodes_deaths: 0.
num_space_committed: 1494.
num_space_uncommitted: 0.
num_chunks_returned_to_freelist: 22.
num_chunks_taken_from_freelist: 4499.
num_chunk_merges: 14.
num_chunk_splits: 2921.
num_chunks_enlarged: 1895.
num_purges: 2.
num_inconsistent_stats: 0.

CodeHeap 'non-profiled nmethods': size=120000Kb used=4432Kb max_used=4432Kb free=115567Kb
 bounds [0x00000178637d0000, 0x0000017863c30000, 0x000001786ad00000]
CodeHeap 'profiled nmethods': size=120000Kb used=19583Kb max_used=19583Kb free=100416Kb
 bounds [0x000001785bd00000, 0x000001785d020000, 0x0000017863230000]
CodeHeap 'non-nmethods': size=5760Kb used=2405Kb max_used=2455Kb free=3354Kb
 bounds [0x0000017863230000, 0x00000178634a0000, 0x00000178637d0000]
 total_blobs=11491 nmethods=10565 adapters=838
 compilation: enabled
              stopped_count=0, restarted_count=0
 full_count=0

Compilation events (20 events):
Event: 15.024 Thread 0x000001787382a2b0 11533       4       com.android.tools.r8.internal.Bs::a (215 bytes)
Event: 15.024 Thread 0x000001787382bc70 nmethod 11535 0x000001785d016d10 code [0x000001785d016ea0, 0x000001785d017038]
Event: 15.024 Thread 0x000001787382bc70 11536       2       com.android.tools.r8.internal.wj::b (16 bytes)
Event: 15.025 Thread 0x000001787382bc70 nmethod 11536 0x000001785d017110 code [0x000001785d0172a0, 0x000001785d0173e8]
Event: 15.025 Thread 0x000001787382bc70 11537 %     3       jdk.internal.util.ArraysSupport::mismatch @ 49 (73 bytes)
Event: 15.025 Thread 0x000001787382bc70 nmethod 11537% 0x000001785d017490 code [0x000001785d017660, 0x000001785d017af8]
Event: 15.025 Thread 0x000001787382bc70 11538       2       com.android.tools.r8.graph.Z0::h (62 bytes)
Event: 15.026 Thread 0x000001787382bc70 nmethod 11538 0x000001785d017d10 code [0x000001785d017ee0, 0x000001785d0182e8]
Event: 15.031 Thread 0x000001787382bc70 11539 %     3       java.lang.Long::parseLong @ 178 (272 bytes)
Event: 15.033 Thread 0x000001787382bc70 nmethod 11539% 0x000001785d018590 code [0x000001785d018a20, 0x000001785d01ab38]
Event: 15.040 Thread 0x000001787382bc70 11540       3       jdk.internal.util.ArraysSupport::mismatch (73 bytes)
Event: 15.040 Thread 0x000001787382bc70 nmethod 11540 0x000001785d01b790 code [0x000001785d01b960, 0x000001785d01bd78]
Event: 15.065 Thread 0x000001787382a2b0 nmethod 11533 0x0000017863c21290 code [0x0000017863c21480, 0x0000017863c22dc8]
Event: 15.065 Thread 0x000001787382a2b0 11146       4       java.util.Arrays::hashCode (44 bytes)
Event: 15.068 Thread 0x000001787382a2b0 nmethod 11146 0x0000017863c23c90 code [0x0000017863c23e00, 0x0000017863c23f98]
Event: 15.068 Thread 0x000001787382a2b0 11433 %     4       com.android.tools.r8.dex.B::l @ 63 (2085 bytes)
Event: 15.072 Thread 0x000001787382bc70 11541       3       com.android.tools.r8.graph.p2::a (258 bytes)
Event: 15.072 Thread 0x000001787382bc70 nmethod 11541 0x000001785d01bf90 code [0x000001785d01c1c0, 0x000001785d01cae8]
Event: 15.072 Thread 0x000001787382bc70 11542 %     3       com.android.tools.r8.internal.Fy::a @ 45 (276 bytes)
Event: 15.074 Thread 0x000001787382bc70 nmethod 11542% 0x000001785d01ce10 code [0x000001785d01d240, 0x000001785d01f298]

GC Heap History (20 events):
Event: 11.902 GC heap after
{Heap after GC invocations=33 (full 0):
 garbage-first heap   total 116736K, used 69352K [0x0000000080000000, 0x0000000100000000)
  region size 1024K, 5 young (5120K), 5 survivors (5120K)
 Metaspace       used 81666K, committed 82304K, reserved 1122304K
  class space    used 11109K, committed 11392K, reserved 1048576K
}
Event: 12.218 GC heap before
{Heap before GC invocations=34 (full 0):
 garbage-first heap   total 130048K, used 92904K [0x0000000080000000, 0x0000000100000000)
  region size 1024K, 28 young (28672K), 5 survivors (5120K)
 Metaspace       used 82617K, committed 83200K, reserved 1122304K
  class space    used 11303K, committed 11584K, reserved 1048576K
}
Event: 12.224 GC heap after
{Heap after GC invocations=35 (full 0):
 garbage-first heap   total 130048K, used 72741K [0x0000000080000000, 0x0000000100000000)
  region size 1024K, 4 young (4096K), 4 survivors (4096K)
 Metaspace       used 82617K, committed 83200K, reserved 1122304K
  class space    used 11303K, committed 11584K, reserved 1048576K
}
Event: 12.638 GC heap before
{Heap before GC invocations=35 (full 0):
 garbage-first heap   total 130048K, used 103461K [0x0000000080000000, 0x0000000100000000)
  region size 1024K, 35 young (35840K), 4 survivors (4096K)
 Metaspace       used 84209K, committed 84800K, reserved 1130496K
  class space    used 11625K, committed 11904K, reserved 1048576K
}
Event: 12.643 GC heap after
{Heap after GC invocations=36 (full 0):
 garbage-first heap   total 130048K, used 75758K [0x0000000080000000, 0x0000000100000000)
  region size 1024K, 3 young (3072K), 3 survivors (3072K)
 Metaspace       used 84209K, committed 84800K, reserved 1130496K
  class space    used 11625K, committed 11904K, reserved 1048576K
}
Event: 12.997 GC heap before
{Heap before GC invocations=37 (full 0):
 garbage-first heap   total 138240K, used 103406K [0x0000000080000000, 0x0000000100000000)
  region size 1024K, 31 young (31744K), 3 survivors (3072K)
 Metaspace       used 84451K, committed 85056K, reserved 1130496K
  class space    used 11633K, committed 11904K, reserved 1048576K
}
Event: 13.001 GC heap after
{Heap after GC invocations=38 (full 0):
 garbage-first heap   total 138240K, used 77959K [0x0000000080000000, 0x0000000100000000)
  region size 1024K, 3 young (3072K), 3 survivors (3072K)
 Metaspace       used 84451K, committed 85056K, reserved 1130496K
  class space    used 11633K, committed 11904K, reserved 1048576K
}
Event: 13.374 GC heap before
{Heap before GC invocations=38 (full 0):
 garbage-first heap   total 138240K, used 111751K [0x0000000080000000, 0x0000000100000000)
  region size 1024K, 37 young (37888K), 3 survivors (3072K)
 Metaspace       used 85045K, committed 85632K, reserved 1130496K
  class space    used 11693K, committed 11968K, reserved 1048576K
}
Event: 13.379 GC heap after
{Heap after GC invocations=39 (full 0):
 garbage-first heap   total 165888K, used 80212K [0x0000000080000000, 0x0000000100000000)
  region size 1024K, 5 young (5120K), 5 survivors (5120K)
 Metaspace       used 85045K, committed 85632K, reserved 1130496K
  class space    used 11693K, committed 11968K, reserved 1048576K
}
Event: 13.962 GC heap before
{Heap before GC invocations=40 (full 0):
 garbage-first heap   total 165888K, used 133460K [0x0000000080000000, 0x0000000100000000)
  region size 1024K, 58 young (59392K), 5 survivors (5120K)
 Metaspace       used 87941K, committed 88576K, reserved 1130496K
  class space    used 12016K, committed 12288K, reserved 1048576K
}
Event: 13.968 GC heap after
{Heap after GC invocations=41 (full 0):
 garbage-first heap   total 165888K, used 83915K [0x0000000080000000, 0x0000000100000000)
  region size 1024K, 7 young (7168K), 7 survivors (7168K)
 Metaspace       used 87941K, committed 88576K, reserved 1130496K
  class space    used 12016K, committed 12288K, reserved 1048576K
}
Event: 13.974 GC heap before
{Heap before GC invocations=41 (full 0):
 garbage-first heap   total 165888K, used 84939K [0x0000000080000000, 0x0000000100000000)
  region size 1024K, 8 young (8192K), 7 survivors (7168K)
 Metaspace       used 87980K, committed 88640K, reserved 1130496K
  class space    used 12022K, committed 12288K, reserved 1048576K
}
Event: 13.979 GC heap after
{Heap after GC invocations=42 (full 0):
 garbage-first heap   total 165888K, used 84009K [0x0000000080000000, 0x0000000100000000)
  region size 1024K, 1 young (1024K), 1 survivors (1024K)
 Metaspace       used 87980K, committed 88640K, reserved 1130496K
  class space    used 12022K, committed 12288K, reserved 1048576K
}
Event: 14.167 GC heap before
{Heap before GC invocations=42 (full 0):
 garbage-first heap   total 165888K, used 108585K [0x0000000080000000, 0x0000000100000000)
  region size 1024K, 27 young (27648K), 1 survivors (1024K)
 Metaspace       used 89337K, committed 89984K, reserved 1130496K
  class space    used 12187K, committed 12480K, reserved 1048576K
}
Event: 14.170 GC heap after
{Heap after GC invocations=43 (full 0):
 garbage-first heap   total 165888K, used 84416K [0x0000000080000000, 0x0000000100000000)
  region size 1024K, 2 young (2048K), 2 survivors (2048K)
 Metaspace       used 89337K, committed 89984K, reserved 1130496K
  class space    used 12187K, committed 12480K, reserved 1048576K
}
Event: 14.583 GC heap before
{Heap before GC invocations=44 (full 0):
 garbage-first heap   total 174080K, used 162240K [0x0000000080000000, 0x0000000100000000)
  region size 1024K, 44 young (45056K), 2 survivors (2048K)
 Metaspace       used 94408K, committed 95040K, reserved 1138688K
  class space    used 12896K, committed 13184K, reserved 1048576K
}
Event: 14.588 GC heap after
{Heap after GC invocations=45 (full 0):
 garbage-first heap   total 177152K, used 120219K [0x0000000080000000, 0x0000000100000000)
  region size 1024K, 7 young (7168K), 7 survivors (7168K)
 Metaspace       used 94408K, committed 95040K, reserved 1138688K
  class space    used 12896K, committed 13184K, reserved 1048576K
}
Event: 14.590 GC heap before
{Heap before GC invocations=45 (full 0):
 garbage-first heap   total 177152K, used 123291K [0x0000000080000000, 0x0000000100000000)
  region size 1024K, 8 young (8192K), 7 survivors (7168K)
 Metaspace       used 94417K, committed 95040K, reserved 1138688K
  class space    used 12897K, committed 13184K, reserved 1048576K
}
Event: 14.598 GC heap after
{Heap after GC invocations=46 (full 0):
 garbage-first heap   total 177152K, used 117346K [0x0000000080000000, 0x0000000100000000)
  region size 1024K, 1 young (1024K), 1 survivors (1024K)
 Metaspace       used 94417K, committed 95040K, reserved 1138688K
  class space    used 12897K, committed 13184K, reserved 1048576K
}
Event: 15.087 GC heap before
{Heap before GC invocations=46 (full 0):
 garbage-first heap   total 177152K, used 147042K [0x0000000080000000, 0x0000000100000000)
  region size 1024K, 30 young (30720K), 1 survivors (1024K)
 Metaspace       used 94963K, committed 95616K, reserved 1138688K
  class space    used 12971K, committed 13248K, reserved 1048576K
}

Dll operation events (2 events):
Event: 0.009 Loaded shared library C:\Program Files\Android\Android Studio\jbr\bin\java.dll
Event: 0.507 Loaded shared library C:\Program Files\Android\Android Studio\jbr\bin\verify.dll

Deoptimization events (20 events):
Event: 15.079 Thread 0x00000178796ffb60 DEOPT PACKING pc=0x000001785d01c906 sp=0x0000000b66efd630
Event: 15.079 Thread 0x00000178796ffb60 DEOPT UNPACKING pc=0x000001786328ace3 sp=0x0000000b66efcaa8 mode 0
Event: 15.080 Thread 0x00000178796ffb60 DEOPT PACKING pc=0x000001785d01c906 sp=0x0000000b66efd630
Event: 15.080 Thread 0x00000178796ffb60 DEOPT UNPACKING pc=0x000001786328ace3 sp=0x0000000b66efcaa8 mode 0
Event: 15.081 Thread 0x00000178796ffb60 DEOPT PACKING pc=0x000001785d01c906 sp=0x0000000b66efd630
Event: 15.081 Thread 0x00000178796ffb60 DEOPT UNPACKING pc=0x000001786328ace3 sp=0x0000000b66efcaa8 mode 0
Event: 15.081 Thread 0x00000178796ffb60 DEOPT PACKING pc=0x000001785d01c906 sp=0x0000000b66efd630
Event: 15.081 Thread 0x00000178796ffb60 DEOPT UNPACKING pc=0x000001786328ace3 sp=0x0000000b66efcaa8 mode 0
Event: 15.082 Thread 0x00000178796ffb60 DEOPT PACKING pc=0x000001785d01c906 sp=0x0000000b66efd630
Event: 15.082 Thread 0x00000178796ffb60 DEOPT UNPACKING pc=0x000001786328ace3 sp=0x0000000b66efcaa8 mode 0
Event: 15.083 Thread 0x00000178796ffb60 DEOPT PACKING pc=0x000001785d01c906 sp=0x0000000b66efd630
Event: 15.083 Thread 0x00000178796ffb60 DEOPT UNPACKING pc=0x000001786328ace3 sp=0x0000000b66efcaa8 mode 0
Event: 15.084 Thread 0x00000178796ffb60 DEOPT PACKING pc=0x000001785d01c906 sp=0x0000000b66efd630
Event: 15.084 Thread 0x00000178796ffb60 DEOPT UNPACKING pc=0x000001786328ace3 sp=0x0000000b66efcaa8 mode 0
Event: 15.085 Thread 0x00000178796ffb60 DEOPT PACKING pc=0x000001785d01c906 sp=0x0000000b66efd630
Event: 15.085 Thread 0x00000178796ffb60 DEOPT UNPACKING pc=0x000001786328ace3 sp=0x0000000b66efcaa8 mode 0
Event: 15.086 Thread 0x00000178796ffb60 DEOPT PACKING pc=0x000001785d01c906 sp=0x0000000b66efd630
Event: 15.086 Thread 0x00000178796ffb60 DEOPT UNPACKING pc=0x000001786328ace3 sp=0x0000000b66efcaa8 mode 0
Event: 15.087 Thread 0x00000178796ffb60 DEOPT PACKING pc=0x000001785d01c906 sp=0x0000000b66efd630
Event: 15.087 Thread 0x00000178796ffb60 DEOPT UNPACKING pc=0x000001786328ace3 sp=0x0000000b66efcaa8 mode 0

Classes unloaded (7 events):
Event: 13.457 Thread 0x0000017872e7c940 Unloading class 0x0000000100b99c00 'java/lang/invoke/LambdaForm$DMH+0x0000000100b99c00'
Event: 13.457 Thread 0x0000017872e7c940 Unloading class 0x0000000100b99800 'java/lang/invoke/LambdaForm$DMH+0x0000000100b99800'
Event: 13.457 Thread 0x0000017872e7c940 Unloading class 0x0000000100b99400 'java/lang/invoke/LambdaForm$DMH+0x0000000100b99400'
Event: 13.457 Thread 0x0000017872e7c940 Unloading class 0x0000000100b99000 'java/lang/invoke/LambdaForm$DMH+0x0000000100b99000'
Event: 13.457 Thread 0x0000017872e7c940 Unloading class 0x0000000100b98c00 'java/lang/invoke/LambdaForm$DMH+0x0000000100b98c00'
Event: 13.457 Thread 0x0000017872e7c940 Unloading class 0x0000000100b98400 'java/lang/invoke/LambdaForm$DMH+0x0000000100b98400'
Event: 13.457 Thread 0x0000017872e7c940 Unloading class 0x0000000100b98800 'java/lang/invoke/LambdaForm$DMH+0x0000000100b98800'

Classes redefined (0 events):
No events

Internal exceptions (20 events):
Event: 13.549 Thread 0x0000017877d47190 Exception <a 'sun/nio/fs/WindowsException'{0x0000000089745a88}> (0x0000000089745a88) 
thrown [s\src\hotspot\share\prims\jni.cpp, line 517]
Event: 13.549 Thread 0x0000017877d47190 Exception <a 'sun/nio/fs/WindowsException'{0x0000000089747898}> (0x0000000089747898) 
thrown [s\src\hotspot\share\prims\jni.cpp, line 517]
Event: 13.570 Thread 0x0000017877d47190 Exception <a 'java/lang/NoSuchMethodError'{0x00000000896b0298}: static Lcom/android/builder/internal/aapt/AaptOptions;.<clinit>()V> (0x00000000896b0298) 
thrown [s\src\hotspot\share\prims\jni.cpp, line 1108]
Event: 13.573 Thread 0x0000017877d47190 Exception <a 'java/lang/NoSuchMethodError'{0x00000000896e4338}: static [Ljava/lang/Object;.<clinit>()V> (0x00000000896e4338) 
thrown [s\src\hotspot\share\prims\jni.cpp, line 1108]
Event: 13.574 Thread 0x0000017877d47190 Exception <a 'java/lang/NoSuchMethodError'{0x00000000896f4e48}: static Ljava/lang/Object;.<clinit>()V> (0x00000000896f4e48) 
thrown [s\src\hotspot\share\prims\jni.cpp, line 1108]
Event: 13.575 Thread 0x0000017877d47190 Exception <a 'java/lang/NoSuchMethodError'{0x0000000089512ad8}: static Lcom/android/build/api/variant/impl/VariantOutputImpl$SerializedForm;.<clinit>()V> (0x0000000089512ad8) 
thrown [s\src\hotspot\share\prims\jni.cpp, line 1108]
Event: 13.576 Thread 0x0000017877d47190 Exception <a 'java/lang/NoSuchMethodError'{0x00000000895250c8}: static Lcom/android/build/api/variant/impl/VariantOutputConfigurationImpl;.<clinit>()V> (0x00000000895250c8) 
thrown [s\src\hotspot\share\prims\jni.cpp, line 1108]
Event: 13.596 Thread 0x0000017877d46320 Exception <a 'sun/nio/fs/WindowsException'{0x0000000089490fa0}> (0x0000000089490fa0) 
thrown [s\src\hotspot\share\prims\jni.cpp, line 517]
Event: 13.628 Thread 0x0000017877d46320 Exception <a 'java/lang/NoSuchMethodError'{0x00000000893313e0}: 'int java.lang.invoke.DirectMethodHandle$Holder.invokeSpecial(java.lang.Object, java.lang.Object, java.lang.Object, java.lang.Object, java.lang.Object)'> (0x00000000893313e0) 
thrown [s\src\hotspot\share\interpreter\linkResolver.cpp, line 771]
Event: 13.714 Thread 0x0000017877d467f0 Exception <a 'sun/nio/fs/WindowsException'{0x0000000088cd7fb0}> (0x0000000088cd7fb0) 
thrown [s\src\hotspot\share\prims\jni.cpp, line 517]
Event: 13.749 Thread 0x0000017873b16550 Implicit null exception at 0x0000017863bbd1af to 0x0000017863bbd7b4
Event: 14.075 Thread 0x0000017877d43ca0 Exception <a 'sun/nio/fs/WindowsException'{0x0000000089218340}> (0x0000000089218340) 
thrown [s\src\hotspot\share\prims\jni.cpp, line 517]
Event: 14.134 Thread 0x0000017877d43300 Exception <a 'sun/nio/fs/WindowsException'{0x0000000088863290}> (0x0000000088863290) 
thrown [s\src\hotspot\share\prims\jni.cpp, line 517]
Event: 14.309 Thread 0x00000178796ffb60 Exception <a 'sun/nio/fs/WindowsException'{0x000000008a765428}> (0x000000008a765428) 
thrown [s\src\hotspot\share\prims\jni.cpp, line 517]
Event: 14.565 Thread 0x00000178796ffb60 Exception <a 'java/lang/NoSuchMethodError'{0x000000008892f620}: 'java.lang.Object java.lang.invoke.DirectMethodHandle$Holder.invokeStaticInit(java.lang.Object, java.lang.Object, java.lang.Object, java.lang.Object, java.lang.Object, java.lang.Object, java.lang.Object, java.lang.Object, java.lang.Object, java.lang.Object, java.lang.Object, java.lang.Object, java.lang.Object, java.lang.Object, java.lang.Object, java.lang.Object, java.lang.Object, java.lang.Object, java.lang.Object, int, java.lang.Object, java
Event: 14.625 Thread 0x0000017879700ea0 Exception <a 'java/lang/NoSuchMethodError'{0x000000008a978740}: 'void java.lang.invoke.DirectMethodHandle$Holder.invokeStatic(java.lang.Object, long)'> (0x000000008a978740) 
thrown [s\src\hotspot\share\interpreter\linkResolver.cpp, line 771]
Event: 14.626 Thread 0x0000017879700ea0 Exception <a 'java/lang/NoSuchMethodError'{0x000000008a97e040}: 'java.lang.Object java.lang.invoke.DirectMethodHandle$Holder.newInvokeSpecial(java.lang.Object, long)'> (0x000000008a97e040) 
thrown [s\src\hotspot\share\interpreter\linkResolver.cpp, line 771]
Event: 14.627 Thread 0x0000017879700ea0 Exception <a 'java/lang/NoSuchMethodError'{0x000000008a984dd8}: 'java.lang.Object java.lang.invoke.DirectMethodHandle$Holder.invokeStatic(java.lang.Object, java.lang.Object, long, java.lang.Object)'> (0x000000008a984dd8) 
thrown [s\src\hotspot\share\interpreter\linkResolver.cpp, line 771]
Event: 14.628 Thread 0x0000017879700ea0 Exception <a 'java/lang/NoSuchMethodError'{0x000000008a988858}: 'java.lang.Object java.lang.invoke.DirectMethodHandle$Holder.invokeStaticInit(java.lang.Object, java.lang.Object, long, java.lang.Object)'> (0x000000008a988858) 
thrown [s\src\hotspot\share\interpreter\linkResolver.cpp, line 771]
Event: 14.817 Thread 0x0000017879700ea0 Exception <a 'java/lang/NoSuchMethodError'{0x0000000089ef5958}: 'int java.lang.invoke.DirectMethodHandle$Holder.invokeSpecialIFC(java.lang.Object, java.lang.Object, java.lang.Object)'> (0x0000000089ef5958) 
thrown [s\src\hotspot\share\interpreter\linkResolver.cpp, line 771]

VM Operations (20 events):
Event: 13.760 Executing VM operation: ICBufferFull done
Event: 13.962 Executing VM operation: G1CollectForAllocation
Event: 13.970 Executing VM operation: G1CollectForAllocation done
Event: 13.974 Executing VM operation: G1CollectForAllocation
Event: 13.979 Executing VM operation: G1CollectForAllocation done
Event: 14.167 Executing VM operation: G1TryInitiateConcMark
Event: 14.171 Executing VM operation: G1TryInitiateConcMark done
Event: 14.260 Executing VM operation: G1Concurrent
Event: 14.265 Executing VM operation: G1Concurrent done
Event: 14.303 Executing VM operation: G1Concurrent
Event: 14.303 Executing VM operation: G1Concurrent done
Event: 14.321 Executing VM operation: HandshakeAllThreads
Event: 14.322 Executing VM operation: HandshakeAllThreads done
Event: 14.370 Executing VM operation: HandshakeAllThreads
Event: 14.370 Executing VM operation: HandshakeAllThreads done
Event: 14.582 Executing VM operation: G1CollectForAllocation
Event: 14.588 Executing VM operation: G1CollectForAllocation done
Event: 14.590 Executing VM operation: G1CollectForAllocation
Event: 14.599 Executing VM operation: G1CollectForAllocation done
Event: 15.087 Executing VM operation: G1CollectForAllocation

Events (20 events):
Event: 14.396 loading class java/util/ArrayList$SubList$1 done
Event: 14.545 loading class java/nio/BufferUnderflowException
Event: 14.545 loading class java/nio/BufferUnderflowException done
Event: 14.580 loading class java/util/concurrent/Executors$DelegatedScheduledExecutorService
Event: 14.580 loading class java/util/concurrent/Executors$DelegatedExecutorService
Event: 14.580 loading class java/util/concurrent/Executors$DelegatedExecutorService done
Event: 14.580 loading class java/util/concurrent/Executors$DelegatedScheduledExecutorService done
Event: 14.581 Thread 0x00000178796fd9b0 Thread added: 0x00000178796fd9b0
Event: 14.599 loading class java/lang/ProcessImpl
Event: 14.600 loading class java/lang/ProcessImpl done
Event: 14.626 loading class java/lang/ProcessHandleImpl
Event: 14.627 loading class java/lang/ProcessHandleImpl done
Event: 14.628 loading class java/lang/ProcessImpl$2
Event: 14.628 loading class java/lang/ProcessImpl$2 done
Event: 14.628 loading class java/lang/Process$PipeInputStream
Event: 14.628 loading class java/lang/Process$PipeInputStream done
Event: 14.629 loading class jdk/internal/event/ProcessStartEvent
Event: 14.629 loading class jdk/internal/event/ProcessStartEvent done
Event: 14.630 Thread 0x0000017879704390 Thread added: 0x0000017879704390
Event: 14.630 Thread 0x0000017879700500 Thread added: 0x0000017879700500


Dynamic libraries:
0x00007ff789cf0000 - 0x00007ff789cfa000 	C:\Program Files\Android\Android Studio\jbr\bin\java.exe
0x00007fffaa150000 - 0x00007fffaa364000 	C:\WINDOWS\SYSTEM32\ntdll.dll
0x00007fffa9be0000 - 0x00007fffa9ca4000 	C:\WINDOWS\System32\KERNEL32.DLL
0x00007fffa7530000 - 0x00007fffa78d4000 	C:\WINDOWS\System32\KERNELBASE.dll
0x00007fffa78e0000 - 0x00007fffa79f1000 	C:\WINDOWS\System32\ucrtbase.dll
0x00007fff97a60000 - 0x00007fff97a7b000 	C:\Program Files\Android\Android Studio\jbr\bin\VCRUNTIME140.dll
0x00007fff97720000 - 0x00007fff97737000 	C:\Program Files\Android\Android Studio\jbr\bin\jli.dll
0x00007fffa9a30000 - 0x00007fffa9bde000 	C:\WINDOWS\System32\USER32.dll
0x00007fff89830000 - 0x00007fff89ac3000 	C:\WINDOWS\WinSxS\amd64_microsoft.windows.common-controls_6595b64144ccf1df_6.0.22621.2215_none_270d72677387dfc3\COMCTL32.dll
0x00007fffa7500000 - 0x00007fffa7526000 	C:\WINDOWS\System32\win32u.dll
0x00007fffa8b00000 - 0x00007fffa8ba7000 	C:\WINDOWS\System32\msvcrt.dll
0x00007fffa87b0000 - 0x00007fffa87d9000 	C:\WINDOWS\System32\GDI32.dll
0x00007fffa7b70000 - 0x00007fffa7c88000 	C:\WINDOWS\System32\gdi32full.dll
0x00007fffa7d50000 - 0x00007fffa7dea000 	C:\WINDOWS\System32\msvcp_win.dll
0x00007fffa8c90000 - 0x00007fffa8cc1000 	C:\WINDOWS\System32\IMM32.DLL
0x00007fff99ad0000 - 0x00007fff99adc000 	C:\Program Files\Android\Android Studio\jbr\bin\vcruntime140_1.dll
0x00007fff81b20000 - 0x00007fff81bad000 	C:\Program Files\Android\Android Studio\jbr\bin\msvcp140.dll
0x00007fff60550000 - 0x00007fff611bd000 	C:\Program Files\Android\Android Studio\jbr\bin\server\jvm.dll
0x00007fffa8dc0000 - 0x00007fffa8e70000 	C:\WINDOWS\System32\ADVAPI32.dll
0x00007fffa8a20000 - 0x00007fffa8ac6000 	C:\WINDOWS\System32\sechost.dll
0x00007fffa7f70000 - 0x00007fffa8087000 	C:\WINDOWS\System32\RPCRT4.dll
0x00007fff979b0000 - 0x00007fff979b9000 	C:\WINDOWS\SYSTEM32\WSOCK32.dll
0x00007fff9c4c0000 - 0x00007fff9c4f4000 	C:\WINDOWS\SYSTEM32\WINMM.dll
0x00007fffa88a0000 - 0x00007fffa8911000 	C:\WINDOWS\System32\WS2_32.dll
0x00007fff9c2e0000 - 0x00007fff9c2ea000 	C:\WINDOWS\SYSTEM32\VERSION.dll
0x00007fffa65c0000 - 0x00007fffa65d8000 	C:\WINDOWS\SYSTEM32\kernel.appcore.dll
0x00007fffa1fd0000 - 0x00007fffa1fda000 	C:\Program Files\Android\Android Studio\jbr\bin\jimage.dll
0x00007fffa4e40000 - 0x00007fffa506e000 	C:\WINDOWS\SYSTEM32\DBGHELP.DLL
0x00007fffa96a0000 - 0x00007fffa9a2a000 	C:\WINDOWS\System32\combase.dll
0x00007fffa8cd0000 - 0x00007fffa8da7000 	C:\WINDOWS\System32\OLEAUT32.dll
0x00007fff8d5e0000 - 0x00007fff8d612000 	C:\WINDOWS\SYSTEM32\dbgcore.DLL
0x00007fffa7df0000 - 0x00007fffa7e6a000 	C:\WINDOWS\System32\bcryptPrimitives.dll
0x00007fff9e0a0000 - 0x00007fff9e0c5000 	C:\Program Files\Android\Android Studio\jbr\bin\java.dll
0x00007fff9c7f0000 - 0x00007fff9c808000 	C:\Program Files\Android\Android Studio\jbr\bin\zip.dll
0x00007fffa8e70000 - 0x00007fffa9693000 	C:\WINDOWS\System32\SHELL32.dll
0x00007fffa5440000 - 0x00007fffa5d2a000 	C:\WINDOWS\SYSTEM32\windows.storage.dll
0x00007fffa5300000 - 0x00007fffa543e000 	C:\WINDOWS\SYSTEM32\wintypes.dll
0x00007fffa8920000 - 0x00007fffa8a13000 	C:\WINDOWS\System32\SHCORE.dll
0x00007fffa8090000 - 0x00007fffa80ee000 	C:\WINDOWS\System32\shlwapi.dll
0x00007fffa7430000 - 0x00007fffa7456000 	C:\WINDOWS\SYSTEM32\profapi.dll
0x00007fff9c7d0000 - 0x00007fff9c7e9000 	C:\Program Files\Android\Android Studio\jbr\bin\net.dll
0x00007fffa13a0000 - 0x00007fffa14d7000 	C:\WINDOWS\SYSTEM32\WINHTTP.dll
0x00007fffa6ac0000 - 0x00007fffa6b29000 	C:\WINDOWS\system32\mswsock.dll
0x00007fff995a0000 - 0x00007fff995b6000 	C:\Program Files\Android\Android Studio\jbr\bin\nio.dll
0x00007fff9e550000 - 0x00007fff9e560000 	C:\Program Files\Android\Android Studio\jbr\bin\verify.dll
0x00007fff97780000 - 0x00007fff977a7000 	C:\Users\thanh\.gradle\native\68d5fa5c4cc2d200863cafc0d521ce42e7d3e7ee720ec0a83991735586a16f82\windows-amd64\native-platform.dll
0x00007fff62f90000 - 0x00007fff630d4000 	C:\Users\thanh\.gradle\native\e376f236ea51e6404a007f0833ffe2c6e607c4080706a723a18a27aeea778392\windows-amd64\native-platform-file-events.dll
0x00007fffa17c0000 - 0x00007fffa17c9000 	C:\Program Files\Android\Android Studio\jbr\bin\management.dll
0x00007fffa1790000 - 0x00007fffa179b000 	C:\Program Files\Android\Android Studio\jbr\bin\management_ext.dll
0x00007fffa8db0000 - 0x00007fffa8db8000 	C:\WINDOWS\System32\PSAPI.DLL
0x00007fffa6d10000 - 0x00007fffa6d2b000 	C:\WINDOWS\SYSTEM32\CRYPTSP.dll
0x00007fffa6530000 - 0x00007fffa6565000 	C:\WINDOWS\system32\rsaenh.dll
0x00007fffa6bb0000 - 0x00007fffa6bdc000 	C:\WINDOWS\SYSTEM32\USERENV.dll
0x00007fffa6eb0000 - 0x00007fffa6ed8000 	C:\WINDOWS\SYSTEM32\bcrypt.dll
0x00007fffa6d30000 - 0x00007fffa6d3c000 	C:\WINDOWS\SYSTEM32\CRYPTBASE.dll
0x00007fffa5f90000 - 0x00007fffa5fbd000 	C:\WINDOWS\SYSTEM32\IPHLPAPI.DLL
0x00007fffa8890000 - 0x00007fffa8899000 	C:\WINDOWS\System32\NSI.dll
0x00007fff9c2c0000 - 0x00007fff9c2d9000 	C:\WINDOWS\SYSTEM32\dhcpcsvc6.DLL
0x00007fff9b8e0000 - 0x00007fff9b8ff000 	C:\WINDOWS\SYSTEM32\dhcpcsvc.DLL
0x00007fffa5fc0000 - 0x00007fffa60b2000 	C:\WINDOWS\SYSTEM32\DNSAPI.dll
0x00007fff9c7c0000 - 0x00007fff9c7c8000 	C:\WINDOWS\system32\wshunix.dll

dbghelp: loaded successfully - version: 4.0.5 - missing functions: none
symbol engine: initialized successfully - sym options: 0x614 - pdb path: .;C:\Program Files\Android\Android Studio\jbr\bin;C:\WINDOWS\SYSTEM32;C:\WINDOWS\WinSxS\amd64_microsoft.windows.common-controls_6595b64144ccf1df_6.0.22621.2215_none_270d72677387dfc3;C:\Program Files\Android\Android Studio\jbr\bin\server;C:\Users\thanh\.gradle\native\68d5fa5c4cc2d200863cafc0d521ce42e7d3e7ee720ec0a83991735586a16f82\windows-amd64;C:\Users\thanh\.gradle\native\e376f236ea51e6404a007f0833ffe2c6e607c4080706a723a18a27aeea778392\windows-amd64

VM Arguments:
jvm_args: --add-opens=java.base/java.util=ALL-UNNAMED --add-opens=java.base/java.lang=ALL-UNNAMED --add-opens=java.base/java.lang.invoke=ALL-UNNAMED --add-opens=java.prefs/java.util.prefs=ALL-UNNAMED --add-opens=java.base/java.nio.charset=ALL-UNNAMED --add-opens=java.base/java.net=ALL-UNNAMED --add-opens=java.base/java.util.concurrent.atomic=ALL-UNNAMED -Xmx2048m -Dfile.encoding=UTF-8 -Duser.country=VN -Duser.language=vi -Duser.variant 
java_command: org.gradle.launcher.daemon.bootstrap.GradleDaemon 8.0
java_class_path (initial): C:\Users\thanh\.gradle\wrapper\dists\gradle-8.0-bin\ca5e32bp14vu59qr306oxotwh\gradle-8.0\lib\gradle-launcher-8.0.jar
Launcher Type: SUN_STANDARD

[Global flags]
     intx CICompilerCount                          = 4                                         {product} {ergonomic}
     uint ConcGCThreads                            = 2                                         {product} {ergonomic}
     uint G1ConcRefinementThreads                  = 8                                         {product} {ergonomic}
   size_t G1HeapRegionSize                         = 1048576                                   {product} {ergonomic}
    uintx GCDrainStackTargetSize                   = 64                                        {product} {ergonomic}
   size_t InitialHeapSize                          = 130023424                                 {product} {ergonomic}
   size_t MarkStackSize                            = 4194304                                   {product} {ergonomic}
   size_t MaxHeapSize                              = 2147483648                                {product} {command line}
   size_t MaxNewSize                               = 1287651328                                {product} {ergonomic}
   size_t MinHeapDeltaBytes                        = 1048576                                   {product} {ergonomic}
   size_t MinHeapSize                              = 8388608                                   {product} {ergonomic}
    uintx NonNMethodCodeHeapSize                   = 5839372                                {pd product} {ergonomic}
    uintx NonProfiledCodeHeapSize                  = 122909434                              {pd product} {ergonomic}
    uintx ProfiledCodeHeapSize                     = 122909434                              {pd product} {ergonomic}
    uintx ReservedCodeCacheSize                    = 251658240                              {pd product} {ergonomic}
     bool SegmentedCodeCache                       = true                                      {product} {ergonomic}
   size_t SoftMaxHeapSize                          = 2147483648                             {manageable} {ergonomic}
     bool UseCompressedClassPointers               = true                           {product lp64_product} {ergonomic}
     bool UseCompressedOops                        = true                           {product lp64_product} {ergonomic}
     bool UseG1GC                                  = true                                      {product} {ergonomic}
     bool UseLargePagesIndividualAllocation        = false                                  {pd product} {ergonomic}

Logging:
Log output configuration:
 #0: stdout all=warning uptime,level,tags
 #1: stderr all=off uptime,level,tags

Environment Variables:
PATH=C:\Program Files\Python311\Scripts\;C:\Program Files\Python311\;C:\WINDOWS\system32;C:\WINDOWS;C:\WINDOWS\System32\Wbem;C:\WINDOWS\System32\WindowsPowerShell\v1.0\;C:\WINDOWS\System32\OpenSSH\;C:\Program Files\nodejs\;C:\Users\thanh\AppData\Roaming\Python\Python311\site-packages\django\Scripts;C:\Program Files\Git\cmd;C:\Program Files\Microsoft SQL Server\150\Tools\Binn\;C:\Program Files\Microsoft SQL Server\Client SDK\ODBC\170\Tools\Binn\;C:\Program Files\dotnet\;C:\Users\thanh\AppData\Local\Microsoft\WindowsApps;C:\Users\thanh\AppData\Local\Programs\Microsoft VS Code\bin;C:\Users\thanh\AppData\Roaming\npm;C:\Users\thanh\AppData\Local\GitHubDesktop\bin;C:\Program Files\JetBrains\DataGrip 2023.1.2\bin;;C:\Users\thanh\AppData\Local\Android\Sdk\platform-tools;C:\Users\thanh\.dotnet\tools;C:\Users\thanh\flutter\bin;C:\Users\thanh\flutter;C:\Program Files (x86)\dart-sdk\bin;
USERNAME=thanh
OS=Windows_NT
PROCESSOR_IDENTIFIER=Intel64 Family 6 Model 140 Stepping 2, GenuineIntel
TMP=C:\Users\thanh\AppData\Local\Temp
TEMP=C:\Users\thanh\AppData\Local\Temp



---------------  S Y S T E M  ---------------

OS:
 Windows 11 , 64 bit Build 22621 (10.0.22621.2215)
OS uptime: 4 days 6:25 hours
Hyper-V role detected

CPU: total 8 (initial active 8) (4 cores per cpu, 2 threads per core) family 6 model 140 stepping 2 microcode 0x16, cx8, cmov, fxsr, ht, mmx, 3dnowpref, sse, sse2, sse3, ssse3, sse4.1, sse4.2, popcnt, lzcnt, tsc, tscinvbit, avx, avx2, aes, erms, clmul, bmi1, bmi2, adx, avx512f, avx512dq, avx512cd, avx512bw, avx512vl, sha, fma, vzeroupper, avx512_vpopcntdq, avx512_vpclmulqdq, avx512_vaes, avx512_vnni, clflush, clflushopt, clwb, avx512_vbmi2, avx512_vbmi, hv

Memory: 4k page, system-wide physical 7894M (231M free)
TotalPageFile size 11990M (AvailPageFile size 6M)
current process WorkingSet (physical memory assigned to process): 420M, peak: 423M
current process commit charge ("private bytes"): 800M, peak: 806M

vm_info: OpenJDK 64-Bit Server VM (17.0.6+0-b2043.56-9586694) for windows-amd64 JRE (17.0.6+0-b2043.56-9586694), built on Feb  9 2023 20:06:20 by "androidbuild" with MS VC++ 16.10 / 16.11 (VS2019)

END.
