#
# There is insufficient memory for the Java Runtime Environment to continue.
# Native memory allocation (malloc) failed to allocate 966176 bytes for Chunk::new
# Possible reasons:
#   The system is out of physical RAM or swap space
#   The process is running with CompressedOops enabled, and the Java Heap may be blocking the growth of the native heap
# Possible solutions:
#   Reduce memory load on the system
#   Increase physical memory or swap space
#   Check if swap backing store is full
#   Decrease Java heap size (-Xmx/-Xms)
#   Decrease number of Java threads
#   Decrease Java thread stack sizes (-Xss)
#   Set larger code cache with -XX:ReservedCodeCacheSize=
#   JVM is running with Unscaled Compressed Oops mode in which the Java heap is
#     placed in the first 4GB address space. The Java Heap base address is the
#     maximum limit for the native heap growth. Please use -XX:HeapBaseMinAddress
#     to set the Java Heap base and to place the Java Heap above 4GB virtual address.
# This output file may be truncated or incomplete.
#
#  Out of Memory Error (arena.cpp:189), pid=17452, tid=19808
#
# JRE version: OpenJDK Runtime Environment (17.0.6) (build 17.0.6+0-b2043.56-9586694)
# Java VM: OpenJDK 64-Bit Server VM (17.0.6+0-b2043.56-9586694, mixed mode, tiered, compressed oops, compressed class ptrs, g1 gc, windows-amd64)
# No core dump will be written. Minidumps are not enabled by default on client versions of Windows
#

---------------  S U M M A R Y ------------

Command Line: --add-opens=java.base/java.util=ALL-UNNAMED --add-opens=java.base/java.lang=ALL-UNNAMED --add-opens=java.base/java.lang.invoke=ALL-UNNAMED --add-opens=java.prefs/java.util.prefs=ALL-UNNAMED --add-opens=java.base/java.nio.charset=ALL-UNNAMED --add-opens=java.base/java.net=ALL-UNNAMED --add-opens=java.base/java.util.concurrent.atomic=ALL-UNNAMED -Xmx2048m -Dfile.encoding=UTF-8 -Duser.country=VN -Duser.language=vi -Duser.variant org.gradle.launcher.daemon.bootstrap.GradleDaemon 8.0

Host: 11th Gen Intel(R) Core(TM) i7-1195G7 @ 2.90GHz, 8 cores, 7G,  Windows 11 , 64 bit Build 22621 (10.0.22621.2215)
Time: Mon Sep 25 17:16:54 2023 SE Asia Standard Time elapsed time: 9.869641 seconds (0d 0h 0m 9s)

---------------  T H R E A D  ---------------

Current thread (0x0000025dafc39d00):  JavaThread "C2 CompilerThread0" daemon [_thread_in_native, id=19808, stack(0x000000acb8c00000,0x000000acb8d00000)]


Current CompileTask:
C2:   9869 6584       4       sun.reflect.generics.parser.SignatureParser::parsePackageNameAndSimpleClassTypeSignature (119 bytes)

Stack: [0x000000acb8c00000,0x000000acb8d00000]
Native frames: (J=compiled Java code, j=interpreted, Vv=VM code, C=native code)
V  [jvm.dll+0x683b4a]
V  [jvm.dll+0x842654]
V  [jvm.dll+0x843dfe]
V  [jvm.dll+0x844463]
V  [jvm.dll+0x249b75]
V  [jvm.dll+0xabcac]
V  [jvm.dll+0xac27c]
V  [jvm.dll+0x2b0eef]
V  [jvm.dll+0x58a207]
V  [jvm.dll+0x2243b2]
V  [jvm.dll+0x22478f]
V  [jvm.dll+0x21e055]
V  [jvm.dll+0x21b51b]
V  [jvm.dll+0x1a4fdd]
V  [jvm.dll+0x22b098]
V  [jvm.dll+0x229159]
V  [jvm.dll+0x7f809c]
V  [jvm.dll+0x7f25fa]
V  [jvm.dll+0x682985]
C  [ucrtbase.dll+0x29363]
C  [KERNEL32.DLL+0x1257d]
C  [ntdll.dll+0x5aa68]


---------------  P R O C E S S  ---------------

Threads class SMR info:
_java_thread_list=0x0000025db6996790, length=126, elements={
0x0000025d95498450, 0x0000025dafc012d0, 0x0000025dafc02620, 0x0000025dafc326a0,
0x0000025dafc33250, 0x0000025dafc33e00, 0x0000025dafc387d0, 0x0000025dafc39d00,
0x0000025dafc598e0, 0x0000025dafc6c110, 0x0000025dafdab4d0, 0x0000025dafdb19c0,
0x0000025db0772560, 0x0000025db0995930, 0x0000025db24bf5d0, 0x0000025db30ed5c0,
0x0000025db29dc590, 0x0000025db24f4830, 0x0000025db162ae50, 0x0000025db156a350,
0x0000025db156b690, 0x0000025db156a820, 0x0000025db1568670, 0x0000025db15694e0,
0x0000025db1568b40, 0x0000025db1569010, 0x0000025db15699b0, 0x0000025db156bb60,
0x0000025db1569e80, 0x0000025db156acf0, 0x0000025db156b1c0, 0x0000025db15681a0,
0x0000025db338cb10, 0x0000025db3389fc0, 0x0000025db3387e10, 0x0000025db338e320,
0x0000025db3389150, 0x0000025db338c640, 0x0000025db3389620, 0x0000025db3387470,
0x0000025db338e7f0, 0x0000025db3386fa0, 0x0000025db338cfe0, 0x0000025db3387940,
0x0000025db3389af0, 0x0000025db338d4b0, 0x0000025db33882e0, 0x0000025db338a490,
0x0000025db33887b0, 0x0000025db3388c80, 0x0000025db338a960, 0x0000025db338b300,
0x0000025db338b7d0, 0x0000025db338bca0, 0x0000025db5fecf10, 0x0000025db5fec570,
0x0000025db5fea890, 0x0000025db5fe9080, 0x0000025db5fead60, 0x0000025db5fe6060,
0x0000025db5fe7870, 0x0000025db5fe7d40, 0x0000025db5fe8bb0, 0x0000025db5feca40,
0x0000025db5fed3e0, 0x0000025db5fe6530, 0x0000025db5fe9550, 0x0000025db5fed8b0,
0x0000025db5feb230, 0x0000025db5febbd0, 0x0000025db5fec0a0, 0x0000025db5fe6a00,
0x0000025db5fe6ed0, 0x0000025db5fe8210, 0x0000025db5feb700, 0x0000025db5fea3c0,
0x0000025db5fe73a0, 0x0000025db5fe86e0, 0x0000025db5fe9a20, 0x0000025db5fe9ef0,
0x0000025db0b25640, 0x0000025db0b22150, 0x0000025db0b23e30, 0x0000025db0b20e10,
0x0000025db0b23490, 0x0000025db0b26e50, 0x0000025db0b24300, 0x0000025db0b217b0,
0x0000025db0b26980, 0x0000025db0b22620, 0x0000025db0b24ca0, 0x0000025db0b27320,
0x0000025db0b21c80, 0x0000025db0b20940, 0x0000025db0b22af0, 0x0000025db0b212e0,
0x0000025db0b247d0, 0x0000025db0b22fc0, 0x0000025db0b23960, 0x0000025db0b25170,
0x0000025db0b25b10, 0x0000025db0b25fe0, 0x0000025db0b264b0, 0x0000025db0b1fad0,
0x0000025db0b1ffa0, 0x0000025db0b20470, 0x0000025db4bee570, 0x0000025db4becd60,
0x0000025db4bec3c0, 0x0000025db4beea40, 0x0000025db4beb080, 0x0000025db4bec890,
0x0000025db4bed230, 0x0000025db4beba20, 0x0000025db4bed700, 0x0000025db4bebef0,
0x0000025db4beb550, 0x0000025db4bedbd0, 0x0000025db4bee0a0, 0x0000025db635f440,
0x0000025db6361ac0, 0x0000025db6362930, 0x0000025db635fde0, 0x0000025db6361120,
0x0000025db2726410, 0x0000025db6360c50
}

Java Threads: ( => current thread )
  0x0000025d95498450 JavaThread "main" [_thread_blocked, id=15348, stack(0x000000acb7f00000,0x000000acb8000000)]
  0x0000025dafc012d0 JavaThread "Reference Handler" daemon [_thread_blocked, id=5944, stack(0x000000acb8600000,0x000000acb8700000)]
  0x0000025dafc02620 JavaThread "Finalizer" daemon [_thread_blocked, id=17928, stack(0x000000acb8700000,0x000000acb8800000)]
  0x0000025dafc326a0 JavaThread "Signal Dispatcher" daemon [_thread_blocked, id=18220, stack(0x000000acb8800000,0x000000acb8900000)]
  0x0000025dafc33250 JavaThread "Attach Listener" daemon [_thread_blocked, id=11736, stack(0x000000acb8900000,0x000000acb8a00000)]
  0x0000025dafc33e00 JavaThread "Service Thread" daemon [_thread_blocked, id=16556, stack(0x000000acb8a00000,0x000000acb8b00000)]
  0x0000025dafc387d0 JavaThread "Monitor Deflation Thread" daemon [_thread_blocked, id=9692, stack(0x000000acb8b00000,0x000000acb8c00000)]
=>0x0000025dafc39d00 JavaThread "C2 CompilerThread0" daemon [_thread_in_native, id=19808, stack(0x000000acb8c00000,0x000000acb8d00000)]
  0x0000025dafc598e0 JavaThread "C1 CompilerThread0" daemon [_thread_in_vm, id=17496, stack(0x000000acb8d00000,0x000000acb8e00000)]
  0x0000025dafc6c110 JavaThread "Sweeper thread" daemon [_thread_blocked, id=18680, stack(0x000000acb8e00000,0x000000acb8f00000)]
  0x0000025dafdab4d0 JavaThread "Common-Cleaner" daemon [_thread_blocked, id=20140, stack(0x000000acb8f00000,0x000000acb9000000)]
  0x0000025dafdb19c0 JavaThread "Notification Thread" daemon [_thread_blocked, id=68, stack(0x000000acb9000000,0x000000acb9100000)]
  0x0000025db0772560 JavaThread "Daemon health stats" [_thread_blocked, id=4992, stack(0x000000acb9700000,0x000000acb9800000)]
  0x0000025db0995930 JavaThread "Incoming local TCP Connector on port 58491" [_thread_in_native, id=14556, stack(0x000000acb9600000,0x000000acb9700000)]
  0x0000025db24bf5d0 JavaThread "Daemon periodic checks" [_thread_blocked, id=16804, stack(0x000000acb9800000,0x000000acb9900000)]
  0x0000025db30ed5c0 JavaThread "Daemon" [_thread_blocked, id=1864, stack(0x000000acb9900000,0x000000acb9a00000)]
  0x0000025db29dc590 JavaThread "Handler for socket connection from /127.0.0.1:58491 to /127.0.0.1:58492" [_thread_in_native, id=18668, stack(0x000000acb9a00000,0x000000acb9b00000)]
  0x0000025db24f4830 JavaThread "Cancel handler" [_thread_blocked, id=19064, stack(0x000000acb9b00000,0x000000acb9c00000)]
  0x0000025db162ae50 JavaThread "Daemon worker" [_thread_in_Java, id=14956, stack(0x000000acb9c00000,0x000000acb9d00000)]
  0x0000025db156a350 JavaThread "Asynchronous log dispatcher for DefaultDaemonConnection: socket connection from /127.0.0.1:58491 to /127.0.0.1:58492" [_thread_blocked, id=12680, stack(0x000000acb9d00000,0x000000acb9e00000)]
  0x0000025db156b690 JavaThread "Stdin handler" [_thread_blocked, id=13280, stack(0x000000acb9e00000,0x000000acb9f00000)]
  0x0000025db156a820 JavaThread "Daemon client event forwarder" [_thread_blocked, id=14052, stack(0x000000acb9f00000,0x000000acba000000)]
  0x0000025db1568670 JavaThread "Cache worker for journal cache (C:\Users\thanh\.gradle\caches\journal-1)" [_thread_blocked, id=6640, stack(0x000000acba500000,0x000000acba600000)]
  0x0000025db15694e0 JavaThread "File lock request listener" [_thread_in_native, id=11832, stack(0x000000acba600000,0x000000acba700000)]
  0x0000025db1568b40 JavaThread "Cache worker for file hash cache (C:\Users\thanh\.gradle\caches\8.0\fileHashes)" [_thread_blocked, id=8396, stack(0x000000acba700000,0x000000acba800000)]
  0x0000025db1569010 JavaThread "File watcher server" daemon [_thread_in_native, id=14668, stack(0x000000acba800000,0x000000acba900000)]
  0x0000025db15699b0 JavaThread "File watcher consumer" daemon [_thread_blocked, id=316, stack(0x000000acba900000,0x000000acbaa00000)]
  0x0000025db156bb60 JavaThread "Cache worker for checksums cache (C:\Users\thanh\AndroidStudioProjects\SharedPreferences\.gradle\8.0\checksums)" [_thread_blocked, id=9892, stack(0x000000acbaa00000,0x000000acbab00000)]
  0x0000025db1569e80 JavaThread "Cache worker for cache directory md-rule (C:\Users\thanh\.gradle\caches\8.0\md-rule)" [_thread_blocked, id=16300, stack(0x000000acbab00000,0x000000acbac00000)]
  0x0000025db156acf0 JavaThread "Cache worker for file content cache (C:\Users\thanh\.gradle\caches\8.0\fileContent)" [_thread_blocked, id=9304, stack(0x000000acbac00000,0x000000acbad00000)]
  0x0000025db156b1c0 JavaThread "Cache worker for file hash cache (C:\Users\thanh\AndroidStudioProjects\SharedPreferences\.gradle\8.0\fileHashes)" [_thread_blocked, id=9716, stack(0x000000acbad00000,0x000000acbae00000)]
  0x0000025db15681a0 JavaThread "Cache worker for cache directory md-supplier (C:\Users\thanh\.gradle\caches\8.0\md-supplier)" [_thread_blocked, id=13660, stack(0x000000acbae00000,0x000000acbaf00000)]
  0x0000025db338cb10 JavaThread "Cache worker for execution history cache (C:\Users\thanh\.gradle\caches\8.0\executionHistory)" [_thread_blocked, id=13412, stack(0x000000acbaf00000,0x000000acbb000000)]
  0x0000025db3389fc0 JavaThread "jar transforms" [_thread_blocked, id=19164, stack(0x000000acbb000000,0x000000acbb100000)]
  0x0000025db3387e10 JavaThread "jar transforms Thread 2" [_thread_blocked, id=7388, stack(0x000000acbb100000,0x000000acbb200000)]
  0x0000025db338e320 JavaThread "jar transforms Thread 3" [_thread_blocked, id=6348, stack(0x000000acbb300000,0x000000acbb400000)]
  0x0000025db3389150 JavaThread "jar transforms Thread 4" [_thread_blocked, id=16980, stack(0x000000acbb400000,0x000000acbb500000)]
  0x0000025db338c640 JavaThread "Cache worker for dependencies-accessors (C:\Users\thanh\AndroidStudioProjects\SharedPreferences\.gradle\8.0\dependencies-accessors)" [_thread_blocked, id=10760, stack(0x000000acbb500000,0x000000acbb600000)]
  0x0000025db3389620 JavaThread "jar transforms Thread 5" [_thread_blocked, id=13392, stack(0x000000acbb600000,0x000000acbb700000)]
  0x0000025db3387470 JavaThread "Cache worker for Build Output Cleanup Cache (C:\Users\thanh\AndroidStudioProjects\SharedPreferences\.gradle\buildOutputCleanup)" [_thread_blocked, id=2692, stack(0x000000acbb700000,0x000000acbb800000)]
  0x0000025db338e7f0 JavaThread "Unconstrained build operations" [_thread_blocked, id=4780, stack(0x000000acbb800000,0x000000acbb900000)]
  0x0000025db3386fa0 JavaThread "Unconstrained build operations Thread 2" [_thread_blocked, id=3396, stack(0x000000acbb900000,0x000000acbba00000)]
  0x0000025db338cfe0 JavaThread "Unconstrained build operations Thread 3" [_thread_blocked, id=11868, stack(0x000000acbba00000,0x000000acbbb00000)]
  0x0000025db3387940 JavaThread "Unconstrained build operations Thread 4" [_thread_blocked, id=7020, stack(0x000000acbbb00000,0x000000acbbc00000)]
  0x0000025db3389af0 JavaThread "Unconstrained build operations Thread 5" [_thread_blocked, id=18060, stack(0x000000acbbc00000,0x000000acbbd00000)]
  0x0000025db338d4b0 JavaThread "Unconstrained build operations Thread 6" [_thread_blocked, id=9568, stack(0x000000acbbd00000,0x000000acbbe00000)]
  0x0000025db33882e0 JavaThread "Unconstrained build operations Thread 7" [_thread_blocked, id=2724, stack(0x000000acbbe00000,0x000000acbbf00000)]
  0x0000025db338a490 JavaThread "Unconstrained build operations Thread 8" [_thread_blocked, id=16664, stack(0x000000acbbf00000,0x000000acbc000000)]
  0x0000025db33887b0 JavaThread "Unconstrained build operations Thread 9" [_thread_blocked, id=9720, stack(0x000000acbc000000,0x000000acbc100000)]
  0x0000025db3388c80 JavaThread "Unconstrained build operations Thread 10" [_thread_blocked, id=11752, stack(0x000000acbc100000,0x000000acbc200000)]
  0x0000025db338a960 JavaThread "Unconstrained build operations Thread 11" [_thread_blocked, id=12840, stack(0x000000acbc200000,0x000000acbc300000)]
  0x0000025db338b300 JavaThread "Unconstrained build operations Thread 12" [_thread_blocked, id=16772, stack(0x000000acbc300000,0x000000acbc400000)]
  0x0000025db338b7d0 JavaThread "Unconstrained build operations Thread 13" [_thread_blocked, id=14568, stack(0x000000acbc400000,0x000000acbc500000)]
  0x0000025db338bca0 JavaThread "Unconstrained build operations Thread 14" [_thread_blocked, id=17264, stack(0x000000acbc500000,0x000000acbc600000)]
  0x0000025db5fecf10 JavaThread "Unconstrained build operations Thread 15" [_thread_blocked, id=11784, stack(0x000000acbc600000,0x000000acbc700000)]
  0x0000025db5fec570 JavaThread "Unconstrained build operations Thread 16" [_thread_blocked, id=18144, stack(0x000000acbc700000,0x000000acbc800000)]
  0x0000025db5fea890 JavaThread "Unconstrained build operations Thread 17" [_thread_blocked, id=15640, stack(0x000000acbc800000,0x000000acbc900000)]
  0x0000025db5fe9080 JavaThread "Unconstrained build operations Thread 18" [_thread_blocked, id=2904, stack(0x000000acbc900000,0x000000acbca00000)]
  0x0000025db5fead60 JavaThread "Unconstrained build operations Thread 19" [_thread_blocked, id=3156, stack(0x000000acbca00000,0x000000acbcb00000)]
  0x0000025db5fe6060 JavaThread "Unconstrained build operations Thread 20" [_thread_blocked, id=9600, stack(0x000000acbcb00000,0x000000acbcc00000)]
  0x0000025db5fe7870 JavaThread "Unconstrained build operations Thread 21" [_thread_blocked, id=16076, stack(0x000000acbcc00000,0x000000acbcd00000)]
  0x0000025db5fe7d40 JavaThread "Unconstrained build operations Thread 22" [_thread_blocked, id=8404, stack(0x000000acbcd00000,0x000000acbce00000)]
  0x0000025db5fe8bb0 JavaThread "Unconstrained build operations Thread 23" [_thread_blocked, id=1676, stack(0x000000acbce00000,0x000000acbcf00000)]
  0x0000025db5feca40 JavaThread "Unconstrained build operations Thread 24" [_thread_blocked, id=18636, stack(0x000000acbcf00000,0x000000acbd000000)]
  0x0000025db5fed3e0 JavaThread "Unconstrained build operations Thread 25" [_thread_blocked, id=13404, stack(0x000000acbd000000,0x000000acbd100000)]
  0x0000025db5fe6530 JavaThread "Unconstrained build operations Thread 26" [_thread_blocked, id=13900, stack(0x000000acbd100000,0x000000acbd200000)]
  0x0000025db5fe9550 JavaThread "Unconstrained build operations Thread 27" [_thread_blocked, id=15192, stack(0x000000acbd200000,0x000000acbd300000)]
  0x0000025db5fed8b0 JavaThread "Unconstrained build operations Thread 28" [_thread_blocked, id=6260, stack(0x000000acbd300000,0x000000acbd400000)]
  0x0000025db5feb230 JavaThread "Unconstrained build operations Thread 29" [_thread_blocked, id=19240, stack(0x000000acbd400000,0x000000acbd500000)]
  0x0000025db5febbd0 JavaThread "Unconstrained build operations Thread 30" [_thread_blocked, id=2460, stack(0x000000acbd500000,0x000000acbd600000)]
  0x0000025db5fec0a0 JavaThread "Unconstrained build operations Thread 31" [_thread_blocked, id=1788, stack(0x000000acbd600000,0x000000acbd700000)]
  0x0000025db5fe6a00 JavaThread "Unconstrained build operations Thread 32" [_thread_blocked, id=15808, stack(0x000000acbd700000,0x000000acbd800000)]
  0x0000025db5fe6ed0 JavaThread "Unconstrained build operations Thread 33" [_thread_blocked, id=6688, stack(0x000000acbd800000,0x000000acbd900000)]
  0x0000025db5fe8210 JavaThread "Unconstrained build operations Thread 34" [_thread_blocked, id=16220, stack(0x000000acbd900000,0x000000acbda00000)]
  0x0000025db5feb700 JavaThread "Unconstrained build operations Thread 35" [_thread_blocked, id=8512, stack(0x000000acbda00000,0x000000acbdb00000)]
  0x0000025db5fea3c0 JavaThread "Unconstrained build operations Thread 36" [_thread_blocked, id=17900, stack(0x000000acbdb00000,0x000000acbdc00000)]
  0x0000025db5fe73a0 JavaThread "Unconstrained build operations Thread 37" [_thread_blocked, id=20148, stack(0x000000acbdc00000,0x000000acbdd00000)]
  0x0000025db5fe86e0 JavaThread "Unconstrained build operations Thread 38" [_thread_blocked, id=2052, stack(0x000000acbdd00000,0x000000acbde00000)]
  0x0000025db5fe9a20 JavaThread "Unconstrained build operations Thread 39" [_thread_blocked, id=9560, stack(0x000000acbde00000,0x000000acbdf00000)]
  0x0000025db5fe9ef0 JavaThread "Unconstrained build operations Thread 40" [_thread_blocked, id=10748, stack(0x000000acbdf00000,0x000000acbe000000)]
  0x0000025db0b25640 JavaThread "Unconstrained build operations Thread 41" [_thread_blocked, id=12900, stack(0x000000acbe000000,0x000000acbe100000)]
  0x0000025db0b22150 JavaThread "Unconstrained build operations Thread 42" [_thread_blocked, id=19124, stack(0x000000acbe100000,0x000000acbe200000)]
  0x0000025db0b23e30 JavaThread "Unconstrained build operations Thread 43" [_thread_blocked, id=7544, stack(0x000000acbe200000,0x000000acbe300000)]
  0x0000025db0b20e10 JavaThread "Unconstrained build operations Thread 44" [_thread_blocked, id=14348, stack(0x000000acbe300000,0x000000acbe400000)]
  0x0000025db0b23490 JavaThread "Unconstrained build operations Thread 45" [_thread_blocked, id=7856, stack(0x000000acbe400000,0x000000acbe500000)]
  0x0000025db0b26e50 JavaThread "Unconstrained build operations Thread 46" [_thread_blocked, id=11560, stack(0x000000acbe500000,0x000000acbe600000)]
  0x0000025db0b24300 JavaThread "Unconstrained build operations Thread 47" [_thread_blocked, id=18712, stack(0x000000acbe600000,0x000000acbe700000)]
  0x0000025db0b217b0 JavaThread "Unconstrained build operations Thread 48" [_thread_blocked, id=1048, stack(0x000000acbe700000,0x000000acbe800000)]
  0x0000025db0b26980 JavaThread "Unconstrained build operations Thread 49" [_thread_blocked, id=9596, stack(0x000000acbe800000,0x000000acbe900000)]
  0x0000025db0b22620 JavaThread "Unconstrained build operations Thread 50" [_thread_blocked, id=6216, stack(0x000000acbe900000,0x000000acbea00000)]
  0x0000025db0b24ca0 JavaThread "Unconstrained build operations Thread 51" [_thread_blocked, id=5132, stack(0x000000acbea00000,0x000000acbeb00000)]
  0x0000025db0b27320 JavaThread "Unconstrained build operations Thread 52" [_thread_blocked, id=6912, stack(0x000000acbeb00000,0x000000acbec00000)]
  0x0000025db0b21c80 JavaThread "Unconstrained build operations Thread 53" [_thread_blocked, id=8672, stack(0x000000acbec00000,0x000000acbed00000)]
  0x0000025db0b20940 JavaThread "Unconstrained build operations Thread 54" [_thread_blocked, id=13472, stack(0x000000acbed00000,0x000000acbee00000)]
  0x0000025db0b22af0 JavaThread "Unconstrained build operations Thread 55" [_thread_blocked, id=15540, stack(0x000000acbee00000,0x000000acbef00000)]
  0x0000025db0b212e0 JavaThread "Unconstrained build operations Thread 56" [_thread_blocked, id=10632, stack(0x000000acbef00000,0x000000acbf000000)]
  0x0000025db0b247d0 JavaThread "Unconstrained build operations Thread 57" [_thread_blocked, id=14864, stack(0x000000acbf000000,0x000000acbf100000)]
  0x0000025db0b22fc0 JavaThread "Unconstrained build operations Thread 58" [_thread_blocked, id=5700, stack(0x000000acbf100000,0x000000acbf200000)]
  0x0000025db0b23960 JavaThread "Unconstrained build operations Thread 59" [_thread_blocked, id=13060, stack(0x000000acbf200000,0x000000acbf300000)]
  0x0000025db0b25170 JavaThread "Unconstrained build operations Thread 60" [_thread_blocked, id=3624, stack(0x000000acbf300000,0x000000acbf400000)]
  0x0000025db0b25b10 JavaThread "Unconstrained build operations Thread 61" [_thread_blocked, id=8108, stack(0x000000acbf400000,0x000000acbf500000)]
  0x0000025db0b25fe0 JavaThread "Unconstrained build operations Thread 62" [_thread_blocked, id=17332, stack(0x000000acbf500000,0x000000acbf600000)]
  0x0000025db0b264b0 JavaThread "Unconstrained build operations Thread 63" [_thread_blocked, id=18912, stack(0x000000acbf600000,0x000000acbf700000)]
  0x0000025db0b1fad0 JavaThread "Unconstrained build operations Thread 64" [_thread_blocked, id=18864, stack(0x000000acbf700000,0x000000acbf800000)]
  0x0000025db0b1ffa0 JavaThread "Unconstrained build operations Thread 65" [_thread_blocked, id=16680, stack(0x000000acbf800000,0x000000acbf900000)]
  0x0000025db0b20470 JavaThread "Unconstrained build operations Thread 66" [_thread_blocked, id=9196, stack(0x000000acbf900000,0x000000acbfa00000)]
  0x0000025db4bee570 JavaThread "Unconstrained build operations Thread 67" [_thread_blocked, id=2068, stack(0x000000acbfa00000,0x000000acbfb00000)]
  0x0000025db4becd60 JavaThread "Unconstrained build operations Thread 68" [_thread_blocked, id=14748, stack(0x000000acbfb00000,0x000000acbfc00000)]
  0x0000025db4bec3c0 JavaThread "Unconstrained build operations Thread 69" [_thread_blocked, id=19564, stack(0x000000acbfc00000,0x000000acbfd00000)]
  0x0000025db4beea40 JavaThread "Unconstrained build operations Thread 70" [_thread_blocked, id=17476, stack(0x000000acbfd00000,0x000000acbfe00000)]
  0x0000025db4beb080 JavaThread "Unconstrained build operations Thread 71" [_thread_blocked, id=19016, stack(0x000000acbfe00000,0x000000acbff00000)]
  0x0000025db4bec890 JavaThread "Unconstrained build operations Thread 72" [_thread_blocked, id=18788, stack(0x000000acbff00000,0x000000acc0000000)]
  0x0000025db4bed230 JavaThread "Unconstrained build operations Thread 73" [_thread_blocked, id=8188, stack(0x000000acc0000000,0x000000acc0100000)]
  0x0000025db4beba20 JavaThread "Unconstrained build operations Thread 74" [_thread_blocked, id=9268, stack(0x000000acc0100000,0x000000acc0200000)]
  0x0000025db4bed700 JavaThread "Unconstrained build operations Thread 75" [_thread_blocked, id=17104, stack(0x000000acc0200000,0x000000acc0300000)]
  0x0000025db4bebef0 JavaThread "Unconstrained build operations Thread 76" [_thread_blocked, id=11692, stack(0x000000acc0300000,0x000000acc0400000)]
  0x0000025db4beb550 JavaThread "Unconstrained build operations Thread 77" [_thread_blocked, id=17172, stack(0x000000acc0400000,0x000000acc0500000)]
  0x0000025db4bedbd0 JavaThread "Unconstrained build operations Thread 78" [_thread_blocked, id=3424, stack(0x000000acc0500000,0x000000acc0600000)]
  0x0000025db4bee0a0 JavaThread "Unconstrained build operations Thread 79" [_thread_blocked, id=17636, stack(0x000000acc0600000,0x000000acc0700000)]
  0x0000025db635f440 JavaThread "Unconstrained build operations Thread 80" [_thread_blocked, id=16136, stack(0x000000acc0700000,0x000000acc0800000)]
  0x0000025db6361ac0 JavaThread "jar transforms Thread 6" [_thread_blocked, id=4400, stack(0x000000acc0800000,0x000000acc0900000)]
  0x0000025db6362930 JavaThread "jar transforms Thread 7" [_thread_blocked, id=9272, stack(0x000000acc0900000,0x000000acc0a00000)]
  0x0000025db635fde0 JavaThread "jar transforms Thread 8" [_thread_blocked, id=1972, stack(0x000000acc0a00000,0x000000acc0b00000)]
  0x0000025db6361120 JavaThread "build event listener" [_thread_blocked, id=5492, stack(0x000000acc0b00000,0x000000acc0c00000)]
  0x0000025db2726410 JavaThread "C2 CompilerThread1" daemon [_thread_in_native, id=112, stack(0x000000acba000000,0x000000acba100000)]
  0x0000025db6360c50 JavaThread "Memory manager" [_thread_blocked, id=13800, stack(0x000000acc0c00000,0x000000acc0d00000)]

Other Threads:
  0x0000025daf291fd0 VMThread "VM Thread" [stack: 0x000000acb8500000,0x000000acb8600000] [id=3344]
  0x0000025dafce7b00 WatcherThread [stack: 0x000000acb9100000,0x000000acb9200000] [id=14272]
  0x0000025d954f5680 GCTaskThread "GC Thread#0" [stack: 0x000000acb8000000,0x000000acb8100000] [id=12036]
  0x0000025db0a22e80 GCTaskThread "GC Thread#1" [stack: 0x000000acb9300000,0x000000acb9400000] [id=18640]
  0x0000025db08fecd0 GCTaskThread "GC Thread#2" [stack: 0x000000acb9400000,0x000000acb9500000] [id=9468]
  0x0000025db0e01dd0 GCTaskThread "GC Thread#3" [stack: 0x000000acb9500000,0x000000acb9600000] [id=9668]
  0x0000025db125dd20 GCTaskThread "GC Thread#4" [stack: 0x000000acb9200000,0x000000acb9300000] [id=9676]
  0x0000025db2c4b020 GCTaskThread "GC Thread#5" [stack: 0x000000acba100000,0x000000acba200000] [id=14436]
  0x0000025db2c4b2d0 GCTaskThread "GC Thread#6" [stack: 0x000000acba200000,0x000000acba300000] [id=6800]
  0x0000025db2c4b580 GCTaskThread "GC Thread#7" [stack: 0x000000acba300000,0x000000acba400000] [id=8764]
  0x0000025d955065c0 ConcurrentGCThread "G1 Main Marker" [stack: 0x000000acb8100000,0x000000acb8200000] [id=9140]
  0x0000025d95506fd0 ConcurrentGCThread "G1 Conc#0" [stack: 0x000000acb8200000,0x000000acb8300000] [id=12332]
  0x0000025db29c4050 ConcurrentGCThread "G1 Conc#1" [stack: 0x000000acba400000,0x000000acba500000] [id=9816]
  0x0000025daf1424c0 ConcurrentGCThread "G1 Refine#0" [stack: 0x000000acb8300000,0x000000acb8400000] [id=12188]
  0x0000025db153ded0 ConcurrentGCThread "G1 Refine#1" [stack: 0x000000acbb200000,0x000000acbb300000] [id=13688]
  0x0000025daf142ee0 ConcurrentGCThread "G1 Service" [stack: 0x000000acb8400000,0x000000acb8500000] [id=11292]

Threads with active compile tasks:
C2 CompilerThread0     9900 6584       4       sun.reflect.generics.parser.SignatureParser::parsePackageNameAndSimpleClassTypeSignature (119 bytes)
C2 CompilerThread1     9900 6639       4       java.util.LinkedHashMap::get (29 bytes)

VM state: not at safepoint (normal execution)

VM Mutex/Monitor currently owned by a thread: None

Heap address: 0x0000000080000000, size: 2048 MB, Compressed Oops mode: 32-bit

CDS archive(s) not mapped
Compressed class space mapped at: 0x0000000100000000-0x0000000140000000, reserved size: 1073741824
Narrow klass base: 0x0000000000000000, Narrow klass shift: 3, Narrow klass range: 0x140000000

GC Precious Log:
 CPUs: 8 total, 8 available
 Memory: 7894M
 Large Page Support: Disabled
 NUMA Support: Disabled
 Compressed Oops: Enabled (32-bit)
 Heap Region Size: 1M
 Heap Min Capacity: 8M
 Heap Initial Capacity: 124M
 Heap Max Capacity: 2G
 Pre-touch: Disabled
 Parallel Workers: 8
 Concurrent Workers: 2
 Concurrent Refinement Workers: 8
 Periodic GC: Disabled

Heap:
 garbage-first heap   total 103424K, used 55582K [0x0000000080000000, 0x0000000100000000)
  region size 1024K, 5 young (5120K), 3 survivors (3072K)
 Metaspace       used 66536K, committed 67072K, reserved 1114112K
  class space    used 8767K, committed 9024K, reserved 1048576K

Heap Regions: E=young(eden), S=young(survivor), O=old, HS=humongous(starts), HC=humongous(continues), CS=collection set, F=free, OA=open archive, CA=closed archive, TAMS=top-at-mark-start (previous, next)
|   0|0x0000000080000000, 0x0000000080100000, 0x0000000080100000|100%|HS|  |TAMS 0x0000000080100000, 0x0000000080000000| Complete 
|   1|0x0000000080100000, 0x0000000080200000, 0x0000000080200000|100%|HC|  |TAMS 0x0000000080200000, 0x0000000080100000| Complete 
|   2|0x0000000080200000, 0x0000000080300000, 0x0000000080300000|100%|HC|  |TAMS 0x0000000080300000, 0x0000000080200000| Complete 
|   3|0x0000000080300000, 0x0000000080400000, 0x0000000080400000|100%|HC|  |TAMS 0x0000000080400000, 0x0000000080300000| Complete 
|   4|0x0000000080400000, 0x0000000080500000, 0x0000000080500000|100%| O|  |TAMS 0x0000000080500000, 0x0000000080400000| Untracked 
|   5|0x0000000080500000, 0x0000000080600000, 0x0000000080600000|100%| O|  |TAMS 0x0000000080600000, 0x0000000080500000| Untracked 
|   6|0x0000000080600000, 0x0000000080700000, 0x0000000080700000|100%| O|  |TAMS 0x0000000080700000, 0x0000000080600000| Untracked 
|   7|0x0000000080700000, 0x0000000080800000, 0x0000000080800000|100%| O|  |TAMS 0x0000000080800000, 0x0000000080700000| Untracked 
|   8|0x0000000080800000, 0x0000000080900000, 0x0000000080900000|100%| O|  |TAMS 0x0000000080900000, 0x0000000080800000| Untracked 
|   9|0x0000000080900000, 0x0000000080a00000, 0x0000000080a00000|100%| O|  |TAMS 0x0000000080a00000, 0x0000000080900000| Untracked 
|  10|0x0000000080a00000, 0x0000000080b00000, 0x0000000080b00000|100%| O|  |TAMS 0x0000000080b00000, 0x0000000080a00000| Untracked 
|  11|0x0000000080b00000, 0x0000000080c00000, 0x0000000080c00000|100%| O|  |TAMS 0x0000000080b00000, 0x0000000080b00000| Untracked 
|  12|0x0000000080c00000, 0x0000000080d00000, 0x0000000080d00000|100%| O|  |TAMS 0x0000000080d00000, 0x0000000080c00000| Untracked 
|  13|0x0000000080d00000, 0x0000000080e00000, 0x0000000080e00000|100%| O|  |TAMS 0x0000000080e00000, 0x0000000080d00000| Untracked 
|  14|0x0000000080e00000, 0x0000000080f00000, 0x0000000080f00000|100%| O|  |TAMS 0x0000000080f00000, 0x0000000080e00000| Untracked 
|  15|0x0000000080f00000, 0x0000000081000000, 0x0000000081000000|100%| O|  |TAMS 0x0000000081000000, 0x0000000080f00000| Untracked 
|  16|0x0000000081000000, 0x0000000081100000, 0x0000000081100000|100%| O|  |TAMS 0x0000000081100000, 0x0000000081000000| Untracked 
|  17|0x0000000081100000, 0x0000000081200000, 0x0000000081200000|100%| O|  |TAMS 0x0000000081200000, 0x0000000081100000| Untracked 
|  18|0x0000000081200000, 0x0000000081300000, 0x0000000081300000|100%| O|  |TAMS 0x0000000081300000, 0x0000000081200000| Untracked 
|  19|0x0000000081300000, 0x0000000081400000, 0x0000000081400000|100%| O|  |TAMS 0x0000000081400000, 0x0000000081300000| Untracked 
|  20|0x0000000081400000, 0x0000000081500000, 0x0000000081500000|100%| O|  |TAMS 0x0000000081500000, 0x0000000081400000| Untracked 
|  21|0x0000000081500000, 0x0000000081600000, 0x0000000081600000|100%| O|  |TAMS 0x0000000081600000, 0x0000000081500000| Untracked 
|  22|0x0000000081600000, 0x0000000081700000, 0x0000000081700000|100%| O|  |TAMS 0x0000000081700000, 0x0000000081600000| Untracked 
|  23|0x0000000081700000, 0x0000000081730c00, 0x0000000081800000| 19%| O|  |TAMS 0x0000000081700000, 0x0000000081700000| Untracked 
|  24|0x0000000081800000, 0x0000000081900000, 0x0000000081900000|100%| O|  |TAMS 0x0000000081900000, 0x0000000081800000| Untracked 
|  25|0x0000000081900000, 0x0000000081a00000, 0x0000000081a00000|100%| O|  |TAMS 0x0000000081a00000, 0x0000000081900000| Untracked 
|  26|0x0000000081a00000, 0x0000000081b00000, 0x0000000081b00000|100%| O|  |TAMS 0x0000000081b00000, 0x0000000081a00000| Untracked 
|  27|0x0000000081b00000, 0x0000000081c00000, 0x0000000081c00000|100%| O|  |TAMS 0x0000000081c00000, 0x0000000081b00000| Untracked 
|  28|0x0000000081c00000, 0x0000000081d00000, 0x0000000081d00000|100%| O|  |TAMS 0x0000000081d00000, 0x0000000081c00000| Untracked 
|  29|0x0000000081d00000, 0x0000000081e00000, 0x0000000081e00000|100%| O|  |TAMS 0x0000000081e00000, 0x0000000081d00000| Untracked 
|  30|0x0000000081e00000, 0x0000000081f00000, 0x0000000081f00000|100%| O|  |TAMS 0x0000000081f00000, 0x0000000081e00000| Untracked 
|  31|0x0000000081f00000, 0x0000000082000000, 0x0000000082000000|100%| O|  |TAMS 0x0000000082000000, 0x0000000081f00000| Untracked 
|  32|0x0000000082000000, 0x0000000082100000, 0x0000000082100000|100%| O|  |TAMS 0x0000000082100000, 0x0000000082000000| Untracked 
|  33|0x0000000082100000, 0x0000000082200000, 0x0000000082200000|100%| O|  |TAMS 0x0000000082200000, 0x0000000082100000| Untracked 
|  34|0x0000000082200000, 0x0000000082300000, 0x0000000082300000|100%| O|  |TAMS 0x0000000082300000, 0x0000000082200000| Untracked 
|  35|0x0000000082300000, 0x0000000082400000, 0x0000000082400000|100%| O|  |TAMS 0x0000000082400000, 0x0000000082300000| Untracked 
|  36|0x0000000082400000, 0x0000000082500000, 0x0000000082500000|100%| O|  |TAMS 0x0000000082500000, 0x0000000082400000| Untracked 
|  37|0x0000000082500000, 0x0000000082600000, 0x0000000082600000|100%|HS|  |TAMS 0x0000000082600000, 0x0000000082500000| Complete 
|  38|0x0000000082600000, 0x0000000082700000, 0x0000000082700000|100%|HS|  |TAMS 0x0000000082700000, 0x0000000082600000| Complete 
|  39|0x0000000082700000, 0x0000000082800000, 0x0000000082800000|100%| O|  |TAMS 0x0000000082800000, 0x0000000082700000| Untracked 
|  40|0x0000000082800000, 0x0000000082900000, 0x0000000082900000|100%| O|  |TAMS 0x0000000082900000, 0x0000000082800000| Untracked 
|  41|0x0000000082900000, 0x0000000082a00000, 0x0000000082a00000|100%| O|  |TAMS 0x0000000082a00000, 0x0000000082900000| Untracked 
|  42|0x0000000082a00000, 0x0000000082b00000, 0x0000000082b00000|100%| O|  |TAMS 0x0000000082b00000, 0x0000000082a00000| Untracked 
|  43|0x0000000082b00000, 0x0000000082c00000, 0x0000000082c00000|100%| O|  |TAMS 0x0000000082c00000, 0x0000000082b00000| Untracked 
|  44|0x0000000082c00000, 0x0000000082d00000, 0x0000000082d00000|100%| O|  |TAMS 0x0000000082d00000, 0x0000000082c00000| Untracked 
|  45|0x0000000082d00000, 0x0000000082e00000, 0x0000000082e00000|100%| O|  |TAMS 0x0000000082e00000, 0x0000000082d00000| Untracked 
|  46|0x0000000082e00000, 0x0000000082f00000, 0x0000000082f00000|100%| O|  |TAMS 0x0000000082f00000, 0x0000000082e00000| Complete 
|  47|0x0000000082f00000, 0x0000000082f00000, 0x0000000083000000|  0%| F|  |TAMS 0x0000000082f00000, 0x0000000082f00000| Untracked 
|  48|0x0000000083000000, 0x0000000083000000, 0x0000000083100000|  0%| F|  |TAMS 0x0000000083000000, 0x0000000083000000| Untracked 
|  49|0x0000000083100000, 0x0000000083100000, 0x0000000083200000|  0%| F|  |TAMS 0x0000000083100000, 0x0000000083100000| Untracked 
|  50|0x0000000083200000, 0x0000000083300000, 0x0000000083300000|100%| O|  |TAMS 0x0000000083300000, 0x0000000083200000| Untracked 
|  51|0x0000000083300000, 0x0000000083400000, 0x0000000083400000|100%| O|  |TAMS 0x0000000083400000, 0x0000000083300000| Untracked 
|  52|0x0000000083400000, 0x0000000083400000, 0x0000000083500000|  0%| F|  |TAMS 0x0000000083400000, 0x0000000083400000| Untracked 
|  53|0x0000000083500000, 0x0000000083600000, 0x0000000083600000|100%| O|  |TAMS 0x0000000083600000, 0x0000000083500000| Untracked 
|  54|0x0000000083600000, 0x0000000083700000, 0x0000000083700000|100%| O|  |TAMS 0x0000000083700000, 0x0000000083600000| Untracked 
|  55|0x0000000083700000, 0x0000000083800000, 0x0000000083800000|100%| O|  |TAMS 0x000000008376b600, 0x0000000083700000| Untracked 
|  56|0x0000000083800000, 0x0000000083800000, 0x0000000083900000|  0%| F|  |TAMS 0x0000000083800000, 0x0000000083800000| Untracked 
|  57|0x0000000083900000, 0x0000000083900000, 0x0000000083a00000|  0%| F|  |TAMS 0x0000000083900000, 0x0000000083900000| Untracked 
|  58|0x0000000083a00000, 0x0000000083a00000, 0x0000000083b00000|  0%| F|  |TAMS 0x0000000083a00000, 0x0000000083a00000| Untracked 
|  59|0x0000000083b00000, 0x0000000083b00000, 0x0000000083c00000|  0%| F|  |TAMS 0x0000000083b00000, 0x0000000083b00000| Untracked 
|  60|0x0000000083c00000, 0x0000000083c00000, 0x0000000083d00000|  0%| F|  |TAMS 0x0000000083c00000, 0x0000000083c00000| Untracked 
|  61|0x0000000083d00000, 0x0000000083d00000, 0x0000000083e00000|  0%| F|  |TAMS 0x0000000083d00000, 0x0000000083d00000| Untracked 
|  62|0x0000000083e00000, 0x0000000083e00000, 0x0000000083f00000|  0%| F|  |TAMS 0x0000000083e00000, 0x0000000083e00000| Untracked 
|  63|0x0000000083f00000, 0x0000000083f00000, 0x0000000084000000|  0%| F|  |TAMS 0x0000000083f00000, 0x0000000083f00000| Untracked 
|  64|0x0000000084000000, 0x0000000084000000, 0x0000000084100000|  0%| F|  |TAMS 0x0000000084000000, 0x0000000084000000| Untracked 
|  65|0x0000000084100000, 0x0000000084100000, 0x0000000084200000|  0%| F|  |TAMS 0x0000000084100000, 0x0000000084100000| Untracked 
|  66|0x0000000084200000, 0x0000000084200000, 0x0000000084300000|  0%| F|  |TAMS 0x0000000084200000, 0x0000000084200000| Untracked 
|  67|0x0000000084300000, 0x0000000084300000, 0x0000000084400000|  0%| F|  |TAMS 0x0000000084300000, 0x0000000084300000| Untracked 
|  68|0x0000000084400000, 0x0000000084400000, 0x0000000084500000|  0%| F|  |TAMS 0x0000000084400000, 0x0000000084400000| Untracked 
|  69|0x0000000084500000, 0x0000000084500000, 0x0000000084600000|  0%| F|  |TAMS 0x0000000084500000, 0x0000000084500000| Untracked 
|  70|0x0000000084600000, 0x0000000084600000, 0x0000000084700000|  0%| F|  |TAMS 0x0000000084600000, 0x0000000084600000| Untracked 
|  71|0x0000000084700000, 0x0000000084700000, 0x0000000084800000|  0%| F|  |TAMS 0x0000000084700000, 0x0000000084700000| Untracked 
|  72|0x0000000084800000, 0x0000000084800000, 0x0000000084900000|  0%| F|  |TAMS 0x0000000084800000, 0x0000000084800000| Untracked 
|  73|0x0000000084900000, 0x0000000084900000, 0x0000000084a00000|  0%| F|  |TAMS 0x0000000084900000, 0x0000000084900000| Untracked 
|  74|0x0000000084a00000, 0x0000000084a00000, 0x0000000084b00000|  0%| F|  |TAMS 0x0000000084a00000, 0x0000000084a00000| Untracked 
|  75|0x0000000084b00000, 0x0000000084b16ff0, 0x0000000084c00000|  8%| S|CS|TAMS 0x0000000084b00000, 0x0000000084b00000| Complete 
|  76|0x0000000084c00000, 0x0000000084d00000, 0x0000000084d00000|100%| S|CS|TAMS 0x0000000084c00000, 0x0000000084c00000| Complete 
|  77|0x0000000084d00000, 0x0000000084d00000, 0x0000000084e00000|  0%| F|  |TAMS 0x0000000084d00000, 0x0000000084d00000| Untracked 
|  78|0x0000000084e00000, 0x0000000084e00000, 0x0000000084f00000|  0%| F|  |TAMS 0x0000000084e00000, 0x0000000084e00000| Untracked 
|  79|0x0000000084f00000, 0x0000000085000000, 0x0000000085000000|100%| S|CS|TAMS 0x0000000084f00000, 0x0000000084f00000| Complete 
|  80|0x0000000085000000, 0x0000000085000000, 0x0000000085100000|  0%| F|  |TAMS 0x0000000085000000, 0x0000000085000000| Untracked 
|  81|0x0000000085100000, 0x0000000085100000, 0x0000000085200000|  0%| F|  |TAMS 0x0000000085100000, 0x0000000085100000| Untracked 
|  82|0x0000000085200000, 0x0000000085200000, 0x0000000085300000|  0%| F|  |TAMS 0x0000000085200000, 0x0000000085200000| Untracked 
|  83|0x0000000085300000, 0x0000000085300000, 0x0000000085400000|  0%| F|  |TAMS 0x0000000085300000, 0x0000000085300000| Untracked 
|  84|0x0000000085400000, 0x0000000085400000, 0x0000000085500000|  0%| F|  |TAMS 0x0000000085400000, 0x0000000085400000| Untracked 
|  85|0x0000000085500000, 0x0000000085500000, 0x0000000085600000|  0%| F|  |TAMS 0x0000000085500000, 0x0000000085500000| Untracked 
|  86|0x0000000085600000, 0x0000000085600000, 0x0000000085700000|  0%| F|  |TAMS 0x0000000085600000, 0x0000000085600000| Untracked 
|  87|0x0000000085700000, 0x0000000085700000, 0x0000000085800000|  0%| F|  |TAMS 0x0000000085700000, 0x0000000085700000| Untracked 
|  88|0x0000000085800000, 0x0000000085800000, 0x0000000085900000|  0%| F|  |TAMS 0x0000000085800000, 0x0000000085800000| Untracked 
|  89|0x0000000085900000, 0x0000000085900000, 0x0000000085a00000|  0%| F|  |TAMS 0x0000000085900000, 0x0000000085900000| Untracked 
|  90|0x0000000085a00000, 0x0000000085a00000, 0x0000000085b00000|  0%| F|  |TAMS 0x0000000085a00000, 0x0000000085a00000| Untracked 
|  91|0x0000000085b00000, 0x0000000085b00000, 0x0000000085c00000|  0%| F|  |TAMS 0x0000000085b00000, 0x0000000085b00000| Untracked 
|  92|0x0000000085c00000, 0x0000000085c00000, 0x0000000085d00000|  0%| F|  |TAMS 0x0000000085c00000, 0x0000000085c00000| Untracked 
|  93|0x0000000085d00000, 0x0000000085d00000, 0x0000000085e00000|  0%| F|  |TAMS 0x0000000085d00000, 0x0000000085d00000| Untracked 
|  94|0x0000000085e00000, 0x0000000085e00000, 0x0000000085f00000|  0%| F|  |TAMS 0x0000000085e00000, 0x0000000085e00000| Untracked 
|  95|0x0000000085f00000, 0x0000000085f00000, 0x0000000086000000|  0%| F|  |TAMS 0x0000000085f00000, 0x0000000085f00000| Untracked 
|  96|0x0000000086000000, 0x0000000086000000, 0x0000000086100000|  0%| F|  |TAMS 0x0000000086000000, 0x0000000086000000| Untracked 
|  97|0x0000000086100000, 0x0000000086100000, 0x0000000086200000|  0%| F|  |TAMS 0x0000000086100000, 0x0000000086100000| Untracked 
|  98|0x0000000086200000, 0x0000000086200000, 0x0000000086300000|  0%| F|  |TAMS 0x0000000086200000, 0x0000000086200000| Untracked 
|  99|0x0000000086300000, 0x00000000863cf8d8, 0x0000000086400000| 81%| E|  |TAMS 0x0000000086300000, 0x0000000086300000| Complete 
| 123|0x0000000087b00000, 0x0000000087c00000, 0x0000000087c00000|100%| E|CS|TAMS 0x0000000087b00000, 0x0000000087b00000| Complete 

Card table byte_map: [0x0000025da8090000,0x0000025da8490000] _byte_map_base: 0x0000025da7c90000

Marking Bits (Prev, Next): (CMBitMap*) 0x0000025d954f5cd0, (CMBitMap*) 0x0000025d954f5c90
 Prev Bits: [0x0000025daa890000, 0x0000025dac890000)
 Next Bits: [0x0000025da8890000, 0x0000025daa890000)

Polling page: 0x0000025d94c60000

Metaspace:

Usage:
  Non-class:     56.44 MB used.
      Class:      8.56 MB used.
       Both:     65.00 MB used.

Virtual space:
  Non-class space:       64.00 MB reserved,      56.75 MB ( 89%) committed,  8 nodes.
      Class space:        1.00 GB reserved,       8.81 MB ( <1%) committed,  1 nodes.
             Both:        1.06 GB reserved,      65.56 MB (  6%) committed. 

Chunk freelists:
   Non-Class:  2.42 MB
       Class:  3.14 MB
        Both:  5.56 MB

MaxMetaspaceSize: unlimited
CompressedClassSpaceSize: 1.00 GB
Initial GC threshold: 21.00 MB
Current GC threshold: 106.25 MB
CDS: off
MetaspaceReclaimPolicy: balanced
 - commit_granule_bytes: 65536.
 - commit_granule_words: 8192.
 - virtual_space_node_default_size: 1048576.
 - enlarge_chunks_in_place: 1.
 - new_chunks_are_fully_committed: 0.
 - uncommit_free_chunks: 1.
 - use_allocation_guard: 0.
 - handle_deallocations: 1.


Internal statistics:

num_allocs_failed_limit: 6.
num_arena_births: 614.
num_arena_deaths: 0.
num_vsnodes_births: 9.
num_vsnodes_deaths: 0.
num_space_committed: 1049.
num_space_uncommitted: 0.
num_chunks_returned_to_freelist: 6.
num_chunks_taken_from_freelist: 2780.
num_chunk_merges: 6.
num_chunk_splits: 1860.
num_chunks_enlarged: 1284.
num_purges: 0.
num_inconsistent_stats: 0.

CodeHeap 'non-profiled nmethods': size=120000Kb used=3231Kb max_used=3307Kb free=116768Kb
 bounds [0x0000025da0430000, 0x0000025da0770000, 0x0000025da7960000]
CodeHeap 'profiled nmethods': size=120000Kb used=11332Kb max_used=11481Kb free=108667Kb
 bounds [0x0000025d98960000, 0x0000025d994a0000, 0x0000025d9fe90000]
CodeHeap 'non-nmethods': size=5760Kb used=2355Kb max_used=2400Kb free=3404Kb
 bounds [0x0000025d9fe90000, 0x0000025da0100000, 0x0000025da0430000]
 total_blobs=6742 nmethods=5872 adapters=782
 compilation: enabled
              stopped_count=0, restarted_count=0
 full_count=0

Compilation events (20 events):
Event: 9.861 Thread 0x0000025dafc598e0 6620       3       com.android.build.gradle.internal.dsl.decorator.DslDecorator$findAbstractProperties$1$2::invoke (11 bytes)
Event: 9.861 Thread 0x0000025dafc598e0 nmethod 6620 0x0000025d98bd4f90 code [0x0000025d98bd51e0, 0x0000025d98bd5a08]
Event: 9.861 Thread 0x0000025dafc598e0 6624       3       org.objectweb.asm.Frame::merge (322 bytes)
Event: 9.862 Thread 0x0000025dafc598e0 nmethod 6624 0x0000025d98bd4190 code [0x0000025d98bd43c0, 0x0000025d98bd4d48]
Event: 9.862 Thread 0x0000025dafc598e0 6622       3       org.objectweb.asm.Type::getSize (86 bytes)
Event: 9.862 Thread 0x0000025dafc598e0 nmethod 6622 0x0000025d98bd3b10 code [0x0000025d98bd3cc0, 0x0000025d98bd4088]
Event: 9.862 Thread 0x0000025dafc598e0 6623       3       org.objectweb.asm.commons.GeneratorAdapter::checkCast (19 bytes)
Event: 9.862 Thread 0x0000025dafc598e0 nmethod 6623 0x0000025d98bd3190 code [0x0000025d98bd3360, 0x0000025d98bd36e8]
Event: 9.864 Thread 0x0000025dafc598e0 6626       3       org.gradle.internal.reflect.PropertyAccessorType::of (101 bytes)
Event: 9.865 Thread 0x0000025db2726410 nmethod 6621 0x0000025da05f6610 code [0x0000025da05f67c0, 0x0000025da05f6af8]
Event: 9.865 Thread 0x0000025db2726410 6625       4       java.lang.StringLatin1::toChars (16 bytes)
Event: 9.865 Thread 0x0000025dafc598e0 nmethod 6626 0x0000025d989a7390 code [0x0000025d989a7700, 0x0000025d989a9018]
Event: 9.865 Thread 0x0000025dafc598e0 6627       3       org.gradle.internal.reflect.PropertyAccessorType::isGetGetterName (23 bytes)
Event: 9.865 Thread 0x0000025db2726410 nmethod 6625 0x0000025da05f5f90 code [0x0000025da05f6120, 0x0000025da05f6338]
Event: 9.866 Thread 0x0000025db2726410 6629       4       org.gradle.internal.reflect.PropertyAccessorType::hasVoidReturnType (11 bytes)
Event: 9.866 Thread 0x0000025dafc598e0 nmethod 6627 0x0000025d989a6d10 code [0x0000025d989a6ee0, 0x0000025d989a7208]
Event: 9.866 Thread 0x0000025dafc598e0 6630       2       org.gradle.internal.reflect.PropertyAccessorType::isSetterName (23 bytes)
Event: 9.866 Thread 0x0000025dafc598e0 nmethod 6630 0x0000025d989a6910 code [0x0000025d989a6aa0, 0x0000025d989a6c08]
Event: 9.866 Thread 0x0000025db2726410 nmethod 6629 0x0000025da0539010 code [0x0000025da0539180, 0x0000025da05391f8]
Event: 9.866 Thread 0x0000025db2726410 6631       4       org.gradle.internal.reflect.PropertyAccessorType::takesSingleParameter (14 bytes)

GC Heap History (20 events):
Event: 7.651 GC heap before
{Heap before GC invocations=17 (full 0):
 garbage-first heap   total 86016K, used 39783K [0x0000000080000000, 0x0000000100000000)
  region size 1024K, 4 young (4096K), 2 survivors (2048K)
 Metaspace       used 51767K, committed 52224K, reserved 1097728K
  class space    used 6840K, committed 7040K, reserved 1048576K
}
Event: 7.653 GC heap after
{Heap after GC invocations=18 (full 0):
 garbage-first heap   total 86016K, used 39803K [0x0000000080000000, 0x0000000100000000)
  region size 1024K, 3 young (3072K), 3 survivors (3072K)
 Metaspace       used 51767K, committed 52224K, reserved 1097728K
  class space    used 6840K, committed 7040K, reserved 1048576K
}
Event: 7.748 GC heap before
{Heap before GC invocations=19 (full 0):
 garbage-first heap   total 86016K, used 42875K [0x0000000080000000, 0x0000000100000000)
  region size 1024K, 7 young (7168K), 3 survivors (3072K)
 Metaspace       used 51778K, committed 52224K, reserved 1097728K
  class space    used 6840K, committed 7040K, reserved 1048576K
}
Event: 7.750 GC heap after
{Heap after GC invocations=20 (full 0):
 garbage-first heap   total 86016K, used 43648K [0x0000000080000000, 0x0000000100000000)
  region size 1024K, 3 young (3072K), 3 survivors (3072K)
 Metaspace       used 51778K, committed 52224K, reserved 1097728K
  class space    used 6840K, committed 7040K, reserved 1048576K
}
Event: 8.005 GC heap before
{Heap before GC invocations=21 (full 0):
 garbage-first heap   total 86016K, used 56960K [0x0000000080000000, 0x0000000100000000)
  region size 1024K, 16 young (16384K), 3 survivors (3072K)
 Metaspace       used 53320K, committed 53760K, reserved 1097728K
  class space    used 7045K, committed 7232K, reserved 1048576K
}
Event: 8.007 GC heap after
{Heap after GC invocations=22 (full 0):
 garbage-first heap   total 86016K, used 45681K [0x0000000080000000, 0x0000000100000000)
  region size 1024K, 2 young (2048K), 2 survivors (2048K)
 Metaspace       used 53320K, committed 53760K, reserved 1097728K
  class space    used 7045K, committed 7232K, reserved 1048576K
}
Event: 8.257 GC heap before
{Heap before GC invocations=22 (full 0):
 garbage-first heap   total 86016K, used 58993K [0x0000000080000000, 0x0000000100000000)
  region size 1024K, 15 young (15360K), 2 survivors (2048K)
 Metaspace       used 55120K, committed 55552K, reserved 1097728K
  class space    used 7298K, committed 7488K, reserved 1048576K
}
Event: 8.260 GC heap after
{Heap after GC invocations=23 (full 0):
 garbage-first heap   total 86016K, used 46411K [0x0000000080000000, 0x0000000100000000)
  region size 1024K, 1 young (1024K), 1 survivors (1024K)
 Metaspace       used 55120K, committed 55552K, reserved 1097728K
  class space    used 7298K, committed 7488K, reserved 1048576K
}
Event: 8.531 GC heap before
{Heap before GC invocations=24 (full 0):
 garbage-first heap   total 86016K, used 59723K [0x0000000080000000, 0x0000000100000000)
  region size 1024K, 15 young (15360K), 1 survivors (1024K)
 Metaspace       used 57759K, committed 58240K, reserved 1105920K
  class space    used 7624K, committed 7872K, reserved 1048576K
}
Event: 8.533 GC heap after
{Heap after GC invocations=25 (full 0):
 garbage-first heap   total 86016K, used 46860K [0x0000000080000000, 0x0000000100000000)
  region size 1024K, 2 young (2048K), 2 survivors (2048K)
 Metaspace       used 57759K, committed 58240K, reserved 1105920K
  class space    used 7624K, committed 7872K, reserved 1048576K
}
Event: 8.574 GC heap before
{Heap before GC invocations=25 (full 0):
 garbage-first heap   total 86016K, used 48908K [0x0000000080000000, 0x0000000100000000)
  region size 1024K, 4 young (4096K), 2 survivors (2048K)
 Metaspace       used 57981K, committed 58432K, reserved 1105920K
  class space    used 7655K, committed 7872K, reserved 1048576K
}
Event: 8.576 GC heap after
{Heap after GC invocations=26 (full 0):
 garbage-first heap   total 86016K, used 46827K [0x0000000080000000, 0x0000000100000000)
  region size 1024K, 1 young (1024K), 1 survivors (1024K)
 Metaspace       used 57981K, committed 58432K, reserved 1105920K
  class space    used 7655K, committed 7872K, reserved 1048576K
}
Event: 8.986 GC heap before
{Heap before GC invocations=26 (full 0):
 garbage-first heap   total 86016K, used 62187K [0x0000000080000000, 0x0000000100000000)
  region size 1024K, 16 young (16384K), 1 survivors (1024K)
 Metaspace       used 60615K, committed 61120K, reserved 1105920K
  class space    used 8041K, committed 8256K, reserved 1048576K
}
Event: 8.989 GC heap after
{Heap after GC invocations=27 (full 0):
 garbage-first heap   total 86016K, used 47664K [0x0000000080000000, 0x0000000100000000)
  region size 1024K, 2 young (2048K), 2 survivors (2048K)
 Metaspace       used 60615K, committed 61120K, reserved 1105920K
  class space    used 8041K, committed 8256K, reserved 1048576K
}
Event: 9.202 GC heap before
{Heap before GC invocations=28 (full 0):
 garbage-first heap   total 86016K, used 67120K [0x0000000080000000, 0x0000000100000000)
  region size 1024K, 18 young (18432K), 2 survivors (2048K)
 Metaspace       used 62418K, committed 62912K, reserved 1105920K
  class space    used 8257K, committed 8448K, reserved 1048576K
}
Event: 9.207 GC heap after
{Heap after GC invocations=29 (full 0):
 garbage-first heap   total 86016K, used 54487K [0x0000000080000000, 0x0000000100000000)
  region size 1024K, 3 young (3072K), 3 survivors (3072K)
 Metaspace       used 62418K, committed 62912K, reserved 1105920K
  class space    used 8257K, committed 8448K, reserved 1048576K
}
Event: 9.211 GC heap before
{Heap before GC invocations=29 (full 0):
 garbage-first heap   total 86016K, used 57559K [0x0000000080000000, 0x0000000100000000)
  region size 1024K, 4 young (4096K), 3 survivors (3072K)
 Metaspace       used 62426K, committed 62912K, reserved 1105920K
  class space    used 8257K, committed 8448K, reserved 1048576K
}
Event: 9.215 GC heap after
{Heap after GC invocations=30 (full 0):
 garbage-first heap   total 103424K, used 55275K [0x0000000080000000, 0x0000000100000000)
  region size 1024K, 1 young (1024K), 1 survivors (1024K)
 Metaspace       used 62426K, committed 62912K, reserved 1105920K
  class space    used 8257K, committed 8448K, reserved 1048576K
}
Event: 9.587 GC heap before
{Heap before GC invocations=30 (full 0):
 garbage-first heap   total 103424K, used 76779K [0x0000000080000000, 0x0000000100000000)
  region size 1024K, 22 young (22528K), 1 survivors (1024K)
 Metaspace       used 64661K, committed 65152K, reserved 1114112K
  class space    used 8542K, committed 8704K, reserved 1048576K
}
Event: 9.590 GC heap after
{Heap after GC invocations=31 (full 0):
 garbage-first heap   total 103424K, used 56618K [0x0000000080000000, 0x0000000100000000)
  region size 1024K, 2 young (2048K), 2 survivors (2048K)
 Metaspace       used 64661K, committed 65152K, reserved 1114112K
  class space    used 8542K, committed 8704K, reserved 1048576K
}

Dll operation events (2 events):
Event: 0.009 Loaded shared library C:\Program Files\Android\Android Studio\jbr\bin\java.dll
Event: 0.620 Loaded shared library C:\Program Files\Android\Android Studio\jbr\bin\verify.dll

Deoptimization events (20 events):
Event: 9.245 Thread 0x0000025db162ae50 Uncommon trap: trap_request=0xffffff45 fr.pc=0x0000025da0669b04 relative=0x0000000000003464
Event: 9.245 Thread 0x0000025db162ae50 Uncommon trap: reason=unstable_if action=reinterpret pc=0x0000025da0669b04 method=java.util.jar.JarFile.maybeInstantiateVerifier()V @ 4 c2
Event: 9.245 Thread 0x0000025db162ae50 DEOPT PACKING pc=0x0000025da0669b04 sp=0x000000acb9cf16d0
Event: 9.245 Thread 0x0000025db162ae50 DEOPT UNPACKING pc=0x0000025d9feea1a3 sp=0x000000acb9cf1338 mode 2
Event: 9.562 Thread 0x0000025db162ae50 Uncommon trap: trap_request=0xffffffdc fr.pc=0x0000025da04b9120 relative=0x0000000000000280
Event: 9.562 Thread 0x0000025db162ae50 Uncommon trap: reason=class_check action=make_not_entrant pc=0x0000025da04b9120 method=java.util.ArrayList.toArray([Ljava/lang/Object;)[Ljava/lang/Object; @ 21 c2
Event: 9.562 Thread 0x0000025db162ae50 DEOPT PACKING pc=0x0000025da04b9120 sp=0x000000acb9cf5ff0
Event: 9.562 Thread 0x0000025db162ae50 DEOPT UNPACKING pc=0x0000025d9feea1a3 sp=0x000000acb9cf5fc0 mode 2
Event: 9.682 Thread 0x0000025db162ae50 Uncommon trap: trap_request=0xffffffc6 fr.pc=0x0000025da064af98 relative=0x0000000000003ab8
Event: 9.682 Thread 0x0000025db162ae50 Uncommon trap: reason=bimorphic_or_optimized_type_check action=maybe_recompile pc=0x0000025da064af98 method=java.util.AbstractCollection.addAll(Ljava/util/Collection;)Z @ 29 c2
Event: 9.682 Thread 0x0000025db162ae50 DEOPT PACKING pc=0x0000025da064af98 sp=0x000000acb9cf4c50
Event: 9.682 Thread 0x0000025db162ae50 DEOPT UNPACKING pc=0x0000025d9feea1a3 sp=0x000000acb9cf4c40 mode 2
Event: 9.682 Thread 0x0000025db162ae50 Uncommon trap: trap_request=0xffffffc6 fr.pc=0x0000025da064af98 relative=0x0000000000003ab8
Event: 9.682 Thread 0x0000025db162ae50 Uncommon trap: reason=bimorphic_or_optimized_type_check action=maybe_recompile pc=0x0000025da064af98 method=java.util.AbstractCollection.addAll(Ljava/util/Collection;)Z @ 29 c2
Event: 9.682 Thread 0x0000025db162ae50 DEOPT PACKING pc=0x0000025da064af98 sp=0x000000acb9cf4c50
Event: 9.682 Thread 0x0000025db162ae50 DEOPT UNPACKING pc=0x0000025d9feea1a3 sp=0x000000acb9cf4c40 mode 2
Event: 9.863 Thread 0x0000025db162ae50 Uncommon trap: trap_request=0xffffff45 fr.pc=0x0000025da068e654 relative=0x0000000000000314
Event: 9.863 Thread 0x0000025db162ae50 Uncommon trap: reason=unstable_if action=reinterpret pc=0x0000025da068e654 method=org.gradle.internal.reflect.PropertyAccessorType.of(Ljava/lang/reflect/Method;)Lorg/gradle/internal/reflect/PropertyAccessorType; @ 56 c2
Event: 9.863 Thread 0x0000025db162ae50 DEOPT PACKING pc=0x0000025da068e654 sp=0x000000acb9cf7080
Event: 9.863 Thread 0x0000025db162ae50 DEOPT UNPACKING pc=0x0000025d9feea1a3 sp=0x000000acb9cf7040 mode 2

Classes unloaded (0 events):
No events

Classes redefined (0 events):
No events

Internal exceptions (20 events):
Event: 8.926 Thread 0x0000025db162ae50 Implicit null exception at 0x0000025da074d6d4 to 0x0000025da074d87c
Event: 8.926 Thread 0x0000025db162ae50 Implicit null exception at 0x0000025da0706e19 to 0x0000025da0706ffc
Event: 9.094 Thread 0x0000025db162ae50 Implicit null exception at 0x0000025da060090c to 0x0000025da0600a3e
Event: 9.282 Thread 0x0000025db162ae50 Exception <a 'sun/nio/fs/WindowsException'{0x00000000861e1760}> (0x00000000861e1760) 
thrown [s\src\hotspot\share\prims\jni.cpp, line 517]
Event: 9.711 Thread 0x0000025db162ae50 Exception <a 'java/lang/ClassNotFoundException'{0x0000000085d5dc48}: org/gradle/api/internal/project/DefaultProject_DecoratedBeanInfo> (0x0000000085d5dc48) 
thrown [s\src\hotspot\share\classfile\systemDictionary.cpp, line 256]
Event: 9.712 Thread 0x0000025db162ae50 Exception <a 'java/lang/ClassNotFoundException'{0x0000000085d75508}: org/gradle/api/internal/project/DefaultProjectBeanInfo> (0x0000000085d75508) 
thrown [s\src\hotspot\share\classfile\systemDictionary.cpp, line 256]
Event: 9.712 Thread 0x0000025db162ae50 Exception <a 'java/lang/ClassNotFoundException'{0x0000000085d8cf90}: org/gradle/api/internal/project/DefaultProjectCustomizer> (0x0000000085d8cf90) 
thrown [s\src\hotspot\share\classfile\systemDictionary.cpp, line 256]
Event: 9.715 Thread 0x0000025db162ae50 Exception <a 'java/lang/ClassNotFoundException'{0x0000000085c41190}: org/gradle/api/internal/project/DefaultProject_DecoratedCustomizer> (0x0000000085c41190) 
thrown [s\src\hotspot\share\classfile\systemDictionary.cpp, line 256]
Event: 9.727 Thread 0x0000025db162ae50 Exception <a 'java/lang/ClassNotFoundException'{0x0000000085b24898}: org/gradle/api/plugins/internal/DefaultBasePluginConvention_DecoratedBeanInfo> (0x0000000085b24898) 
thrown [s\src\hotspot\share\classfile\systemDictionary.cpp, line 256]
Event: 9.728 Thread 0x0000025db162ae50 Exception <a 'java/lang/ClassNotFoundException'{0x0000000085b3fba8}: org/gradle/api/plugins/internal/DefaultBasePluginConventionBeanInfo> (0x0000000085b3fba8) 
thrown [s\src\hotspot\share\classfile\systemDictionary.cpp, line 256]
Event: 9.729 Thread 0x0000025db162ae50 Exception <a 'java/lang/ClassNotFoundException'{0x0000000085b5a4f0}: org/gradle/api/plugins/BasePluginConventionBeanInfo> (0x0000000085b5a4f0) 
thrown [s\src\hotspot\share\classfile\systemDictionary.cpp, line 256]
Event: 9.730 Thread 0x0000025db162ae50 Exception <a 'java/lang/ClassNotFoundException'{0x0000000085b75098}: org/gradle/api/plugins/BasePluginConventionCustomizer> (0x0000000085b75098) 
thrown [s\src\hotspot\share\classfile\systemDictionary.cpp, line 256]
Event: 9.730 Thread 0x0000025db162ae50 Exception <a 'java/lang/ClassNotFoundException'{0x0000000085b9a488}: org/gradle/api/plugins/internal/DefaultBasePluginConventionCustomizer> (0x0000000085b9a488) 
thrown [s\src\hotspot\share\classfile\systemDictionary.cpp, line 256]
Event: 9.732 Thread 0x0000025db162ae50 Exception <a 'java/lang/ClassNotFoundException'{0x0000000085bc7fb0}: org/gradle/api/plugins/internal/DefaultBasePluginConvention_DecoratedCustomizer> (0x0000000085bc7fb0) 
thrown [s\src\hotspot\share\classfile\systemDictionary.cpp, line 256]
Event: 9.736 Thread 0x0000025db162ae50 Exception <a 'java/lang/ClassNotFoundException'{0x0000000085a3c530}: org/gradle/api/plugins/internal/DefaultJavaPluginConvention_DecoratedBeanInfo> (0x0000000085a3c530) 
thrown [s\src\hotspot\share\classfile\systemDictionary.cpp, line 256]
Event: 9.737 Thread 0x0000025db162ae50 Exception <a 'java/lang/ClassNotFoundException'{0x0000000085a57840}: org/gradle/api/plugins/internal/DefaultJavaPluginConventionBeanInfo> (0x0000000085a57840) 
thrown [s\src\hotspot\share\classfile\systemDictionary.cpp, line 256]
Event: 9.737 Thread 0x0000025db162ae50 Exception <a 'java/lang/ClassNotFoundException'{0x0000000085a72410}: org/gradle/api/plugins/JavaPluginConventionBeanInfo> (0x0000000085a72410) 
thrown [s\src\hotspot\share\classfile\systemDictionary.cpp, line 256]
Event: 9.738 Thread 0x0000025db162ae50 Exception <a 'java/lang/ClassNotFoundException'{0x0000000085a8cd20}: org/gradle/api/plugins/JavaPluginConventionCustomizer> (0x0000000085a8cd20) 
thrown [s\src\hotspot\share\classfile\systemDictionary.cpp, line 256]
Event: 9.738 Thread 0x0000025db162ae50 Exception <a 'java/lang/ClassNotFoundException'{0x0000000085abbdb0}: org/gradle/api/plugins/internal/DefaultJavaPluginConventionCustomizer> (0x0000000085abbdb0) 
thrown [s\src\hotspot\share\classfile\systemDictionary.cpp, line 256]
Event: 9.741 Thread 0x0000025db162ae50 Exception <a 'java/lang/ClassNotFoundException'{0x0000000085afdd08}: org/gradle/api/plugins/internal/DefaultJavaPluginConvention_DecoratedCustomizer> (0x0000000085afdd08) 
thrown [s\src\hotspot\share\classfile\systemDictionary.cpp, line 256]

VM Operations (20 events):
Event: 8.986 Executing VM operation: G1CollectForAllocation
Event: 8.989 Executing VM operation: G1CollectForAllocation done
Event: 9.022 Executing VM operation: G1Concurrent
Event: 9.025 Executing VM operation: G1Concurrent done
Event: 9.039 Executing VM operation: G1Concurrent
Event: 9.039 Executing VM operation: G1Concurrent done
Event: 9.063 Executing VM operation: HandshakeAllThreads
Event: 9.063 Executing VM operation: HandshakeAllThreads done
Event: 9.105 Executing VM operation: HandshakeAllThreads
Event: 9.105 Executing VM operation: HandshakeAllThreads done
Event: 9.202 Executing VM operation: G1CollectForAllocation
Event: 9.207 Executing VM operation: G1CollectForAllocation done
Event: 9.211 Executing VM operation: G1CollectForAllocation
Event: 9.216 Executing VM operation: G1CollectForAllocation done
Event: 9.587 Executing VM operation: G1CollectForAllocation
Event: 9.591 Executing VM operation: G1CollectForAllocation done
Event: 9.626 Executing VM operation: G1Concurrent
Event: 9.630 Executing VM operation: G1Concurrent done
Event: 9.647 Executing VM operation: G1Concurrent
Event: 9.647 Executing VM operation: G1Concurrent done

Events (20 events):
Event: 9.716 loading class org/xml/sax/Locator
Event: 9.716 loading class org/xml/sax/Locator done
Event: 9.717 loading class org/xml/sax/SAXParseException
Event: 9.717 loading class org/xml/sax/SAXParseException done
Event: 9.719 loading class org/xml/sax/Attributes
Event: 9.719 loading class org/xml/sax/Attributes done
Event: 9.794 loading class javax/management/InstanceAlreadyExistsException
Event: 9.794 loading class javax/management/InstanceAlreadyExistsException done
Event: 9.794 loading class javax/management/MBeanRegistrationException
Event: 9.795 loading class javax/management/MBeanRegistrationException done
Event: 9.795 loading class javax/management/NotCompliantMBeanException
Event: 9.795 loading class javax/management/NotCompliantMBeanException done
Event: 9.797 loading class com/sun/jmx/mbeanserver/StandardMBeanSupport
Event: 9.797 loading class com/sun/jmx/mbeanserver/StandardMBeanSupport done
Event: 9.797 loading class com/sun/jmx/mbeanserver/StandardMBeanIntrospector
Event: 9.797 loading class com/sun/jmx/mbeanserver/StandardMBeanIntrospector done
Event: 9.842 loading class javax/xml/stream/XMLStreamException
Event: 9.842 loading class javax/xml/stream/XMLStreamException done
Event: 9.860 loading class sun/reflect/annotation/AnnotationInvocationHandler$1
Event: 9.861 loading class sun/reflect/annotation/AnnotationInvocationHandler$1 done


Dynamic libraries:
0x00007ff679c20000 - 0x00007ff679c2a000 	C:\Program Files\Android\Android Studio\jbr\bin\java.exe
0x00007fffaa150000 - 0x00007fffaa364000 	C:\WINDOWS\SYSTEM32\ntdll.dll
0x00007fffa9be0000 - 0x00007fffa9ca4000 	C:\WINDOWS\System32\KERNEL32.DLL
0x00007fffa7530000 - 0x00007fffa78d4000 	C:\WINDOWS\System32\KERNELBASE.dll
0x00007fffa78e0000 - 0x00007fffa79f1000 	C:\WINDOWS\System32\ucrtbase.dll
0x00007fff90cb0000 - 0x00007fff90ccb000 	C:\Program Files\Android\Android Studio\jbr\bin\VCRUNTIME140.dll
0x00007fff97720000 - 0x00007fff97737000 	C:\Program Files\Android\Android Studio\jbr\bin\jli.dll
0x00007fffa9a30000 - 0x00007fffa9bde000 	C:\WINDOWS\System32\USER32.dll
0x00007fffa7500000 - 0x00007fffa7526000 	C:\WINDOWS\System32\win32u.dll
0x00007fffa87b0000 - 0x00007fffa87d9000 	C:\WINDOWS\System32\GDI32.dll
0x00007fff89830000 - 0x00007fff89ac3000 	C:\WINDOWS\WinSxS\amd64_microsoft.windows.common-controls_6595b64144ccf1df_6.0.22621.2215_none_270d72677387dfc3\COMCTL32.dll
0x00007fffa8b00000 - 0x00007fffa8ba7000 	C:\WINDOWS\System32\msvcrt.dll
0x00007fffa7b70000 - 0x00007fffa7c88000 	C:\WINDOWS\System32\gdi32full.dll
0x00007fffa7d50000 - 0x00007fffa7dea000 	C:\WINDOWS\System32\msvcp_win.dll
0x00007fffa8c90000 - 0x00007fffa8cc1000 	C:\WINDOWS\System32\IMM32.DLL
0x00007fff97780000 - 0x00007fff9778c000 	C:\Program Files\Android\Android Studio\jbr\bin\vcruntime140_1.dll
0x00007fff81b20000 - 0x00007fff81bad000 	C:\Program Files\Android\Android Studio\jbr\bin\msvcp140.dll
0x00007fff62ad0000 - 0x00007fff6373d000 	C:\Program Files\Android\Android Studio\jbr\bin\server\jvm.dll
0x00007fffa8dc0000 - 0x00007fffa8e70000 	C:\WINDOWS\System32\ADVAPI32.dll
0x00007fffa8a20000 - 0x00007fffa8ac6000 	C:\WINDOWS\System32\sechost.dll
0x00007fffa7f70000 - 0x00007fffa8087000 	C:\WINDOWS\System32\RPCRT4.dll
0x00007fff979b0000 - 0x00007fff979b9000 	C:\WINDOWS\SYSTEM32\WSOCK32.dll
0x00007fffa88a0000 - 0x00007fffa8911000 	C:\WINDOWS\System32\WS2_32.dll
0x00007fff9c4c0000 - 0x00007fff9c4f4000 	C:\WINDOWS\SYSTEM32\WINMM.dll
0x00007fff9c2e0000 - 0x00007fff9c2ea000 	C:\WINDOWS\SYSTEM32\VERSION.dll
0x00007fffa65c0000 - 0x00007fffa65d8000 	C:\WINDOWS\SYSTEM32\kernel.appcore.dll
0x00007fffa1fd0000 - 0x00007fffa1fda000 	C:\Program Files\Android\Android Studio\jbr\bin\jimage.dll
0x00007fffa4e40000 - 0x00007fffa506e000 	C:\WINDOWS\SYSTEM32\DBGHELP.DLL
0x00007fffa96a0000 - 0x00007fffa9a2a000 	C:\WINDOWS\System32\combase.dll
0x00007fffa8cd0000 - 0x00007fffa8da7000 	C:\WINDOWS\System32\OLEAUT32.dll
0x00007fff8d5e0000 - 0x00007fff8d612000 	C:\WINDOWS\SYSTEM32\dbgcore.DLL
0x00007fffa7df0000 - 0x00007fffa7e6a000 	C:\WINDOWS\System32\bcryptPrimitives.dll
0x00007fff97830000 - 0x00007fff97855000 	C:\Program Files\Android\Android Studio\jbr\bin\java.dll
0x00007fff9e0b0000 - 0x00007fff9e0c8000 	C:\Program Files\Android\Android Studio\jbr\bin\zip.dll
0x00007fffa8e70000 - 0x00007fffa9693000 	C:\WINDOWS\System32\SHELL32.dll
0x00007fffa5440000 - 0x00007fffa5d2a000 	C:\WINDOWS\SYSTEM32\windows.storage.dll
0x00007fffa5300000 - 0x00007fffa543e000 	C:\WINDOWS\SYSTEM32\wintypes.dll
0x00007fffa8920000 - 0x00007fffa8a13000 	C:\WINDOWS\System32\SHCORE.dll
0x00007fffa8090000 - 0x00007fffa80ee000 	C:\WINDOWS\System32\shlwapi.dll
0x00007fffa7430000 - 0x00007fffa7456000 	C:\WINDOWS\SYSTEM32\profapi.dll
0x00007fff995a0000 - 0x00007fff995b9000 	C:\Program Files\Android\Android Studio\jbr\bin\net.dll
0x00007fffa13a0000 - 0x00007fffa14d7000 	C:\WINDOWS\SYSTEM32\WINHTTP.dll
0x00007fffa6ac0000 - 0x00007fffa6b29000 	C:\WINDOWS\system32\mswsock.dll
0x00007fff97ae0000 - 0x00007fff97af6000 	C:\Program Files\Android\Android Studio\jbr\bin\nio.dll
0x00007fff9e550000 - 0x00007fff9e560000 	C:\Program Files\Android\Android Studio\jbr\bin\verify.dll
0x00007fff97520000 - 0x00007fff97547000 	C:\Users\thanh\.gradle\native\68d5fa5c4cc2d200863cafc0d521ce42e7d3e7ee720ec0a83991735586a16f82\windows-amd64\native-platform.dll
0x00007fff5d730000 - 0x00007fff5d874000 	C:\Users\thanh\.gradle\native\e376f236ea51e6404a007f0833ffe2c6e607c4080706a723a18a27aeea778392\windows-amd64\native-platform-file-events.dll
0x00007fffa17c0000 - 0x00007fffa17c9000 	C:\Program Files\Android\Android Studio\jbr\bin\management.dll
0x00007fffa1790000 - 0x00007fffa179b000 	C:\Program Files\Android\Android Studio\jbr\bin\management_ext.dll
0x00007fffa8db0000 - 0x00007fffa8db8000 	C:\WINDOWS\System32\PSAPI.DLL
0x00007fffa6d10000 - 0x00007fffa6d2b000 	C:\WINDOWS\SYSTEM32\CRYPTSP.dll
0x00007fffa6530000 - 0x00007fffa6565000 	C:\WINDOWS\system32\rsaenh.dll
0x00007fffa6bb0000 - 0x00007fffa6bdc000 	C:\WINDOWS\SYSTEM32\USERENV.dll
0x00007fffa6eb0000 - 0x00007fffa6ed8000 	C:\WINDOWS\SYSTEM32\bcrypt.dll
0x00007fffa6d30000 - 0x00007fffa6d3c000 	C:\WINDOWS\SYSTEM32\CRYPTBASE.dll
0x00007fffa5f90000 - 0x00007fffa5fbd000 	C:\WINDOWS\SYSTEM32\IPHLPAPI.DLL
0x00007fffa8890000 - 0x00007fffa8899000 	C:\WINDOWS\System32\NSI.dll
0x00007fff9c2c0000 - 0x00007fff9c2d9000 	C:\WINDOWS\SYSTEM32\dhcpcsvc6.DLL
0x00007fff9b8e0000 - 0x00007fff9b8ff000 	C:\WINDOWS\SYSTEM32\dhcpcsvc.DLL
0x00007fffa5fc0000 - 0x00007fffa60b2000 	C:\WINDOWS\SYSTEM32\DNSAPI.dll
0x00007fff9c730000 - 0x00007fff9c738000 	C:\WINDOWS\system32\wshunix.dll

dbghelp: loaded successfully - version: 4.0.5 - missing functions: none
symbol engine: initialized successfully - sym options: 0x614 - pdb path: .;C:\Program Files\Android\Android Studio\jbr\bin;C:\WINDOWS\SYSTEM32;C:\WINDOWS\WinSxS\amd64_microsoft.windows.common-controls_6595b64144ccf1df_6.0.22621.2215_none_270d72677387dfc3;C:\Program Files\Android\Android Studio\jbr\bin\server;C:\Users\thanh\.gradle\native\68d5fa5c4cc2d200863cafc0d521ce42e7d3e7ee720ec0a83991735586a16f82\windows-amd64;C:\Users\thanh\.gradle\native\e376f236ea51e6404a007f0833ffe2c6e607c4080706a723a18a27aeea778392\windows-amd64

VM Arguments:
jvm_args: --add-opens=java.base/java.util=ALL-UNNAMED --add-opens=java.base/java.lang=ALL-UNNAMED --add-opens=java.base/java.lang.invoke=ALL-UNNAMED --add-opens=java.prefs/java.util.prefs=ALL-UNNAMED --add-opens=java.base/java.nio.charset=ALL-UNNAMED --add-opens=java.base/java.net=ALL-UNNAMED --add-opens=java.base/java.util.concurrent.atomic=ALL-UNNAMED -Xmx2048m -Dfile.encoding=UTF-8 -Duser.country=VN -Duser.language=vi -Duser.variant 
java_command: org.gradle.launcher.daemon.bootstrap.GradleDaemon 8.0
java_class_path (initial): C:\Users\thanh\.gradle\wrapper\dists\gradle-8.0-bin\ca5e32bp14vu59qr306oxotwh\gradle-8.0\lib\gradle-launcher-8.0.jar
Launcher Type: SUN_STANDARD

[Global flags]
     intx CICompilerCount                          = 4                                         {product} {ergonomic}
     uint ConcGCThreads                            = 2                                         {product} {ergonomic}
     uint G1ConcRefinementThreads                  = 8                                         {product} {ergonomic}
   size_t G1HeapRegionSize                         = 1048576                                   {product} {ergonomic}
    uintx GCDrainStackTargetSize                   = 64                                        {product} {ergonomic}
   size_t InitialHeapSize                          = 130023424                                 {product} {ergonomic}
   size_t MarkStackSize                            = 4194304                                   {product} {ergonomic}
   size_t MaxHeapSize                              = 2147483648                                {product} {command line}
   size_t MaxNewSize                               = 1287651328                                {product} {ergonomic}
   size_t MinHeapDeltaBytes                        = 1048576                                   {product} {ergonomic}
   size_t MinHeapSize                              = 8388608                                   {product} {ergonomic}
    uintx NonNMethodCodeHeapSize                   = 5839372                                {pd product} {ergonomic}
    uintx NonProfiledCodeHeapSize                  = 122909434                              {pd product} {ergonomic}
    uintx ProfiledCodeHeapSize                     = 122909434                              {pd product} {ergonomic}
    uintx ReservedCodeCacheSize                    = 251658240                              {pd product} {ergonomic}
     bool SegmentedCodeCache                       = true                                      {product} {ergonomic}
   size_t SoftMaxHeapSize                          = 2147483648                             {manageable} {ergonomic}
     bool UseCompressedClassPointers               = true                           {product lp64_product} {ergonomic}
     bool UseCompressedOops                        = true                           {product lp64_product} {ergonomic}
     bool UseG1GC                                  = true                                      {product} {ergonomic}
     bool UseLargePagesIndividualAllocation        = false                                  {pd product} {ergonomic}

Logging:
Log output configuration:
 #0: stdout all=warning uptime,level,tags
 #1: stderr all=off uptime,level,tags

Environment Variables:
PATH=C:\Program Files\Python311\Scripts\;C:\Program Files\Python311\;C:\WINDOWS\system32;C:\WINDOWS;C:\WINDOWS\System32\Wbem;C:\WINDOWS\System32\WindowsPowerShell\v1.0\;C:\WINDOWS\System32\OpenSSH\;C:\Program Files\nodejs\;C:\Users\thanh\AppData\Roaming\Python\Python311\site-packages\django\Scripts;C:\Program Files\Git\cmd;C:\Program Files\Microsoft SQL Server\150\Tools\Binn\;C:\Program Files\Microsoft SQL Server\Client SDK\ODBC\170\Tools\Binn\;C:\Program Files\dotnet\;C:\Users\thanh\AppData\Local\Microsoft\WindowsApps;C:\Users\thanh\AppData\Local\Programs\Microsoft VS Code\bin;C:\Users\thanh\AppData\Roaming\npm;C:\Users\thanh\AppData\Local\GitHubDesktop\bin;C:\Program Files\JetBrains\DataGrip 2023.1.2\bin;;C:\Users\thanh\AppData\Local\Android\Sdk\platform-tools;C:\Users\thanh\.dotnet\tools;C:\Users\thanh\flutter\bin;C:\Users\thanh\flutter;C:\Program Files (x86)\dart-sdk\bin;
USERNAME=thanh
OS=Windows_NT
PROCESSOR_IDENTIFIER=Intel64 Family 6 Model 140 Stepping 2, GenuineIntel
TMP=C:\Users\thanh\AppData\Local\Temp
TEMP=C:\Users\thanh\AppData\Local\Temp



---------------  S Y S T E M  ---------------

OS:
 Windows 11 , 64 bit Build 22621 (10.0.22621.2215)
OS uptime: 4 days 6:23 hours
Hyper-V role detected

CPU: total 8 (initial active 8) (4 cores per cpu, 2 threads per core) family 6 model 140 stepping 2 microcode 0x16, cx8, cmov, fxsr, ht, mmx, 3dnowpref, sse, sse2, sse3, ssse3, sse4.1, sse4.2, popcnt, lzcnt, tsc, tscinvbit, avx, avx2, aes, erms, clmul, bmi1, bmi2, adx, avx512f, avx512dq, avx512cd, avx512bw, avx512vl, sha, fma, vzeroupper, avx512_vpopcntdq, avx512_vpclmulqdq, avx512_vaes, avx512_vnni, clflush, clflushopt, clwb, avx512_vbmi2, avx512_vbmi, hv

Memory: 4k page, system-wide physical 7894M (418M free)
TotalPageFile size 11990M (AvailPageFile size 4M)
current process WorkingSet (physical memory assigned to process): 294M, peak: 294M
current process commit charge ("private bytes"): 331M, peak: 332M

vm_info: OpenJDK 64-Bit Server VM (17.0.6+0-b2043.56-9586694) for windows-amd64 JRE (17.0.6+0-b2043.56-9586694), built on Feb  9 2023 20:06:20 by "androidbuild" with MS VC++ 16.10 / 16.11 (VS2019)

END.
