#
# There is insufficient memory for the Java Runtime Environment to continue.
# Native memory allocation (mmap) failed to map 141557760 bytes for G1 virtual space
# Possible reasons:
#   The system is out of physical RAM or swap space
#   The process is running with CompressedOops enabled, and the Java Heap may be blocking the growth of the native heap
# Possible solutions:
#   Reduce memory load on the system
#   Increase physical memory or swap space
#   Check if swap backing store is full
#   Decrease Java heap size (-Xmx/-Xms)
#   Decrease number of Java threads
#   Decrease Java thread stack sizes (-Xss)
#   Set larger code cache with -XX:ReservedCodeCacheSize=
#   JVM is running with Unscaled Compressed Oops mode in which the Java heap is
#     placed in the first 4GB address space. The Java Heap base address is the
#     maximum limit for the native heap growth. Please use -XX:HeapBaseMinAddress
#     to set the Java Heap base and to place the Java Heap above 4GB virtual address.
# This output file may be truncated or incomplete.
#
#  Out of Memory Error (os_windows.cpp:3769), pid=17224, tid=19588
#
# JRE version: OpenJDK Runtime Environment (17.0.6) (build 17.0.6+0-b2043.56-9586694)
# Java VM: OpenJDK 64-Bit Server VM (17.0.6+0-b2043.56-9586694, mixed mode, tiered, compressed oops, compressed class ptrs, g1 gc, windows-amd64)
# No core dump will be written. Minidumps are not enabled by default on client versions of Windows
#

---------------  S U M M A R Y ------------

Command Line: --add-opens=java.base/java.util=ALL-UNNAMED --add-opens=java.base/java.lang=ALL-UNNAMED --add-opens=java.base/java.lang.invoke=ALL-UNNAMED --add-opens=java.prefs/java.util.prefs=ALL-UNNAMED --add-opens=java.base/java.nio.charset=ALL-UNNAMED --add-opens=java.base/java.net=ALL-UNNAMED --add-opens=java.base/java.util.concurrent.atomic=ALL-UNNAMED -Xmx2048m -Dfile.encoding=UTF-8 -Duser.country=VN -Duser.language=vi -Duser.variant org.gradle.launcher.daemon.bootstrap.GradleDaemon 8.0

Host: 11th Gen Intel(R) Core(TM) i7-1195G7 @ 2.90GHz, 8 cores, 7G,  Windows 11 , 64 bit Build 22621 (10.0.22621.2215)
Time: Mon Sep 25 17:21:03 2023 SE Asia Standard Time elapsed time: 19.943067 seconds (0d 0h 0m 19s)

---------------  T H R E A D  ---------------

Current thread (0x0000016c315aee40):  VMThread "VM Thread" [stack: 0x0000001297b00000,0x0000001297c00000] [id=19588]

Stack: [0x0000001297b00000,0x0000001297c00000]
Native frames: (J=compiled Java code, j=interpreted, Vv=VM code, C=native code)
V  [jvm.dll+0x683b4a]
V  [jvm.dll+0x842654]
V  [jvm.dll+0x843dfe]
V  [jvm.dll+0x844463]
V  [jvm.dll+0x249b75]
V  [jvm.dll+0x680a19]
V  [jvm.dll+0x674f0a]
V  [jvm.dll+0x309acb]
V  [jvm.dll+0x310f86]
V  [jvm.dll+0x3608ee]
V  [jvm.dll+0x360b1f]
V  [jvm.dll+0x2dfbf8]
V  [jvm.dll+0x2ddec4]
V  [jvm.dll+0x2dd4cc]
V  [jvm.dll+0x321f3b]
V  [jvm.dll+0x84893b]
V  [jvm.dll+0x849674]
V  [jvm.dll+0x849b8d]
V  [jvm.dll+0x849f64]
V  [jvm.dll+0x84a030]
V  [jvm.dll+0x7f25fa]
V  [jvm.dll+0x682985]
C  [ucrtbase.dll+0x29363]
C  [KERNEL32.DLL+0x1257d]
C  [ntdll.dll+0x5aa68]

VM_Operation (0x000000129a5fcad0): G1CollectForAllocation, mode: safepoint, requested by thread 0x0000016c348baff0


---------------  P R O C E S S  ---------------

Threads class SMR info:
_java_thread_list=0x0000016c3af42140, length=136, elements={
0x0000016c17748a50, 0x0000016c32013260, 0x0000016c32015230, 0x0000016c32048250,
0x0000016c32048e00, 0x0000016c3204b8c0, 0x0000016c320429a0, 0x0000016c32043730,
0x0000016c320441d0, 0x0000016c32053f00, 0x0000016c321f6020, 0x0000016c321f8500,
0x0000016c34e3b590, 0x0000016c33698230, 0x0000016c352649a0, 0x0000016c346925a0,
0x0000016c33742130, 0x0000016c346f9860, 0x0000016c349b47d0, 0x0000016c333fa350,
0x0000016c333fbb60, 0x0000016c333fc030, 0x0000016c333fa820, 0x0000016c333facf0,
0x0000016c333fb1c0, 0x0000016c333fc500, 0x0000016c333fcea0, 0x0000016c333fd370,
0x0000016c333fd840, 0x0000016c333f9e80, 0x0000016c348b8970, 0x0000016c348b7fd0,
0x0000016c348baff0, 0x0000016c348bab20, 0x0000016c348b7b00, 0x0000016c348b9310,
0x0000016c348bb4c0, 0x0000016c348bb990, 0x0000016c348bc800, 0x0000016c348b67c0,
0x0000016c348bd1a0, 0x0000016c348bd670, 0x0000016c348bdb40, 0x0000016c348b7630,
0x0000016c348be010, 0x0000016c348b9cb0, 0x0000016c348ba180, 0x0000016c348ba650,
0x0000016c36f78890, 0x0000016c36f78d60, 0x0000016c36f74ed0, 0x0000016c36f79bd0,
0x0000016c36f783c0, 0x0000016c36f75870, 0x0000016c36f79230, 0x0000016c36f79700,
0x0000016c36f7a0a0, 0x0000016c36f75d40, 0x0000016c36f7a570, 0x0000016c36f753a0,
0x0000016c36f7aa40, 0x0000016c36f7af10, 0x0000016c36f7c250, 0x0000016c36f7c720,
0x0000016c36f7b3e0, 0x0000016c36f766e0, 0x0000016c36f76210, 0x0000016c36f76bb0,
0x0000016c36f77080, 0x0000016c36f7b8b0, 0x0000016c36f7bd80, 0x0000016c36f77550,
0x0000016c36f77a20, 0x0000016c36f77ef0, 0x0000016c3313fae0, 0x0000016c3313cac0,
0x0000016c3313c5f0, 0x0000016c3313f140, 0x0000016c331412f0, 0x0000016c331417c0,
0x0000016c33140e20, 0x0000016c3313d930, 0x0000016c3313f610, 0x0000016c3313d460,
0x0000016c3313cf90, 0x0000016c3313ffb0, 0x0000016c3313de00, 0x0000016c3313b2b0,
0x0000016c33142160, 0x0000016c33140480, 0x0000016c33142630, 0x0000016c33141c90,
0x0000016c3313b780, 0x0000016c3313ec70, 0x0000016c33140950, 0x0000016c3313ade0,
0x0000016c3313bc50, 0x0000016c3313c120, 0x0000016c3313e2d0, 0x0000016c3313e7a0,
0x0000016c327de9f0, 0x0000016c327dd6b0, 0x0000016c327e3bc0, 0x0000016c327ddb80,
0x0000016c327deec0, 0x0000016c327e1070, 0x0000016c327e1540, 0x0000016c327e1a10,
0x0000016c327dfd30, 0x0000016c327df390, 0x0000016c327e1ee0, 0x0000016c327e3220,
0x0000016c327df860, 0x0000016c327e0ba0, 0x0000016c327e23b0, 0x0000016c327e36f0,
0x0000016c327dcd10, 0x0000016c327e2880, 0x0000016c327e4090, 0x0000016c327e2d50,
0x0000016c327e0200, 0x0000016c327e06d0, 0x0000016c327e4560, 0x0000016c327de050,
0x0000016c34b6d420, 0x0000016c37cebd50, 0x0000016c34b68250, 0x0000016c34b69a60,
0x0000016c34b6a8d0, 0x0000016c34b6a400, 0x0000016c34b690c0, 0x0000016c34b6ddc0,
0x0000016c34b6e290, 0x0000016c34b6b270, 0x0000016c34b6ca80, 0x0000016c34b6c5b0
}

Java Threads: ( => current thread )
  0x0000016c17748a50 JavaThread "main" [_thread_blocked, id=19500, stack(0x0000001297500000,0x0000001297600000)]
  0x0000016c32013260 JavaThread "Reference Handler" daemon [_thread_blocked, id=10104, stack(0x0000001297c00000,0x0000001297d00000)]
  0x0000016c32015230 JavaThread "Finalizer" daemon [_thread_blocked, id=19956, stack(0x0000001297d00000,0x0000001297e00000)]
  0x0000016c32048250 JavaThread "Signal Dispatcher" daemon [_thread_blocked, id=5128, stack(0x0000001297e00000,0x0000001297f00000)]
  0x0000016c32048e00 JavaThread "Attach Listener" daemon [_thread_blocked, id=13520, stack(0x0000001297f00000,0x0000001298000000)]
  0x0000016c3204b8c0 JavaThread "Service Thread" daemon [_thread_blocked, id=7148, stack(0x0000001298000000,0x0000001298100000)]
  0x0000016c320429a0 JavaThread "Monitor Deflation Thread" daemon [_thread_blocked, id=13352, stack(0x0000001298100000,0x0000001298200000)]
  0x0000016c32043730 JavaThread "C2 CompilerThread0" daemon [_thread_blocked, id=1720, stack(0x0000001298200000,0x0000001298300000)]
  0x0000016c320441d0 JavaThread "C1 CompilerThread0" daemon [_thread_blocked, id=13624, stack(0x0000001298300000,0x0000001298400000)]
  0x0000016c32053f00 JavaThread "Sweeper thread" daemon [_thread_blocked, id=14008, stack(0x0000001298400000,0x0000001298500000)]
  0x0000016c321f6020 JavaThread "Common-Cleaner" daemon [_thread_blocked, id=19436, stack(0x0000001298500000,0x0000001298600000)]
  0x0000016c321f8500 JavaThread "Notification Thread" daemon [_thread_blocked, id=7408, stack(0x0000001298600000,0x0000001298700000)]
  0x0000016c34e3b590 JavaThread "Daemon health stats" [_thread_blocked, id=16052, stack(0x0000001298e00000,0x0000001298f00000)]
  0x0000016c33698230 JavaThread "Incoming local TCP Connector on port 59155" [_thread_in_native, id=17624, stack(0x0000001298900000,0x0000001298a00000)]
  0x0000016c352649a0 JavaThread "Daemon periodic checks" [_thread_blocked, id=6648, stack(0x0000001298f00000,0x0000001299000000)]
  0x0000016c346925a0 JavaThread "Daemon" [_thread_blocked, id=18336, stack(0x0000001299000000,0x0000001299100000)]
  0x0000016c33742130 JavaThread "Handler for socket connection from /127.0.0.1:59155 to /127.0.0.1:59156" [_thread_in_native, id=18224, stack(0x0000001299100000,0x0000001299200000)]
  0x0000016c346f9860 JavaThread "Cancel handler" [_thread_blocked, id=11512, stack(0x0000001299200000,0x0000001299300000)]
  0x0000016c349b47d0 JavaThread "Daemon worker" [_thread_blocked, id=19644, stack(0x0000001299300000,0x0000001299400000)]
  0x0000016c333fa350 JavaThread "Asynchronous log dispatcher for DefaultDaemonConnection: socket connection from /127.0.0.1:59155 to /127.0.0.1:59156" [_thread_blocked, id=4192, stack(0x0000001299400000,0x0000001299500000)]
  0x0000016c333fbb60 JavaThread "Stdin handler" [_thread_blocked, id=4776, stack(0x0000001299500000,0x0000001299600000)]
  0x0000016c333fc030 JavaThread "Daemon client event forwarder" [_thread_blocked, id=11876, stack(0x0000001299600000,0x0000001299700000)]
  0x0000016c333fa820 JavaThread "Cache worker for journal cache (C:\Users\thanh\.gradle\caches\journal-1)" [_thread_blocked, id=11348, stack(0x0000001299b00000,0x0000001299c00000)]
  0x0000016c333facf0 JavaThread "File lock request listener" [_thread_in_native, id=4844, stack(0x0000001299c00000,0x0000001299d00000)]
  0x0000016c333fb1c0 JavaThread "Cache worker for file hash cache (C:\Users\thanh\.gradle\caches\8.0\fileHashes)" [_thread_blocked, id=13812, stack(0x0000001299d00000,0x0000001299e00000)]
  0x0000016c333fc500 JavaThread "File watcher server" daemon [_thread_blocked, id=6796, stack(0x0000001299e00000,0x0000001299f00000)]
  0x0000016c333fcea0 JavaThread "File watcher consumer" daemon [_thread_blocked, id=10544, stack(0x0000001299f00000,0x000000129a000000)]
  0x0000016c333fd370 JavaThread "Cache worker for checksums cache (C:\Users\thanh\AndroidStudioProjects\SharedPreferences\.gradle\8.0\checksums)" [_thread_blocked, id=5712, stack(0x000000129a000000,0x000000129a100000)]
  0x0000016c333fd840 JavaThread "Cache worker for cache directory md-rule (C:\Users\thanh\.gradle\caches\8.0\md-rule)" [_thread_blocked, id=8056, stack(0x000000129a100000,0x000000129a200000)]
  0x0000016c333f9e80 JavaThread "Cache worker for file content cache (C:\Users\thanh\.gradle\caches\8.0\fileContent)" [_thread_blocked, id=1428, stack(0x000000129a200000,0x000000129a300000)]
  0x0000016c348b8970 JavaThread "Cache worker for file hash cache (C:\Users\thanh\AndroidStudioProjects\SharedPreferences\.gradle\8.0\fileHashes)" [_thread_blocked, id=9100, stack(0x000000129a300000,0x000000129a400000)]
  0x0000016c348b7fd0 JavaThread "Cache worker for cache directory md-supplier (C:\Users\thanh\.gradle\caches\8.0\md-supplier)" [_thread_blocked, id=14396, stack(0x000000129a400000,0x000000129a500000)]
  0x0000016c348baff0 JavaThread "Cache worker for execution history cache (C:\Users\thanh\.gradle\caches\8.0\executionHistory)" [_thread_blocked, id=7924, stack(0x000000129a500000,0x000000129a600000)]
  0x0000016c348bab20 JavaThread "jar transforms" [_thread_blocked, id=18744, stack(0x000000129a600000,0x000000129a700000)]
  0x0000016c348b7b00 JavaThread "jar transforms Thread 2" [_thread_blocked, id=13816, stack(0x000000129a700000,0x000000129a800000)]
  0x0000016c348b9310 JavaThread "jar transforms Thread 3" [_thread_blocked, id=12552, stack(0x000000129a900000,0x000000129aa00000)]
  0x0000016c348bb4c0 JavaThread "jar transforms Thread 4" [_thread_blocked, id=4800, stack(0x000000129aa00000,0x000000129ab00000)]
  0x0000016c348bb990 JavaThread "Cache worker for dependencies-accessors (C:\Users\thanh\AndroidStudioProjects\SharedPreferences\.gradle\8.0\dependencies-accessors)" [_thread_blocked, id=15856, stack(0x000000129ab00000,0x000000129ac00000)]
  0x0000016c348bc800 JavaThread "jar transforms Thread 5" [_thread_blocked, id=13108, stack(0x0000001298800000,0x0000001298900000)]
  0x0000016c348b67c0 JavaThread "Cache worker for Build Output Cleanup Cache (C:\Users\thanh\AndroidStudioProjects\SharedPreferences\.gradle\buildOutputCleanup)" [_thread_blocked, id=9908, stack(0x000000129ac00000,0x000000129ad00000)]
  0x0000016c348bd1a0 JavaThread "Unconstrained build operations" [_thread_blocked, id=16348, stack(0x000000129ae00000,0x000000129af00000)]
  0x0000016c348bd670 JavaThread "Unconstrained build operations Thread 2" [_thread_blocked, id=20256, stack(0x000000129af00000,0x000000129b000000)]
  0x0000016c348bdb40 JavaThread "Unconstrained build operations Thread 3" [_thread_blocked, id=13452, stack(0x000000129b000000,0x000000129b100000)]
  0x0000016c348b7630 JavaThread "Unconstrained build operations Thread 4" [_thread_blocked, id=14500, stack(0x000000129b100000,0x000000129b200000)]
  0x0000016c348be010 JavaThread "Unconstrained build operations Thread 5" [_thread_blocked, id=3648, stack(0x000000129b200000,0x000000129b300000)]
  0x0000016c348b9cb0 JavaThread "Unconstrained build operations Thread 6" [_thread_blocked, id=8228, stack(0x000000129b300000,0x000000129b400000)]
  0x0000016c348ba180 JavaThread "Unconstrained build operations Thread 7" [_thread_blocked, id=700, stack(0x000000129b400000,0x000000129b500000)]
  0x0000016c348ba650 JavaThread "Unconstrained build operations Thread 8" [_thread_blocked, id=1520, stack(0x000000129b500000,0x000000129b600000)]
  0x0000016c36f78890 JavaThread "Unconstrained build operations Thread 9" [_thread_blocked, id=19904, stack(0x000000129b600000,0x000000129b700000)]
  0x0000016c36f78d60 JavaThread "Unconstrained build operations Thread 10" [_thread_blocked, id=18660, stack(0x000000129b700000,0x000000129b800000)]
  0x0000016c36f74ed0 JavaThread "Unconstrained build operations Thread 11" [_thread_blocked, id=13700, stack(0x000000129b800000,0x000000129b900000)]
  0x0000016c36f79bd0 JavaThread "Unconstrained build operations Thread 12" [_thread_blocked, id=11180, stack(0x000000129b900000,0x000000129ba00000)]
  0x0000016c36f783c0 JavaThread "Unconstrained build operations Thread 13" [_thread_blocked, id=11888, stack(0x000000129ba00000,0x000000129bb00000)]
  0x0000016c36f75870 JavaThread "Unconstrained build operations Thread 14" [_thread_blocked, id=16704, stack(0x000000129bb00000,0x000000129bc00000)]
  0x0000016c36f79230 JavaThread "Unconstrained build operations Thread 15" [_thread_blocked, id=17972, stack(0x000000129bc00000,0x000000129bd00000)]
  0x0000016c36f79700 JavaThread "Unconstrained build operations Thread 16" [_thread_blocked, id=19336, stack(0x000000129bd00000,0x000000129be00000)]
  0x0000016c36f7a0a0 JavaThread "Unconstrained build operations Thread 17" [_thread_blocked, id=3500, stack(0x000000129be00000,0x000000129bf00000)]
  0x0000016c36f75d40 JavaThread "Unconstrained build operations Thread 18" [_thread_blocked, id=1092, stack(0x000000129bf00000,0x000000129c000000)]
  0x0000016c36f7a570 JavaThread "Unconstrained build operations Thread 19" [_thread_blocked, id=3276, stack(0x000000129c000000,0x000000129c100000)]
  0x0000016c36f753a0 JavaThread "Unconstrained build operations Thread 20" [_thread_blocked, id=14032, stack(0x000000129c100000,0x000000129c200000)]
  0x0000016c36f7aa40 JavaThread "Unconstrained build operations Thread 21" [_thread_blocked, id=15400, stack(0x000000129c200000,0x000000129c300000)]
  0x0000016c36f7af10 JavaThread "Unconstrained build operations Thread 22" [_thread_blocked, id=13600, stack(0x000000129c300000,0x000000129c400000)]
  0x0000016c36f7c250 JavaThread "Unconstrained build operations Thread 23" [_thread_blocked, id=5616, stack(0x000000129c400000,0x000000129c500000)]
  0x0000016c36f7c720 JavaThread "Unconstrained build operations Thread 24" [_thread_blocked, id=15224, stack(0x000000129c500000,0x000000129c600000)]
  0x0000016c36f7b3e0 JavaThread "Unconstrained build operations Thread 25" [_thread_blocked, id=11860, stack(0x000000129c600000,0x000000129c700000)]
  0x0000016c36f766e0 JavaThread "Unconstrained build operations Thread 26" [_thread_blocked, id=10592, stack(0x000000129c700000,0x000000129c800000)]
  0x0000016c36f76210 JavaThread "Unconstrained build operations Thread 27" [_thread_blocked, id=4876, stack(0x000000129c800000,0x000000129c900000)]
  0x0000016c36f76bb0 JavaThread "Unconstrained build operations Thread 28" [_thread_blocked, id=11536, stack(0x000000129c900000,0x000000129ca00000)]
  0x0000016c36f77080 JavaThread "Unconstrained build operations Thread 29" [_thread_blocked, id=17140, stack(0x000000129ca00000,0x000000129cb00000)]
  0x0000016c36f7b8b0 JavaThread "Unconstrained build operations Thread 30" [_thread_blocked, id=2008, stack(0x000000129cb00000,0x000000129cc00000)]
  0x0000016c36f7bd80 JavaThread "Unconstrained build operations Thread 31" [_thread_blocked, id=12384, stack(0x000000129cc00000,0x000000129cd00000)]
  0x0000016c36f77550 JavaThread "Unconstrained build operations Thread 32" [_thread_blocked, id=19888, stack(0x000000129cd00000,0x000000129ce00000)]
  0x0000016c36f77a20 JavaThread "Unconstrained build operations Thread 33" [_thread_blocked, id=15092, stack(0x000000129ce00000,0x000000129cf00000)]
  0x0000016c36f77ef0 JavaThread "Unconstrained build operations Thread 34" [_thread_blocked, id=18016, stack(0x000000129cf00000,0x000000129d000000)]
  0x0000016c3313fae0 JavaThread "Unconstrained build operations Thread 35" [_thread_blocked, id=11988, stack(0x000000129d000000,0x000000129d100000)]
  0x0000016c3313cac0 JavaThread "Unconstrained build operations Thread 36" [_thread_blocked, id=16960, stack(0x000000129d100000,0x000000129d200000)]
  0x0000016c3313c5f0 JavaThread "Unconstrained build operations Thread 37" [_thread_blocked, id=9260, stack(0x000000129d200000,0x000000129d300000)]
  0x0000016c3313f140 JavaThread "Unconstrained build operations Thread 38" [_thread_blocked, id=5148, stack(0x000000129d300000,0x000000129d400000)]
  0x0000016c331412f0 JavaThread "Unconstrained build operations Thread 39" [_thread_blocked, id=19144, stack(0x000000129d400000,0x000000129d500000)]
  0x0000016c331417c0 JavaThread "Unconstrained build operations Thread 40" [_thread_blocked, id=7016, stack(0x000000129d500000,0x000000129d600000)]
  0x0000016c33140e20 JavaThread "Unconstrained build operations Thread 41" [_thread_blocked, id=13228, stack(0x000000129d600000,0x000000129d700000)]
  0x0000016c3313d930 JavaThread "Unconstrained build operations Thread 42" [_thread_blocked, id=16956, stack(0x000000129d700000,0x000000129d800000)]
  0x0000016c3313f610 JavaThread "Unconstrained build operations Thread 43" [_thread_blocked, id=10444, stack(0x000000129d800000,0x000000129d900000)]
  0x0000016c3313d460 JavaThread "Unconstrained build operations Thread 44" [_thread_blocked, id=18580, stack(0x000000129d900000,0x000000129da00000)]
  0x0000016c3313cf90 JavaThread "Unconstrained build operations Thread 45" [_thread_blocked, id=11196, stack(0x000000129da00000,0x000000129db00000)]
  0x0000016c3313ffb0 JavaThread "Unconstrained build operations Thread 46" [_thread_blocked, id=7152, stack(0x000000129db00000,0x000000129dc00000)]
  0x0000016c3313de00 JavaThread "Unconstrained build operations Thread 47" [_thread_blocked, id=19948, stack(0x000000129dc00000,0x000000129dd00000)]
  0x0000016c3313b2b0 JavaThread "Unconstrained build operations Thread 48" [_thread_blocked, id=4152, stack(0x000000129dd00000,0x000000129de00000)]
  0x0000016c33142160 JavaThread "Unconstrained build operations Thread 49" [_thread_blocked, id=18396, stack(0x000000129de00000,0x000000129df00000)]
  0x0000016c33140480 JavaThread "Unconstrained build operations Thread 50" [_thread_blocked, id=17508, stack(0x000000129df00000,0x000000129e000000)]
  0x0000016c33142630 JavaThread "Unconstrained build operations Thread 51" [_thread_blocked, id=13172, stack(0x000000129e000000,0x000000129e100000)]
  0x0000016c33141c90 JavaThread "Unconstrained build operations Thread 52" [_thread_blocked, id=9080, stack(0x000000129e100000,0x000000129e200000)]
  0x0000016c3313b780 JavaThread "Unconstrained build operations Thread 53" [_thread_blocked, id=10288, stack(0x000000129e200000,0x000000129e300000)]
  0x0000016c3313ec70 JavaThread "Unconstrained build operations Thread 54" [_thread_blocked, id=1872, stack(0x000000129e300000,0x000000129e400000)]
  0x0000016c33140950 JavaThread "Unconstrained build operations Thread 55" [_thread_blocked, id=14664, stack(0x000000129e400000,0x000000129e500000)]
  0x0000016c3313ade0 JavaThread "Unconstrained build operations Thread 56" [_thread_blocked, id=1808, stack(0x000000129e500000,0x000000129e600000)]
  0x0000016c3313bc50 JavaThread "Unconstrained build operations Thread 57" [_thread_blocked, id=15804, stack(0x000000129e600000,0x000000129e700000)]
  0x0000016c3313c120 JavaThread "Unconstrained build operations Thread 58" [_thread_blocked, id=15168, stack(0x000000129e700000,0x000000129e800000)]
  0x0000016c3313e2d0 JavaThread "Unconstrained build operations Thread 59" [_thread_blocked, id=5980, stack(0x000000129e800000,0x000000129e900000)]
  0x0000016c3313e7a0 JavaThread "Unconstrained build operations Thread 60" [_thread_blocked, id=8484, stack(0x000000129e900000,0x000000129ea00000)]
  0x0000016c327de9f0 JavaThread "Unconstrained build operations Thread 61" [_thread_blocked, id=3236, stack(0x000000129ea00000,0x000000129eb00000)]
  0x0000016c327dd6b0 JavaThread "Unconstrained build operations Thread 62" [_thread_blocked, id=14420, stack(0x000000129eb00000,0x000000129ec00000)]
  0x0000016c327e3bc0 JavaThread "Unconstrained build operations Thread 63" [_thread_blocked, id=19268, stack(0x000000129ec00000,0x000000129ed00000)]
  0x0000016c327ddb80 JavaThread "Unconstrained build operations Thread 64" [_thread_blocked, id=3512, stack(0x000000129ed00000,0x000000129ee00000)]
  0x0000016c327deec0 JavaThread "Unconstrained build operations Thread 65" [_thread_blocked, id=5312, stack(0x000000129ee00000,0x000000129ef00000)]
  0x0000016c327e1070 JavaThread "Unconstrained build operations Thread 66" [_thread_blocked, id=18672, stack(0x000000129ef00000,0x000000129f000000)]
  0x0000016c327e1540 JavaThread "Unconstrained build operations Thread 67" [_thread_blocked, id=9000, stack(0x000000129f000000,0x000000129f100000)]
  0x0000016c327e1a10 JavaThread "Unconstrained build operations Thread 68" [_thread_blocked, id=9640, stack(0x000000129f100000,0x000000129f200000)]
  0x0000016c327dfd30 JavaThread "Unconstrained build operations Thread 69" [_thread_blocked, id=8592, stack(0x000000129f200000,0x000000129f300000)]
  0x0000016c327df390 JavaThread "Unconstrained build operations Thread 70" [_thread_blocked, id=9416, stack(0x000000129f300000,0x000000129f400000)]
  0x0000016c327e1ee0 JavaThread "Unconstrained build operations Thread 71" [_thread_blocked, id=12528, stack(0x000000129f400000,0x000000129f500000)]
  0x0000016c327e3220 JavaThread "Unconstrained build operations Thread 72" [_thread_blocked, id=17628, stack(0x000000129f500000,0x000000129f600000)]
  0x0000016c327df860 JavaThread "Unconstrained build operations Thread 73" [_thread_blocked, id=11044, stack(0x000000129f600000,0x000000129f700000)]
  0x0000016c327e0ba0 JavaThread "Unconstrained build operations Thread 74" [_thread_blocked, id=18748, stack(0x000000129f700000,0x000000129f800000)]
  0x0000016c327e23b0 JavaThread "Unconstrained build operations Thread 75" [_thread_blocked, id=2788, stack(0x000000129f800000,0x000000129f900000)]
  0x0000016c327e36f0 JavaThread "Unconstrained build operations Thread 76" [_thread_blocked, id=6224, stack(0x000000129f900000,0x000000129fa00000)]
  0x0000016c327dcd10 JavaThread "Unconstrained build operations Thread 77" [_thread_blocked, id=16720, stack(0x000000129fa00000,0x000000129fb00000)]
  0x0000016c327e2880 JavaThread "Unconstrained build operations Thread 78" [_thread_blocked, id=17400, stack(0x000000129fb00000,0x000000129fc00000)]
  0x0000016c327e4090 JavaThread "Unconstrained build operations Thread 79" [_thread_blocked, id=19832, stack(0x000000129fc00000,0x000000129fd00000)]
  0x0000016c327e2d50 JavaThread "Unconstrained build operations Thread 80" [_thread_blocked, id=2956, stack(0x000000129fd00000,0x000000129fe00000)]
  0x0000016c327e0200 JavaThread "jar transforms Thread 6" [_thread_blocked, id=14600, stack(0x000000129fe00000,0x000000129ff00000)]
  0x0000016c327e06d0 JavaThread "jar transforms Thread 7" [_thread_blocked, id=6020, stack(0x000000129ff00000,0x00000012a0000000)]
  0x0000016c327e4560 JavaThread "jar transforms Thread 8" [_thread_blocked, id=14376, stack(0x00000012a0000000,0x00000012a0100000)]
  0x0000016c327de050 JavaThread "build event listener" [_thread_blocked, id=18848, stack(0x000000129ad00000,0x000000129ae00000)]
  0x0000016c34b6d420 JavaThread "Memory manager" [_thread_blocked, id=2268, stack(0x00000012a0100000,0x00000012a0200000)]
  0x0000016c37cebd50 JavaThread "C2 CompilerThread1" daemon [_thread_blocked, id=7788, stack(0x00000012a0200000,0x00000012a0300000)]
  0x0000016c34b68250 JavaThread "included builds" [_thread_blocked, id=8536, stack(0x00000012a0300000,0x00000012a0400000)]
  0x0000016c34b69a60 JavaThread "Execution worker" [_thread_blocked, id=1820, stack(0x00000012a0400000,0x00000012a0500000)]
  0x0000016c34b6a8d0 JavaThread "Execution worker Thread 2" [_thread_blocked, id=15448, stack(0x00000012a0500000,0x00000012a0600000)]
  0x0000016c34b6a400 JavaThread "Execution worker Thread 3" [_thread_blocked, id=19920, stack(0x00000012a0600000,0x00000012a0700000)]
  0x0000016c34b690c0 JavaThread "Execution worker Thread 4" [_thread_blocked, id=5264, stack(0x00000012a0700000,0x00000012a0800000)]
  0x0000016c34b6ddc0 JavaThread "Execution worker Thread 5" [_thread_blocked, id=5756, stack(0x00000012a0800000,0x00000012a0900000)]
  0x0000016c34b6e290 JavaThread "Execution worker Thread 6" [_thread_blocked, id=11796, stack(0x00000012a0900000,0x00000012a0a00000)]
  0x0000016c34b6b270 JavaThread "Execution worker Thread 7" [_thread_blocked, id=18800, stack(0x00000012a0a00000,0x00000012a0b00000)]
  0x0000016c34b6ca80 JavaThread "Cache worker for execution history cache (C:\Users\thanh\AndroidStudioProjects\SharedPreferences\.gradle\8.0\executionHistory)" [_thread_blocked, id=2084, stack(0x00000012a0b00000,0x00000012a0c00000)]
  0x0000016c34b6c5b0 JavaThread "WorkerExecutor Queue" [_thread_blocked, id=19584, stack(0x00000012a0c00000,0x00000012a0d00000)]

Other Threads:
=>0x0000016c315aee40 VMThread "VM Thread" [stack: 0x0000001297b00000,0x0000001297c00000] [id=19588]
  0x0000016c32060ed0 WatcherThread [stack: 0x0000001298700000,0x0000001298800000] [id=2452]
  0x0000016c177a5c80 GCTaskThread "GC Thread#0" [stack: 0x0000001297600000,0x0000001297700000] [id=18376]
  0x0000016c3243dde0 GCTaskThread "GC Thread#1" [stack: 0x0000001298a00000,0x0000001298b00000] [id=8916]
  0x0000016c32ee7f30 GCTaskThread "GC Thread#2" [stack: 0x0000001298b00000,0x0000001298c00000] [id=4884]
  0x0000016c32ee81e0 GCTaskThread "GC Thread#3" [stack: 0x0000001298c00000,0x0000001298d00000] [id=15232]
  0x0000016c33522d60 GCTaskThread "GC Thread#4" [stack: 0x0000001298d00000,0x0000001298e00000] [id=15636]
  0x0000016c33b22f60 GCTaskThread "GC Thread#5" [stack: 0x0000001299700000,0x0000001299800000] [id=16472]
  0x0000016c33912f00 GCTaskThread "GC Thread#6" [stack: 0x0000001299800000,0x0000001299900000] [id=6804]
  0x0000016c34cddec0 GCTaskThread "GC Thread#7" [stack: 0x0000001299900000,0x0000001299a00000] [id=11356]
  0x0000016c177b6bc0 ConcurrentGCThread "G1 Main Marker" [stack: 0x0000001297700000,0x0000001297800000] [id=15248]
  0x0000016c177b75d0 ConcurrentGCThread "G1 Conc#0" [stack: 0x0000001297800000,0x0000001297900000] [id=12236]
  0x0000016c348fa030 ConcurrentGCThread "G1 Conc#1" [stack: 0x0000001299a00000,0x0000001299b00000] [id=17844]
  0x0000016c313f24b0 ConcurrentGCThread "G1 Refine#0" [stack: 0x0000001297900000,0x0000001297a00000] [id=5848]
  0x0000016c36973e40 ConcurrentGCThread "G1 Refine#1" [stack: 0x000000129a800000,0x000000129a900000] [id=16976]
  0x0000016c1780b9c0 ConcurrentGCThread "G1 Service" [stack: 0x0000001297a00000,0x0000001297b00000] [id=10316]

Threads with active compile tasks:
C2 CompilerThread0    19980 10669       4       java.util.HashMap::removeNode (291 bytes)
C1 CompilerThread0    19980 10685   !   3       org.gradle.api.internal.artifacts.transform.TransformingAsyncArtifactListener$TransformedArtifact::prepareInvocation (164 bytes)
C2 CompilerThread1    19981 10657   !   4       java.util.concurrent.ConcurrentHashMap::putVal (432 bytes)

VM state: at safepoint (normal execution)

VM Mutex/Monitor currently owned by a thread:  ([mutex/lock_event])
[0x0000016c17743650] Threads_lock - owner thread: 0x0000016c315aee40
[0x0000016c17743920] Heap_lock - owner thread: 0x0000016c348baff0

Heap address: 0x0000000080000000, size: 2048 MB, Compressed Oops mode: 32-bit

CDS archive(s) not mapped
Compressed class space mapped at: 0x0000000100000000-0x0000000140000000, reserved size: 1073741824
Narrow klass base: 0x0000000000000000, Narrow klass shift: 3, Narrow klass range: 0x140000000

GC Precious Log:
 CPUs: 8 total, 8 available
 Memory: 7894M
 Large Page Support: Disabled
 NUMA Support: Disabled
 Compressed Oops: Enabled (32-bit)
 Heap Region Size: 1M
 Heap Min Capacity: 8M
 Heap Initial Capacity: 124M
 Heap Max Capacity: 2G
 Pre-touch: Disabled
 Parallel Workers: 8
 Concurrent Workers: 2
 Concurrent Refinement Workers: 8
 Periodic GC: Disabled

Heap:
 garbage-first heap   total 138240K, used 81165K [0x0000000080000000, 0x0000000100000000)
  region size 1024K, 3 young (3072K), 3 survivors (3072K)
 Metaspace       used 86297K, committed 86912K, reserved 1130496K
  class space    used 11754K, committed 12032K, reserved 1048576K

Heap Regions: E=young(eden), S=young(survivor), O=old, HS=humongous(starts), HC=humongous(continues), CS=collection set, F=free, OA=open archive, CA=closed archive, TAMS=top-at-mark-start (previous, next)
|   0|0x0000000080000000, 0x0000000080100000, 0x0000000080100000|100%|HS|  |TAMS 0x0000000080100000, 0x0000000080100000| Complete 
|   1|0x0000000080100000, 0x0000000080200000, 0x0000000080200000|100%|HC|  |TAMS 0x0000000080200000, 0x0000000080200000| Complete 
|   2|0x0000000080200000, 0x0000000080300000, 0x0000000080300000|100%|HC|  |TAMS 0x0000000080300000, 0x0000000080300000| Complete 
|   3|0x0000000080300000, 0x0000000080400000, 0x0000000080400000|100%|HC|  |TAMS 0x0000000080400000, 0x0000000080400000| Complete 
|   4|0x0000000080400000, 0x0000000080500000, 0x0000000080500000|100%| O|  |TAMS 0x0000000080500000, 0x0000000080500000| Untracked 
|   5|0x0000000080500000, 0x0000000080600000, 0x0000000080600000|100%| O|  |TAMS 0x0000000080600000, 0x0000000080600000| Untracked 
|   6|0x0000000080600000, 0x0000000080700000, 0x0000000080700000|100%| O|  |TAMS 0x0000000080700000, 0x0000000080700000| Untracked 
|   7|0x0000000080700000, 0x0000000080800000, 0x0000000080800000|100%| O|  |TAMS 0x0000000080800000, 0x0000000080800000| Untracked 
|   8|0x0000000080800000, 0x0000000080900000, 0x0000000080900000|100%| O|  |TAMS 0x0000000080900000, 0x0000000080900000| Untracked 
|   9|0x0000000080900000, 0x0000000080a00000, 0x0000000080a00000|100%| O|  |TAMS 0x0000000080a00000, 0x0000000080a00000| Untracked 
|  10|0x0000000080a00000, 0x0000000080b00000, 0x0000000080b00000|100%| O|  |TAMS 0x0000000080b00000, 0x0000000080b00000| Untracked 
|  11|0x0000000080b00000, 0x0000000080c00000, 0x0000000080c00000|100%| O|  |TAMS 0x0000000080c00000, 0x0000000080c00000| Untracked 
|  12|0x0000000080c00000, 0x0000000080d00000, 0x0000000080d00000|100%| O|  |TAMS 0x0000000080d00000, 0x0000000080d00000| Untracked 
|  13|0x0000000080d00000, 0x0000000080e00000, 0x0000000080e00000|100%| O|  |TAMS 0x0000000080e00000, 0x0000000080e00000| Untracked 
|  14|0x0000000080e00000, 0x0000000080f00000, 0x0000000080f00000|100%| O|  |TAMS 0x0000000080f00000, 0x0000000080f00000| Untracked 
|  15|0x0000000080f00000, 0x0000000081000000, 0x0000000081000000|100%| O|  |TAMS 0x0000000081000000, 0x0000000081000000| Untracked 
|  16|0x0000000081000000, 0x0000000081100000, 0x0000000081100000|100%| O|  |TAMS 0x0000000081100000, 0x0000000081100000| Untracked 
|  17|0x0000000081100000, 0x0000000081200000, 0x0000000081200000|100%| O|  |TAMS 0x0000000081200000, 0x0000000081200000| Untracked 
|  18|0x0000000081200000, 0x0000000081300000, 0x0000000081300000|100%| O|  |TAMS 0x0000000081300000, 0x0000000081300000| Untracked 
|  19|0x0000000081300000, 0x0000000081400000, 0x0000000081400000|100%| O|  |TAMS 0x0000000081400000, 0x0000000081400000| Untracked 
|  20|0x0000000081400000, 0x0000000081500000, 0x0000000081500000|100%| O|  |TAMS 0x0000000081500000, 0x0000000081500000| Untracked 
|  21|0x0000000081500000, 0x0000000081600000, 0x0000000081600000|100%| O|  |TAMS 0x0000000081600000, 0x0000000081600000| Untracked 
|  22|0x0000000081600000, 0x0000000081700000, 0x0000000081700000|100%| O|  |TAMS 0x0000000081700000, 0x0000000081700000| Untracked 
|  23|0x0000000081700000, 0x0000000081800000, 0x0000000081800000|100%| O|  |TAMS 0x0000000081800000, 0x0000000081800000| Untracked 
|  24|0x0000000081800000, 0x0000000081900000, 0x0000000081900000|100%| O|  |TAMS 0x0000000081900000, 0x0000000081900000| Untracked 
|  25|0x0000000081900000, 0x0000000081a00000, 0x0000000081a00000|100%| O|  |TAMS 0x0000000081a00000, 0x0000000081a00000| Untracked 
|  26|0x0000000081a00000, 0x0000000081b00000, 0x0000000081b00000|100%| O|  |TAMS 0x0000000081b00000, 0x0000000081b00000| Untracked 
|  27|0x0000000081b00000, 0x0000000081c00000, 0x0000000081c00000|100%| O|  |TAMS 0x0000000081c00000, 0x0000000081c00000| Untracked 
|  28|0x0000000081c00000, 0x0000000081d00000, 0x0000000081d00000|100%| O|  |TAMS 0x0000000081d00000, 0x0000000081d00000| Untracked 
|  29|0x0000000081d00000, 0x0000000081e00000, 0x0000000081e00000|100%| O|  |TAMS 0x0000000081e00000, 0x0000000081e00000| Untracked 
|  30|0x0000000081e00000, 0x0000000081f00000, 0x0000000081f00000|100%| O|  |TAMS 0x0000000081f00000, 0x0000000081f00000| Untracked 
|  31|0x0000000081f00000, 0x0000000082000000, 0x0000000082000000|100%| O|  |TAMS 0x0000000082000000, 0x0000000082000000| Untracked 
|  32|0x0000000082000000, 0x0000000082100000, 0x0000000082100000|100%| O|  |TAMS 0x0000000082100000, 0x0000000082100000| Untracked 
|  33|0x0000000082100000, 0x0000000082200000, 0x0000000082200000|100%|HS|  |TAMS 0x0000000082200000, 0x0000000082200000| Complete 
|  34|0x0000000082200000, 0x0000000082300000, 0x0000000082300000|100%|HS|  |TAMS 0x0000000082300000, 0x0000000082300000| Complete 
|  35|0x0000000082300000, 0x0000000082400000, 0x0000000082400000|100%| O|  |TAMS 0x0000000082400000, 0x0000000082400000| Untracked 
|  36|0x0000000082400000, 0x0000000082500000, 0x0000000082500000|100%| O|  |TAMS 0x0000000082500000, 0x0000000082500000| Untracked 
|  37|0x0000000082500000, 0x0000000082600000, 0x0000000082600000|100%| O|  |TAMS 0x0000000082600000, 0x0000000082600000| Untracked 
|  38|0x0000000082600000, 0x0000000082700000, 0x0000000082700000|100%| O|  |TAMS 0x0000000082700000, 0x0000000082700000| Untracked 
|  39|0x0000000082700000, 0x0000000082700000, 0x0000000082800000|  0%| F|  |TAMS 0x0000000082700000, 0x0000000082700000| Untracked 
|  40|0x0000000082800000, 0x0000000082900000, 0x0000000082900000|100%| O|  |TAMS 0x0000000082900000, 0x0000000082900000| Untracked 
|  41|0x0000000082900000, 0x0000000082a00000, 0x0000000082a00000|100%| O|  |TAMS 0x0000000082a00000, 0x0000000082a00000| Untracked 
|  42|0x0000000082a00000, 0x0000000082b00000, 0x0000000082b00000|100%| O|  |TAMS 0x0000000082b00000, 0x0000000082b00000| Untracked 
|  43|0x0000000082b00000, 0x0000000082c00000, 0x0000000082c00000|100%| O|  |TAMS 0x0000000082c00000, 0x0000000082c00000| Untracked 
|  44|0x0000000082c00000, 0x0000000082d00000, 0x0000000082d00000|100%| O|  |TAMS 0x0000000082d00000, 0x0000000082d00000| Untracked 
|  45|0x0000000082d00000, 0x0000000082e00000, 0x0000000082e00000|100%| O|  |TAMS 0x0000000082e00000, 0x0000000082e00000| Untracked 
|  46|0x0000000082e00000, 0x0000000082f00000, 0x0000000082f00000|100%| O|  |TAMS 0x0000000082f00000, 0x0000000082f00000| Untracked 
|  47|0x0000000082f00000, 0x0000000083000000, 0x0000000083000000|100%| O|  |TAMS 0x0000000083000000, 0x0000000083000000| Untracked 
|  48|0x0000000083000000, 0x0000000083100000, 0x0000000083100000|100%| O|  |TAMS 0x0000000083100000, 0x0000000083100000| Untracked 
|  49|0x0000000083100000, 0x0000000083200000, 0x0000000083200000|100%| O|  |TAMS 0x0000000083200000, 0x0000000083200000| Untracked 
|  50|0x0000000083200000, 0x0000000083300000, 0x0000000083300000|100%| O|  |TAMS 0x0000000083300000, 0x0000000083300000| Untracked 
|  51|0x0000000083300000, 0x0000000083400000, 0x0000000083400000|100%| O|  |TAMS 0x0000000083400000, 0x0000000083400000| Untracked 
|  52|0x0000000083400000, 0x0000000083500000, 0x0000000083500000|100%| O|  |TAMS 0x0000000083500000, 0x0000000083500000| Untracked 
|  53|0x0000000083500000, 0x0000000083600000, 0x0000000083600000|100%| O|  |TAMS 0x0000000083600000, 0x0000000083600000| Untracked 
|  54|0x0000000083600000, 0x0000000083700000, 0x0000000083700000|100%| O|  |TAMS 0x0000000083700000, 0x0000000083700000| Untracked 
|  55|0x0000000083700000, 0x0000000083800000, 0x0000000083800000|100%| O|  |TAMS 0x0000000083800000, 0x0000000083800000| Untracked 
|  56|0x0000000083800000, 0x0000000083900000, 0x0000000083900000|100%| O|  |TAMS 0x0000000083900000, 0x0000000083900000| Untracked 
|  57|0x0000000083900000, 0x0000000083a00000, 0x0000000083a00000|100%| O|  |TAMS 0x0000000083a00000, 0x0000000083a00000| Untracked 
|  58|0x0000000083a00000, 0x0000000083b00000, 0x0000000083b00000|100%| O|  |TAMS 0x0000000083b00000, 0x0000000083b00000| Untracked 
|  59|0x0000000083b00000, 0x0000000083c00000, 0x0000000083c00000|100%| O|  |TAMS 0x0000000083c00000, 0x0000000083c00000| Untracked 
|  60|0x0000000083c00000, 0x0000000083d00000, 0x0000000083d00000|100%| O|  |TAMS 0x0000000083d00000, 0x0000000083d00000| Untracked 
|  61|0x0000000083d00000, 0x0000000083e00000, 0x0000000083e00000|100%| O|  |TAMS 0x0000000083e00000, 0x0000000083e00000| Untracked 
|  62|0x0000000083e00000, 0x0000000083f00000, 0x0000000083f00000|100%| O|  |TAMS 0x0000000083f00000, 0x0000000083f00000| Untracked 
|  63|0x0000000083f00000, 0x0000000084000000, 0x0000000084000000|100%| O|  |TAMS 0x0000000084000000, 0x0000000084000000| Untracked 
|  64|0x0000000084000000, 0x0000000084100000, 0x0000000084100000|100%| O|  |TAMS 0x00000000840ac200, 0x0000000084100000| Untracked 
|  65|0x0000000084100000, 0x0000000084200000, 0x0000000084200000|100%| O|  |TAMS 0x0000000084100000, 0x0000000084200000| Untracked 
|  66|0x0000000084200000, 0x0000000084300000, 0x0000000084300000|100%| O|  |TAMS 0x0000000084200000, 0x0000000084300000| Untracked 
|  67|0x0000000084300000, 0x0000000084400000, 0x0000000084400000|100%| O|  |TAMS 0x0000000084300000, 0x0000000084400000| Untracked 
|  68|0x0000000084400000, 0x0000000084500000, 0x0000000084500000|100%| O|  |TAMS 0x0000000084400000, 0x0000000084500000| Untracked 
|  69|0x0000000084500000, 0x0000000084600000, 0x0000000084600000|100%| O|  |TAMS 0x0000000084500000, 0x0000000084600000| Untracked 
|  70|0x0000000084600000, 0x0000000084700000, 0x0000000084700000|100%| O|  |TAMS 0x0000000084600000, 0x0000000084700000| Untracked 
|  71|0x0000000084700000, 0x0000000084800000, 0x0000000084800000|100%| O|  |TAMS 0x0000000084700000, 0x0000000084800000| Untracked 
|  72|0x0000000084800000, 0x0000000084900000, 0x0000000084900000|100%| O|  |TAMS 0x0000000084800000, 0x0000000084900000| Untracked 
|  73|0x0000000084900000, 0x0000000084a00000, 0x0000000084a00000|100%| O|  |TAMS 0x0000000084900000, 0x0000000084a00000| Untracked 
|  74|0x0000000084a00000, 0x0000000084b00000, 0x0000000084b00000|100%| O|  |TAMS 0x0000000084a00000, 0x0000000084b00000| Untracked 
|  75|0x0000000084b00000, 0x0000000084c00000, 0x0000000084c00000|100%| O|  |TAMS 0x0000000084b00000, 0x0000000084c00000| Untracked 
|  76|0x0000000084c00000, 0x0000000084d00000, 0x0000000084d00000|100%| O|  |TAMS 0x0000000084c00000, 0x0000000084d00000| Untracked 
|  77|0x0000000084d00000, 0x0000000084da0600, 0x0000000084e00000| 62%| O|  |TAMS 0x0000000084d00000, 0x0000000084da0600| Untracked 
|  78|0x0000000084e00000, 0x0000000084e00000, 0x0000000084f00000|  0%| F|  |TAMS 0x0000000084e00000, 0x0000000084e00000| Untracked 
|  79|0x0000000084f00000, 0x0000000084f00000, 0x0000000085000000|  0%| F|  |TAMS 0x0000000084f00000, 0x0000000084f00000| Untracked 
|  80|0x0000000085000000, 0x0000000085000000, 0x0000000085100000|  0%| F|  |TAMS 0x0000000085000000, 0x0000000085000000| Untracked 
|  81|0x0000000085100000, 0x0000000085100000, 0x0000000085200000|  0%| F|  |TAMS 0x0000000085100000, 0x0000000085100000| Untracked 
|  82|0x0000000085200000, 0x0000000085200000, 0x0000000085300000|  0%| F|  |TAMS 0x0000000085200000, 0x0000000085200000| Untracked 
|  83|0x0000000085300000, 0x0000000085300000, 0x0000000085400000|  0%| F|  |TAMS 0x0000000085300000, 0x0000000085300000| Untracked 
|  84|0x0000000085400000, 0x0000000085400000, 0x0000000085500000|  0%| F|  |TAMS 0x0000000085400000, 0x0000000085400000| Untracked 
|  85|0x0000000085500000, 0x0000000085500000, 0x0000000085600000|  0%| F|  |TAMS 0x0000000085500000, 0x0000000085500000| Untracked 
|  86|0x0000000085600000, 0x0000000085600000, 0x0000000085700000|  0%| F|  |TAMS 0x0000000085600000, 0x0000000085600000| Untracked 
|  87|0x0000000085700000, 0x0000000085700000, 0x0000000085800000|  0%| F|  |TAMS 0x0000000085700000, 0x0000000085700000| Untracked 
|  88|0x0000000085800000, 0x0000000085800000, 0x0000000085900000|  0%| F|  |TAMS 0x0000000085800000, 0x0000000085800000| Untracked 
|  89|0x0000000085900000, 0x0000000085900000, 0x0000000085a00000|  0%| F|  |TAMS 0x0000000085900000, 0x0000000085900000| Untracked 
|  90|0x0000000085a00000, 0x0000000085a00000, 0x0000000085b00000|  0%| F|  |TAMS 0x0000000085a00000, 0x0000000085a00000| Untracked 
|  91|0x0000000085b00000, 0x0000000085b00000, 0x0000000085c00000|  0%| F|  |TAMS 0x0000000085b00000, 0x0000000085b00000| Untracked 
|  92|0x0000000085c00000, 0x0000000085c00000, 0x0000000085d00000|  0%| F|  |TAMS 0x0000000085c00000, 0x0000000085c00000| Untracked 
|  93|0x0000000085d00000, 0x0000000085d00000, 0x0000000085e00000|  0%| F|  |TAMS 0x0000000085d00000, 0x0000000085d00000| Untracked 
|  94|0x0000000085e00000, 0x0000000085e00000, 0x0000000085f00000|  0%| F|  |TAMS 0x0000000085e00000, 0x0000000085e00000| Untracked 
|  95|0x0000000085f00000, 0x0000000085f00000, 0x0000000086000000|  0%| F|  |TAMS 0x0000000085f00000, 0x0000000085f00000| Untracked 
|  96|0x0000000086000000, 0x0000000086000000, 0x0000000086100000|  0%| F|  |TAMS 0x0000000086000000, 0x0000000086000000| Untracked 
|  97|0x0000000086100000, 0x0000000086100000, 0x0000000086200000|  0%| F|  |TAMS 0x0000000086100000, 0x0000000086100000| Untracked 
|  98|0x0000000086200000, 0x00000000862a2f90, 0x0000000086300000| 63%| S|CS|TAMS 0x0000000086200000, 0x0000000086200000| Complete 
|  99|0x0000000086300000, 0x0000000086400000, 0x0000000086400000|100%| S|CS|TAMS 0x0000000086300000, 0x0000000086300000| Complete 
| 100|0x0000000086400000, 0x0000000086500000, 0x0000000086500000|100%| S|CS|TAMS 0x0000000086400000, 0x0000000086400000| Complete 
| 101|0x0000000086500000, 0x0000000086500000, 0x0000000086600000|  0%| F|  |TAMS 0x0000000086500000, 0x0000000086500000| Untracked 
| 102|0x0000000086600000, 0x0000000086600000, 0x0000000086700000|  0%| F|  |TAMS 0x0000000086600000, 0x0000000086600000| Untracked 
| 103|0x0000000086700000, 0x0000000086700000, 0x0000000086800000|  0%| F|  |TAMS 0x0000000086700000, 0x0000000086700000| Untracked 
| 104|0x0000000086800000, 0x0000000086800000, 0x0000000086900000|  0%| F|  |TAMS 0x0000000086800000, 0x0000000086800000| Untracked 
| 105|0x0000000086900000, 0x0000000086900000, 0x0000000086a00000|  0%| F|  |TAMS 0x0000000086900000, 0x0000000086900000| Untracked 
| 106|0x0000000086a00000, 0x0000000086a00000, 0x0000000086b00000|  0%| F|  |TAMS 0x0000000086a00000, 0x0000000086a00000| Untracked 
| 107|0x0000000086b00000, 0x0000000086b00000, 0x0000000086c00000|  0%| F|  |TAMS 0x0000000086b00000, 0x0000000086b00000| Untracked 
| 108|0x0000000086c00000, 0x0000000086c00000, 0x0000000086d00000|  0%| F|  |TAMS 0x0000000086c00000, 0x0000000086c00000| Untracked 
| 109|0x0000000086d00000, 0x0000000086d00000, 0x0000000086e00000|  0%| F|  |TAMS 0x0000000086d00000, 0x0000000086d00000| Untracked 
| 110|0x0000000086e00000, 0x0000000086e00000, 0x0000000086f00000|  0%| F|  |TAMS 0x0000000086e00000, 0x0000000086e00000| Untracked 
| 111|0x0000000086f00000, 0x0000000086f00000, 0x0000000087000000|  0%| F|  |TAMS 0x0000000086f00000, 0x0000000086f00000| Untracked 
| 112|0x0000000087000000, 0x0000000087000000, 0x0000000087100000|  0%| F|  |TAMS 0x0000000087000000, 0x0000000087000000| Untracked 
| 113|0x0000000087100000, 0x0000000087100000, 0x0000000087200000|  0%| F|  |TAMS 0x0000000087100000, 0x0000000087100000| Untracked 
| 114|0x0000000087200000, 0x0000000087200000, 0x0000000087300000|  0%| F|  |TAMS 0x0000000087200000, 0x0000000087200000| Untracked 
| 115|0x0000000087300000, 0x0000000087300000, 0x0000000087400000|  0%| F|  |TAMS 0x0000000087300000, 0x0000000087300000| Untracked 
| 116|0x0000000087400000, 0x0000000087400000, 0x0000000087500000|  0%| F|  |TAMS 0x0000000087400000, 0x0000000087400000| Untracked 
| 117|0x0000000087500000, 0x0000000087500000, 0x0000000087600000|  0%| F|  |TAMS 0x0000000087500000, 0x0000000087500000| Untracked 
| 118|0x0000000087600000, 0x0000000087600000, 0x0000000087700000|  0%| F|  |TAMS 0x0000000087600000, 0x0000000087600000| Untracked 
| 119|0x0000000087700000, 0x0000000087700000, 0x0000000087800000|  0%| F|  |TAMS 0x0000000087700000, 0x0000000087700000| Untracked 
| 120|0x0000000087800000, 0x0000000087800000, 0x0000000087900000|  0%| F|  |TAMS 0x0000000087800000, 0x0000000087800000| Untracked 
| 121|0x0000000087900000, 0x0000000087900000, 0x0000000087a00000|  0%| F|  |TAMS 0x0000000087900000, 0x0000000087900000| Untracked 
| 122|0x0000000087a00000, 0x0000000087a00000, 0x0000000087b00000|  0%| F|  |TAMS 0x0000000087a00000, 0x0000000087a00000| Untracked 
| 123|0x0000000087b00000, 0x0000000087b00000, 0x0000000087c00000|  0%| F|  |TAMS 0x0000000087b00000, 0x0000000087b00000| Untracked 
| 124|0x0000000087c00000, 0x0000000087c00000, 0x0000000087d00000|  0%| F|  |TAMS 0x0000000087c00000, 0x0000000087c00000| Untracked 
| 125|0x0000000087d00000, 0x0000000087d00000, 0x0000000087e00000|  0%| F|  |TAMS 0x0000000087d00000, 0x0000000087d00000| Untracked 
| 126|0x0000000087e00000, 0x0000000087e00000, 0x0000000087f00000|  0%| F|  |TAMS 0x0000000087e00000, 0x0000000087e00000| Untracked 
| 127|0x0000000087f00000, 0x0000000087f00000, 0x0000000088000000|  0%| F|  |TAMS 0x0000000087f00000, 0x0000000087f00000| Untracked 
| 128|0x0000000088000000, 0x0000000088000000, 0x0000000088100000|  0%| F|  |TAMS 0x0000000088000000, 0x0000000088000000| Untracked 
| 129|0x0000000088100000, 0x0000000088100000, 0x0000000088200000|  0%| F|  |TAMS 0x0000000088100000, 0x0000000088100000| Untracked 
| 130|0x0000000088200000, 0x0000000088200000, 0x0000000088300000|  0%| F|  |TAMS 0x0000000088200000, 0x0000000088200000| Untracked 
| 131|0x0000000088300000, 0x0000000088300000, 0x0000000088400000|  0%| F|  |TAMS 0x0000000088300000, 0x0000000088300000| Untracked 
| 132|0x0000000088400000, 0x0000000088400000, 0x0000000088500000|  0%| F|  |TAMS 0x0000000088400000, 0x0000000088400000| Untracked 
| 133|0x0000000088500000, 0x0000000088500000, 0x0000000088600000|  0%| F|  |TAMS 0x0000000088500000, 0x0000000088500000| Untracked 
| 134|0x0000000088600000, 0x0000000088600000, 0x0000000088700000|  0%| F|  |TAMS 0x0000000088600000, 0x0000000088600000| Untracked 

Card table byte_map: [0x0000016c2a340000,0x0000016c2a740000] _byte_map_base: 0x0000016c29f40000

Marking Bits (Prev, Next): (CMBitMap*) 0x0000016c177a62d0, (CMBitMap*) 0x0000016c177a6290
 Prev Bits: [0x0000016c2cb40000, 0x0000016c2eb40000)
 Next Bits: [0x0000016c2ab40000, 0x0000016c2cb40000)

Polling page: 0x0000016c15750000

Metaspace:

Usage:
  Non-class:     72.80 MB used.
      Class:     11.48 MB used.
       Both:     84.27 MB used.

Virtual space:
  Non-class space:       80.00 MB reserved,      73.12 MB ( 91%) committed,  10 nodes.
      Class space:        1.00 GB reserved,      11.75 MB (  1%) committed,  1 nodes.
             Both:        1.08 GB reserved,      84.88 MB (  8%) committed. 

Chunk freelists:
   Non-Class:  2.14 MB
       Class:  208.00 KB
        Both:  2.34 MB

MaxMetaspaceSize: unlimited
CompressedClassSpaceSize: 1.00 GB
Initial GC threshold: 21.00 MB
Current GC threshold: 138.06 MB
CDS: off
MetaspaceReclaimPolicy: balanced
 - commit_granule_bytes: 65536.
 - commit_granule_words: 8192.
 - virtual_space_node_default_size: 1048576.
 - enlarge_chunks_in_place: 1.
 - new_chunks_are_fully_committed: 0.
 - uncommit_free_chunks: 1.
 - use_allocation_guard: 0.
 - handle_deallocations: 1.


Internal statistics:

num_allocs_failed_limit: 6.
num_arena_births: 898.
num_arena_deaths: 0.
num_vsnodes_births: 11.
num_vsnodes_deaths: 0.
num_space_committed: 1358.
num_space_uncommitted: 0.
num_chunks_returned_to_freelist: 6.
num_chunks_taken_from_freelist: 4077.
num_chunk_merges: 6.
num_chunk_splits: 2626.
num_chunks_enlarged: 1705.
num_purges: 0.
num_inconsistent_stats: 0.

CodeHeap 'non-profiled nmethods': size=120000Kb used=5862Kb max_used=5862Kb free=114137Kb
 bounds [0x0000016c226e0000, 0x0000016c22ca0000, 0x0000016c29c10000]
CodeHeap 'profiled nmethods': size=120000Kb used=19474Kb max_used=19474Kb free=100525Kb
 bounds [0x0000016c1ac10000, 0x0000016c1bf20000, 0x0000016c22140000]
CodeHeap 'non-nmethods': size=5760Kb used=2379Kb max_used=2435Kb free=3380Kb
 bounds [0x0000016c22140000, 0x0000016c223b0000, 0x0000016c226e0000]
 total_blobs=10687 nmethods=9790 adapters=809
 compilation: enabled
              stopped_count=0, restarted_count=0
 full_count=0

Compilation events (20 events):
Event: 19.921 Thread 0x0000016c320441d0 10672       3       java.io.SerialCallbackContext::checkAndSetUsed (26 bytes)
Event: 19.921 Thread 0x0000016c32043730 10666       4       java.io.ObjectOutputStream$HandleTable::lookup (56 bytes)
Event: 19.921 Thread 0x0000016c320441d0 nmethod 10672 0x0000016c1bf10d90 code [0x0000016c1bf10f40, 0x0000016c1bf11168]
Event: 19.924 Thread 0x0000016c320441d0 10673       1       org.gradle.internal.component.external.model.UrlBackedArtifactMetadata::getComponentId (5 bytes)
Event: 19.924 Thread 0x0000016c320441d0 nmethod 10673 0x0000016c22c99210 code [0x0000016c22c993a0, 0x0000016c22c99478]
Event: 19.924 Thread 0x0000016c32043730 nmethod 10666 0x0000016c22c99510 code [0x0000016c22c996a0, 0x0000016c22c99888]
Event: 19.924 Thread 0x0000016c32043730 10669       4       java.util.HashMap::removeNode (291 bytes)
Event: 19.924 Thread 0x0000016c320441d0 10674       3       java.util.BitSet::clear (70 bytes)
Event: 19.925 Thread 0x0000016c320441d0 nmethod 10674 0x0000016c1bf11210 code [0x0000016c1bf11480, 0x0000016c1bf11c98]
Event: 19.927 Thread 0x0000016c320441d0 10677       3       org.gradle.internal.collections.ImmutableFilteredList::get (15 bytes)
Event: 19.928 Thread 0x0000016c320441d0 nmethod 10677 0x0000016c1bf12010 code [0x0000016c1bf121c0, 0x0000016c1bf123d8]
Event: 19.928 Thread 0x0000016c320441d0 10678       3       java.util.BitSet::initWords (15 bytes)
Event: 19.928 Thread 0x0000016c320441d0 nmethod 10678 0x0000016c1bf12510 code [0x0000016c1bf126c0, 0x0000016c1bf12938]
Event: 19.931 Thread 0x0000016c320441d0 10680       3       org.gradle.api.internal.artifacts.transform.TransformingAsyncArtifactListener$TransformedArtifact::createInvocation (91 bytes)
Event: 19.932 Thread 0x0000016c320441d0 nmethod 10680 0x0000016c1bf12a10 code [0x0000016c1bf12ca0, 0x0000016c1bf13ad8]
Event: 19.932 Thread 0x0000016c320441d0 10681       2       org.gradle.internal.snapshot.AbstractIncompleteFileSystemNode::getSnapshot (15 bytes)
Event: 19.933 Thread 0x0000016c320441d0 nmethod 10681 0x0000016c1bf13f90 code [0x0000016c1bf14120, 0x0000016c1bf14248]
Event: 19.933 Thread 0x0000016c320441d0 10682       2       org.gradle.internal.snapshot.MediumChildMap::withNode (67 bytes)
Event: 19.933 Thread 0x0000016c320441d0 nmethod 10682 0x0000016c1bf14310 code [0x0000016c1bf14520, 0x0000016c1bf148b8]
Event: 19.935 Thread 0x0000016c320441d0 10685   !   3       org.gradle.api.internal.artifacts.transform.TransformingAsyncArtifactListener$TransformedArtifact::prepareInvocation (164 bytes)

GC Heap History (20 events):
Event: 13.075 GC heap after
{Heap after GC invocations=31 (full 0):
 garbage-first heap   total 138240K, used 52865K [0x0000000080000000, 0x0000000100000000)
  region size 1024K, 3 young (3072K), 3 survivors (3072K)
 Metaspace       used 65558K, committed 66112K, reserved 1114112K
  class space    used 8641K, committed 8896K, reserved 1048576K
}
Event: 13.760 GC heap before
{Heap before GC invocations=32 (full 0):
 garbage-first heap   total 138240K, used 97921K [0x0000000080000000, 0x0000000100000000)
  region size 1024K, 46 young (47104K), 3 survivors (3072K)
 Metaspace       used 67625K, committed 68224K, reserved 1114112K
  class space    used 8925K, committed 9216K, reserved 1048576K
}
Event: 13.765 GC heap after
{Heap after GC invocations=33 (full 0):
 garbage-first heap   total 138240K, used 55823K [0x0000000080000000, 0x0000000100000000)
  region size 1024K, 6 young (6144K), 6 survivors (6144K)
 Metaspace       used 67625K, committed 68224K, reserved 1114112K
  class space    used 8925K, committed 9216K, reserved 1048576K
}
Event: 13.776 GC heap before
{Heap before GC invocations=33 (full 0):
 garbage-first heap   total 138240K, used 56847K [0x0000000080000000, 0x0000000100000000)
  region size 1024K, 7 young (7168K), 6 survivors (6144K)
 Metaspace       used 67625K, committed 68224K, reserved 1114112K
  class space    used 8925K, committed 9216K, reserved 1048576K
}
Event: 13.781 GC heap after
{Heap after GC invocations=34 (full 0):
 garbage-first heap   total 138240K, used 55521K [0x0000000080000000, 0x0000000100000000)
  region size 1024K, 1 young (1024K), 1 survivors (1024K)
 Metaspace       used 67625K, committed 68224K, reserved 1114112K
  class space    used 8925K, committed 9216K, reserved 1048576K
}
Event: 15.119 GC heap before
{Heap before GC invocations=34 (full 0):
 garbage-first heap   total 138240K, used 103649K [0x0000000080000000, 0x0000000100000000)
  region size 1024K, 48 young (49152K), 1 survivors (1024K)
 Metaspace       used 72875K, committed 73408K, reserved 1114112K
  class space    used 9849K, committed 10112K, reserved 1048576K
}
Event: 15.124 GC heap after
{Heap after GC invocations=35 (full 0):
 garbage-first heap   total 138240K, used 58683K [0x0000000080000000, 0x0000000100000000)
  region size 1024K, 4 young (4096K), 4 survivors (4096K)
 Metaspace       used 72875K, committed 73408K, reserved 1114112K
  class space    used 9849K, committed 10112K, reserved 1048576K
}
Event: 16.325 GC heap before
{Heap before GC invocations=36 (full 0):
 garbage-first heap   total 138240K, used 104763K [0x0000000080000000, 0x0000000100000000)
  region size 1024K, 49 young (50176K), 4 survivors (4096K)
 Metaspace       used 77625K, committed 78208K, reserved 1122304K
  class space    used 10564K, committed 10816K, reserved 1048576K
}
Event: 16.332 GC heap after
{Heap after GC invocations=37 (full 0):
 garbage-first heap   total 138240K, used 61974K [0x0000000080000000, 0x0000000100000000)
  region size 1024K, 7 young (7168K), 7 survivors (7168K)
 Metaspace       used 77625K, committed 78208K, reserved 1122304K
  class space    used 10564K, committed 10816K, reserved 1048576K
}
Event: 17.298 GC heap before
{Heap before GC invocations=37 (full 0):
 garbage-first heap   total 138240K, used 107030K [0x0000000080000000, 0x0000000100000000)
  region size 1024K, 51 young (52224K), 7 survivors (7168K)
 Metaspace       used 81697K, committed 82240K, reserved 1122304K
  class space    used 11121K, committed 11392K, reserved 1048576K
}
Event: 17.306 GC heap after
{Heap after GC invocations=38 (full 0):
 garbage-first heap   total 138240K, used 66188K [0x0000000080000000, 0x0000000100000000)
  region size 1024K, 7 young (7168K), 7 survivors (7168K)
 Metaspace       used 81697K, committed 82240K, reserved 1122304K
  class space    used 11121K, committed 11392K, reserved 1048576K
}
Event: 17.869 GC heap before
{Heap before GC invocations=39 (full 0):
 garbage-first heap   total 138240K, used 109196K [0x0000000080000000, 0x0000000100000000)
  region size 1024K, 49 young (50176K), 7 survivors (7168K)
 Metaspace       used 83082K, committed 83712K, reserved 1122304K
  class space    used 11407K, committed 11712K, reserved 1048576K
}
Event: 17.881 GC heap after
{Heap after GC invocations=40 (full 0):
 garbage-first heap   total 138240K, used 73037K [0x0000000080000000, 0x0000000100000000)
  region size 1024K, 7 young (7168K), 7 survivors (7168K)
 Metaspace       used 83082K, committed 83712K, reserved 1122304K
  class space    used 11407K, committed 11712K, reserved 1048576K
}
Event: 18.680 GC heap before
{Heap before GC invocations=40 (full 0):
 garbage-first heap   total 138240K, used 108877K [0x0000000080000000, 0x0000000100000000)
  region size 1024K, 43 young (44032K), 7 survivors (7168K)
 Metaspace       used 84145K, committed 84800K, reserved 1130496K
  class space    used 11574K, committed 11840K, reserved 1048576K
}
Event: 18.688 GC heap after
{Heap after GC invocations=41 (full 0):
 garbage-first heap   total 138240K, used 76707K [0x0000000080000000, 0x0000000100000000)
  region size 1024K, 4 young (4096K), 4 survivors (4096K)
 Metaspace       used 84145K, committed 84800K, reserved 1130496K
  class space    used 11574K, committed 11840K, reserved 1048576K
}
Event: 19.333 GC heap before
{Heap before GC invocations=42 (full 0):
 garbage-first heap   total 138240K, used 109475K [0x0000000080000000, 0x0000000100000000)
  region size 1024K, 37 young (37888K), 4 survivors (4096K)
 Metaspace       used 84641K, committed 85312K, reserved 1130496K
  class space    used 11611K, committed 11904K, reserved 1048576K
}
Event: 19.339 GC heap after
{Heap after GC invocations=43 (full 0):
 garbage-first heap   total 138240K, used 79038K [0x0000000080000000, 0x0000000100000000)
  region size 1024K, 3 young (3072K), 3 survivors (3072K)
 Metaspace       used 84641K, committed 85312K, reserved 1130496K
  class space    used 11611K, committed 11904K, reserved 1048576K
}
Event: 19.386 GC heap before
{Heap before GC invocations=43 (full 0):
 garbage-first heap   total 138240K, used 82110K [0x0000000080000000, 0x0000000100000000)
  region size 1024K, 6 young (6144K), 3 survivors (3072K)
 Metaspace       used 84687K, committed 85312K, reserved 1130496K
  class space    used 11612K, committed 11904K, reserved 1048576K
}
Event: 19.391 GC heap after
{Heap after GC invocations=44 (full 0):
 garbage-first heap   total 138240K, used 78940K [0x0000000080000000, 0x0000000100000000)
  region size 1024K, 1 young (1024K), 1 survivors (1024K)
 Metaspace       used 84687K, committed 85312K, reserved 1130496K
  class space    used 11612K, committed 11904K, reserved 1048576K
}
Event: 19.935 GC heap before
{Heap before GC invocations=44 (full 0):
 garbage-first heap   total 138240K, used 111708K [0x0000000080000000, 0x0000000100000000)
  region size 1024K, 34 young (34816K), 1 survivors (1024K)
 Metaspace       used 86297K, committed 86912K, reserved 1130496K
  class space    used 11754K, committed 12032K, reserved 1048576K
}

Dll operation events (2 events):
Event: 0.008 Loaded shared library C:\Program Files\Android\Android Studio\jbr\bin\java.dll
Event: 0.395 Loaded shared library C:\Program Files\Android\Android Studio\jbr\bin\verify.dll

Deoptimization events (20 events):
Event: 19.922 Thread 0x0000016c34b6e290 Uncommon trap: trap_request=0xffffffc6 fr.pc=0x0000016c22c459e0 relative=0x00000000000005c0
Event: 19.922 Thread 0x0000016c34b6e290 Uncommon trap: reason=bimorphic_or_optimized_type_check action=maybe_recompile pc=0x0000016c22c459e0 method=org.gradle.internal.snapshot.MediumChildMap.withNode(Lorg/gradle/internal/snapshot/VfsRelativePath;Lorg/gradle/internal/snapshot/CaseSensitivity;Lo
Event: 19.922 Thread 0x0000016c34b6e290 DEOPT PACKING pc=0x0000016c22c459e0 sp=0x00000012a09fba10
Event: 19.922 Thread 0x0000016c34b6e290 DEOPT UNPACKING pc=0x0000016c2219a1a3 sp=0x00000012a09fb9c8 mode 2
Event: 19.930 Thread 0x0000016c34b6e290 Uncommon trap: trap_request=0xffffffd6 fr.pc=0x0000016c22c92cec relative=0x000000000000064c
Event: 19.930 Thread 0x0000016c34b6e290 Uncommon trap: reason=array_check action=maybe_recompile pc=0x0000016c22c92cec method=java.util.TimSort.reverseRange([Ljava/lang/Object;II)V @ 20 c2
Event: 19.930 Thread 0x0000016c34b6e290 DEOPT PACKING pc=0x0000016c22c92cec sp=0x00000012a09fa720
Event: 19.930 Thread 0x0000016c34b6e290 DEOPT UNPACKING pc=0x0000016c2219a1a3 sp=0x00000012a09fa650 mode 2
Event: 19.930 Thread 0x0000016c34b6e290 Uncommon trap: trap_request=0xffffffd6 fr.pc=0x0000016c22c92cec relative=0x000000000000064c
Event: 19.930 Thread 0x0000016c34b6e290 Uncommon trap: reason=array_check action=maybe_recompile pc=0x0000016c22c92cec method=java.util.TimSort.reverseRange([Ljava/lang/Object;II)V @ 20 c2
Event: 19.931 Thread 0x0000016c34b6e290 DEOPT PACKING pc=0x0000016c22c92cec sp=0x00000012a09fa4a0
Event: 19.931 Thread 0x0000016c34b6e290 DEOPT UNPACKING pc=0x0000016c2219a1a3 sp=0x00000012a09fa3d0 mode 2
Event: 19.931 Thread 0x0000016c34b6e290 Uncommon trap: trap_request=0xffffffd6 fr.pc=0x0000016c22c92cec relative=0x000000000000064c
Event: 19.931 Thread 0x0000016c34b6e290 Uncommon trap: reason=array_check action=maybe_recompile pc=0x0000016c22c92cec method=java.util.TimSort.reverseRange([Ljava/lang/Object;II)V @ 20 c2
Event: 19.931 Thread 0x0000016c34b6e290 DEOPT PACKING pc=0x0000016c22c92cec sp=0x00000012a09fa4a0
Event: 19.931 Thread 0x0000016c34b6e290 DEOPT UNPACKING pc=0x0000016c2219a1a3 sp=0x00000012a09fa3d0 mode 2
Event: 19.931 Thread 0x0000016c34b6e290 Uncommon trap: trap_request=0xffffffd6 fr.pc=0x0000016c22c92cec relative=0x000000000000064c
Event: 19.931 Thread 0x0000016c34b6e290 Uncommon trap: reason=array_check action=maybe_recompile pc=0x0000016c22c92cec method=java.util.TimSort.reverseRange([Ljava/lang/Object;II)V @ 20 c2
Event: 19.931 Thread 0x0000016c34b6e290 DEOPT PACKING pc=0x0000016c22c92cec sp=0x00000012a09fa720
Event: 19.931 Thread 0x0000016c34b6e290 DEOPT UNPACKING pc=0x0000016c2219a1a3 sp=0x00000012a09fa650 mode 2

Classes unloaded (0 events):
No events

Classes redefined (0 events):
No events

Internal exceptions (20 events):
Event: 19.845 Thread 0x0000016c34b6a400 Exception <a 'sun/nio/fs/WindowsException'{0x0000000086acdc60}> (0x0000000086acdc60) 
thrown [s\src\hotspot\share\prims\jni.cpp, line 517]
Event: 19.845 Thread 0x0000016c34b6a400 Exception <a 'sun/nio/fs/WindowsException'{0x0000000086aceb10}> (0x0000000086aceb10) 
thrown [s\src\hotspot\share\prims\jni.cpp, line 517]
Event: 19.845 Thread 0x0000016c34b6a400 Exception <a 'sun/nio/fs/WindowsException'{0x0000000086aceb80}> (0x0000000086aceb80) 
thrown [s\src\hotspot\share\prims\jni.cpp, line 517]
Event: 19.845 Thread 0x0000016c34b6a400 Exception <a 'sun/nio/fs/WindowsException'{0x0000000086acef98}> (0x0000000086acef98) 
thrown [s\src\hotspot\share\prims\jni.cpp, line 517]
Event: 19.845 Thread 0x0000016c34b6a400 Exception <a 'sun/nio/fs/WindowsException'{0x0000000086ad0df0}> (0x0000000086ad0df0) 
thrown [s\src\hotspot\share\prims\jni.cpp, line 517]
Event: 19.845 Thread 0x0000016c34b6a400 Exception <a 'sun/nio/fs/WindowsException'{0x0000000086ad1f10}> (0x0000000086ad1f10) 
thrown [s\src\hotspot\share\prims\jni.cpp, line 517]
Event: 19.845 Thread 0x0000016c34b6a400 Exception <a 'sun/nio/fs/WindowsException'{0x0000000086ad1f80}> (0x0000000086ad1f80) 
thrown [s\src\hotspot\share\prims\jni.cpp, line 517]
Event: 19.845 Thread 0x0000016c34b6a400 Exception <a 'sun/nio/fs/WindowsException'{0x0000000086ad23d0}> (0x0000000086ad23d0) 
thrown [s\src\hotspot\share\prims\jni.cpp, line 517]
Event: 19.845 Thread 0x0000016c34b6a400 Exception <a 'sun/nio/fs/WindowsException'{0x0000000086ad41c8}> (0x0000000086ad41c8) 
thrown [s\src\hotspot\share\prims\jni.cpp, line 517]
Event: 19.846 Thread 0x0000016c34b6a400 Exception <a 'sun/nio/fs/WindowsException'{0x0000000086ad5060}> (0x0000000086ad5060) 
thrown [s\src\hotspot\share\prims\jni.cpp, line 517]
Event: 19.846 Thread 0x0000016c34b6a400 Exception <a 'sun/nio/fs/WindowsException'{0x0000000086ad50d0}> (0x0000000086ad50d0) 
thrown [s\src\hotspot\share\prims\jni.cpp, line 517]
Event: 19.846 Thread 0x0000016c34b6a400 Exception <a 'sun/nio/fs/WindowsException'{0x0000000086ad5490}> (0x0000000086ad5490) 
thrown [s\src\hotspot\share\prims\jni.cpp, line 517]
Event: 19.846 Thread 0x0000016c34b6a400 Exception <a 'sun/nio/fs/WindowsException'{0x0000000086ad72a0}> (0x0000000086ad72a0) 
thrown [s\src\hotspot\share\prims\jni.cpp, line 517]
Event: 19.865 Thread 0x0000016c34b6a400 Exception <a 'java/lang/NoSuchMethodError'{0x0000000086845d70}: static Lcom/android/builder/internal/aapt/AaptOptions;.<clinit>()V> (0x0000000086845d70) 
thrown [s\src\hotspot\share\prims\jni.cpp, line 1108]
Event: 19.868 Thread 0x0000016c34b6a400 Exception <a 'java/lang/NoSuchMethodError'{0x000000008687adf0}: static [Ljava/lang/Object;.<clinit>()V> (0x000000008687adf0) 
thrown [s\src\hotspot\share\prims\jni.cpp, line 1108]
Event: 19.868 Thread 0x0000016c34b6a400 Exception <a 'java/lang/NoSuchMethodError'{0x000000008688bdc0}: static Ljava/lang/Object;.<clinit>()V> (0x000000008688bdc0) 
thrown [s\src\hotspot\share\prims\jni.cpp, line 1108]
Event: 19.871 Thread 0x0000016c34b6a400 Exception <a 'java/lang/NoSuchMethodError'{0x00000000868a9f60}: static Lcom/android/build/api/variant/impl/VariantOutputImpl$SerializedForm;.<clinit>()V> (0x00000000868a9f60) 
thrown [s\src\hotspot\share\prims\jni.cpp, line 1108]
Event: 19.872 Thread 0x0000016c34b6a400 Exception <a 'java/lang/NoSuchMethodError'{0x00000000868bce38}: static Lcom/android/build/api/variant/impl/VariantOutputConfigurationImpl;.<clinit>()V> (0x00000000868bce38) 
thrown [s\src\hotspot\share\prims\jni.cpp, line 1108]
Event: 19.902 Thread 0x0000016c34b6e290 Exception <a 'sun/nio/fs/WindowsException'{0x000000008661a190}> (0x000000008661a190) 
thrown [s\src\hotspot\share\prims\jni.cpp, line 517]
Event: 19.912 Thread 0x0000016c34b6e290 Exception <a 'java/lang/NoSuchMethodError'{0x00000000866ba180}: 'int java.lang.invoke.DirectMethodHandle$Holder.invokeSpecial(java.lang.Object, java.lang.Object, java.lang.Object, java.lang.Object, java.lang.Object)'> (0x00000000866ba180) 
thrown [s\src\hotspot\share\interpreter\linkResolver.cpp, line 771]

VM Operations (20 events):
Event: 19.396 Executing VM operation: G1CollectForAllocation done
Event: 19.439 Executing VM operation: HandshakeAllThreads
Event: 19.440 Executing VM operation: HandshakeAllThreads done
Event: 19.459 Executing VM operation: HandshakeAllThreads
Event: 19.459 Executing VM operation: HandshakeAllThreads done
Event: 19.461 Executing VM operation: HandshakeAllThreads
Event: 19.461 Executing VM operation: HandshakeAllThreads done
Event: 19.663 Executing VM operation: ICBufferFull
Event: 19.664 Executing VM operation: ICBufferFull done
Event: 19.797 Executing VM operation: HandshakeAllThreads
Event: 19.797 Executing VM operation: HandshakeAllThreads done
Event: 19.881 Executing VM operation: ICBufferFull
Event: 19.881 Executing VM operation: ICBufferFull done
Event: 19.892 Executing VM operation: HandshakeAllThreads
Event: 19.892 Executing VM operation: HandshakeAllThreads done
Event: 19.894 Executing VM operation: HandshakeAllThreads
Event: 19.894 Executing VM operation: HandshakeAllThreads done
Event: 19.910 Executing VM operation: HandshakeAllThreads
Event: 19.910 Executing VM operation: HandshakeAllThreads done
Event: 19.935 Executing VM operation: G1CollectForAllocation

Events (20 events):
Event: 18.229 loading class java/util/stream/ReduceOps$6 done
Event: 18.229 loading class java/util/stream/ReduceOps$5ReducingSink
Event: 18.229 loading class java/util/stream/ReduceOps$5ReducingSink done
Event: 18.229 loading class java/util/stream/ReferencePipeline$4$1
Event: 18.229 loading class java/util/stream/ReferencePipeline$4$1 done
Event: 18.745 loading class jdk/internal/access/foreign/MemorySegmentProxy
Event: 18.746 loading class jdk/internal/access/foreign/MemorySegmentProxy done
Event: 19.061 loading class java/util/stream/SortedOps$SizedRefSortingSink
Event: 19.061 loading class java/util/stream/SortedOps$SizedRefSortingSink done
Event: 19.427 loading class java/util/concurrent/ConcurrentSkipListMap$KeySet
Event: 19.428 loading class java/util/concurrent/ConcurrentSkipListMap$KeySet done
Event: 19.428 loading class java/util/concurrent/ConcurrentSkipListMap$KeyIterator
Event: 19.428 loading class java/util/concurrent/ConcurrentSkipListMap$KeyIterator done
Event: 19.842 loading class java/time/Clock
Event: 19.842 loading class java/time/InstantSource
Event: 19.842 loading class java/time/InstantSource done
Event: 19.842 loading class java/time/Clock done
Event: 19.842 loading class java/time/Clock$SystemClock
Event: 19.843 loading class java/time/Clock$SystemClock done
Event: 19.877 Thread 0x0000016c34b6c5b0 Thread added: 0x0000016c34b6c5b0


Dynamic libraries:
0x00007ff659bb0000 - 0x00007ff659bba000 	C:\Program Files\Android\Android Studio\jbr\bin\java.exe
0x00007fffaa150000 - 0x00007fffaa364000 	C:\WINDOWS\SYSTEM32\ntdll.dll
0x00007fffa9be0000 - 0x00007fffa9ca4000 	C:\WINDOWS\System32\KERNEL32.DLL
0x00007fffa7530000 - 0x00007fffa78d4000 	C:\WINDOWS\System32\KERNELBASE.dll
0x00007fffa78e0000 - 0x00007fffa79f1000 	C:\WINDOWS\System32\ucrtbase.dll
0x00007fff97720000 - 0x00007fff97737000 	C:\Program Files\Android\Android Studio\jbr\bin\jli.dll
0x00007fffa17a0000 - 0x00007fffa17bb000 	C:\Program Files\Android\Android Studio\jbr\bin\VCRUNTIME140.dll
0x00007fffa9a30000 - 0x00007fffa9bde000 	C:\WINDOWS\System32\USER32.dll
0x00007fffa7500000 - 0x00007fffa7526000 	C:\WINDOWS\System32\win32u.dll
0x00007fff89830000 - 0x00007fff89ac3000 	C:\WINDOWS\WinSxS\amd64_microsoft.windows.common-controls_6595b64144ccf1df_6.0.22621.2215_none_270d72677387dfc3\COMCTL32.dll
0x00007fffa8b00000 - 0x00007fffa8ba7000 	C:\WINDOWS\System32\msvcrt.dll
0x00007fffa87b0000 - 0x00007fffa87d9000 	C:\WINDOWS\System32\GDI32.dll
0x00007fffa7b70000 - 0x00007fffa7c88000 	C:\WINDOWS\System32\gdi32full.dll
0x00007fffa7d50000 - 0x00007fffa7dea000 	C:\WINDOWS\System32\msvcp_win.dll
0x00007fffa8c90000 - 0x00007fffa8cc1000 	C:\WINDOWS\System32\IMM32.DLL
0x00007fff9c810000 - 0x00007fff9c81c000 	C:\Program Files\Android\Android Studio\jbr\bin\vcruntime140_1.dll
0x00007fff81b20000 - 0x00007fff81bad000 	C:\Program Files\Android\Android Studio\jbr\bin\msvcp140.dll
0x00007fff60550000 - 0x00007fff611bd000 	C:\Program Files\Android\Android Studio\jbr\bin\server\jvm.dll
0x00007fffa8dc0000 - 0x00007fffa8e70000 	C:\WINDOWS\System32\ADVAPI32.dll
0x00007fffa8a20000 - 0x00007fffa8ac6000 	C:\WINDOWS\System32\sechost.dll
0x00007fffa7f70000 - 0x00007fffa8087000 	C:\WINDOWS\System32\RPCRT4.dll
0x00007fff979b0000 - 0x00007fff979b9000 	C:\WINDOWS\SYSTEM32\WSOCK32.dll
0x00007fff9c4c0000 - 0x00007fff9c4f4000 	C:\WINDOWS\SYSTEM32\WINMM.dll
0x00007fffa88a0000 - 0x00007fffa8911000 	C:\WINDOWS\System32\WS2_32.dll
0x00007fff9c2e0000 - 0x00007fff9c2ea000 	C:\WINDOWS\SYSTEM32\VERSION.dll
0x00007fffa65c0000 - 0x00007fffa65d8000 	C:\WINDOWS\SYSTEM32\kernel.appcore.dll
0x00007fffa1fd0000 - 0x00007fffa1fda000 	C:\Program Files\Android\Android Studio\jbr\bin\jimage.dll
0x00007fffa4e40000 - 0x00007fffa506e000 	C:\WINDOWS\SYSTEM32\DBGHELP.DLL
0x00007fffa96a0000 - 0x00007fffa9a2a000 	C:\WINDOWS\System32\combase.dll
0x00007fffa8cd0000 - 0x00007fffa8da7000 	C:\WINDOWS\System32\OLEAUT32.dll
0x00007fff8d5e0000 - 0x00007fff8d612000 	C:\WINDOWS\SYSTEM32\dbgcore.DLL
0x00007fffa7df0000 - 0x00007fffa7e6a000 	C:\WINDOWS\System32\bcryptPrimitives.dll
0x00007fff9e0a0000 - 0x00007fff9e0c5000 	C:\Program Files\Android\Android Studio\jbr\bin\java.dll
0x00007fff9c7f0000 - 0x00007fff9c808000 	C:\Program Files\Android\Android Studio\jbr\bin\zip.dll
0x00007fffa8e70000 - 0x00007fffa9693000 	C:\WINDOWS\System32\SHELL32.dll
0x00007fffa5440000 - 0x00007fffa5d2a000 	C:\WINDOWS\SYSTEM32\windows.storage.dll
0x00007fffa5300000 - 0x00007fffa543e000 	C:\WINDOWS\SYSTEM32\wintypes.dll
0x00007fffa8920000 - 0x00007fffa8a13000 	C:\WINDOWS\System32\SHCORE.dll
0x00007fffa8090000 - 0x00007fffa80ee000 	C:\WINDOWS\System32\shlwapi.dll
0x00007fffa7430000 - 0x00007fffa7456000 	C:\WINDOWS\SYSTEM32\profapi.dll
0x00007fff9c7d0000 - 0x00007fff9c7e9000 	C:\Program Files\Android\Android Studio\jbr\bin\net.dll
0x00007fffa13a0000 - 0x00007fffa14d7000 	C:\WINDOWS\SYSTEM32\WINHTTP.dll
0x00007fffa6ac0000 - 0x00007fffa6b29000 	C:\WINDOWS\system32\mswsock.dll
0x00007fff995a0000 - 0x00007fff995b6000 	C:\Program Files\Android\Android Studio\jbr\bin\nio.dll
0x00007fff9e550000 - 0x00007fff9e560000 	C:\Program Files\Android\Android Studio\jbr\bin\verify.dll
0x00007fff97780000 - 0x00007fff977a7000 	C:\Users\thanh\.gradle\native\68d5fa5c4cc2d200863cafc0d521ce42e7d3e7ee720ec0a83991735586a16f82\windows-amd64\native-platform.dll
0x00007fff62f90000 - 0x00007fff630d4000 	C:\Users\thanh\.gradle\native\e376f236ea51e6404a007f0833ffe2c6e607c4080706a723a18a27aeea778392\windows-amd64\native-platform-file-events.dll
0x00007fffa17c0000 - 0x00007fffa17c9000 	C:\Program Files\Android\Android Studio\jbr\bin\management.dll
0x00007fffa1790000 - 0x00007fffa179b000 	C:\Program Files\Android\Android Studio\jbr\bin\management_ext.dll
0x00007fffa8db0000 - 0x00007fffa8db8000 	C:\WINDOWS\System32\PSAPI.DLL
0x00007fffa6d10000 - 0x00007fffa6d2b000 	C:\WINDOWS\SYSTEM32\CRYPTSP.dll
0x00007fffa6530000 - 0x00007fffa6565000 	C:\WINDOWS\system32\rsaenh.dll
0x00007fffa6bb0000 - 0x00007fffa6bdc000 	C:\WINDOWS\SYSTEM32\USERENV.dll
0x00007fffa6eb0000 - 0x00007fffa6ed8000 	C:\WINDOWS\SYSTEM32\bcrypt.dll
0x00007fffa6d30000 - 0x00007fffa6d3c000 	C:\WINDOWS\SYSTEM32\CRYPTBASE.dll
0x00007fffa5f90000 - 0x00007fffa5fbd000 	C:\WINDOWS\SYSTEM32\IPHLPAPI.DLL
0x00007fffa8890000 - 0x00007fffa8899000 	C:\WINDOWS\System32\NSI.dll
0x00007fff9c2c0000 - 0x00007fff9c2d9000 	C:\WINDOWS\SYSTEM32\dhcpcsvc6.DLL
0x00007fff9b8e0000 - 0x00007fff9b8ff000 	C:\WINDOWS\SYSTEM32\dhcpcsvc.DLL
0x00007fffa5fc0000 - 0x00007fffa60b2000 	C:\WINDOWS\SYSTEM32\DNSAPI.dll
0x00007fff9c7c0000 - 0x00007fff9c7c8000 	C:\WINDOWS\system32\wshunix.dll

dbghelp: loaded successfully - version: 4.0.5 - missing functions: none
symbol engine: initialized successfully - sym options: 0x614 - pdb path: .;C:\Program Files\Android\Android Studio\jbr\bin;C:\WINDOWS\SYSTEM32;C:\WINDOWS\WinSxS\amd64_microsoft.windows.common-controls_6595b64144ccf1df_6.0.22621.2215_none_270d72677387dfc3;C:\Program Files\Android\Android Studio\jbr\bin\server;C:\Users\thanh\.gradle\native\68d5fa5c4cc2d200863cafc0d521ce42e7d3e7ee720ec0a83991735586a16f82\windows-amd64;C:\Users\thanh\.gradle\native\e376f236ea51e6404a007f0833ffe2c6e607c4080706a723a18a27aeea778392\windows-amd64

VM Arguments:
jvm_args: --add-opens=java.base/java.util=ALL-UNNAMED --add-opens=java.base/java.lang=ALL-UNNAMED --add-opens=java.base/java.lang.invoke=ALL-UNNAMED --add-opens=java.prefs/java.util.prefs=ALL-UNNAMED --add-opens=java.base/java.nio.charset=ALL-UNNAMED --add-opens=java.base/java.net=ALL-UNNAMED --add-opens=java.base/java.util.concurrent.atomic=ALL-UNNAMED -Xmx2048m -Dfile.encoding=UTF-8 -Duser.country=VN -Duser.language=vi -Duser.variant 
java_command: org.gradle.launcher.daemon.bootstrap.GradleDaemon 8.0
java_class_path (initial): C:\Users\thanh\.gradle\wrapper\dists\gradle-8.0-bin\ca5e32bp14vu59qr306oxotwh\gradle-8.0\lib\gradle-launcher-8.0.jar
Launcher Type: SUN_STANDARD

[Global flags]
     intx CICompilerCount                          = 4                                         {product} {ergonomic}
     uint ConcGCThreads                            = 2                                         {product} {ergonomic}
     uint G1ConcRefinementThreads                  = 8                                         {product} {ergonomic}
   size_t G1HeapRegionSize                         = 1048576                                   {product} {ergonomic}
    uintx GCDrainStackTargetSize                   = 64                                        {product} {ergonomic}
   size_t InitialHeapSize                          = 130023424                                 {product} {ergonomic}
   size_t MarkStackSize                            = 4194304                                   {product} {ergonomic}
   size_t MaxHeapSize                              = 2147483648                                {product} {command line}
   size_t MaxNewSize                               = 1287651328                                {product} {ergonomic}
   size_t MinHeapDeltaBytes                        = 1048576                                   {product} {ergonomic}
   size_t MinHeapSize                              = 8388608                                   {product} {ergonomic}
    uintx NonNMethodCodeHeapSize                   = 5839372                                {pd product} {ergonomic}
    uintx NonProfiledCodeHeapSize                  = 122909434                              {pd product} {ergonomic}
    uintx ProfiledCodeHeapSize                     = 122909434                              {pd product} {ergonomic}
    uintx ReservedCodeCacheSize                    = 251658240                              {pd product} {ergonomic}
     bool SegmentedCodeCache                       = true                                      {product} {ergonomic}
   size_t SoftMaxHeapSize                          = 2147483648                             {manageable} {ergonomic}
     bool UseCompressedClassPointers               = true                           {product lp64_product} {ergonomic}
     bool UseCompressedOops                        = true                           {product lp64_product} {ergonomic}
     bool UseG1GC                                  = true                                      {product} {ergonomic}
     bool UseLargePagesIndividualAllocation        = false                                  {pd product} {ergonomic}

Logging:
Log output configuration:
 #0: stdout all=warning uptime,level,tags
 #1: stderr all=off uptime,level,tags

Environment Variables:
PATH=C:\Program Files\Python311\Scripts\;C:\Program Files\Python311\;C:\WINDOWS\system32;C:\WINDOWS;C:\WINDOWS\System32\Wbem;C:\WINDOWS\System32\WindowsPowerShell\v1.0\;C:\WINDOWS\System32\OpenSSH\;C:\Program Files\nodejs\;C:\Users\thanh\AppData\Roaming\Python\Python311\site-packages\django\Scripts;C:\Program Files\Git\cmd;C:\Program Files\Microsoft SQL Server\150\Tools\Binn\;C:\Program Files\Microsoft SQL Server\Client SDK\ODBC\170\Tools\Binn\;C:\Program Files\dotnet\;C:\Users\thanh\AppData\Local\Microsoft\WindowsApps;C:\Users\thanh\AppData\Local\Programs\Microsoft VS Code\bin;C:\Users\thanh\AppData\Roaming\npm;C:\Users\thanh\AppData\Local\GitHubDesktop\bin;C:\Program Files\JetBrains\DataGrip 2023.1.2\bin;;C:\Users\thanh\AppData\Local\Android\Sdk\platform-tools;C:\Users\thanh\.dotnet\tools;C:\Users\thanh\flutter\bin;C:\Users\thanh\flutter;C:\Program Files (x86)\dart-sdk\bin;
USERNAME=thanh
OS=Windows_NT
PROCESSOR_IDENTIFIER=Intel64 Family 6 Model 140 Stepping 2, GenuineIntel
TMP=C:\Users\thanh\AppData\Local\Temp
TEMP=C:\Users\thanh\AppData\Local\Temp



---------------  S Y S T E M  ---------------

OS:
 Windows 11 , 64 bit Build 22621 (10.0.22621.2215)
OS uptime: 4 days 6:27 hours
Hyper-V role detected

CPU: total 8 (initial active 8) (4 cores per cpu, 2 threads per core) family 6 model 140 stepping 2 microcode 0x16, cx8, cmov, fxsr, ht, mmx, 3dnowpref, sse, sse2, sse3, ssse3, sse4.1, sse4.2, popcnt, lzcnt, tsc, tscinvbit, avx, avx2, aes, erms, clmul, bmi1, bmi2, adx, avx512f, avx512dq, avx512cd, avx512bw, avx512vl, sha, fma, vzeroupper, avx512_vpopcntdq, avx512_vpclmulqdq, avx512_vaes, avx512_vnni, clflush, clflushopt, clwb, avx512_vbmi2, avx512_vbmi, hv

Memory: 4k page, system-wide physical 7894M (411M free)
TotalPageFile size 11990M (AvailPageFile size 33M)
current process WorkingSet (physical memory assigned to process): 383M, peak: 383M
current process commit charge ("private bytes"): 418M, peak: 553M

vm_info: OpenJDK 64-Bit Server VM (17.0.6+0-b2043.56-9586694) for windows-amd64 JRE (17.0.6+0-b2043.56-9586694), built on Feb  9 2023 20:06:20 by "androidbuild" with MS VC++ 16.10 / 16.11 (VS2019)

END.
